2023-11-14 16:26:22,262 [INFO] Activator:176 - 


2023-11-14 16:26:22,266 [INFO] Activator:177 - !SESSION log4j initialized
2023-11-14 16:26:27,397 [INFO] LogOutputStream:77 - [STDOUT_REDIRECT] 
2023-11-14 16:26:29,749 [INFO] ApplicationProperties:184 - Using Application install path: D:\Program Files (x86)\STM32CubeIDE_1.11.2\STM32CubeIDE\plugins\com.st.stm32cube.common.mx_6.9.2.202309101412
2023-11-14 16:26:29,772 [INFO] DbMcusXml:78 - Set database path to: D:\Program Files (x86)\STM32CubeIDE_1.11.2\STM32CubeIDE\plugins\com.st.stm32cube.common.mx_6.9.2.202309101412\\db\/mcu/
2023-11-14 16:26:29,772 [INFO] ApiDb:274 - Set plugin database path to: D:\Program Files (x86)\STM32CubeIDE_1.11.2\STM32CubeIDE\plugins\com.st.stm32cube.common.mx_6.9.2.202309101412\\db\/plugins/boardmanager/
2023-11-14 16:26:29,773 [WARN] ApiDb:259 - Overriding images path with different value:  => D:\Program Files (x86)\STM32CubeIDE_1.11.2\STM32CubeIDE\plugins\com.st.stm32cube.common.mx_6.9.2.202309101412\\db\/plugins/mcufinder/images/
2023-11-14 16:26:29,787 [INFO] ApiDb:250 - Set database path to: C:\Users\miqix\.stmcufinder\plugins\mcufinder//mcu/
2023-11-14 16:26:29,788 [INFO] DbMcusAds:125 - Set database path to: C:\Users\miqix\.stmcufinder\plugins\mcufinder//mcu/
2023-11-14 16:26:29,791 [INFO] CrossReferenceDbSqlite:203 - Set database path to: C:\Users\miqix\.stmcufinder\plugins\mcufinder//mcu/cs/
2023-11-14 16:26:29,922 [INFO] RulesReader:64 - Compatibility file has been processed (293 Rules)
2023-11-14 16:26:30,020 [INFO] DbMcusXml:78 - Set database path to: D:\Program Files (x86)\STM32CubeIDE_1.11.2\STM32CubeIDE\plugins\com.st.stm32cube.common.mx_6.9.2.202309101412\\db\/mcu/
2023-11-14 16:26:30,020 [INFO] ApiDb:274 - Set plugin database path to: D:\Program Files (x86)\STM32CubeIDE_1.11.2\STM32CubeIDE\plugins\com.st.stm32cube.common.mx_6.9.2.202309101412\\db\/plugins/boardmanager/
2023-11-14 16:26:30,020 [INFO] ApiDb:261 - Set plugin images path to: D:\Program Files (x86)\STM32CubeIDE_1.11.2\STM32CubeIDE\plugins\com.st.stm32cube.common.mx_6.9.2.202309101412\\db\/plugins/mcufinder/images/
2023-11-14 16:26:30,020 [WARN] DbFile:41 - Overriding database path with different value: C:\Users\miqix\.stmcufinder\plugins\mcufinder/ => C:\Users\miqix\.stmcufinder\plugins\mcufinder
2023-11-14 16:26:30,020 [INFO] ApiDb:250 - Set database path to: C:\Users\miqix\.stmcufinder\plugins\mcufinder//mcu/
2023-11-14 16:26:30,020 [WARN] DbFile:41 - Overriding database path with different value: C:\Users\miqix\.stmcufinder\plugins\mcufinder/ => C:\Users\miqix\.stmcufinder\plugins\mcufinder
2023-11-14 16:26:30,021 [INFO] DbMcusAds:125 - Set database path to: C:\Users\miqix\.stmcufinder\plugins\mcufinder//mcu/
2023-11-14 16:26:30,021 [WARN] DbFile:41 - Overriding database path with different value: C:\Users\miqix\.stmcufinder\plugins\mcufinder/ => C:\Users\miqix\.stmcufinder\plugins\mcufinder
2023-11-14 16:26:30,021 [WARN] DbFile:41 - Overriding database path with different value: C:\Users\miqix\.stmcufinder\plugins\mcufinder/ => C:\Users\miqix\.stmcufinder\plugins\mcufinder
2023-11-14 16:26:30,021 [INFO] CrossReferenceDbSqlite:203 - Set database path to: C:\Users\miqix\.stmcufinder\plugins\mcufinder//mcu/cs/
2023-11-14 16:26:30,108 [INFO] MainPanel:262 - HeapMemory: 268435456
2023-11-14 16:26:30,198 [INFO] DbMcusXml:78 - Set database path to: D:\Program Files (x86)\STM32CubeIDE_1.11.2\STM32CubeIDE\plugins\com.st.stm32cube.common.mx_6.9.2.202309101412\\db\/mcu/
2023-11-14 16:26:30,198 [INFO] ApiDb:274 - Set plugin database path to: D:\Program Files (x86)\STM32CubeIDE_1.11.2\STM32CubeIDE\plugins\com.st.stm32cube.common.mx_6.9.2.202309101412\\db\/plugins/boardmanager/
2023-11-14 16:26:30,198 [INFO] ApiDb:261 - Set plugin images path to: D:\Program Files (x86)\STM32CubeIDE_1.11.2\STM32CubeIDE\plugins\com.st.stm32cube.common.mx_6.9.2.202309101412\\db\/plugins/mcufinder/images/
2023-11-14 16:26:30,199 [WARN] DbFile:41 - Overriding database path with different value: C:\Users\miqix\.stmcufinder\plugins\mcufinder/ => C:\Users\miqix\.stmcufinder\plugins\mcufinder
2023-11-14 16:26:30,199 [INFO] ApiDb:250 - Set database path to: C:\Users\miqix\.stmcufinder\plugins\mcufinder//mcu/
2023-11-14 16:26:30,199 [WARN] DbFile:41 - Overriding database path with different value: C:\Users\miqix\.stmcufinder\plugins\mcufinder/ => C:\Users\miqix\.stmcufinder\plugins\mcufinder
2023-11-14 16:26:30,199 [INFO] DbMcusAds:125 - Set database path to: C:\Users\miqix\.stmcufinder\plugins\mcufinder//mcu/
2023-11-14 16:26:30,199 [WARN] DbFile:41 - Overriding database path with different value: C:\Users\miqix\.stmcufinder\plugins\mcufinder/ => C:\Users\miqix\.stmcufinder\plugins\mcufinder
2023-11-14 16:26:30,199 [WARN] DbFile:41 - Overriding database path with different value: C:\Users\miqix\.stmcufinder\plugins\mcufinder/ => C:\Users\miqix\.stmcufinder\plugins\mcufinder
2023-11-14 16:26:30,199 [INFO] CrossReferenceDbSqlite:203 - Set database path to: C:\Users\miqix\.stmcufinder\plugins\mcufinder//mcu/cs/
2023-11-14 16:26:30,218 [INFO] ApplicationProperties:184 - Using Application install path: D:\Program Files (x86)\STM32CubeIDE_1.11.2\STM32CubeIDE\plugins\com.st.stm32cube.common.mx_6.9.2.202309101412
2023-11-14 16:26:30,219 [INFO] PluginManage:196 - Search for loadable plugins [exclusion list=, ]
2023-11-14 16:26:30,221 [INFO] PluginManage:310 - Check plugin analytics
2023-11-14 16:26:30,386 [INFO] AnalyticsPlugin:253 - Accepted Software Licenses: 
2023-11-14 16:26:30,386 [INFO] AnalyticsPlugin:255 - Accepted CMSIS Pack Licenses: 
2023-11-14 16:26:30,386 [INFO] AnalyticsPlugin:257 - Accepted Firmware Licenses: 
2023-11-14 16:26:30,388 [INFO] PluginManage:359 - Loaded plugin analytics (category:tool,tabindex:-1)
2023-11-14 16:26:30,389 [INFO] PluginManage:310 - Check plugin cadmodel
2023-11-14 16:26:30,402 [INFO] CADModel:105 - Init CAD model plugin
2023-11-14 16:26:30,402 [INFO] PluginManage:359 - Loaded plugin cadmodel (category:power,tabindex:5)
2023-11-14 16:26:30,402 [INFO] PluginManage:310 - Check plugin clock
2023-11-14 16:26:30,419 [INFO] PluginManage:359 - Loaded plugin clock (category:base,tabindex:2)
2023-11-14 16:26:30,421 [INFO] PluginManage:310 - Check plugin ddr
2023-11-14 16:26:30,423 [INFO] PluginManage:359 - Loaded plugin ddr (category:tool,tabindex:6)
2023-11-14 16:26:30,423 [INFO] PluginManage:310 - Check plugin filemanager
2023-11-14 16:26:30,567 [INFO] PluginManage:359 - Loaded plugin filemanager (category:base,tabindex:10)
2023-11-14 16:26:30,567 [INFO] PluginManage:310 - Check plugin ipmanager
2023-11-14 16:26:30,575 [INFO] PluginManage:359 - Loaded plugin ipmanager (category:base,tabindex:5)
2023-11-14 16:26:30,576 [INFO] PluginManage:310 - Check plugin lpbam
2023-11-14 16:26:30,598 [INFO] PluginManage:359 - Loaded plugin lpbam (category:base,tabindex:0)
2023-11-14 16:26:30,598 [INFO] PluginManage:310 - Check plugin memorymap
2023-11-14 16:26:30,626 [INFO] PluginManage:359 - Loaded plugin memorymap (category:base,tabindex:4)
2023-11-14 16:26:30,626 [INFO] PluginManage:310 - Check plugin pinoutandconfiguration
2023-11-14 16:26:30,644 [INFO] PluginManage:359 - Loaded plugin pinoutandconfiguration (category:base,tabindex:1)
2023-11-14 16:26:30,644 [INFO] PluginManage:310 - Check plugin pinoutconfig
2023-11-14 16:26:30,749 [WARN] SupportedApi:132 - Cannot load RTOS API schema: s4s-elt-must-match.1: The content of 'definitions' must match (annotation?, (simpleType | complexType)?, (unique | key | keyref)*)). A problem was found starting at: attribute.
2023-11-14 16:26:30,948 [INFO] PluginManage:359 - Loaded plugin pinoutconfig (category:base,tabindex:0)
2023-11-14 16:26:30,949 [INFO] PluginManage:310 - Check plugin power
2023-11-14 16:26:30,974 [INFO] PluginManage:359 - Loaded plugin power (category:power,tabindex:4)
2023-11-14 16:26:30,974 [INFO] PluginManage:310 - Check plugin projectmanager
2023-11-14 16:26:30,992 [INFO] PluginManage:359 - Loaded plugin projectmanager (category:projectmanager,tabindex:3)
2023-11-14 16:26:30,994 [INFO] PluginManage:310 - Check plugin thirdparty
2023-11-14 16:26:31,357 [INFO] PluginManage:359 - Loaded plugin thirdparty (category:base,tabindex:-1)
2023-11-14 16:26:31,357 [WARN] IntegrityCheckThread:84 - waiting for thirdparty lock release [integrity check]
2023-11-14 16:26:31,357 [INFO] PluginManage:310 - Check plugin tools
2023-11-14 16:26:31,357 [INFO] IntegrityCheckThread:86 - entering critical section [integrity check]
2023-11-14 16:26:31,357 [INFO] ThirdPartyUpdaterWithRetryManager:70 - Updater plugin not ready yet. [1/15]
2023-11-14 16:26:31,403 [INFO] PluginManage:359 - Loaded plugin tools (category:base,tabindex:7)
2023-11-14 16:26:31,403 [INFO] PluginManage:310 - Check plugin tutovideos
2023-11-14 16:26:31,667 [INFO] PluginManage:359 - Loaded plugin tutovideos (category:base,tabindex:-1)
2023-11-14 16:26:31,667 [INFO] PluginManage:310 - Check plugin updater
2023-11-14 16:26:31,679 [INFO] PluginManage:359 - Loaded plugin updater (category:base,tabindex:12)
2023-11-14 16:26:31,680 [INFO] PluginManage:310 - Check plugin userauth
2023-11-14 16:26:31,685 [INFO] UserAuth:113 - Init User Auth plugin
2023-11-14 16:26:31,685 [INFO] PluginManage:359 - Loaded plugin userauth (category:base,tabindex:14)
2023-11-14 16:26:31,686 [INFO] PluginManage:283 - PluginManage : Loaded plugins [17]
2023-11-14 16:26:31,978 [INFO] PinOutPanel:1499 - setPackage(No Configuration,No Configuration)
2023-11-14 16:26:32,129 [INFO] CADModel:165 - CPN selected for project level
2023-11-14 16:26:32,130 [INFO] CADModel:114 - Register for checkConnection events
2023-11-14 16:26:32,158 [INFO] IPUIPlugin:80 - create IPUIPlugin
2023-11-14 16:26:32,160 [INFO] PluginManager:220 - loadIPPluginJar : add adc
2023-11-14 16:26:32,211 [INFO] IPUIPlugin:80 - create IPUIPlugin
2023-11-14 16:26:32,212 [INFO] PluginManager:220 - loadIPPluginJar : add aes
2023-11-14 16:26:32,271 [INFO] IPUIPlugin:80 - create IPUIPlugin
2023-11-14 16:26:32,271 [INFO] PluginManager:220 - loadIPPluginJar : add can
2023-11-14 16:26:32,302 [INFO] IPUIPlugin:80 - create IPUIPlugin
2023-11-14 16:26:32,303 [INFO] PluginManager:220 - loadIPPluginJar : add comp
2023-11-14 16:26:32,337 [INFO] IPUIPlugin:80 - create IPUIPlugin
2023-11-14 16:26:32,337 [INFO] PluginManager:220 - loadIPPluginJar : add cryp
2023-11-14 16:26:32,368 [INFO] IPUIPlugin:80 - create IPUIPlugin
2023-11-14 16:26:32,368 [INFO] PluginManager:220 - loadIPPluginJar : add dfsdm
2023-11-14 16:26:32,382 [INFO] IPUIPlugin:80 - create IPUIPlugin
2023-11-14 16:26:32,383 [INFO] PluginManager:220 - loadIPPluginJar : add dma
2023-11-14 16:26:32,428 [INFO] IPUIPlugin:80 - create IPUIPlugin
2023-11-14 16:26:32,428 [INFO] PluginManager:220 - loadIPPluginJar : add dma3
2023-11-14 16:26:32,451 [INFO] IPUIPlugin:80 - create IPUIPlugin
2023-11-14 16:26:32,453 [INFO] PluginManager:220 - loadIPPluginJar : add fatfs
2023-11-14 16:26:32,507 [INFO] IPUIPlugin:80 - create IPUIPlugin
2023-11-14 16:26:32,507 [INFO] PluginManager:220 - loadIPPluginJar : add fmc
2023-11-14 16:26:32,526 [INFO] IPUIPlugin:80 - create IPUIPlugin
2023-11-14 16:26:32,526 [INFO] PluginManager:220 - loadIPPluginJar : add freertos
2023-11-14 16:26:32,549 [INFO] IPUIPlugin:80 - create IPUIPlugin
2023-11-14 16:26:32,549 [INFO] PluginManager:220 - loadIPPluginJar : add genericplugin
2023-11-14 16:26:32,647 [INFO] IPUIPlugin:80 - create IPUIPlugin
2023-11-14 16:26:32,647 [INFO] PluginManager:220 - loadIPPluginJar : add gfxmmu
2023-11-14 16:26:32,800 [INFO] IPUIPlugin:80 - create IPUIPlugin
2023-11-14 16:26:32,800 [INFO] PluginManager:220 - loadIPPluginJar : add gic
2023-11-14 16:26:32,813 [INFO] IPUIPlugin:80 - create IPUIPlugin
2023-11-14 16:26:32,813 [INFO] PluginManager:220 - loadIPPluginJar : add gpio
2023-11-14 16:26:32,904 [INFO] IPUIPlugin:80 - create IPUIPlugin
2023-11-14 16:26:32,904 [INFO] PluginManager:220 - loadIPPluginJar : add gtzc
2023-11-14 16:26:32,944 [INFO] IPUIPlugin:80 - create IPUIPlugin
2023-11-14 16:26:32,944 [INFO] PluginManager:220 - loadIPPluginJar : add hash
2023-11-14 16:26:33,006 [INFO] IPUIPlugin:80 - create IPUIPlugin
2023-11-14 16:26:33,007 [INFO] PluginManager:220 - loadIPPluginJar : add i2c
2023-11-14 16:26:33,049 [INFO] IPUIPlugin:80 - create IPUIPlugin
2023-11-14 16:26:33,049 [INFO] PluginManager:220 - loadIPPluginJar : add i2s
2023-11-14 16:26:33,102 [INFO] IPUIPlugin:80 - create IPUIPlugin
2023-11-14 16:26:33,102 [INFO] PluginManager:220 - loadIPPluginJar : add i3c
2023-11-14 16:26:33,216 [INFO] IPUIPlugin:80 - create IPUIPlugin
2023-11-14 16:26:33,216 [INFO] PluginManager:220 - loadIPPluginJar : add ipddr
2023-11-14 16:26:33,303 [INFO] IPUIPlugin:80 - create IPUIPlugin
2023-11-14 16:26:33,303 [INFO] PluginManager:220 - loadIPPluginJar : add linkedlist
2023-11-14 16:26:33,338 [INFO] IPUIPlugin:80 - create IPUIPlugin
2023-11-14 16:26:33,338 [INFO] PluginManager:220 - loadIPPluginJar : add lorawan
2023-11-14 16:26:33,374 [INFO] IPUIPlugin:80 - create IPUIPlugin
2023-11-14 16:26:33,374 [INFO] PluginManager:220 - loadIPPluginJar : add ltdc
2023-11-14 16:26:33,388 [INFO] IPUIPlugin:80 - create IPUIPlugin
2023-11-14 16:26:33,388 [INFO] PluginManager:220 - loadIPPluginJar : add mdma
2023-11-14 16:26:33,401 [INFO] IPUIPlugin:80 - create IPUIPlugin
2023-11-14 16:26:33,401 [INFO] PluginManager:220 - loadIPPluginJar : add nvic
2023-11-14 16:26:33,432 [INFO] IPUIPlugin:80 - create IPUIPlugin
2023-11-14 16:26:33,433 [INFO] PluginManager:220 - loadIPPluginJar : add opamp
2023-11-14 16:26:33,479 [INFO] IPUIPlugin:80 - create IPUIPlugin
2023-11-14 16:26:33,479 [INFO] PluginManager:220 - loadIPPluginJar : add openamp
2023-11-14 16:26:33,523 [INFO] IPUIPlugin:80 - create IPUIPlugin
2023-11-14 16:26:33,523 [INFO] PluginManager:220 - loadIPPluginJar : add pdm2pcm
2023-11-14 16:26:33,538 [INFO] IPUIPlugin:80 - create IPUIPlugin
2023-11-14 16:26:33,540 [INFO] PluginManager:220 - loadIPPluginJar : add plateformsettings
2023-11-14 16:26:33,568 [INFO] IPUIPlugin:80 - create IPUIPlugin
2023-11-14 16:26:33,568 [INFO] PluginManager:220 - loadIPPluginJar : add quadspi
2023-11-14 16:26:33,580 [INFO] IPUIPlugin:80 - create IPUIPlugin
2023-11-14 16:26:33,580 [INFO] PluginManager:220 - loadIPPluginJar : add resmgrutility
2023-11-14 16:26:33,636 [INFO] IPUIPlugin:80 - create IPUIPlugin
2023-11-14 16:26:33,636 [INFO] PluginManager:220 - loadIPPluginJar : add sai
2023-11-14 16:26:33,678 [INFO] IPUIPlugin:80 - create IPUIPlugin
2023-11-14 16:26:33,678 [INFO] PluginManager:220 - loadIPPluginJar : add spi
2023-11-14 16:26:33,751 [INFO] IPUIPlugin:80 - create IPUIPlugin
2023-11-14 16:26:33,752 [INFO] PluginManager:220 - loadIPPluginJar : add stm32_wpan
2023-11-14 16:26:33,785 [INFO] IPUIPlugin:80 - create IPUIPlugin
2023-11-14 16:26:33,785 [INFO] PluginManager:220 - loadIPPluginJar : add tim
2023-11-14 16:26:33,854 [INFO] IPUIPlugin:80 - create IPUIPlugin
2023-11-14 16:26:33,854 [INFO] PluginManager:220 - loadIPPluginJar : add touchsensing
2023-11-14 16:26:33,882 [INFO] IPUIPlugin:80 - create IPUIPlugin
2023-11-14 16:26:33,882 [INFO] PluginManager:220 - loadIPPluginJar : add tracer_emb
2023-11-14 16:26:33,911 [INFO] IPUIPlugin:80 - create IPUIPlugin
2023-11-14 16:26:33,911 [INFO] PluginManager:220 - loadIPPluginJar : add ts
2023-11-14 16:26:33,937 [INFO] IPUIPlugin:80 - create IPUIPlugin
2023-11-14 16:26:33,937 [INFO] PluginManager:220 - loadIPPluginJar : add tsc
2023-11-14 16:26:33,960 [INFO] IPUIPlugin:80 - create IPUIPlugin
2023-11-14 16:26:33,960 [INFO] PluginManager:220 - loadIPPluginJar : add ucpd
2023-11-14 16:26:34,010 [INFO] IPUIPlugin:80 - create IPUIPlugin
2023-11-14 16:26:34,010 [INFO] PluginManager:220 - loadIPPluginJar : add usart
2023-11-14 16:26:34,058 [INFO] IPUIPlugin:80 - create IPUIPlugin
2023-11-14 16:26:34,059 [INFO] PluginManager:220 - loadIPPluginJar : add usbx
2023-11-14 16:26:34,193 [INFO] CADModel:165 - CPN selected for project level
2023-11-14 16:26:34,193 [INFO] CADModel:114 - Register for checkConnection events
2023-11-14 16:26:34,193 [FATAL] Updater:308 - Updater called before beeing initialized
2023-11-14 16:26:34,193 [ERROR] CADModel:125 - Updater not yet initialized, retry later 
2023-11-14 16:26:34,330 [INFO] CADModel:165 - CPN selected for project level
2023-11-14 16:26:34,330 [INFO] CADModel:114 - Register for checkConnection events
2023-11-14 16:26:34,330 [FATAL] Updater:308 - Updater called before beeing initialized
2023-11-14 16:26:34,330 [ERROR] CADModel:125 - Updater not yet initialized, retry later 
2023-11-14 16:26:34,333 [FATAL] Updater:308 - Updater called before beeing initialized
2023-11-14 16:26:34,359 [INFO] ThirdPartyUpdaterWithRetryManager:70 - Updater plugin not ready yet. [2/15]
2023-11-14 16:26:34,441 [FATAL] Updater:308 - Updater called before beeing initialized
2023-11-14 16:26:34,451 [INFO] DbMcusAds:53 - JSON generation date=Tue Mar 07 09:50:55 CET 2023 (1678179055335)
2023-11-14 16:26:34,451 [FATAL] Updater:308 - Updater called before beeing initialized
2023-11-14 16:26:34,526 [WARN] DetailPanel:346 - Failed to get advertising image, set to default
2023-11-14 16:26:34,639 [FATAL] Updater:308 - Updater called before beeing initialized
2023-11-14 16:26:34,656 [FATAL] Updater:308 - Updater called before beeing initialized
2023-11-14 16:26:34,657 [FATAL] Updater:308 - Updater called before beeing initialized
2023-11-14 16:26:34,657 [WARN] DetailPanel:346 - Failed to get advertising image, set to default
2023-11-14 16:26:34,658 [FATAL] Updater:308 - Updater called before beeing initialized
2023-11-14 16:26:34,729 [ERROR] Updater:1120 - MainUpdater not yet initialized. External WinMGr cannot be set.
2023-11-14 16:26:34,739 [INFO] Updater:1056 - Updater Version found : 6.9.2
2023-11-14 16:26:34,761 [INFO] ApplicationProperties:184 - Using Application install path: D:\Program Files (x86)\STM32CubeIDE_1.11.2\STM32CubeIDE\plugins\com.st.stm32cube.common.mx_6.9.2.202309101412
2023-11-14 16:26:35,215 [INFO] MainUpdater:2868 - connection check result : 10
2023-11-14 16:26:35,216 [INFO] MainUpdater:285 - Updater Check For Update Now.
2023-11-14 16:26:35,216 [INFO] MicroXplorer:498 - Change Database Version : DB.6.0.92
2023-11-14 16:26:35,229 [INFO] McuFinderGlobals:63 - Set McuFinder mode to 2 (CubeIDE integrated)
2023-11-14 16:26:35,229 [INFO] UserAuth:179 - activating auth plugin
2023-11-14 16:26:35,232 [INFO] UserAuth:393 - Internet connection configuration mode: 1
2023-11-14 16:26:35,253 [INFO] JxBrowserEngine:151 - Initiate JxBrowser Engine with user profile folder
2023-11-14 16:26:35,402 [INFO] CheckServerUpdateThread:120 - End of CheckServer Thread
2023-11-14 16:26:37,394 [INFO] WebApp:157 - Instantiating new browser for Auth
2023-11-14 16:26:37,619 [WARN] PackLoader:240 - Cannot read IP mode file for STMicroelectronics.X-CUBE-SMBUS.2.1.0
2023-11-14 16:26:37,674 [WARN] PackLoader:240 - Cannot read IP mode file for STMicroelectronics.X-CUBE-AZRTOS-F7.1.1.0
2023-11-14 16:26:37,694 [ERROR] RealEvaluatedCondition:428 - Found unsupported composite condition: CLASS='Data Exchange' GROUP='STM32_MetaDataManager'
2023-11-14 16:26:37,694 [ERROR] RealEvaluatedCondition:428 - Found unsupported composite condition: GROUP='STM32_MetaDataManager' CLASS='Data Exchange'
2023-11-14 16:26:37,695 [WARN] PackLoader:240 - Cannot read IP mode file for STMicroelectronics.FP-SNS-MOTENV1.4.3.0
2023-11-14 16:26:37,717 [WARN] PackLoader:240 - Cannot read IP mode file for STMicroelectronics.FP-SNS-MOTENV1.4.3.2
2023-11-14 16:26:37,733 [WARN] PackLoader:240 - Cannot read IP mode file for STMicroelectronics.FP-SNS-FLIGHT1.5.0.0
2023-11-14 16:26:37,746 [ERROR] RealEvaluatedCondition:428 - Found unsupported composite condition: GROUP='STM32_MetaDataManager' CLASS='Data Exchange'
2023-11-14 16:26:37,747 [ERROR] RealEvaluatedCondition:428 - Found unsupported composite condition: CLASS='Data Exchange' GROUP='STM32_MetaDataManager'
2023-11-14 16:26:37,748 [WARN] PackLoader:240 - Cannot read IP mode file for STMicroelectronics.FP-SNS-MOTENV1.4.3.1
2023-11-14 16:26:37,762 [WARN] PackLoader:240 - Cannot read IP mode file for STMicroelectronics.FP-SNS-FLIGHT1.5.0.1
2023-11-14 16:26:37,777 [WARN] PackLoader:240 - Cannot read IP mode file for STMicroelectronics.X-CUBE-BLE1.6.2.4
2023-11-14 16:26:37,790 [WARN] PackLoader:240 - Cannot read IP mode file for STMicroelectronics.FP-SNS-FLIGHT1.5.0.2
2023-11-14 16:26:37,806 [WARN] PackLoader:240 - Cannot read IP mode file for STMicroelectronics.X-CUBE-DISPLAY.3.0.0
2023-11-14 16:26:37,827 [WARN] PackLoader:240 - Cannot read IP mode file for STMicroelectronics.X-CUBE-BLE1.7.0.0
2023-11-14 16:26:37,843 [WARN] PackLoader:240 - Cannot read IP mode file for STMicroelectronics.X-CUBE-TOUCHGFX.4.22.0
2023-11-14 16:26:37,855 [WARN] PackLoader:240 - Cannot read IP mode file for STMicroelectronics.X-CUBE-TOUCHGFX.4.22.1
2023-11-14 16:26:37,868 [WARN] PackLoader:240 - Cannot read IP mode file for STMicroelectronics.FP-SNS-SMARTAG2.1.2.0
2023-11-14 16:26:37,891 [INFO] LogOutputStream:77 - [STDOUT_REDIRECT] 1 : Invalid condition id : UX_CORESTACK_Condition cause : null
2023-11-14 16:26:37,892 [INFO] LogOutputStream:77 - [STDOUT_REDIRECT] 1 : Invalid condition id : UX_CORESTACK_Condition cause : null
2023-11-14 16:26:37,893 [INFO] LogOutputStream:77 - [STDOUT_REDIRECT] 1 : Invalid condition id : UX_CORESTACK_Condition cause : null
2023-11-14 16:26:37,894 [INFO] LogOutputStream:77 - [STDOUT_REDIRECT] 1 : Invalid condition id : UX_CORESTACK_Condition cause : null
2023-11-14 16:26:37,895 [INFO] LogOutputStream:77 - [STDOUT_REDIRECT] 1 : Invalid condition id : UX_CORESTACK_Condition cause : null
2023-11-14 16:26:37,899 [WARN] PackLoader:240 - Cannot read IP mode file for STMicroelectronics.X-CUBE-AZRTOS-WL.2.0.0
2023-11-14 16:26:37,919 [WARN] PackLoader:240 - Cannot read IP mode file for WES.I-CUBE-Cesium.1.3.0
2023-11-14 16:26:37,935 [WARN] PackLoader:240 - Cannot read IP mode file for STMicroelectronics.X-CUBE-BLE2.3.3.0
2023-11-14 16:26:37,956 [WARN] PackLoader:240 - Cannot read IP mode file for STMicroelectronics.X-CUBE-TOF1.3.2.0
2023-11-14 16:26:37,978 [WARN] PackLoader:240 - Cannot read IP mode file for STMicroelectronics.X-CUBE-TOUCHGFX.4.21.1
2023-11-14 16:26:37,990 [WARN] PackLoader:240 - Cannot read IP mode file for STMicroelectronics.X-CUBE-TOUCHGFX.4.21.3
2023-11-14 16:26:38,000 [WARN] PackLoader:240 - Cannot read IP mode file for STMicroelectronics.X-CUBE-TOUCHGFX.4.21.4
2023-11-14 16:26:38,045 [WARN] PackLoader:240 - Cannot read IP mode file for STMicroelectronics.X-CUBE-MEMS1.9.4.0
2023-11-14 16:26:38,144 [INFO] WebApp:753 - Register for checkConnection events
2023-11-14 16:26:38,146 [INFO] WebApp:390 - Apply proxy settings
2023-11-14 16:26:38,146 [INFO] WebApp:475 - Chromium requires no authentication
2023-11-14 16:26:38,152 [WARN] PackLoader:240 - Cannot read IP mode file for STMicroelectronics.X-CUBE-AI.7.3.0
2023-11-14 16:26:38,157 [INFO] WebApp:418 - Direct internet connection detected
2023-11-14 16:26:38,165 [WARN] PackLoader:240 - Cannot read IP mode file for STMicroelectronics.X-CUBE-ALGOBUILD.1.3.0
2023-11-14 16:26:38,189 [WARN] PackLoader:240 - Cannot read IP mode file for STMicroelectronics.X-CUBE-AZRTOS-G0.1.1.0
2023-11-14 16:26:38,202 [WARN] PackLoader:240 - Cannot read IP mode file for STMicroelectronics.X-CUBE-NFC4.3.0.0
2023-11-14 16:26:38,219 [WARN] PackLoader:240 - Cannot read IP mode file for STMicroelectronics.X-CUBE-BLEMGR.3.0.0
2023-11-14 16:26:38,234 [WARN] PackLoader:240 - Cannot read IP mode file for STMicroelectronics.X-CUBE-BLEMGR.1.3.0
2023-11-14 16:26:38,245 [WARN] PackLoader:240 - Cannot read IP mode file for STMicroelectronics.FP-ATR-SIGFOX1.3.2.0
2023-11-14 16:26:38,284 [WARN] PackLoader:240 - Cannot read IP mode file for STMicroelectronics.X-CUBE-MEMS1.9.5.0
2023-11-14 16:26:38,367 [INFO] WebApp:188 - Starting web application
2023-11-14 16:26:38,367 [INFO] WebApp:520 - Web application path used D:\Program Files (x86)\STM32CubeIDE_1.11.2\STM32CubeIDE\plugins\com.st.stm32cube.common.mx_6.9.2.202309101412\db\plugins\mcufinder\reactClient1\index.html
2023-11-14 16:26:38,399 [WARN] PackLoader:240 - Cannot read IP mode file for SEGGER.I-CUBE-embOS.1.3.1
2023-11-14 16:26:38,437 [WARN] PackLoader:240 - Cannot read IP mode file for STMicroelectronics.X-CUBE-GNSS1.6.0.0
2023-11-14 16:26:38,461 [WARN] PackLoader:240 - Cannot read IP mode file for STMicroelectronics.X-CUBE-AZRTOS-F4.1.1.0
2023-11-14 16:26:38,492 [WARN] PackLoader:240 - Cannot read IP mode file for STMicroelectronics.X-CUBE-AZRTOS-L5.2.0.0
2023-11-14 16:26:38,536 [WARN] PackLoader:240 - Cannot read IP mode file for STMicroelectronics.X-CUBE-MEMS1.9.6.0
2023-11-14 16:26:38,654 [WARN] PackLoader:240 - Cannot read IP mode file for STMicroelectronics.X-CUBE-EEPRMA1.4.2.0
2023-11-14 16:26:38,669 [WARN] PackLoader:240 - Cannot read IP mode file for ITTIA_DB.I-CUBE-ITTIADB.8.8.0
2023-11-14 16:26:38,683 [WARN] PackLoader:240 - Cannot read IP mode file for emotas.I-CUBE-CANOPEN.1.1.3
2023-11-14 16:26:38,698 [WARN] PackLoader:240 - Cannot read IP mode file for STMicroelectronics.X-CUBE-BLEMGR.2.0.0
2023-11-14 16:26:38,734 [WARN] ConditionMgr:438 - getConditionDescription Invalid condition id : UX DEVICE CLASS RTOS Condition cause : null
2023-11-14 16:26:38,734 [WARN] ConditionMgr:438 - getConditionDescription Invalid condition id : UX DEVICE CLASS RTOS Condition cause : null
2023-11-14 16:26:38,736 [WARN] PackLoader:240 - Cannot read IP mode file for STMicroelectronics.X-CUBE-AZRTOS-H7.3.1.0
2023-11-14 16:26:38,739 [WARN] ConditionMgr:1039 - genDependencies : Invalid condition id : UX DEVICE CLASS RTOS Condition cause : null
2023-11-14 16:26:38,739 [WARN] ConditionMgr:1039 - genDependencies : Invalid condition id : UX DEVICE CLASS RTOS Condition cause : null
2023-11-14 16:26:38,739 [WARN] ConditionMgr:1039 - genDependencies : Invalid condition id : UX DEVICE CLASS RTOS Condition cause : null
2023-11-14 16:26:38,739 [WARN] ConditionMgr:1039 - genDependencies : Invalid condition id : UX DEVICE CLASS RTOS Condition cause : null
2023-11-14 16:26:38,739 [WARN] ConditionMgr:1039 - genDependencies : Invalid condition id : UX DEVICE CLASS RTOS Condition cause : null
2023-11-14 16:26:38,753 [WARN] PackLoader:240 - Cannot read IP mode file for wolfSSL.I-CUBE-wolfSSL.5.5.4
2023-11-14 16:26:38,766 [WARN] PackLoader:240 - Cannot read IP mode file for STMicroelectronics.X-CUBE-NFC7.1.0.1
2023-11-14 16:26:38,779 [WARN] PackLoader:240 - Cannot read IP mode file for STMicroelectronics.X-CUBE-NFC7.1.0.0
2023-11-14 16:26:38,794 [WARN] PackLoader:240 - Cannot read IP mode file for STMicroelectronics.X-CUBE-NFC6.3.0.0
2023-11-14 16:26:38,806 [WARN] PackLoader:240 - Cannot read IP mode file for STMicroelectronics.X-CUBE-EEPRMA1.4.1.0
2023-11-14 16:26:38,818 [WARN] PackLoader:240 - Cannot read IP mode file for STMicroelectronics.X-CUBE-AI.8.1.0
2023-11-14 16:26:38,845 [WARN] ConditionMgr:438 - getConditionDescription Invalid condition id : LAN8742 Phy interface Condition cause : null
2023-11-14 16:26:38,845 [WARN] PackLoader:240 - Cannot read IP mode file for STMicroelectronics.X-CUBE-AZRTOS-L4.2.0.0
2023-11-14 16:26:38,847 [WARN] ConditionMgr:1039 - genDependencies : Invalid condition id : LAN8742 Phy interface Condition cause : null
2023-11-14 16:26:38,847 [WARN] ConditionMgr:1039 - genDependencies : Invalid condition id : LAN8742 Phy interface Condition cause : null
2023-11-14 16:26:38,847 [WARN] ConditionMgr:1039 - genDependencies : Invalid condition id : LAN8742 Phy interface Condition cause : null
2023-11-14 16:26:38,859 [WARN] PackLoader:240 - Cannot read IP mode file for STMicroelectronics.X-CUBE-SFXS2LP1.4.0.0
2023-11-14 16:26:38,885 [WARN] PackLoader:240 - Cannot read IP mode file for STMicroelectronics.X-CUBE-AZRTOS-H7.3.0.0
2023-11-14 16:26:38,898 [WARN] PackLoader:240 - Cannot read IP mode file for STMicroelectronics.X-CUBE-ISPU.1.1.0
2023-11-14 16:26:38,912 [WARN] PackLoader:240 - Cannot read IP mode file for RoweBots.I-CUBE-UNISONRTOS.5.5.0-4
2023-11-14 16:26:38,923 [WARN] PackLoader:240 - Cannot read IP mode file for STMicroelectronics.X-CUBE-AI.8.0.0
2023-11-14 16:26:38,944 [WARN] ConditionMgr:438 - getConditionDescription Invalid condition id : UX DEVICE CLASS RTOS Condition cause : null
2023-11-14 16:26:38,944 [WARN] ConditionMgr:438 - getConditionDescription Invalid condition id : UX DEVICE CLASS RTOS Condition cause : null
2023-11-14 16:26:38,946 [WARN] PackLoader:240 - Cannot read IP mode file for STMicroelectronics.X-CUBE-AZRTOS-WB.2.0.0
2023-11-14 16:26:38,946 [WARN] ConditionMgr:1039 - genDependencies : Invalid condition id : UX DEVICE CLASS RTOS Condition cause : null
2023-11-14 16:26:38,946 [WARN] ConditionMgr:1039 - genDependencies : Invalid condition id : UX DEVICE CLASS RTOS Condition cause : null
2023-11-14 16:26:38,947 [WARN] ConditionMgr:1039 - genDependencies : Invalid condition id : UX DEVICE CLASS RTOS Condition cause : null
2023-11-14 16:26:38,947 [WARN] ConditionMgr:1039 - genDependencies : Invalid condition id : UX DEVICE CLASS RTOS Condition cause : null
2023-11-14 16:26:38,947 [WARN] ConditionMgr:1039 - genDependencies : Invalid condition id : UX DEVICE CLASS RTOS Condition cause : null
2023-11-14 16:26:38,960 [WARN] PackLoader:240 - Cannot read IP mode file for STMicroelectronics.X-CUBE-FREERTOS.1.0.0
2023-11-14 16:26:38,972 [WARN] PackLoader:240 - Cannot read IP mode file for STMicroelectronics.X-CUBE-FREERTOS.1.0.1
2023-11-14 16:26:38,992 [WARN] PackLoader:240 - Cannot read IP mode file for STMicroelectronics.X-CUBE-AZRTOS-L5.1.1.0
2023-11-14 16:26:39,004 [WARN] PackLoader:240 - Cannot read IP mode file for STMicroelectronics.X-CUBE-AI.8.0.1
2023-11-14 16:26:39,019 [WARN] PackLoader:240 - Cannot read IP mode file for STMicroelectronics.X-CUBE-SUBG2.5.0.0
2023-11-14 16:26:39,038 [WARN] PackLoader:240 - Cannot read IP mode file for STMicroelectronics.X-CUBE-TOF1.3.3.1
2023-11-14 16:26:39,062 [WARN] PackLoader:240 - Cannot read IP mode file for STMicroelectronics.X-CUBE-AZRTOS-G4.2.0.0
2023-11-14 16:26:39,079 [WARN] PackLoader:240 - Cannot read IP mode file for STMicroelectronics.X-CUBE-TOF1.3.3.0
2023-11-14 16:26:39,093 [WARN] PackLoader:240 - Cannot read IP mode file for STMicroelectronics.FP-ATR-ASTRA1.1.1.1
2023-11-14 16:26:39,110 [WARN] PackLoader:240 - Cannot read IP mode file for Infineon.AIROC-Wi-Fi-Bluetooth-STM32.1.5.1
2023-11-14 16:26:39,122 [WARN] PackLoader:240 - Cannot read IP mode file for STMicroelectronics.FP-SNS-MOTENVWB1.1.3.0
2023-11-14 16:26:39,138 [WARN] PackLoader:240 - Cannot read IP mode file for STMicroelectronics.X-CUBE-AZRTOS-G4.1.0.0
2023-11-14 16:26:39,160 [WARN] PackLoader:240 - Cannot read IP mode file for STMicroelectronics.X-CUBE-AZRTOS-L4.1.0.0
2023-11-14 16:26:39,196 [WARN] PackLoader:240 - Cannot read IP mode file for STMicroelectronics.X-CUBE-MEMS1.10.0.0
2023-11-14 16:26:39,260 [WARN] PackLoader:240 - Cannot read IP mode file for STMicroelectronics.X-CUBE-FREERTOS.1.1.0
2023-11-14 16:26:39,275 [WARN] PackLoader:240 - Cannot read IP mode file for STMicroelectronics.X-CUBE-AZRTOS-WL.1.0.0
2023-11-14 16:26:39,288 [WARN] PackLoader:240 - Cannot read IP mode file for portGmbH.I-Cube-SoM-uGOAL.1.1.0
2023-11-14 16:26:39,300 [WARN] PackLoader:240 - Cannot read IP mode file for STMicroelectronics.X-CUBE-ALS.1.0.1
2023-11-14 16:26:39,325 [WARN] PackLoader:240 - Cannot read IP mode file for STMicroelectronics.X-CUBE-AZRTOS-WB.1.1.0
2023-11-14 16:26:39,339 [WARN] PackLoader:240 - Cannot read IP mode file for STMicroelectronics.FP-ATR-ASTRA1.2.0.0
2023-11-14 16:26:39,340 [INFO] ThirdParty:978 - Integrity check success = true
2023-11-14 16:26:39,340 [INFO] IntegrityCheckThread:100 - exiting critical section [integrity check]
2023-11-14 16:26:39,340 [INFO] IntegrityCheckThread:103 - End integrity checks thread
2023-11-14 16:26:59,040 [ERROR] LogOutputStream:75 - [STDERR_REDIRECT] SLF4J: Failed to load class "org.slf4j.impl.StaticLoggerBinder".
2023-11-14 16:26:59,041 [ERROR] LogOutputStream:75 - [STDERR_REDIRECT] SLF4J: Defaulting to no-operation (NOP) logger implementation
2023-11-14 16:26:59,041 [ERROR] LogOutputStream:75 - [STDERR_REDIRECT] SLF4J: See http://www.slf4j.org/codes.html#StaticLoggerBinder for further details.
2023-11-14 16:44:57,868 [INFO] McuFinderGlobals:63 - Set McuFinder mode to 2 (CubeIDE integrated)
2023-11-14 16:44:57,888 [INFO] MainUpdater:2868 - connection check result : 10
2023-11-14 16:44:57,892 [INFO] MainUpdater:2868 - connection check result : 10
2023-11-14 16:44:58,038 [INFO] MicroXplorer:468 - Change Database Path : 
2023-11-14 16:44:58,038 [INFO] MicroXplorer:498 - Change Database Version : DB.6.0.92
2023-11-14 16:44:58,041 [WARN] ThirdParty:871 - waiting for thirdparty lock release [close project]
2023-11-14 16:44:58,041 [INFO] ThirdParty:873 - entering critical section [close project]
2023-11-14 16:44:58,056 [INFO] ThirdParty:883 - exiting critical section [close project]
2023-11-14 16:44:58,058 [INFO] PinOutPanel:1499 - setPackage(No Configuration,No Configuration)
2023-11-14 16:44:58,064 [INFO] UtilMem:75 - Begin LoadConfig() Used Memory: 205037880 Bytes (660602880)
2023-11-14 16:44:58,065 [INFO] MicroXplorer:468 - Change Database Path : 
2023-11-14 16:44:58,065 [INFO] MicroXplorer:498 - Change Database Version : DB.6.0.92
2023-11-14 16:44:58,065 [INFO] OpenFileManager:308 - Change cursor
2023-11-14 16:44:58,112 [INFO] Mcu:1946 - Initializing MCU STM32F107R(B-C)Tx STM32F107RCTx STM32F107RCT6
2023-11-14 16:44:59,096 [INFO] Context:659 - Trying to add GPIOservice into a context  which must be forbidden
2023-11-14 16:44:59,525 [INFO] RtosManager:555 - Registered RTOS mode: class=CMSIS, group=RTOS, mode=CMSIS_V1, owner=FREERTOS
2023-11-14 16:44:59,525 [INFO] RtosManager:555 - Registered RTOS mode: class=CMSIS, group=RTOS2, mode=CMSIS_V2, owner=FREERTOS
2023-11-14 16:44:59,525 [INFO] RtosManager:555 - Registered RTOS mode: class=RTOS, group=Core, mode=CMSIS_V1, owner=FREERTOS
2023-11-14 16:44:59,525 [INFO] RtosManager:555 - Registered RTOS mode: class=RTOS, group=Core, mode=CMSIS_V2, owner=FREERTOS
2023-11-14 16:44:59,525 [WARN] ModelIntegratedComponent:184 - Missing modes for component STMicroelectronics:FreeRTOS:0.0.1:STMicroelectronics:RTOS:FreeRTOS:Core:::10.2.0:
2023-11-14 16:44:59,537 [WARN] ModelIntegratedComponent:63 - No mode defined for component null
2023-11-14 16:44:59,537 [WARN] ModelIntegratedComponent:63 - No mode defined for component null
2023-11-14 16:44:59,537 [WARN] ModelIntegratedComponent:63 - No mode defined for component null
2023-11-14 16:44:59,537 [WARN] ModelIntegratedComponent:63 - No mode defined for component null
2023-11-14 16:44:59,537 [WARN] ModelIntegratedComponent:63 - No mode defined for component null
2023-11-14 16:44:59,537 [WARN] ModelIntegratedComponent:63 - No mode defined for component null
2023-11-14 16:44:59,537 [WARN] ModelIntegratedComponent:63 - No mode defined for component null
2023-11-14 16:44:59,537 [WARN] ModelIntegratedComponent:63 - No mode defined for component null
2023-11-14 16:44:59,537 [WARN] ModelIntegratedComponent:63 - No mode defined for component null
2023-11-14 16:44:59,537 [WARN] ModelIntegratedComponent:63 - No mode defined for component null
2023-11-14 16:44:59,537 [WARN] ModelIntegratedComponent:63 - No mode defined for component null
2023-11-14 16:44:59,537 [WARN] ModelIntegratedComponent:63 - No mode defined for component null
2023-11-14 16:44:59,537 [WARN] ModelIntegratedComponent:63 - No mode defined for component null
2023-11-14 16:44:59,537 [WARN] ModelIntegratedComponent:63 - No mode defined for component null
2023-11-14 16:44:59,537 [WARN] ModelIntegratedComponent:63 - No mode defined for component null
2023-11-14 16:44:59,537 [WARN] ModelIntegratedComponent:63 - No mode defined for component null
2023-11-14 16:44:59,537 [WARN] ModelIntegratedComponent:63 - No mode defined for component null
2023-11-14 16:44:59,537 [WARN] ModelIntegratedComponent:63 - No mode defined for component null
2023-11-14 16:44:59,537 [WARN] ModelIntegratedComponent:63 - No mode defined for component null
2023-11-14 16:44:59,537 [WARN] ModelIntegratedComponent:63 - No mode defined for component null
2023-11-14 16:44:59,538 [WARN] ModelIntegratedComponent:63 - No mode defined for component null
2023-11-14 16:44:59,538 [WARN] ModelIntegratedComponent:63 - No mode defined for component null
2023-11-14 16:44:59,538 [WARN] ModelIntegratedComponent:63 - No mode defined for component null
2023-11-14 16:44:59,538 [WARN] ModelIntegratedComponent:63 - No mode defined for component null
2023-11-14 16:44:59,538 [WARN] ModelIntegratedComponent:63 - No mode defined for component null
2023-11-14 16:44:59,538 [WARN] ModelIntegratedComponent:63 - No mode defined for component null
2023-11-14 16:44:59,538 [WARN] ModelIntegratedComponent:63 - No mode defined for component null
2023-11-14 16:44:59,538 [WARN] ModelIntegratedComponent:63 - No mode defined for component null
2023-11-14 16:44:59,538 [WARN] ModelIntegratedComponent:63 - No mode defined for component null
2023-11-14 16:44:59,538 [WARN] ModelIntegratedComponent:63 - No mode defined for component null
2023-11-14 16:44:59,538 [WARN] ModelIntegratedComponent:63 - No mode defined for component null
2023-11-14 16:44:59,538 [WARN] ModelIntegratedComponent:63 - No mode defined for component null
2023-11-14 16:44:59,538 [WARN] ModelIntegratedComponent:63 - No mode defined for component null
2023-11-14 16:44:59,663 [INFO] ThirdPartyModel:298 - Start build external matchings
2023-11-14 16:45:00,661 [INFO] ThirdPartyModel:316 - End build external matchings
2023-11-14 16:45:00,693 [WARN] IP:2114 - I2C_Coeff_DF not found: check if there is a RefParameter without a condition.
2023-11-14 16:45:00,693 [WARN] IP:2114 - Analog_Filter not found: check if there is a RefParameter without a condition.
2023-11-14 16:45:00,695 [INFO] ImportTextPane:194 - (OptionalMessage_ERROR) IP (RCC) : Parameter (ADCFreqValue) has invalid value (36000000)
2023-11-14 16:45:00,695 [INFO] ImportTextPane:194 - (OptionalMessage_ERROR) IP (RCC) : Invalid parameter (FamilyName)
2023-11-14 16:45:00,695 [INFO] ImportTextPane:194 - (OptionalMessage_ERROR) IP (RCC) : Parameter (MCOFreq_Value) has invalid value (72000000)
2023-11-14 16:45:00,905 [INFO] UtilMem:75 - End LoadConfig() Used Memory: 266231856 Bytes (660602880)
2023-11-14 16:45:00,993 [INFO] ApiDb:581 - Connected to CubeFinder SQLite database (C:\Users\miqix\.stmcufinder\plugins\mcufinder\mcu\cube-finder-db.db)
2023-11-14 16:45:01,058 [INFO] ApiDb:668 - CubeFinder database Data Model version=2.1
2023-11-14 16:45:01,058 [INFO] ApiDb:669 - CubeFinder database Configuration version=3.0.37
2023-11-14 16:45:01,059 [INFO] ApiDb:670 - CubeFinder database generation date=2023-10-13 (1697197505)
2023-11-14 16:45:01,059 [INFO] ApiDb:671 - CubeFinder database FW Pack versions=[FP-ATR-ASTRA1_V2.0.0, FP-SNS-FLIGHT1_V5.0.1, FP-SNS-FLIGHT1_V5.0.2, FP-SNS-MOTENV1_V4.3.1, FP-SNS-MOTENV1_V4.3.2, FP-SNS-SMARTAG2_V1.2.0, I-CUBE-ITTIADB_V8.6.3-1, STM32Cube_FW_C0_V1.1.0, STM32Cube_FW_F4_V1.27.1, STM32Cube_FW_F7_V1.17.0, STM32Cube_FW_G0_V1.6.1, STM32Cube_FW_G4_V1.5.1, STM32Cube_FW_H5_V0.5.1, STM32Cube_FW_H5_V1.1.1, STM32Cube_FW_H7_V1.11.0, STM32Cube_FW_L0_V1.12.2, STM32Cube_FW_L5_V1.5.0, STM32Cube_FW_U5_V1.3.0, STM32Cube_FW_U5_V1.3.0RC4, STM32Cube_FW_WBA_V1.0.0RC1, STM32Cube_FW_WBA_V1.1.0RC1, STM32Cube_FW_WBA_V1.1.1, STM32Cube_FW_WB_V1.15.0RC1, STM32Cube_FW_WB_V1.16.0, STM32Cube_FW_WB_V1.16.0RC2, STM32Cube_FW_WB_V1.17.3, STM32Cube_FW_WL_V1.3.0, X-CUBE-ALGOBUILD_V1.3.0, X-CUBE-ALS_V1.0.1, X-CUBE-AZRTOS-F4_V1.1.0, X-CUBE-AZRTOS-F7_V1.1.0, X-CUBE-AZRTOS-G0_V1.1.0, X-CUBE-AZRTOS-G4_V2.0.0, X-CUBE-AZRTOS-H7_V3.1.0, X-CUBE-AZRTOS-L4_V1.0.0, X-CUBE-AZRTOS-L4_V2.0.0, X-CUBE-AZRTOS-L5_V1.1.0, X-CUBE-AZRTOS-WB_V2.0.0, X-CUBE-AZRTOS-WL_V2.0.0, X-CUBE-BLE1_V7.0.0, X-CUBE-BLE2_V3.3.0, X-CUBE-BLEMGR_V2.0.0, X-CUBE-EEPRMA1_V4.1.0, X-CUBE-FREERTOS_V1.1.0, X-CUBE-GNSS1_V6.0.0, X-CUBE-MEMS1_V10.0.0, X-CUBE-MEMS1_V9.1.0, X-CUBE-MEMS1_V9.4.0, X-CUBE-MEMS1_V9.6.0, X-CUBE-NFC4_V3.0.0, X-CUBE-NFC7_V1.0.1, X-CUBE-SFXS2LP1_V4.0.0, X-CUBE-SUBG2_V5.0.0, X-CUBE-TOF1_V3.3.1]
2023-11-14 16:45:02,947 [INFO] ApiDb:240 - Found 323 in-development CPN: [B-G473E-ZEST1S, B-WB1M-WPAN1, B-WL5M-SUBG1, NUCLEO-C031C6, NUCLEO-H503RB, NUCLEO-H563ZI, NUCLEO-U545RE-Q, NUCLEO-U5A5ZJ-Q, NUCLEO-WBA52CG, STEVAL-PROTEUS1, STEVAL-SMARTAG2, STEVAL-STWINBX1, STM320518-EVAL, STM32C0116-DK, STM32C011D6Y3TR, STM32C011D6Y6TR, STM32C011F4P3, STM32C011F4P6, STM32C011F4U3, STM32C011F4U6TR, STM32C011F6P3, STM32C011F6P6, STM32C011F6U3, STM32C011F6U6TR, STM32C011J4M3, STM32C011J4M6, STM32C011J6M3, STM32C011J6M6, STM32C0316-DK, STM32C031C4T3, STM32C031C4T6, STM32C031C4U3, STM32C031C4U6, STM32C031C6T3, STM32C031C6T6, STM32C031C6U3, STM32C031C6U6, STM32C031F4P3, STM32C031F4P6, STM32C031F6P3, STM32C031F6P6, STM32C031G4U3, STM32C031G4U6, STM32C031G6U3, STM32C031G6U6, STM32C031K4T3, STM32C031K4T6, STM32C031K4U3, STM32C031K4U6, STM32C031K6T3, STM32C031K6T6, STM32C031K6U3, STM32C031K6U6, STM32G071K8TXN, STM32G071K8UXN, STM32G081GBU6N, STM32G081KBT6N, STM32G081KBUXN, STM32G0B1CCT6N, STM32G0B1KCT6, STM32G0B1NEY6TR, STM32G0B1RCT6N, STM32G0C1CCT6, STM32G0C1CCT6N, STM32G0C1CCU6N, STM32G0C1CET6N, STM32G0C1CEU6N, STM32G0C1KCT6, STM32G0C1NEY6TR, STM32G0C1RCI6N, STM32G0C1RCT6N, STM32G0C1REI6N, STM32G0C1RET6N, STM32G0C1VCI6, STM32G0C1VEI6, STM32G471CCT6, STM32G471CCU6, STM32G471CET3, STM32G471CET6, STM32G471CEU3, STM32G471CEU6, STM32G471MCT6, STM32G471MET3, STM32G471MET6, STM32G471MEY6TR, STM32G471QCT6, STM32G471QET3, STM32G471RCT6, STM32G471RET3, STM32G471RET6, STM32G471VCH6, STM32G471VCI6, STM32G471VCT6, STM32G471VEH3, STM32G471VEH6, STM32G471VEI3, STM32G471VEI6, STM32G471VET3, STM32G471VET6, STM32G474CCT6, STM32H503CBT6, STM32H503CBU6, STM32H503EBY6TR, STM32H503KBU6, STM32H503RBT6, STM32H562AGI6, STM32H562AII6, STM32H562IGK6, STM32H562IGT6, STM32H562IIK6, STM32H562IIT6, STM32H562RGT6, STM32H562RGV6, STM32H562RIT6, STM32H562RIV6, STM32H562VGT6, STM32H562VIT6, STM32H562ZGT6, STM32H562ZIT6, STM32H563AGI6, STM32H563AII3Q, STM32H563AII6, STM32H563IGK6, STM32H563IGT6, STM32H563IIK3Q, STM32H563IIK6, STM32H563IIT3Q, STM32H563IIT6, STM32H563MIY3QTR, STM32H563RGT6, STM32H563RGV6, STM32H563RIT6, STM32H563RIV6, STM32H563VGT6, STM32H563VIT3Q, STM32H563VIT6, STM32H563ZGT6, STM32H563ZIT3Q, STM32H563ZIT6, STM32H573AII3Q, STM32H573AII6, STM32H573I-DK, STM32H573IIK3Q, STM32H573IIK6, STM32H573IIT3Q, STM32H573IIT6, STM32H573MIY3QTR, STM32H573RIT6, STM32H573RIV6, STM32H573VIT3Q, STM32H573VIT6, STM32H573ZIT3Q, STM32H573ZIT6, STM32L4R5QGI6STR, STM32MP131AAE3, STM32MP131AAF3, STM32MP131AAG3, STM32MP131CAE3, STM32MP131CAF3, STM32MP131CAG3, STM32MP131DAE7, STM32MP131DAF7, STM32MP131DAG7, STM32MP131FAE7, STM32MP131FAF7, STM32MP131FAG7, STM32MP133AAE3, STM32MP133AAF3, STM32MP133AAG3, STM32MP133CAE3, STM32MP133CAF3, STM32MP133CAG3, STM32MP133DAE7, STM32MP133DAF7, STM32MP133DAG7, STM32MP133FAE7, STM32MP133FAF7, STM32MP133FAG7, STM32MP135AAE3, STM32MP135AAF3, STM32MP135AAG3, STM32MP135CAE3, STM32MP135CAF3, STM32MP135CAG3, STM32MP135DAE7, STM32MP135DAF7, STM32MP135DAG7, STM32MP135F-DK, STM32MP135FAE7, STM32MP135FAF7, STM32MP135FAF7T, STM32MP135FAF7U, STM32MP135FAG7, STM32U535CBT6, STM32U535CBT6Q, STM32U535CBU6, STM32U535CBU6Q, STM32U535CCT6, STM32U535CCT6Q, STM32U535CCU6, STM32U535CCU6Q, STM32U535CET6, STM32U535CET6Q, STM32U535CEU6, STM32U535CEU6Q, STM32U535JEY6QTR, STM32U535NCY6QTR, STM32U535NEY6QTR, STM32U535RBI6, STM32U535RBI6Q, STM32U535RBT6, STM32U535RBT6Q, STM32U535RCI6, STM32U535RCI6Q, STM32U535RCT6, STM32U535RCT6Q, STM32U535REI6, STM32U535REI6Q, STM32U535RET6, STM32U535RET6Q, STM32U535VCI6, STM32U535VCI6Q, STM32U535VCT6, STM32U535VCT6Q, STM32U535VEI6, STM32U535VEI6Q, STM32U535VET6, STM32U535VET6Q, STM32U545CET6, STM32U545CET6Q, STM32U545CEU6, STM32U545CEU6Q, STM32U545JEY6QTR, STM32U545NEY6QTR, STM32U545REI6, STM32U545REI6Q, STM32U545RET6, STM32U545RET6Q, STM32U545VEI6, STM32U545VEI6Q, STM32U545VET6, STM32U545VET6Q, STM32U595AIH6, STM32U595AIH6Q, STM32U595AJH6, STM32U595AJH6Q, STM32U595QII6, STM32U595QII6Q, STM32U595QJI6, STM32U595QJI6Q, STM32U595RIT6, STM32U595RIT6Q, STM32U595RJT6, STM32U595RJT6Q, STM32U595VIT6, STM32U595VIT6Q, STM32U595VJT6, STM32U595VJT6Q, STM32U595ZIT6, STM32U595ZIT6Q, STM32U595ZIY6QTR, STM32U595ZJT6, STM32U595ZJT6Q, STM32U595ZJY6QTR, STM32U599BJY6QTR, STM32U599NIH6Q, STM32U599NJH6Q, STM32U599VIT6Q, STM32U599VJT6, STM32U599VJT6Q, STM32U599ZIT6Q, STM32U599ZIY6QTR, STM32U599ZJT6Q, STM32U599ZJY6QTR, STM32U5A5AJH6, STM32U5A5AJH6Q, STM32U5A5QJI6, STM32U5A5QJI6Q, STM32U5A5RJT6, STM32U5A5RJT6Q, STM32U5A5VJT6, STM32U5A5VJT6Q, STM32U5A5ZJT6, STM32U5A5ZJT6Q, STM32U5A5ZJY6QTR, STM32U5A9BJY6QTR, STM32U5A9J-DK, STM32U5A9NJH6Q, STM32U5A9VJT6Q, STM32U5A9ZJT6Q, STM32U5A9ZJY6QTR, STM32U5F7VIT6, STM32U5F7VIT6Q, STM32U5F7VJT6, STM32U5F7VJT6Q, STM32U5F9BJY6QTR, STM32U5F9NJH6Q, STM32U5F9VIT6Q, STM32U5F9VJT6Q, STM32U5F9ZIJ6QTR, STM32U5F9ZIT6Q, STM32U5F9ZJJ6QTR, STM32U5F9ZJT6Q, STM32U5G7VJT6, STM32U5G7VJT6Q, STM32U5G9BJY6QTR, STM32U5G9J-DK1, STM32U5G9J-DK2, STM32U5G9NJH6Q, STM32U5G9VJT6Q, STM32U5G9ZJJ6QTR, STM32U5G9ZJT6Q, STM32WB1MMCH6, STM32WBA52CEU6, STM32WBA52CEU6T, STM32WBA52CGU6, STM32WBA52CGU6T, STM32WBA52KEU6, STM32WBA52KEU6T, STM32WBA52KGU6, STM32WBA52KGU6T, STM32WL5MOCH6, STM32WL5MOCH6TR]
2023-11-14 16:45:02,950 [INFO] DbMcus:217 - Found 3848 MCUs, 3848 are supported
2023-11-14 16:45:02,951 [INFO] ApiDb:423 - Load user favorites file C:\Users\miqix/.stm32cubeide/favorites.mcus.txt: 0 item(s)
2023-11-14 16:45:02,951 [INFO] ApiDb:427 - User favorites MCUs=[]
2023-11-14 16:45:02,951 [INFO] DbMcus:223 - Set 0 / 0 favorites MCUs
2023-11-14 16:45:03,197 [WARN] ThirdParty:833 - waiting for thirdparty lock release [change project]
2023-11-14 16:45:03,197 [INFO] ThirdParty:835 - entering critical section [change project]
2023-11-14 16:45:03,197 [INFO] ThirdParty:1030 - CMSIS Pack Vendor :STMicroelectronics X-CUBE-ISPU 1.1.0
2023-11-14 16:45:03,197 [INFO] ThirdParty:1030 - CMSIS Pack Vendor :STMicroelectronics USBPD 4.1
2023-11-14 16:45:03,197 [INFO] ThirdParty:1030 - CMSIS Pack Vendor :RoweBots I-CUBE-UNISONRTOS 5.5.0-4
2023-11-14 16:45:03,197 [INFO] ThirdParty:1030 - CMSIS Pack Vendor :STMicroelectronics X-CUBE-GNSS1 6.0.0
2023-11-14 16:45:03,197 [INFO] ThirdParty:1030 - CMSIS Pack Vendor :STMicroelectronics USB_HOST 2.0.0
2023-11-14 16:45:03,197 [INFO] ThirdParty:1030 - CMSIS Pack Vendor :STMicroelectronics X-CUBE-AZRTOS-F4 1.1.0
2023-11-14 16:45:03,197 [INFO] ThirdParty:1030 - CMSIS Pack Vendor :STMicroelectronics LIBJPEG 8.0.0
2023-11-14 16:45:03,197 [INFO] ThirdParty:1030 - CMSIS Pack Vendor :STMicroelectronics X-CUBE-SMBUS 2.1.0
2023-11-14 16:45:03,198 [INFO] ThirdParty:1030 - CMSIS Pack Vendor :STMicroelectronics USB_DEVICE 3.0.0
2023-11-14 16:45:03,198 [INFO] ThirdParty:1030 - CMSIS Pack Vendor :STMicroelectronics X-CUBE-AI 8.0.0
2023-11-14 16:45:03,198 [INFO] ThirdParty:1030 - CMSIS Pack Vendor :STMicroelectronics X-CUBE-AZRTOS-WB 2.0.0
2023-11-14 16:45:03,198 [INFO] ThirdParty:1030 - CMSIS Pack Vendor :STMicroelectronics X-CUBE-FREERTOS 1.0.0
2023-11-14 16:45:03,198 [INFO] ThirdParty:1030 - CMSIS Pack Vendor :STMicroelectronics X-CUBE-FREERTOS 1.0.1
2023-11-14 16:45:03,198 [INFO] ThirdParty:1030 - CMSIS Pack Vendor :STMicroelectronics X-CUBE-TOUCHGFX 4.21.1
2023-11-14 16:45:03,198 [INFO] ThirdParty:1030 - CMSIS Pack Vendor :STMicroelectronics X-CUBE-TOUCHGFX 4.21.3
2023-11-14 16:45:03,198 [INFO] ThirdParty:1030 - CMSIS Pack Vendor :STMicroelectronics X-CUBE-AZRTOS-F7 1.1.0
2023-11-14 16:45:03,198 [INFO] ThirdParty:1030 - CMSIS Pack Vendor :STMicroelectronics X-CUBE-TOUCHGFX 4.21.4
2023-11-14 16:45:03,198 [INFO] ThirdParty:1030 - CMSIS Pack Vendor :STMicroelectronics X-CUBE-AZRTOS-L5 2.0.0
2023-11-14 16:45:03,198 [INFO] ThirdParty:1030 - CMSIS Pack Vendor :STMicroelectronics X-CUBE-MEMS1 9.4.0
2023-11-14 16:45:03,198 [INFO] ThirdParty:1030 - CMSIS Pack Vendor :STMicroelectronics USB_DEVICE 2.0.0
2023-11-14 16:45:03,198 [INFO] ThirdParty:1030 - CMSIS Pack Vendor :STMicroelectronics X-CUBE-AI 7.3.0
2023-11-14 16:45:03,198 [INFO] ThirdParty:1030 - CMSIS Pack Vendor :STMicroelectronics X-CUBE-MEMS1 9.6.0
2023-11-14 16:45:03,198 [INFO] ThirdParty:1030 - CMSIS Pack Vendor :STMicroelectronics X-CUBE-EEPRMA1 4.2.0
2023-11-14 16:45:03,198 [INFO] ThirdParty:1030 - CMSIS Pack Vendor :ITTIA_DB I-CUBE-ITTIADB 8.8.0
2023-11-14 16:45:03,198 [INFO] ThirdParty:1030 - CMSIS Pack Vendor :STMicroelectronics FP-SNS-MOTENV1 4.3.0
2023-11-14 16:45:03,198 [INFO] ThirdParty:1030 - CMSIS Pack Vendor :STMicroelectronics FP-SNS-MOTENV1 4.3.2
2023-11-14 16:45:03,198 [INFO] ThirdParty:1030 - CMSIS Pack Vendor :STMicroelectronics FP-SNS-FLIGHT1 5.0.0
2023-11-14 16:45:03,198 [INFO] ThirdParty:1030 - CMSIS Pack Vendor :STMicroelectronics FP-SNS-MOTENV1 4.3.1
2023-11-14 16:45:03,198 [INFO] ThirdParty:1030 - CMSIS Pack Vendor :STMicroelectronics FP-SNS-FLIGHT1 5.0.1
2023-11-14 16:45:03,198 [INFO] ThirdParty:1030 - CMSIS Pack Vendor :STMicroelectronics X-CUBE-ALGOBUILD 1.3.0
2023-11-14 16:45:03,198 [INFO] ThirdParty:1030 - CMSIS Pack Vendor :STMicroelectronics X-CUBE-BLE1 6.2.4
2023-11-14 16:45:03,198 [INFO] ThirdParty:1030 - CMSIS Pack Vendor :STMicroelectronics X-CUBE-AZRTOS-L5 1.1.0
2023-11-14 16:45:03,198 [INFO] ThirdParty:1030 - CMSIS Pack Vendor :STMicroelectronics FreeRTOS 0.0.1
2023-11-14 16:45:03,198 [INFO] ThirdParty:1030 - CMSIS Pack Vendor :STMicroelectronics X-CUBE-AZRTOS-G0 1.1.0
2023-11-14 16:45:03,198 [INFO] ThirdParty:1030 - CMSIS Pack Vendor :emotas I-CUBE-CANOPEN 1.1.3
2023-11-14 16:45:03,198 [INFO] ThirdParty:1030 - CMSIS Pack Vendor :STMicroelectronics X-CUBE-BLEMGR 2.0.0
2023-11-14 16:45:03,198 [INFO] ThirdParty:1030 - CMSIS Pack Vendor :STMicroelectronics X-CUBE-AI 8.0.1
2023-11-14 16:45:03,198 [INFO] ThirdParty:1030 - CMSIS Pack Vendor :STMicroelectronics X-CUBE-NFC4 3.0.0
2023-11-14 16:45:03,198 [INFO] ThirdParty:1030 - CMSIS Pack Vendor :STMicroelectronics X-CUBE-SUBG2 5.0.0
2023-11-14 16:45:03,198 [INFO] ThirdParty:1030 - CMSIS Pack Vendor :STMicroelectronics STM32_WPAN 1.0.0
2023-11-14 16:45:03,198 [INFO] ThirdParty:1030 - CMSIS Pack Vendor :STMicroelectronics lwIP 2.0.3
2023-11-14 16:45:03,199 [INFO] ThirdParty:1030 - CMSIS Pack Vendor :STMicroelectronics FP-SNS-FLIGHT1 5.0.2
2023-11-14 16:45:03,199 [INFO] ThirdParty:1030 - CMSIS Pack Vendor :STMicroelectronics USB_HOST 1.0.0
2023-11-14 16:45:03,199 [INFO] ThirdParty:1030 - CMSIS Pack Vendor :STMicroelectronics X-CUBE-TOF1 3.3.1
2023-11-14 16:45:03,199 [INFO] ThirdParty:1030 - CMSIS Pack Vendor :STMicroelectronics X-CUBE-AZRTOS-G4 2.0.0
2023-11-14 16:45:03,199 [INFO] ThirdParty:1030 - CMSIS Pack Vendor :STMicroelectronics PDM2PCM 3.1.0
2023-11-14 16:45:03,199 [INFO] ThirdParty:1030 - CMSIS Pack Vendor :STMicroelectronics X-CUBE-AZRTOS-H7 3.1.0
2023-11-14 16:45:03,199 [INFO] ThirdParty:1030 - CMSIS Pack Vendor :STMicroelectronics X-CUBE-TOF1 3.3.0
2023-11-14 16:45:03,199 [INFO] ThirdParty:1030 - CMSIS Pack Vendor :STMicroelectronics FP-ATR-ASTRA1 1.1.1
2023-11-14 16:45:03,199 [INFO] ThirdParty:1030 - CMSIS Pack Vendor :Infineon AIROC-Wi-Fi-Bluetooth-STM32 1.5.1
2023-11-14 16:45:03,199 [INFO] ThirdParty:1030 - CMSIS Pack Vendor :STMicroelectronics X-CUBE-BLEMGR 3.0.0
2023-11-14 16:45:03,199 [INFO] ThirdParty:1030 - CMSIS Pack Vendor :STMicroelectronics PDM2PCM 3.3.0
2023-11-14 16:45:03,199 [INFO] ThirdParty:1030 - CMSIS Pack Vendor :STMicroelectronics X-CUBE-DISPLAY 3.0.0
2023-11-14 16:45:03,199 [INFO] ThirdParty:1030 - CMSIS Pack Vendor :STMicroelectronics X-CUBE-BLEMGR 1.3.0
2023-11-14 16:45:03,199 [INFO] ThirdParty:1030 - CMSIS Pack Vendor :STMicroelectronics FP-SNS-MOTENVWB1 1.3.0
2023-11-14 16:45:03,199 [INFO] ThirdParty:1030 - CMSIS Pack Vendor :STMicroelectronics X-CUBE-BLE1 7.0.0
2023-11-14 16:45:03,199 [INFO] ThirdParty:1030 - CMSIS Pack Vendor :STMicroelectronics FP-ATR-SIGFOX1 3.2.0
2023-11-14 16:45:03,199 [INFO] ThirdParty:1030 - CMSIS Pack Vendor :STMicroelectronics X-CUBE-AZRTOS-G4 1.0.0
2023-11-14 16:45:03,199 [INFO] ThirdParty:1030 - CMSIS Pack Vendor :wolfSSL I-CUBE-wolfSSL 5.5.4
2023-11-14 16:45:03,199 [INFO] ThirdParty:1030 - CMSIS Pack Vendor :STMicroelectronics X-CUBE-AZRTOS-L4 1.0.0
2023-11-14 16:45:03,199 [INFO] ThirdParty:1030 - CMSIS Pack Vendor :STMicroelectronics HAL Drivers 0.0.0
2023-11-14 16:45:03,199 [INFO] ThirdParty:1030 - CMSIS Pack Vendor :STMicroelectronics MBEDTLS 2.16.2
2023-11-14 16:45:03,199 [INFO] ThirdParty:1030 - CMSIS Pack Vendor :STMicroelectronics X-CUBE-MEMS1 10.0.0
2023-11-14 16:45:03,199 [INFO] ThirdParty:1030 - CMSIS Pack Vendor :STMicroelectronics X-CUBE-FREERTOS 1.1.0
2023-11-14 16:45:03,199 [INFO] ThirdParty:1030 - CMSIS Pack Vendor :STMicroelectronics X-CUBE-TOUCHGFX 4.22.0
2023-11-14 16:45:03,199 [INFO] ThirdParty:1030 - CMSIS Pack Vendor :STMicroelectronics X-CUBE-NFC7 1.0.1
2023-11-14 16:45:03,199 [INFO] ThirdParty:1030 - CMSIS Pack Vendor :STMicroelectronics MBEDTLS 2.14.1
2023-11-14 16:45:03,199 [INFO] ThirdParty:1030 - CMSIS Pack Vendor :STMicroelectronics X-CUBE-NFC7 1.0.0
2023-11-14 16:45:03,199 [INFO] ThirdParty:1030 - CMSIS Pack Vendor :STMicroelectronics X-CUBE-TOUCHGFX 4.22.1
2023-11-14 16:45:03,199 [INFO] ThirdParty:1030 - CMSIS Pack Vendor :STMicroelectronics X-CUBE-AZRTOS-WL 1.0.0
2023-11-14 16:45:03,199 [INFO] ThirdParty:1030 - CMSIS Pack Vendor :STMicroelectronics X-CUBE-NFC6 3.0.0
2023-11-14 16:45:03,199 [INFO] ThirdParty:1030 - CMSIS Pack Vendor :STMicroelectronics X-CUBE-EEPRMA1 4.1.0
2023-11-14 16:45:03,199 [INFO] ThirdParty:1030 - CMSIS Pack Vendor :portGmbH I-Cube-SoM-uGOAL 1.1.0
2023-11-14 16:45:03,199 [INFO] ThirdParty:1030 - CMSIS Pack Vendor :STMicroelectronics X-CUBE-ALS 1.0.1
2023-11-14 16:45:03,199 [INFO] ThirdParty:1030 - CMSIS Pack Vendor :STMicroelectronics X-CUBE-MEMS1 9.5.0
2023-11-14 16:45:03,199 [INFO] ThirdParty:1030 - CMSIS Pack Vendor :STMicroelectronics ThreadX 1.0.0
2023-11-14 16:45:03,200 [INFO] ThirdParty:1030 - CMSIS Pack Vendor :STMicroelectronics FP-SNS-SMARTAG2 1.2.0
2023-11-14 16:45:03,200 [INFO] ThirdParty:1030 - CMSIS Pack Vendor :STMicroelectronics X-CUBE-AZRTOS-WB 1.1.0
2023-11-14 16:45:03,200 [INFO] ThirdParty:1030 - CMSIS Pack Vendor :STMicroelectronics X-CUBE-AZRTOS-WL 2.0.0
2023-11-14 16:45:03,200 [INFO] ThirdParty:1030 - CMSIS Pack Vendor :SEGGER I-CUBE-embOS 1.3.1
2023-11-14 16:45:03,200 [INFO] ThirdParty:1030 - CMSIS Pack Vendor :STMicroelectronics USB_DEVICE 1.0.0
2023-11-14 16:45:03,200 [INFO] ThirdParty:1030 - CMSIS Pack Vendor :STMicroelectronics X-CUBE-AI 8.1.0
2023-11-14 16:45:03,200 [INFO] ThirdParty:1030 - CMSIS Pack Vendor :STMicroelectronics X-CUBE-AZRTOS-L4 2.0.0
2023-11-14 16:45:03,200 [INFO] ThirdParty:1030 - CMSIS Pack Vendor :STMicroelectronics ThreadX 0.0.2
2023-11-14 16:45:03,200 [INFO] ThirdParty:1030 - CMSIS Pack Vendor :WES I-CUBE-Cesium 1.3.0
2023-11-14 16:45:03,200 [INFO] ThirdParty:1030 - CMSIS Pack Vendor :STMicroelectronics FP-ATR-ASTRA1 2.0.0
2023-11-14 16:45:03,200 [INFO] ThirdParty:1030 - CMSIS Pack Vendor :STMicroelectronics lwIP 2.1.2
2023-11-14 16:45:03,200 [INFO] ThirdParty:1030 - CMSIS Pack Vendor :STMicroelectronics X-CUBE-SFXS2LP1 4.0.0
2023-11-14 16:45:03,200 [INFO] ThirdParty:1030 - CMSIS Pack Vendor :STMicroelectronics X-CUBE-BLE2 3.3.0
2023-11-14 16:45:03,200 [INFO] ThirdParty:1030 - CMSIS Pack Vendor :STMicroelectronics X-CUBE-TOF1 3.2.0
2023-11-14 16:45:03,200 [INFO] ThirdParty:1030 - CMSIS Pack Vendor :STMicroelectronics PDM2PCM 3.2.0
2023-11-14 16:45:03,200 [INFO] ThirdParty:1030 - CMSIS Pack Vendor :STMicroelectronics X-CUBE-AZRTOS-H7 3.0.0
2023-11-14 16:45:03,200 [INFO] ThirdParty:841 - exiting critical section [change project]
2023-11-14 16:45:03,425 [INFO] PinOutPanel:1499 - setPackage(No Configuration,No Configuration)
2023-11-14 16:45:03,426 [INFO] PinOutPanel:1499 - setPackage(STM32F107RCTx,LQFP64)
2023-11-14 16:45:03,781 [INFO] UtilMem:75 - Before build in PCC Used Memory: 508066904 Bytes (660602880)
2023-11-14 16:45:04,415 [INFO] UtilMem:75 - After build in PCC Used Memory: 239802144 Bytes (660602880)
2023-11-14 16:45:04,434 [INFO] IPUIPlugin:80 - create IPUIPlugin
2023-11-14 16:45:04,434 [INFO] IPUIPlugin:80 - create IPUIPlugin
2023-11-14 16:45:04,434 [INFO] IPUIPlugin:80 - create IPUIPlugin
2023-11-14 16:45:04,434 [INFO] IPUIPlugin:80 - create IPUIPlugin
2023-11-14 16:45:04,434 [INFO] IPUIPlugin:80 - create IPUIPlugin
2023-11-14 16:45:04,434 [INFO] IPUIPlugin:80 - create IPUIPlugin
2023-11-14 16:45:04,434 [INFO] IPUIPlugin:80 - create IPUIPlugin
2023-11-14 16:45:04,434 [INFO] IPUIPlugin:80 - create IPUIPlugin
2023-11-14 16:45:04,434 [INFO] IPUIPlugin:80 - create IPUIPlugin
2023-11-14 16:45:04,434 [INFO] IPUIPlugin:80 - create IPUIPlugin
2023-11-14 16:45:04,434 [INFO] IPUIPlugin:80 - create IPUIPlugin
2023-11-14 16:45:04,434 [INFO] IPUIPlugin:80 - create IPUIPlugin
2023-11-14 16:45:04,434 [INFO] IPUIPlugin:80 - create IPUIPlugin
2023-11-14 16:45:04,435 [INFO] IPUIPlugin:80 - create IPUIPlugin
2023-11-14 16:45:04,435 [INFO] IPUIPlugin:80 - create IPUIPlugin
2023-11-14 16:45:04,435 [INFO] IPUIPlugin:80 - create IPUIPlugin
2023-11-14 16:45:04,435 [INFO] IPUIPlugin:80 - create IPUIPlugin
2023-11-14 16:45:04,435 [INFO] IPUIPlugin:80 - create IPUIPlugin
2023-11-14 16:45:04,435 [INFO] IPUIPlugin:80 - create IPUIPlugin
2023-11-14 16:45:04,435 [INFO] IPUIPlugin:80 - create IPUIPlugin
2023-11-14 16:45:04,435 [INFO] IPUIPlugin:80 - create IPUIPlugin
2023-11-14 16:45:04,435 [INFO] IPUIPlugin:80 - create IPUIPlugin
2023-11-14 16:45:04,435 [INFO] IPUIPlugin:80 - create IPUIPlugin
2023-11-14 16:45:04,435 [INFO] IPUIPlugin:80 - create IPUIPlugin
2023-11-14 16:45:04,436 [INFO] IPUIPlugin:80 - create IPUIPlugin
2023-11-14 16:45:04,436 [INFO] IPUIPlugin:80 - create IPUIPlugin
2023-11-14 16:45:04,436 [INFO] IPUIPlugin:80 - create IPUIPlugin
2023-11-14 16:45:04,436 [INFO] IPUIPlugin:80 - create IPUIPlugin
2023-11-14 16:45:04,436 [INFO] IPUIPlugin:80 - create IPUIPlugin
2023-11-14 16:45:04,436 [INFO] IPUIPlugin:80 - create IPUIPlugin
2023-11-14 16:45:04,436 [INFO] IPUIPlugin:80 - create IPUIPlugin
2023-11-14 16:45:04,437 [INFO] IPUIPlugin:80 - create IPUIPlugin
2023-11-14 16:45:04,437 [INFO] IPUIPlugin:80 - create IPUIPlugin
2023-11-14 16:45:04,437 [INFO] IPUIPlugin:80 - create IPUIPlugin
2023-11-14 16:45:04,437 [INFO] IPUIPlugin:80 - create IPUIPlugin
2023-11-14 16:45:04,437 [INFO] IPUIPlugin:80 - create IPUIPlugin
2023-11-14 16:45:04,437 [INFO] IPUIPlugin:80 - create IPUIPlugin
2023-11-14 16:45:04,437 [INFO] IPUIPlugin:80 - create IPUIPlugin
2023-11-14 16:45:04,439 [INFO] IPUIPlugin:80 - create IPUIPlugin
2023-11-14 16:45:04,448 [WARN] IP:2114 - I2C_Coeff_DF not found: check if there is a RefParameter without a condition.
2023-11-14 16:45:04,448 [WARN] IP:2114 - Analog_Filter not found: check if there is a RefParameter without a condition.
2023-11-14 16:45:04,653 [INFO] CADModel:165 - CPN selected for project levelSTM32F107RCT6
2023-11-14 16:45:04,654 [INFO] CADModel:114 - Register for checkConnection events
2023-11-14 16:45:04,709 [INFO] OpenFileManager:328 - Restore cursor
2023-11-14 16:45:04,838 [WARN] IP:2114 - I2C_Coeff_DF not found: check if there is a RefParameter without a condition.
2023-11-14 16:45:04,838 [WARN] IP:2114 - Analog_Filter not found: check if there is a RefParameter without a condition.
2023-11-14 16:45:04,838 [WARN] IP:2114 - I2C_Coeff_DF not found: check if there is a RefParameter without a condition.
2023-11-14 16:45:04,838 [WARN] IP:2114 - Analog_Filter not found: check if there is a RefParameter without a condition.
2023-11-14 16:49:28,913 [INFO] MainUpdater:2868 - connection check result : 10
2023-11-14 16:49:28,913 [INFO] MainUpdater:2868 - connection check result : 10
2023-11-14 16:49:28,923 [INFO] MicroXplorer:468 - Change Database Path : 
2023-11-14 16:49:28,923 [INFO] MicroXplorer:498 - Change Database Version : DB.6.0.92
2023-11-14 16:49:28,939 [WARN] ThirdParty:871 - waiting for thirdparty lock release [close project]
2023-11-14 16:49:28,939 [INFO] ThirdParty:873 - entering critical section [close project]
2023-11-14 16:49:28,939 [INFO] ThirdParty:883 - exiting critical section [close project]
2023-11-14 16:49:28,940 [INFO] PinOutPanel:1499 - setPackage(No Configuration,No Configuration)
2023-11-14 16:49:28,944 [INFO] UtilMem:75 - Begin LoadConfig() Used Memory: 429666552 Bytes (786432000)
2023-11-14 16:49:28,944 [INFO] MicroXplorer:468 - Change Database Path : 
2023-11-14 16:49:28,944 [INFO] MicroXplorer:498 - Change Database Version : DB.6.0.92
2023-11-14 16:49:28,944 [INFO] OpenFileManager:308 - Change cursor
2023-11-14 16:49:28,966 [INFO] Mcu:1946 - Initializing MCU STM32F411R(C-E)Tx STM32F411RCTx STM32F411RCT6
2023-11-14 16:49:29,692 [INFO] Context:659 - Trying to add GPIOservice into a context  which must be forbidden
2023-11-14 16:49:29,981 [INFO] RtosManager:555 - Registered RTOS mode: class=CMSIS, group=RTOS, mode=CMSIS_V1, owner=FREERTOS
2023-11-14 16:49:29,981 [INFO] RtosManager:555 - Registered RTOS mode: class=CMSIS, group=RTOS2, mode=CMSIS_V2, owner=FREERTOS
2023-11-14 16:49:29,981 [INFO] RtosManager:555 - Registered RTOS mode: class=RTOS, group=Core, mode=CMSIS_V1, owner=FREERTOS
2023-11-14 16:49:29,981 [INFO] RtosManager:555 - Registered RTOS mode: class=RTOS, group=Core, mode=CMSIS_V2, owner=FREERTOS
2023-11-14 16:49:29,981 [WARN] ModelIntegratedComponent:184 - Missing modes for component STMicroelectronics:FreeRTOS:0.0.1:STMicroelectronics:RTOS:FreeRTOS:Core:::10.2.0:
2023-11-14 16:49:29,984 [WARN] ModelIntegratedComponent:182 - Modes not found for component STMicroelectronics:USB_HOST:1.0.0:STMicroelectronics:USB::USB Host:Audio HS::1.0:USB_HOST_1_0_RESTRICTED_HS
2023-11-14 16:49:29,984 [WARN] ModelIntegratedComponent:188 - Modes not found for component STMicroelectronics:USB_HOST:1.0.0:STMicroelectronics:USB::USB Host:Audio HS::1.0:USB_HOST_1_0_RESTRICTED_HS
2023-11-14 16:49:29,984 [WARN] ModelIntegratedComponent:182 - Modes not found for component STMicroelectronics:USB_HOST:1.0.0:STMicroelectronics:USB::USB Host:CDC HS::1.0:USB_HOST_1_0_RESTRICTED_HS
2023-11-14 16:49:29,984 [WARN] ModelIntegratedComponent:188 - Modes not found for component STMicroelectronics:USB_HOST:1.0.0:STMicroelectronics:USB::USB Host:CDC HS::1.0:USB_HOST_1_0_RESTRICTED_HS
2023-11-14 16:49:29,984 [WARN] ModelIntegratedComponent:182 - Modes not found for component STMicroelectronics:USB_HOST:1.0.0:STMicroelectronics:USB::USB Host:MSC HS::1.0:USB_HOST_1_0_RESTRICTED_HS
2023-11-14 16:49:29,984 [WARN] ModelIntegratedComponent:188 - Modes not found for component STMicroelectronics:USB_HOST:1.0.0:STMicroelectronics:USB::USB Host:MSC HS::1.0:USB_HOST_1_0_RESTRICTED_HS
2023-11-14 16:49:29,984 [WARN] ModelIntegratedComponent:182 - Modes not found for component STMicroelectronics:USB_HOST:1.0.0:STMicroelectronics:USB::USB Host:HID HS::1.0:USB_HOST_1_0_RESTRICTED_HS
2023-11-14 16:49:29,984 [WARN] ModelIntegratedComponent:188 - Modes not found for component STMicroelectronics:USB_HOST:1.0.0:STMicroelectronics:USB::USB Host:HID HS::1.0:USB_HOST_1_0_RESTRICTED_HS
2023-11-14 16:49:29,984 [WARN] ModelIntegratedComponent:182 - Modes not found for component STMicroelectronics:USB_HOST:1.0.0:STMicroelectronics:USB::USB Host:MTP HS::1.0:USB_HOST_1_0_RESTRICTED_HS
2023-11-14 16:49:29,984 [WARN] ModelIntegratedComponent:188 - Modes not found for component STMicroelectronics:USB_HOST:1.0.0:STMicroelectronics:USB::USB Host:MTP HS::1.0:USB_HOST_1_0_RESTRICTED_HS
2023-11-14 16:49:29,990 [WARN] ModelIntegratedComponent:63 - No mode defined for component null
2023-11-14 16:49:29,990 [WARN] ModelIntegratedComponent:63 - No mode defined for component null
2023-11-14 16:49:29,990 [WARN] ModelIntegratedComponent:63 - No mode defined for component null
2023-11-14 16:49:29,990 [WARN] ModelIntegratedComponent:63 - No mode defined for component null
2023-11-14 16:49:29,990 [WARN] ModelIntegratedComponent:63 - No mode defined for component null
2023-11-14 16:49:29,990 [WARN] ModelIntegratedComponent:63 - No mode defined for component null
2023-11-14 16:49:29,990 [WARN] ModelIntegratedComponent:63 - No mode defined for component null
2023-11-14 16:49:29,990 [WARN] ModelIntegratedComponent:63 - No mode defined for component null
2023-11-14 16:49:29,990 [WARN] ModelIntegratedComponent:63 - No mode defined for component null
2023-11-14 16:49:29,990 [WARN] ModelIntegratedComponent:63 - No mode defined for component null
2023-11-14 16:49:29,990 [WARN] ModelIntegratedComponent:63 - No mode defined for component null
2023-11-14 16:49:29,990 [WARN] ModelIntegratedComponent:63 - No mode defined for component null
2023-11-14 16:49:29,990 [WARN] ModelIntegratedComponent:63 - No mode defined for component null
2023-11-14 16:49:29,990 [WARN] ModelIntegratedComponent:63 - No mode defined for component null
2023-11-14 16:49:29,991 [WARN] ModelIntegratedComponent:63 - No mode defined for component null
2023-11-14 16:49:29,991 [WARN] ModelIntegratedComponent:63 - No mode defined for component null
2023-11-14 16:49:29,991 [WARN] ModelIntegratedComponent:63 - No mode defined for component null
2023-11-14 16:49:29,991 [WARN] ModelIntegratedComponent:63 - No mode defined for component null
2023-11-14 16:49:29,991 [WARN] ModelIntegratedComponent:63 - No mode defined for component null
2023-11-14 16:49:29,991 [WARN] ModelIntegratedComponent:63 - No mode defined for component null
2023-11-14 16:49:29,991 [WARN] ModelIntegratedComponent:63 - No mode defined for component null
2023-11-14 16:49:29,991 [WARN] ModelIntegratedComponent:63 - No mode defined for component null
2023-11-14 16:49:29,991 [WARN] ModelIntegratedComponent:63 - No mode defined for component null
2023-11-14 16:49:29,991 [WARN] ModelIntegratedComponent:63 - No mode defined for component null
2023-11-14 16:49:29,991 [WARN] ModelIntegratedComponent:63 - No mode defined for component null
2023-11-14 16:49:29,991 [WARN] ModelIntegratedComponent:63 - No mode defined for component null
2023-11-14 16:49:29,991 [WARN] ModelIntegratedComponent:63 - No mode defined for component null
2023-11-14 16:49:29,991 [WARN] ModelIntegratedComponent:63 - No mode defined for component null
2023-11-14 16:49:29,991 [WARN] ModelIntegratedComponent:63 - No mode defined for component null
2023-11-14 16:49:29,991 [WARN] ModelIntegratedComponent:63 - No mode defined for component null
2023-11-14 16:49:29,991 [WARN] ModelIntegratedComponent:63 - No mode defined for component null
2023-11-14 16:49:29,991 [WARN] ModelIntegratedComponent:63 - No mode defined for component null
2023-11-14 16:49:29,991 [WARN] ModelIntegratedComponent:63 - No mode defined for component null
2023-11-14 16:49:30,077 [WARN] ModelIntegratedComponent:182 - Modes not found for component STMicroelectronics:USB_DEVICE:1.0.0:STMicroelectronics:USB::USB Device:Audio HS::1.0:USB_DEVICE_1_0_RESTRICTED_HS
2023-11-14 16:49:30,077 [WARN] ModelIntegratedComponent:188 - Modes not found for component STMicroelectronics:USB_DEVICE:1.0.0:STMicroelectronics:USB::USB Device:Audio HS::1.0:USB_DEVICE_1_0_RESTRICTED_HS
2023-11-14 16:49:30,077 [WARN] ModelIntegratedComponent:182 - Modes not found for component STMicroelectronics:USB_DEVICE:1.0.0:STMicroelectronics:USB::USB Device:CDC HS::1.0:USB_DEVICE_1_0_RESTRICTED_HS
2023-11-14 16:49:30,077 [WARN] ModelIntegratedComponent:188 - Modes not found for component STMicroelectronics:USB_DEVICE:1.0.0:STMicroelectronics:USB::USB Device:CDC HS::1.0:USB_DEVICE_1_0_RESTRICTED_HS
2023-11-14 16:49:30,077 [WARN] ModelIntegratedComponent:182 - Modes not found for component STMicroelectronics:USB_DEVICE:1.0.0:STMicroelectronics:USB::USB Device:DFU HS::1.0:USB_DEVICE_1_0_RESTRICTED_HS
2023-11-14 16:49:30,077 [WARN] ModelIntegratedComponent:188 - Modes not found for component STMicroelectronics:USB_DEVICE:1.0.0:STMicroelectronics:USB::USB Device:DFU HS::1.0:USB_DEVICE_1_0_RESTRICTED_HS
2023-11-14 16:49:30,077 [WARN] ModelIntegratedComponent:182 - Modes not found for component STMicroelectronics:USB_DEVICE:1.0.0:STMicroelectronics:USB::USB Device:HID HS::1.0:USB_DEVICE_1_0_RESTRICTED_HS
2023-11-14 16:49:30,077 [WARN] ModelIntegratedComponent:188 - Modes not found for component STMicroelectronics:USB_DEVICE:1.0.0:STMicroelectronics:USB::USB Device:HID HS::1.0:USB_DEVICE_1_0_RESTRICTED_HS
2023-11-14 16:49:30,077 [WARN] ModelIntegratedComponent:182 - Modes not found for component STMicroelectronics:USB_DEVICE:1.0.0:STMicroelectronics:USB::USB Device:Custom HID HS::1.0:USB_DEVICE_1_0_RESTRICTED_HS
2023-11-14 16:49:30,077 [WARN] ModelIntegratedComponent:188 - Modes not found for component STMicroelectronics:USB_DEVICE:1.0.0:STMicroelectronics:USB::USB Device:Custom HID HS::1.0:USB_DEVICE_1_0_RESTRICTED_HS
2023-11-14 16:49:30,077 [WARN] ModelIntegratedComponent:182 - Modes not found for component STMicroelectronics:USB_DEVICE:1.0.0:STMicroelectronics:USB::USB Device:MSC HS::1.0:USB_DEVICE_1_0_RESTRICTED_HS
2023-11-14 16:49:30,077 [WARN] ModelIntegratedComponent:188 - Modes not found for component STMicroelectronics:USB_DEVICE:1.0.0:STMicroelectronics:USB::USB Device:MSC HS::1.0:USB_DEVICE_1_0_RESTRICTED_HS
2023-11-14 16:49:30,095 [INFO] ThirdPartyModel:298 - Start build external matchings
2023-11-14 16:49:31,104 [INFO] ThirdPartyModel:316 - End build external matchings
2023-11-14 16:49:31,123 [INFO] ImportTextPane:194 - (OptionalMessage_ERROR) IP (DMA) : Parameter (Instance) has Id (ADC1) currently not set
2023-11-14 16:49:31,123 [INFO] ImportTextPane:194 - (OptionalMessage_ERROR) IP (DMA) : Parameter (Channel) has Id (ADC1) currently not set
2023-11-14 16:49:31,123 [INFO] ImportTextPane:194 - (OptionalMessage_ERROR) IP (DMA) : Parameter (Direction) has Id (ADC1) currently not set
2023-11-14 16:49:31,123 [INFO] ImportTextPane:194 - (OptionalMessage_ERROR) IP (DMA) : Parameter (PeriphInc) has Id (ADC1) currently not set
2023-11-14 16:49:31,123 [INFO] ImportTextPane:194 - (OptionalMessage_ERROR) IP (DMA) : Parameter (MemInc) has Id (ADC1) currently not set
2023-11-14 16:49:31,123 [INFO] ImportTextPane:194 - (OptionalMessage_ERROR) IP (DMA) : Parameter (PeriphDataAlignment) has Id (ADC1) currently not set
2023-11-14 16:49:31,123 [INFO] ImportTextPane:194 - (OptionalMessage_ERROR) IP (DMA) : Parameter (MemDataAlignment) has Id (ADC1) currently not set
2023-11-14 16:49:31,123 [INFO] ImportTextPane:194 - (OptionalMessage_ERROR) IP (DMA) : Parameter (Mode) has Id (ADC1) currently not set
2023-11-14 16:49:31,123 [INFO] ImportTextPane:194 - (OptionalMessage_ERROR) IP (DMA) : Parameter (Priority) has Id (ADC1) currently not set
2023-11-14 16:49:31,123 [INFO] ImportTextPane:194 - (OptionalMessage_ERROR) IP (DMA) : Parameter (FIFOMode) has Id (ADC1) currently not set
2023-11-14 16:49:31,124 [WARN] IP:2114 - I2C_Coeff_DF not found: check if there is a RefParameter without a condition.
2023-11-14 16:49:31,124 [WARN] IP:2114 - Analog_Filter not found: check if there is a RefParameter without a condition.
2023-11-14 16:49:31,125 [WARN] IP:2114 - I2C_Coeff_DF not found: check if there is a RefParameter without a condition.
2023-11-14 16:49:31,125 [WARN] IP:2114 - Analog_Filter not found: check if there is a RefParameter without a condition.
2023-11-14 16:49:31,125 [INFO] ImportTextPane:194 - (OptionalMessage_ERROR) IP (RCC) : Parameter (48MHZClocksFreq_Value) has invalid value (50000000)
2023-11-14 16:49:31,125 [INFO] ImportTextPane:194 - (OptionalMessage_ERROR) IP (RCC) : Parameter (RTCHSEDivFreq_Value) has invalid value (8000000)
2023-11-14 16:49:31,299 [INFO] UtilMem:75 - End LoadConfig() Used Memory: 515759192 Bytes (786432000)
2023-11-14 16:49:31,397 [WARN] ThirdParty:833 - waiting for thirdparty lock release [change project]
2023-11-14 16:49:31,397 [INFO] ThirdParty:835 - entering critical section [change project]
2023-11-14 16:49:31,397 [INFO] ThirdParty:1030 - CMSIS Pack Vendor :STMicroelectronics X-CUBE-ISPU 1.1.0
2023-11-14 16:49:31,397 [INFO] ThirdParty:1030 - CMSIS Pack Vendor :STMicroelectronics USBPD 4.1
2023-11-14 16:49:31,397 [INFO] ThirdParty:1030 - CMSIS Pack Vendor :RoweBots I-CUBE-UNISONRTOS 5.5.0-4
2023-11-14 16:49:31,397 [INFO] ThirdParty:1030 - CMSIS Pack Vendor :STMicroelectronics X-CUBE-GNSS1 6.0.0
2023-11-14 16:49:31,397 [INFO] ThirdParty:1030 - CMSIS Pack Vendor :STMicroelectronics USB_HOST 2.0.0
2023-11-14 16:49:31,397 [INFO] ThirdParty:1030 - CMSIS Pack Vendor :STMicroelectronics X-CUBE-AZRTOS-F4 1.1.0
2023-11-14 16:49:31,397 [INFO] ThirdParty:1030 - CMSIS Pack Vendor :STMicroelectronics LIBJPEG 8.0.0
2023-11-14 16:49:31,397 [INFO] ThirdParty:1030 - CMSIS Pack Vendor :STMicroelectronics X-CUBE-SMBUS 2.1.0
2023-11-14 16:49:31,397 [INFO] ThirdParty:1030 - CMSIS Pack Vendor :STMicroelectronics USB_DEVICE 3.0.0
2023-11-14 16:49:31,397 [INFO] ThirdParty:1030 - CMSIS Pack Vendor :STMicroelectronics X-CUBE-AI 8.0.0
2023-11-14 16:49:31,397 [INFO] ThirdParty:1030 - CMSIS Pack Vendor :STMicroelectronics X-CUBE-AZRTOS-WB 2.0.0
2023-11-14 16:49:31,397 [INFO] ThirdParty:1030 - CMSIS Pack Vendor :STMicroelectronics X-CUBE-FREERTOS 1.0.0
2023-11-14 16:49:31,397 [INFO] ThirdParty:1030 - CMSIS Pack Vendor :STMicroelectronics X-CUBE-FREERTOS 1.0.1
2023-11-14 16:49:31,397 [INFO] ThirdParty:1030 - CMSIS Pack Vendor :STMicroelectronics X-CUBE-TOUCHGFX 4.21.1
2023-11-14 16:49:31,398 [INFO] ThirdParty:1030 - CMSIS Pack Vendor :STMicroelectronics X-CUBE-TOUCHGFX 4.21.3
2023-11-14 16:49:31,398 [INFO] ThirdParty:1030 - CMSIS Pack Vendor :STMicroelectronics X-CUBE-AZRTOS-F7 1.1.0
2023-11-14 16:49:31,398 [INFO] ThirdParty:1030 - CMSIS Pack Vendor :STMicroelectronics X-CUBE-TOUCHGFX 4.21.4
2023-11-14 16:49:31,398 [INFO] ThirdParty:1030 - CMSIS Pack Vendor :STMicroelectronics X-CUBE-AZRTOS-L5 2.0.0
2023-11-14 16:49:31,398 [INFO] ThirdParty:1030 - CMSIS Pack Vendor :STMicroelectronics X-CUBE-MEMS1 9.4.0
2023-11-14 16:49:31,398 [INFO] ThirdParty:1030 - CMSIS Pack Vendor :STMicroelectronics USB_DEVICE 2.0.0
2023-11-14 16:49:31,398 [INFO] ThirdParty:1030 - CMSIS Pack Vendor :STMicroelectronics X-CUBE-AI 7.3.0
2023-11-14 16:49:31,398 [INFO] ThirdParty:1030 - CMSIS Pack Vendor :STMicroelectronics X-CUBE-MEMS1 9.6.0
2023-11-14 16:49:31,398 [INFO] ThirdParty:1030 - CMSIS Pack Vendor :STMicroelectronics X-CUBE-EEPRMA1 4.2.0
2023-11-14 16:49:31,398 [INFO] ThirdParty:1030 - CMSIS Pack Vendor :ITTIA_DB I-CUBE-ITTIADB 8.8.0
2023-11-14 16:49:31,398 [INFO] ThirdParty:1030 - CMSIS Pack Vendor :STMicroelectronics FP-SNS-MOTENV1 4.3.0
2023-11-14 16:49:31,398 [INFO] ThirdParty:1030 - CMSIS Pack Vendor :STMicroelectronics FP-SNS-MOTENV1 4.3.2
2023-11-14 16:49:31,398 [INFO] ThirdParty:1030 - CMSIS Pack Vendor :STMicroelectronics FP-SNS-FLIGHT1 5.0.0
2023-11-14 16:49:31,398 [INFO] ThirdParty:1030 - CMSIS Pack Vendor :STMicroelectronics FP-SNS-MOTENV1 4.3.1
2023-11-14 16:49:31,398 [INFO] ThirdParty:1030 - CMSIS Pack Vendor :STMicroelectronics FP-SNS-FLIGHT1 5.0.1
2023-11-14 16:49:31,398 [INFO] ThirdParty:1030 - CMSIS Pack Vendor :STMicroelectronics X-CUBE-ALGOBUILD 1.3.0
2023-11-14 16:49:31,398 [INFO] ThirdParty:1030 - CMSIS Pack Vendor :STMicroelectronics X-CUBE-BLE1 6.2.4
2023-11-14 16:49:31,398 [INFO] ThirdParty:1030 - CMSIS Pack Vendor :STMicroelectronics X-CUBE-AZRTOS-L5 1.1.0
2023-11-14 16:49:31,398 [INFO] ThirdParty:1030 - CMSIS Pack Vendor :STMicroelectronics FreeRTOS 0.0.1
2023-11-14 16:49:31,398 [INFO] ThirdParty:1030 - CMSIS Pack Vendor :STMicroelectronics X-CUBE-AZRTOS-G0 1.1.0
2023-11-14 16:49:31,398 [INFO] ThirdParty:1030 - CMSIS Pack Vendor :emotas I-CUBE-CANOPEN 1.1.3
2023-11-14 16:49:31,398 [INFO] ThirdParty:1030 - CMSIS Pack Vendor :STMicroelectronics X-CUBE-BLEMGR 2.0.0
2023-11-14 16:49:31,398 [INFO] ThirdParty:1030 - CMSIS Pack Vendor :STMicroelectronics X-CUBE-AI 8.0.1
2023-11-14 16:49:31,398 [INFO] ThirdParty:1030 - CMSIS Pack Vendor :STMicroelectronics X-CUBE-NFC4 3.0.0
2023-11-14 16:49:31,398 [INFO] ThirdParty:1030 - CMSIS Pack Vendor :STMicroelectronics X-CUBE-SUBG2 5.0.0
2023-11-14 16:49:31,398 [INFO] ThirdParty:1030 - CMSIS Pack Vendor :STMicroelectronics STM32_WPAN 1.0.0
2023-11-14 16:49:31,398 [INFO] ThirdParty:1030 - CMSIS Pack Vendor :STMicroelectronics lwIP 2.0.3
2023-11-14 16:49:31,398 [INFO] ThirdParty:1030 - CMSIS Pack Vendor :STMicroelectronics FP-SNS-FLIGHT1 5.0.2
2023-11-14 16:49:31,398 [INFO] ThirdParty:1030 - CMSIS Pack Vendor :STMicroelectronics USB_HOST 1.0.0
2023-11-14 16:49:31,398 [INFO] ThirdParty:1030 - CMSIS Pack Vendor :STMicroelectronics X-CUBE-TOF1 3.3.1
2023-11-14 16:49:31,398 [INFO] ThirdParty:1030 - CMSIS Pack Vendor :STMicroelectronics X-CUBE-AZRTOS-G4 2.0.0
2023-11-14 16:49:31,398 [INFO] ThirdParty:1030 - CMSIS Pack Vendor :STMicroelectronics PDM2PCM 3.1.0
2023-11-14 16:49:31,398 [INFO] ThirdParty:1030 - CMSIS Pack Vendor :STMicroelectronics X-CUBE-AZRTOS-H7 3.1.0
2023-11-14 16:49:31,398 [INFO] ThirdParty:1030 - CMSIS Pack Vendor :STMicroelectronics X-CUBE-TOF1 3.3.0
2023-11-14 16:49:31,398 [INFO] ThirdParty:1030 - CMSIS Pack Vendor :STMicroelectronics FP-ATR-ASTRA1 1.1.1
2023-11-14 16:49:31,398 [INFO] ThirdParty:1030 - CMSIS Pack Vendor :Infineon AIROC-Wi-Fi-Bluetooth-STM32 1.5.1
2023-11-14 16:49:31,399 [INFO] ThirdParty:1030 - CMSIS Pack Vendor :STMicroelectronics X-CUBE-BLEMGR 3.0.0
2023-11-14 16:49:31,399 [INFO] ThirdParty:1030 - CMSIS Pack Vendor :STMicroelectronics PDM2PCM 3.3.0
2023-11-14 16:49:31,399 [INFO] ThirdParty:1030 - CMSIS Pack Vendor :STMicroelectronics X-CUBE-DISPLAY 3.0.0
2023-11-14 16:49:31,399 [INFO] ThirdParty:1030 - CMSIS Pack Vendor :STMicroelectronics X-CUBE-BLEMGR 1.3.0
2023-11-14 16:49:31,399 [INFO] ThirdParty:1030 - CMSIS Pack Vendor :STMicroelectronics FP-SNS-MOTENVWB1 1.3.0
2023-11-14 16:49:31,399 [INFO] ThirdParty:1030 - CMSIS Pack Vendor :STMicroelectronics X-CUBE-BLE1 7.0.0
2023-11-14 16:49:31,399 [INFO] ThirdParty:1030 - CMSIS Pack Vendor :STMicroelectronics FP-ATR-SIGFOX1 3.2.0
2023-11-14 16:49:31,399 [INFO] ThirdParty:1030 - CMSIS Pack Vendor :STMicroelectronics X-CUBE-AZRTOS-G4 1.0.0
2023-11-14 16:49:31,399 [INFO] ThirdParty:1030 - CMSIS Pack Vendor :wolfSSL I-CUBE-wolfSSL 5.5.4
2023-11-14 16:49:31,399 [INFO] ThirdParty:1030 - CMSIS Pack Vendor :STMicroelectronics X-CUBE-AZRTOS-L4 1.0.0
2023-11-14 16:49:31,399 [INFO] ThirdParty:1030 - CMSIS Pack Vendor :STMicroelectronics HAL Drivers 0.0.0
2023-11-14 16:49:31,399 [INFO] ThirdParty:1030 - CMSIS Pack Vendor :STMicroelectronics MBEDTLS 2.16.2
2023-11-14 16:49:31,399 [INFO] ThirdParty:1030 - CMSIS Pack Vendor :STMicroelectronics X-CUBE-MEMS1 10.0.0
2023-11-14 16:49:31,399 [INFO] ThirdParty:1030 - CMSIS Pack Vendor :STMicroelectronics X-CUBE-FREERTOS 1.1.0
2023-11-14 16:49:31,399 [INFO] ThirdParty:1030 - CMSIS Pack Vendor :STMicroelectronics X-CUBE-TOUCHGFX 4.22.0
2023-11-14 16:49:31,399 [INFO] ThirdParty:1030 - CMSIS Pack Vendor :STMicroelectronics X-CUBE-NFC7 1.0.1
2023-11-14 16:49:31,399 [INFO] ThirdParty:1030 - CMSIS Pack Vendor :STMicroelectronics MBEDTLS 2.14.1
2023-11-14 16:49:31,399 [INFO] ThirdParty:1030 - CMSIS Pack Vendor :STMicroelectronics X-CUBE-NFC7 1.0.0
2023-11-14 16:49:31,399 [INFO] ThirdParty:1030 - CMSIS Pack Vendor :STMicroelectronics X-CUBE-TOUCHGFX 4.22.1
2023-11-14 16:49:31,399 [INFO] ThirdParty:1030 - CMSIS Pack Vendor :STMicroelectronics X-CUBE-AZRTOS-WL 1.0.0
2023-11-14 16:49:31,399 [INFO] ThirdParty:1030 - CMSIS Pack Vendor :STMicroelectronics X-CUBE-NFC6 3.0.0
2023-11-14 16:49:31,399 [INFO] ThirdParty:1030 - CMSIS Pack Vendor :STMicroelectronics X-CUBE-EEPRMA1 4.1.0
2023-11-14 16:49:31,399 [INFO] ThirdParty:1030 - CMSIS Pack Vendor :portGmbH I-Cube-SoM-uGOAL 1.1.0
2023-11-14 16:49:31,399 [INFO] ThirdParty:1030 - CMSIS Pack Vendor :STMicroelectronics X-CUBE-ALS 1.0.1
2023-11-14 16:49:31,399 [INFO] ThirdParty:1030 - CMSIS Pack Vendor :STMicroelectronics X-CUBE-MEMS1 9.5.0
2023-11-14 16:49:31,399 [INFO] ThirdParty:1030 - CMSIS Pack Vendor :STMicroelectronics ThreadX 1.0.0
2023-11-14 16:49:31,399 [INFO] ThirdParty:1030 - CMSIS Pack Vendor :STMicroelectronics FP-SNS-SMARTAG2 1.2.0
2023-11-14 16:49:31,399 [INFO] ThirdParty:1030 - CMSIS Pack Vendor :STMicroelectronics X-CUBE-AZRTOS-WB 1.1.0
2023-11-14 16:49:31,399 [INFO] ThirdParty:1030 - CMSIS Pack Vendor :STMicroelectronics X-CUBE-AZRTOS-WL 2.0.0
2023-11-14 16:49:31,399 [INFO] ThirdParty:1030 - CMSIS Pack Vendor :SEGGER I-CUBE-embOS 1.3.1
2023-11-14 16:49:31,399 [INFO] ThirdParty:1030 - CMSIS Pack Vendor :STMicroelectronics USB_DEVICE 1.0.0
2023-11-14 16:49:31,399 [INFO] ThirdParty:1030 - CMSIS Pack Vendor :STMicroelectronics X-CUBE-AI 8.1.0
2023-11-14 16:49:31,399 [INFO] ThirdParty:1030 - CMSIS Pack Vendor :STMicroelectronics X-CUBE-AZRTOS-L4 2.0.0
2023-11-14 16:49:31,399 [INFO] ThirdParty:1030 - CMSIS Pack Vendor :STMicroelectronics ThreadX 0.0.2
2023-11-14 16:49:31,399 [INFO] ThirdParty:1030 - CMSIS Pack Vendor :WES I-CUBE-Cesium 1.3.0
2023-11-14 16:49:31,399 [INFO] ThirdParty:1030 - CMSIS Pack Vendor :STMicroelectronics FP-ATR-ASTRA1 2.0.0
2023-11-14 16:49:31,399 [INFO] ThirdParty:1030 - CMSIS Pack Vendor :STMicroelectronics lwIP 2.1.2
2023-11-14 16:49:31,399 [INFO] ThirdParty:1030 - CMSIS Pack Vendor :STMicroelectronics X-CUBE-SFXS2LP1 4.0.0
2023-11-14 16:49:31,399 [INFO] ThirdParty:1030 - CMSIS Pack Vendor :STMicroelectronics X-CUBE-BLE2 3.3.0
2023-11-14 16:49:31,399 [INFO] ThirdParty:1030 - CMSIS Pack Vendor :STMicroelectronics X-CUBE-TOF1 3.2.0
2023-11-14 16:49:31,399 [INFO] ThirdParty:1030 - CMSIS Pack Vendor :STMicroelectronics PDM2PCM 3.2.0
2023-11-14 16:49:31,399 [INFO] ThirdParty:1030 - CMSIS Pack Vendor :STMicroelectronics X-CUBE-AZRTOS-H7 3.0.0
2023-11-14 16:49:31,400 [INFO] ThirdParty:841 - exiting critical section [change project]
2023-11-14 16:49:31,496 [INFO] PinOutPanel:1499 - setPackage(No Configuration,No Configuration)
2023-11-14 16:49:31,497 [INFO] PinOutPanel:1499 - setPackage(STM32F411RCTx,LQFP64)
2023-11-14 16:49:31,679 [INFO] UtilMem:75 - Before build in PCC Used Memory: 674086816 Bytes (786432000)
2023-11-14 16:49:31,859 [INFO] UtilMem:75 - After build in PCC Used Memory: 267341336 Bytes (786432000)
2023-11-14 16:49:31,884 [INFO] IPUIPlugin:80 - create IPUIPlugin
2023-11-14 16:49:31,884 [INFO] IPUIPlugin:80 - create IPUIPlugin
2023-11-14 16:49:31,884 [INFO] IPUIPlugin:80 - create IPUIPlugin
2023-11-14 16:49:31,884 [INFO] IPUIPlugin:80 - create IPUIPlugin
2023-11-14 16:49:31,884 [INFO] IPUIPlugin:80 - create IPUIPlugin
2023-11-14 16:49:31,884 [INFO] IPUIPlugin:80 - create IPUIPlugin
2023-11-14 16:49:31,884 [INFO] IPUIPlugin:80 - create IPUIPlugin
2023-11-14 16:49:31,884 [INFO] IPUIPlugin:80 - create IPUIPlugin
2023-11-14 16:49:31,884 [INFO] IPUIPlugin:80 - create IPUIPlugin
2023-11-14 16:49:31,884 [INFO] IPUIPlugin:80 - create IPUIPlugin
2023-11-14 16:49:31,884 [INFO] IPUIPlugin:80 - create IPUIPlugin
2023-11-14 16:49:31,885 [INFO] IPUIPlugin:80 - create IPUIPlugin
2023-11-14 16:49:31,885 [INFO] IPUIPlugin:80 - create IPUIPlugin
2023-11-14 16:49:31,885 [INFO] IPUIPlugin:80 - create IPUIPlugin
2023-11-14 16:49:31,885 [INFO] IPUIPlugin:80 - create IPUIPlugin
2023-11-14 16:49:31,885 [INFO] IPUIPlugin:80 - create IPUIPlugin
2023-11-14 16:49:31,885 [INFO] IPUIPlugin:80 - create IPUIPlugin
2023-11-14 16:49:31,885 [INFO] IPUIPlugin:80 - create IPUIPlugin
2023-11-14 16:49:31,885 [INFO] IPUIPlugin:80 - create IPUIPlugin
2023-11-14 16:49:31,886 [INFO] IPUIPlugin:80 - create IPUIPlugin
2023-11-14 16:49:31,886 [INFO] IPUIPlugin:80 - create IPUIPlugin
2023-11-14 16:49:31,886 [INFO] IPUIPlugin:80 - create IPUIPlugin
2023-11-14 16:49:31,886 [INFO] IPUIPlugin:80 - create IPUIPlugin
2023-11-14 16:49:31,886 [INFO] IPUIPlugin:80 - create IPUIPlugin
2023-11-14 16:49:31,886 [INFO] IPUIPlugin:80 - create IPUIPlugin
2023-11-14 16:49:31,886 [INFO] IPUIPlugin:80 - create IPUIPlugin
2023-11-14 16:49:31,886 [INFO] IPUIPlugin:80 - create IPUIPlugin
2023-11-14 16:49:31,886 [INFO] IPUIPlugin:80 - create IPUIPlugin
2023-11-14 16:49:31,887 [INFO] IPUIPlugin:80 - create IPUIPlugin
2023-11-14 16:49:31,887 [INFO] IPUIPlugin:80 - create IPUIPlugin
2023-11-14 16:49:31,887 [INFO] IPUIPlugin:80 - create IPUIPlugin
2023-11-14 16:49:31,887 [INFO] IPUIPlugin:80 - create IPUIPlugin
2023-11-14 16:49:31,887 [INFO] IPUIPlugin:80 - create IPUIPlugin
2023-11-14 16:49:31,887 [INFO] IPUIPlugin:80 - create IPUIPlugin
2023-11-14 16:49:31,887 [INFO] IPUIPlugin:80 - create IPUIPlugin
2023-11-14 16:49:31,887 [INFO] IPUIPlugin:80 - create IPUIPlugin
2023-11-14 16:49:31,888 [INFO] IPUIPlugin:80 - create IPUIPlugin
2023-11-14 16:49:31,888 [INFO] IPUIPlugin:80 - create IPUIPlugin
2023-11-14 16:49:31,888 [INFO] IPUIPlugin:80 - create IPUIPlugin
2023-11-14 16:49:31,888 [INFO] IPUIPlugin:80 - create IPUIPlugin
2023-11-14 16:49:31,888 [INFO] IPUIPlugin:80 - create IPUIPlugin
2023-11-14 16:49:31,888 [INFO] IPUIPlugin:80 - create IPUIPlugin
2023-11-14 16:49:31,889 [INFO] IPUIPlugin:80 - create IPUIPlugin
2023-11-14 16:49:31,939 [INFO] ApiDbMcu:507 - Load IP Config File for PDM2PCM
2023-11-14 16:49:31,941 [WARN] IP:2114 - I2C_Coeff_DF not found: check if there is a RefParameter without a condition.
2023-11-14 16:49:31,942 [WARN] IP:2114 - Analog_Filter not found: check if there is a RefParameter without a condition.
2023-11-14 16:49:31,942 [WARN] IP:2114 - I2C_Coeff_DF not found: check if there is a RefParameter without a condition.
2023-11-14 16:49:31,942 [WARN] IP:2114 - Analog_Filter not found: check if there is a RefParameter without a condition.
2023-11-14 16:49:31,979 [INFO] CADModel:165 - CPN selected for project levelSTM32F411RCT6
2023-11-14 16:49:31,979 [INFO] CADModel:114 - Register for checkConnection events
2023-11-14 16:49:32,033 [INFO] OpenFileManager:328 - Restore cursor
2023-11-14 16:49:32,181 [WARN] IP:2114 - I2C_Coeff_DF not found: check if there is a RefParameter without a condition.
2023-11-14 16:49:32,181 [WARN] IP:2114 - Analog_Filter not found: check if there is a RefParameter without a condition.
2023-11-14 16:49:32,182 [WARN] IP:2114 - I2C_Coeff_DF not found: check if there is a RefParameter without a condition.
2023-11-14 16:49:32,182 [WARN] IP:2114 - Analog_Filter not found: check if there is a RefParameter without a condition.
2023-11-14 16:49:32,183 [WARN] IP:2114 - I2C_Coeff_DF not found: check if there is a RefParameter without a condition.
2023-11-14 16:49:32,185 [WARN] IP:2114 - Analog_Filter not found: check if there is a RefParameter without a condition.
2023-11-14 16:49:32,185 [WARN] IP:2114 - I2C_Coeff_DF not found: check if there is a RefParameter without a condition.
2023-11-14 16:49:32,185 [WARN] IP:2114 - Analog_Filter not found: check if there is a RefParameter without a condition.
2023-11-14 18:50:37,416 [ERROR] LogOutputStream:75 - [STDERR_REDIRECT] 
