2024-02-14 17:20:11,312 [INFO] Activator:176 - 


2024-02-14 17:20:11,317 [INFO] Activator:177 - !SESSION log4j initialized
2024-02-14 17:20:21,019 [INFO] LogOutputStream:77 - [STDOUT_REDIRECT] 
2024-02-14 17:20:21,932 [INFO] ApplicationProperties:184 - Using Application install path: D:\Program Files (x86)\STM32CubeIDE_1.11.2\STM32CubeIDE\plugins\com.st.stm32cube.common.mx_6.10.0.202311202037
2024-02-14 17:20:21,948 [INFO] DbMcusXml:78 - Set database path to: D:\Program Files (x86)\STM32CubeIDE_1.11.2\STM32CubeIDE\plugins\com.st.stm32cube.common.mx_6.10.0.202311202037\\db\/mcu/
2024-02-14 17:20:21,948 [INFO] ApiDb:274 - Set plugin database path to: D:\Program Files (x86)\STM32CubeIDE_1.11.2\STM32CubeIDE\plugins\com.st.stm32cube.common.mx_6.10.0.202311202037\\db\/plugins/boardmanager/
2024-02-14 17:20:21,948 [WARN] ApiDb:259 - Overriding images path with different value:  => D:\Program Files (x86)\STM32CubeIDE_1.11.2\STM32CubeIDE\plugins\com.st.stm32cube.common.mx_6.10.0.202311202037\\db\/plugins/mcufinder/images/
2024-02-14 17:20:21,956 [INFO] ApiDb:250 - Set database path to: C:\Users\miqix\.stmcufinder\plugins\mcufinder//mcu/
2024-02-14 17:20:21,957 [INFO] DbMcusAds:125 - Set database path to: C:\Users\miqix\.stmcufinder\plugins\mcufinder//mcu/
2024-02-14 17:20:21,958 [INFO] CrossReferenceDbSqlite:203 - Set database path to: C:\Users\miqix\.stmcufinder\plugins\mcufinder//mcu/cs/
2024-02-14 17:20:22,057 [INFO] RulesReader:64 - Compatibility file has been processed (297 Rules)
2024-02-14 17:20:22,145 [INFO] DbMcusXml:78 - Set database path to: D:\Program Files (x86)\STM32CubeIDE_1.11.2\STM32CubeIDE\plugins\com.st.stm32cube.common.mx_6.10.0.202311202037\\db\/mcu/
2024-02-14 17:20:22,145 [INFO] ApiDb:274 - Set plugin database path to: D:\Program Files (x86)\STM32CubeIDE_1.11.2\STM32CubeIDE\plugins\com.st.stm32cube.common.mx_6.10.0.202311202037\\db\/plugins/boardmanager/
2024-02-14 17:20:22,145 [INFO] ApiDb:261 - Set plugin images path to: D:\Program Files (x86)\STM32CubeIDE_1.11.2\STM32CubeIDE\plugins\com.st.stm32cube.common.mx_6.10.0.202311202037\\db\/plugins/mcufinder/images/
2024-02-14 17:20:22,145 [WARN] DbFile:41 - Overriding database path with different value: C:\Users\miqix\.stmcufinder\plugins\mcufinder/ => C:\Users\miqix\.stmcufinder\plugins\mcufinder
2024-02-14 17:20:22,145 [INFO] ApiDb:250 - Set database path to: C:\Users\miqix\.stmcufinder\plugins\mcufinder//mcu/
2024-02-14 17:20:22,145 [WARN] DbFile:41 - Overriding database path with different value: C:\Users\miqix\.stmcufinder\plugins\mcufinder/ => C:\Users\miqix\.stmcufinder\plugins\mcufinder
2024-02-14 17:20:22,146 [INFO] DbMcusAds:125 - Set database path to: C:\Users\miqix\.stmcufinder\plugins\mcufinder//mcu/
2024-02-14 17:20:22,146 [WARN] DbFile:41 - Overriding database path with different value: C:\Users\miqix\.stmcufinder\plugins\mcufinder/ => C:\Users\miqix\.stmcufinder\plugins\mcufinder
2024-02-14 17:20:22,146 [WARN] DbFile:41 - Overriding database path with different value: C:\Users\miqix\.stmcufinder\plugins\mcufinder/ => C:\Users\miqix\.stmcufinder\plugins\mcufinder
2024-02-14 17:20:22,146 [INFO] CrossReferenceDbSqlite:203 - Set database path to: C:\Users\miqix\.stmcufinder\plugins\mcufinder//mcu/cs/
2024-02-14 17:20:22,220 [INFO] MainPanel:264 - HeapMemory: 268435456
2024-02-14 17:20:22,298 [INFO] DbMcusXml:78 - Set database path to: D:\Program Files (x86)\STM32CubeIDE_1.11.2\STM32CubeIDE\plugins\com.st.stm32cube.common.mx_6.10.0.202311202037\\db\/mcu/
2024-02-14 17:20:22,298 [INFO] ApiDb:274 - Set plugin database path to: D:\Program Files (x86)\STM32CubeIDE_1.11.2\STM32CubeIDE\plugins\com.st.stm32cube.common.mx_6.10.0.202311202037\\db\/plugins/boardmanager/
2024-02-14 17:20:22,298 [INFO] ApiDb:261 - Set plugin images path to: D:\Program Files (x86)\STM32CubeIDE_1.11.2\STM32CubeIDE\plugins\com.st.stm32cube.common.mx_6.10.0.202311202037\\db\/plugins/mcufinder/images/
2024-02-14 17:20:22,299 [WARN] DbFile:41 - Overriding database path with different value: C:\Users\miqix\.stmcufinder\plugins\mcufinder/ => C:\Users\miqix\.stmcufinder\plugins\mcufinder
2024-02-14 17:20:22,299 [INFO] ApiDb:250 - Set database path to: C:\Users\miqix\.stmcufinder\plugins\mcufinder//mcu/
2024-02-14 17:20:22,299 [WARN] DbFile:41 - Overriding database path with different value: C:\Users\miqix\.stmcufinder\plugins\mcufinder/ => C:\Users\miqix\.stmcufinder\plugins\mcufinder
2024-02-14 17:20:22,299 [INFO] DbMcusAds:125 - Set database path to: C:\Users\miqix\.stmcufinder\plugins\mcufinder//mcu/
2024-02-14 17:20:22,299 [WARN] DbFile:41 - Overriding database path with different value: C:\Users\miqix\.stmcufinder\plugins\mcufinder/ => C:\Users\miqix\.stmcufinder\plugins\mcufinder
2024-02-14 17:20:22,299 [WARN] DbFile:41 - Overriding database path with different value: C:\Users\miqix\.stmcufinder\plugins\mcufinder/ => C:\Users\miqix\.stmcufinder\plugins\mcufinder
2024-02-14 17:20:22,299 [INFO] CrossReferenceDbSqlite:203 - Set database path to: C:\Users\miqix\.stmcufinder\plugins\mcufinder//mcu/cs/
2024-02-14 17:20:22,314 [INFO] ApplicationProperties:184 - Using Application install path: D:\Program Files (x86)\STM32CubeIDE_1.11.2\STM32CubeIDE\plugins\com.st.stm32cube.common.mx_6.10.0.202311202037
2024-02-14 17:20:22,316 [INFO] PluginManage:196 - Search for loadable plugins [exclusion list=, ]
2024-02-14 17:20:22,317 [INFO] PluginManage:310 - Check plugin analytics
2024-02-14 17:20:22,453 [INFO] AnalyticsPlugin:253 - Accepted Software Licenses: 
2024-02-14 17:20:22,454 [INFO] AnalyticsPlugin:255 - Accepted CMSIS Pack Licenses: 
2024-02-14 17:20:22,454 [INFO] AnalyticsPlugin:257 - Accepted Firmware Licenses: 
2024-02-14 17:20:22,456 [INFO] PluginManage:359 - Loaded plugin analytics (category:tool,tabindex:-1)
2024-02-14 17:20:22,457 [INFO] PluginManage:310 - Check plugin cadmodel
2024-02-14 17:20:22,470 [INFO] CADModel:105 - Init CAD model plugin
2024-02-14 17:20:22,471 [INFO] PluginManage:359 - Loaded plugin cadmodel (category:power,tabindex:5)
2024-02-14 17:20:22,471 [INFO] PluginManage:310 - Check plugin clock
2024-02-14 17:20:22,488 [INFO] PluginManage:359 - Loaded plugin clock (category:base,tabindex:2)
2024-02-14 17:20:22,488 [INFO] PluginManage:310 - Check plugin ddr
2024-02-14 17:20:22,490 [INFO] PluginManage:359 - Loaded plugin ddr (category:tool,tabindex:6)
2024-02-14 17:20:22,490 [INFO] PluginManage:310 - Check plugin filemanager
2024-02-14 17:20:22,614 [INFO] PluginManage:359 - Loaded plugin filemanager (category:base,tabindex:10)
2024-02-14 17:20:22,614 [INFO] PluginManage:310 - Check plugin ipmanager
2024-02-14 17:20:22,621 [INFO] PluginManage:359 - Loaded plugin ipmanager (category:base,tabindex:5)
2024-02-14 17:20:22,621 [INFO] PluginManage:310 - Check plugin lpbam
2024-02-14 17:20:22,636 [INFO] PluginManage:359 - Loaded plugin lpbam (category:base,tabindex:0)
2024-02-14 17:20:22,636 [INFO] PluginManage:310 - Check plugin memorymap
2024-02-14 17:20:22,656 [INFO] PluginManage:359 - Loaded plugin memorymap (category:base,tabindex:4)
2024-02-14 17:20:22,656 [INFO] PluginManage:310 - Check plugin pinoutandconfiguration
2024-02-14 17:20:22,669 [INFO] PluginManage:359 - Loaded plugin pinoutandconfiguration (category:base,tabindex:1)
2024-02-14 17:20:22,669 [INFO] PluginManage:310 - Check plugin pinoutconfig
2024-02-14 17:20:22,751 [WARN] SupportedApi:132 - Cannot load RTOS API schema: s4s-elt-must-match.1: The content of 'definitions' must match (annotation?, (simpleType | complexType)?, (unique | key | keyref)*)). A problem was found starting at: attribute.
2024-02-14 17:20:22,865 [INFO] PluginManage:359 - Loaded plugin pinoutconfig (category:base,tabindex:0)
2024-02-14 17:20:22,866 [INFO] PluginManage:310 - Check plugin power
2024-02-14 17:20:22,881 [INFO] PluginManage:359 - Loaded plugin power (category:power,tabindex:4)
2024-02-14 17:20:22,882 [INFO] PluginManage:310 - Check plugin projectmanager
2024-02-14 17:20:22,894 [INFO] PluginManage:359 - Loaded plugin projectmanager (category:projectmanager,tabindex:3)
2024-02-14 17:20:22,894 [INFO] PluginManage:310 - Check plugin thirdparty
2024-02-14 17:20:23,102 [INFO] PluginManage:359 - Loaded plugin thirdparty (category:base,tabindex:-1)
2024-02-14 17:20:23,102 [INFO] PluginManage:310 - Check plugin tools
2024-02-14 17:20:23,102 [WARN] IntegrityCheckThread:84 - waiting for thirdparty lock release [integrity check]
2024-02-14 17:20:23,102 [INFO] IntegrityCheckThread:86 - entering critical section [integrity check]
2024-02-14 17:20:23,103 [INFO] ThirdPartyUpdaterWithRetryManager:70 - Updater plugin not ready yet. [1/15]
2024-02-14 17:20:23,129 [INFO] PluginManage:359 - Loaded plugin tools (category:base,tabindex:7)
2024-02-14 17:20:23,129 [INFO] PluginManage:310 - Check plugin tutovideos
2024-02-14 17:20:23,305 [INFO] PluginManage:359 - Loaded plugin tutovideos (category:base,tabindex:-1)
2024-02-14 17:20:23,305 [INFO] PluginManage:310 - Check plugin updater
2024-02-14 17:20:23,314 [INFO] PluginManage:359 - Loaded plugin updater (category:base,tabindex:12)
2024-02-14 17:20:23,315 [INFO] PluginManage:310 - Check plugin userauth
2024-02-14 17:20:23,319 [INFO] UserAuth:114 - Init User Auth plugin
2024-02-14 17:20:23,319 [INFO] PluginManage:359 - Loaded plugin userauth (category:base,tabindex:14)
2024-02-14 17:20:23,319 [INFO] PluginManage:283 - PluginManage : Loaded plugins [17]
2024-02-14 17:20:23,481 [INFO] PinOutPanel:1499 - setPackage(No Configuration,No Configuration)
2024-02-14 17:20:23,544 [INFO] CADModel:165 - CPN selected for project level
2024-02-14 17:20:23,544 [INFO] CADModel:114 - Register for checkConnection events
2024-02-14 17:20:23,567 [INFO] IPUIPlugin:80 - create IPUIPlugin
2024-02-14 17:20:23,567 [INFO] PluginManager:220 - loadIPPluginJar : add adc
2024-02-14 17:20:23,599 [INFO] IPUIPlugin:80 - create IPUIPlugin
2024-02-14 17:20:23,599 [INFO] PluginManager:220 - loadIPPluginJar : add aes
2024-02-14 17:20:23,635 [INFO] IPUIPlugin:80 - create IPUIPlugin
2024-02-14 17:20:23,636 [INFO] PluginManager:220 - loadIPPluginJar : add can
2024-02-14 17:20:23,655 [INFO] IPUIPlugin:80 - create IPUIPlugin
2024-02-14 17:20:23,655 [INFO] PluginManager:220 - loadIPPluginJar : add comp
2024-02-14 17:20:23,681 [INFO] IPUIPlugin:80 - create IPUIPlugin
2024-02-14 17:20:23,681 [INFO] PluginManager:220 - loadIPPluginJar : add cryp
2024-02-14 17:20:23,705 [INFO] IPUIPlugin:80 - create IPUIPlugin
2024-02-14 17:20:23,705 [INFO] PluginManager:220 - loadIPPluginJar : add dfsdm
2024-02-14 17:20:23,717 [INFO] IPUIPlugin:80 - create IPUIPlugin
2024-02-14 17:20:23,718 [INFO] PluginManager:220 - loadIPPluginJar : add dma
2024-02-14 17:20:23,749 [INFO] IPUIPlugin:80 - create IPUIPlugin
2024-02-14 17:20:23,749 [INFO] PluginManager:220 - loadIPPluginJar : add dma3
2024-02-14 17:20:23,764 [INFO] IPUIPlugin:80 - create IPUIPlugin
2024-02-14 17:20:23,764 [INFO] PluginManager:220 - loadIPPluginJar : add fatfs
2024-02-14 17:20:23,799 [INFO] IPUIPlugin:80 - create IPUIPlugin
2024-02-14 17:20:23,800 [INFO] PluginManager:220 - loadIPPluginJar : add fmc
2024-02-14 17:20:23,812 [INFO] IPUIPlugin:80 - create IPUIPlugin
2024-02-14 17:20:23,813 [INFO] PluginManager:220 - loadIPPluginJar : add freertos
2024-02-14 17:20:23,829 [INFO] IPUIPlugin:80 - create IPUIPlugin
2024-02-14 17:20:23,829 [INFO] PluginManager:220 - loadIPPluginJar : add genericplugin
2024-02-14 17:20:23,918 [INFO] IPUIPlugin:80 - create IPUIPlugin
2024-02-14 17:20:23,918 [INFO] PluginManager:220 - loadIPPluginJar : add gfxmmu
2024-02-14 17:20:24,037 [INFO] IPUIPlugin:80 - create IPUIPlugin
2024-02-14 17:20:24,037 [INFO] PluginManager:220 - loadIPPluginJar : add gic
2024-02-14 17:20:24,050 [INFO] IPUIPlugin:80 - create IPUIPlugin
2024-02-14 17:20:24,050 [INFO] PluginManager:220 - loadIPPluginJar : add gpio
2024-02-14 17:20:24,124 [INFO] IPUIPlugin:80 - create IPUIPlugin
2024-02-14 17:20:24,125 [INFO] PluginManager:220 - loadIPPluginJar : add gtzc
2024-02-14 17:20:24,150 [INFO] IPUIPlugin:80 - create IPUIPlugin
2024-02-14 17:20:24,150 [INFO] PluginManager:220 - loadIPPluginJar : add hash
2024-02-14 17:20:24,189 [INFO] IPUIPlugin:80 - create IPUIPlugin
2024-02-14 17:20:24,190 [INFO] PluginManager:220 - loadIPPluginJar : add i2c
2024-02-14 17:20:24,219 [INFO] IPUIPlugin:80 - create IPUIPlugin
2024-02-14 17:20:24,219 [INFO] PluginManager:220 - loadIPPluginJar : add i2s
2024-02-14 17:20:24,249 [INFO] IPUIPlugin:80 - create IPUIPlugin
2024-02-14 17:20:24,249 [INFO] PluginManager:220 - loadIPPluginJar : add i3c
2024-02-14 17:20:24,344 [INFO] IPUIPlugin:80 - create IPUIPlugin
2024-02-14 17:20:24,344 [INFO] PluginManager:220 - loadIPPluginJar : add ipddr
2024-02-14 17:20:24,428 [INFO] IPUIPlugin:80 - create IPUIPlugin
2024-02-14 17:20:24,429 [INFO] PluginManager:220 - loadIPPluginJar : add linkedlist
2024-02-14 17:20:24,455 [INFO] IPUIPlugin:80 - create IPUIPlugin
2024-02-14 17:20:24,456 [INFO] PluginManager:220 - loadIPPluginJar : add lorawan
2024-02-14 17:20:24,484 [INFO] IPUIPlugin:80 - create IPUIPlugin
2024-02-14 17:20:24,485 [INFO] PluginManager:220 - loadIPPluginJar : add ltdc
2024-02-14 17:20:24,496 [INFO] IPUIPlugin:80 - create IPUIPlugin
2024-02-14 17:20:24,497 [INFO] PluginManager:220 - loadIPPluginJar : add mdma
2024-02-14 17:20:24,509 [INFO] IPUIPlugin:80 - create IPUIPlugin
2024-02-14 17:20:24,509 [INFO] PluginManager:220 - loadIPPluginJar : add nvic
2024-02-14 17:20:24,538 [INFO] IPUIPlugin:80 - create IPUIPlugin
2024-02-14 17:20:24,538 [INFO] PluginManager:220 - loadIPPluginJar : add opamp
2024-02-14 17:20:24,586 [INFO] IPUIPlugin:80 - create IPUIPlugin
2024-02-14 17:20:24,586 [INFO] PluginManager:220 - loadIPPluginJar : add openamp
2024-02-14 17:20:24,620 [INFO] IPUIPlugin:80 - create IPUIPlugin
2024-02-14 17:20:24,620 [INFO] PluginManager:220 - loadIPPluginJar : add pdm2pcm
2024-02-14 17:20:24,633 [INFO] IPUIPlugin:80 - create IPUIPlugin
2024-02-14 17:20:24,634 [INFO] PluginManager:220 - loadIPPluginJar : add plateformsettings
2024-02-14 17:20:24,652 [INFO] IPUIPlugin:80 - create IPUIPlugin
2024-02-14 17:20:24,652 [INFO] PluginManager:220 - loadIPPluginJar : add quadspi
2024-02-14 17:20:24,663 [INFO] IPUIPlugin:80 - create IPUIPlugin
2024-02-14 17:20:24,663 [INFO] PluginManager:220 - loadIPPluginJar : add resmgrutility
2024-02-14 17:20:24,700 [INFO] IPUIPlugin:80 - create IPUIPlugin
2024-02-14 17:20:24,700 [INFO] PluginManager:220 - loadIPPluginJar : add sai
2024-02-14 17:20:24,728 [INFO] IPUIPlugin:80 - create IPUIPlugin
2024-02-14 17:20:24,728 [INFO] PluginManager:220 - loadIPPluginJar : add spi
2024-02-14 17:20:24,781 [INFO] IPUIPlugin:80 - create IPUIPlugin
2024-02-14 17:20:24,781 [INFO] PluginManager:220 - loadIPPluginJar : add stm32_wpan
2024-02-14 17:20:24,800 [INFO] IPUIPlugin:80 - create IPUIPlugin
2024-02-14 17:20:24,800 [INFO] PluginManager:220 - loadIPPluginJar : add tim
2024-02-14 17:20:24,841 [INFO] IPUIPlugin:80 - create IPUIPlugin
2024-02-14 17:20:24,841 [INFO] PluginManager:220 - loadIPPluginJar : add touchsensing
2024-02-14 17:20:24,859 [INFO] IPUIPlugin:80 - create IPUIPlugin
2024-02-14 17:20:24,859 [INFO] PluginManager:220 - loadIPPluginJar : add tracer_emb
2024-02-14 17:20:24,876 [INFO] IPUIPlugin:80 - create IPUIPlugin
2024-02-14 17:20:24,876 [INFO] PluginManager:220 - loadIPPluginJar : add ts
2024-02-14 17:20:24,893 [INFO] IPUIPlugin:80 - create IPUIPlugin
2024-02-14 17:20:24,893 [INFO] PluginManager:220 - loadIPPluginJar : add tsc
2024-02-14 17:20:24,912 [INFO] IPUIPlugin:80 - create IPUIPlugin
2024-02-14 17:20:24,912 [INFO] PluginManager:220 - loadIPPluginJar : add ucpd
2024-02-14 17:20:24,945 [INFO] IPUIPlugin:80 - create IPUIPlugin
2024-02-14 17:20:24,945 [INFO] PluginManager:220 - loadIPPluginJar : add usart
2024-02-14 17:20:24,983 [INFO] IPUIPlugin:80 - create IPUIPlugin
2024-02-14 17:20:24,983 [INFO] PluginManager:220 - loadIPPluginJar : add usbx
2024-02-14 17:20:25,188 [INFO] CADModel:165 - CPN selected for project level
2024-02-14 17:20:25,188 [INFO] CADModel:114 - Register for checkConnection events
2024-02-14 17:20:25,188 [FATAL] Updater:308 - Updater called before beeing initialized
2024-02-14 17:20:25,188 [ERROR] CADModel:125 - Updater not yet initialized, retry later 
2024-02-14 17:20:25,293 [INFO] CADModel:165 - CPN selected for project level
2024-02-14 17:20:25,293 [INFO] CADModel:114 - Register for checkConnection events
2024-02-14 17:20:25,293 [FATAL] Updater:308 - Updater called before beeing initialized
2024-02-14 17:20:25,293 [ERROR] CADModel:125 - Updater not yet initialized, retry later 
2024-02-14 17:20:25,295 [FATAL] Updater:308 - Updater called before beeing initialized
2024-02-14 17:20:25,392 [FATAL] Updater:308 - Updater called before beeing initialized
2024-02-14 17:20:25,399 [INFO] DbMcusAds:53 - JSON generation date=Thu Sep 30 08:55:09 CEST 2021 (1632984909247)
2024-02-14 17:20:25,400 [FATAL] Updater:308 - Updater called before beeing initialized
2024-02-14 17:20:25,464 [WARN] DetailPanel:346 - Failed to get advertising image, set to default
2024-02-14 17:20:25,540 [FATAL] Updater:308 - Updater called before beeing initialized
2024-02-14 17:20:25,542 [FATAL] Updater:308 - Updater called before beeing initialized
2024-02-14 17:20:25,542 [FATAL] Updater:308 - Updater called before beeing initialized
2024-02-14 17:20:25,542 [WARN] DetailPanel:346 - Failed to get advertising image, set to default
2024-02-14 17:20:25,543 [FATAL] Updater:308 - Updater called before beeing initialized
2024-02-14 17:20:25,589 [ERROR] Updater:1120 - MainUpdater not yet initialized. External WinMGr cannot be set.
2024-02-14 17:20:25,597 [INFO] Updater:1056 - Updater Version found : 6.10.0
2024-02-14 17:20:25,611 [INFO] ApplicationProperties:184 - Using Application install path: D:\Program Files (x86)\STM32CubeIDE_1.11.2\STM32CubeIDE\plugins\com.st.stm32cube.common.mx_6.10.0.202311202037
2024-02-14 17:20:26,104 [INFO] ThirdPartyUpdaterWithRetryManager:70 - Updater plugin not ready yet. [2/15]
2024-02-14 17:20:27,187 [ERROR] LogOutputStream:75 - [STDERR_REDIRECT] Feb 14, 2024 5:20:27 PM java.util.prefs.WindowsPreferences <init>
2024-02-14 17:20:27,188 [ERROR] LogOutputStream:75 - [STDERR_REDIRECT] WARNING: Could not open/create prefs root node Software\JavaSoft\Prefs at root 0xffffffff80000002. Windows RegCreateKeyEx(...) returned error code 5.
2024-02-14 17:20:27,188 [ERROR] LogOutputStream:75 - [STDERR_REDIRECT] 
2024-02-14 17:20:27,551 [INFO] MainUpdater:2873 - connection check result : 10
2024-02-14 17:20:27,553 [INFO] MainUpdater:290 - Updater Check For Update Now.
2024-02-14 17:20:27,553 [INFO] MicroXplorer:498 - Change Database Version : DB.6.0.100
2024-02-14 17:20:27,566 [INFO] McuFinderGlobals:63 - Set McuFinder mode to 2 (CubeIDE integrated)
2024-02-14 17:20:27,566 [INFO] UserAuth:180 - activating auth plugin
2024-02-14 17:20:27,569 [INFO] UserAuth:404 - Internet connection configuration mode: 1
2024-02-14 17:20:27,591 [INFO] JxBrowserEngine:152 - Initiate JxBrowser Engine with user profile folder
2024-02-14 17:20:27,729 [INFO] CheckServerUpdateThread:120 - End of CheckServer Thread
2024-02-14 17:20:29,285 [WARN] PackLoader:240 - Cannot read IP mode file for STMicroelectronics.X-CUBE-SMBUS.2.1.0
2024-02-14 17:20:29,300 [WARN] PackLoader:240 - Cannot read IP mode file for STMicroelectronics.X-CUBE-TOUCHGFX.4.23.0
2024-02-14 17:20:29,337 [WARN] PackLoader:240 - Cannot read IP mode file for STMicroelectronics.X-CUBE-AZRTOS-F7.1.1.0
2024-02-14 17:20:29,355 [ERROR] RealEvaluatedCondition:428 - Found unsupported composite condition: GROUP='STM32_MetaDataManager' CLASS='Data Exchange'
2024-02-14 17:20:29,355 [ERROR] RealEvaluatedCondition:428 - Found unsupported composite condition: GROUP='STM32_MetaDataManager' CLASS='Data Exchange'
2024-02-14 17:20:29,357 [WARN] PackLoader:240 - Cannot read IP mode file for STMicroelectronics.FP-SNS-MOTENV1.4.3.0
2024-02-14 17:20:29,372 [WARN] PackLoader:240 - Cannot read IP mode file for STMicroelectronics.FP-SNS-MOTENV1.4.3.2
2024-02-14 17:20:29,387 [WARN] PackLoader:240 - Cannot read IP mode file for STMicroelectronics.FP-SNS-FLIGHT1.5.0.0
2024-02-14 17:20:29,399 [ERROR] RealEvaluatedCondition:428 - Found unsupported composite condition: GROUP='STM32_MetaDataManager' CLASS='Data Exchange'
2024-02-14 17:20:29,399 [ERROR] RealEvaluatedCondition:428 - Found unsupported composite condition: CLASS='Data Exchange' GROUP='STM32_MetaDataManager'
2024-02-14 17:20:29,401 [WARN] PackLoader:240 - Cannot read IP mode file for STMicroelectronics.FP-SNS-MOTENV1.4.3.1
2024-02-14 17:20:29,413 [WARN] PackLoader:240 - Cannot read IP mode file for STMicroelectronics.FP-SNS-FLIGHT1.5.0.1
2024-02-14 17:20:29,431 [WARN] PackLoader:240 - Cannot read IP mode file for STMicroelectronics.X-CUBE-BLE1.6.2.4
2024-02-14 17:20:29,441 [WARN] PackLoader:240 - Cannot read IP mode file for STMicroelectronics.FP-SNS-FLIGHT1.5.0.2
2024-02-14 17:20:29,457 [WARN] PackLoader:240 - Cannot read IP mode file for STMicroelectronics.X-CUBE-DISPLAY.3.0.0
2024-02-14 17:20:29,470 [WARN] PackLoader:240 - Cannot read IP mode file for STMicroelectronics.X-CUBE-BLE1.7.0.0
2024-02-14 17:20:29,481 [WARN] PackLoader:240 - Cannot read IP mode file for STMicroelectronics.X-CUBE-TOUCHGFX.4.22.0
2024-02-14 17:20:29,490 [WARN] PackLoader:240 - Cannot read IP mode file for STMicroelectronics.X-CUBE-TOUCHGFX.4.22.1
2024-02-14 17:20:29,500 [WARN] PackLoader:240 - Cannot read IP mode file for STMicroelectronics.FP-SNS-SMARTAG2.1.2.0
2024-02-14 17:20:29,516 [INFO] LogOutputStream:77 - [STDOUT_REDIRECT] 1 : Invalid condition id : UX_CORESTACK_Condition cause : null
2024-02-14 17:20:29,516 [INFO] LogOutputStream:77 - [STDOUT_REDIRECT] 1 : Invalid condition id : UX_CORESTACK_Condition cause : null
2024-02-14 17:20:29,518 [INFO] LogOutputStream:77 - [STDOUT_REDIRECT] 1 : Invalid condition id : UX_CORESTACK_Condition cause : null
2024-02-14 17:20:29,518 [INFO] LogOutputStream:77 - [STDOUT_REDIRECT] 1 : Invalid condition id : UX_CORESTACK_Condition cause : null
2024-02-14 17:20:29,519 [INFO] LogOutputStream:77 - [STDOUT_REDIRECT] 1 : Invalid condition id : UX_CORESTACK_Condition cause : null
2024-02-14 17:20:29,522 [WARN] PackLoader:240 - Cannot read IP mode file for STMicroelectronics.X-CUBE-AZRTOS-WL.2.0.0
2024-02-14 17:20:29,537 [WARN] PackLoader:240 - Cannot read IP mode file for WES.I-CUBE-Cesium.1.3.0
2024-02-14 17:20:29,549 [WARN] PackLoader:240 - Cannot read IP mode file for STMicroelectronics.X-CUBE-BLE2.3.3.0
2024-02-14 17:20:29,567 [WARN] PackLoader:240 - Cannot read IP mode file for STMicroelectronics.X-CUBE-TOF1.3.2.0
2024-02-14 17:20:29,586 [WARN] PackLoader:240 - Cannot read IP mode file for STMicroelectronics.X-CUBE-TOUCHGFX.4.21.1
2024-02-14 17:20:29,597 [WARN] PackLoader:240 - Cannot read IP mode file for STMicroelectronics.X-CUBE-TOUCHGFX.4.21.3
2024-02-14 17:20:29,613 [WARN] PackLoader:240 - Cannot read IP mode file for STMicroelectronics.X-CUBE-TOUCHGFX.4.21.4
2024-02-14 17:20:29,671 [WARN] PackLoader:240 - Cannot read IP mode file for STMicroelectronics.X-CUBE-MEMS1.9.4.0
2024-02-14 17:20:29,790 [WARN] PackLoader:240 - Cannot read IP mode file for STMicroelectronics.X-CUBE-AI.7.3.0
2024-02-14 17:20:29,805 [WARN] PackLoader:240 - Cannot read IP mode file for STMicroelectronics.X-CUBE-ALGOBUILD.1.3.0
2024-02-14 17:20:29,830 [WARN] PackLoader:240 - Cannot read IP mode file for STMicroelectronics.X-CUBE-AZRTOS-G0.1.1.0
2024-02-14 17:20:29,845 [WARN] PackLoader:240 - Cannot read IP mode file for STMicroelectronics.X-CUBE-NFC4.3.0.0
2024-02-14 17:20:29,861 [WARN] PackLoader:240 - Cannot read IP mode file for STMicroelectronics.X-CUBE-BLEMGR.3.0.0
2024-02-14 17:20:29,876 [WARN] PackLoader:240 - Cannot read IP mode file for STMicroelectronics.X-CUBE-BLEMGR.1.3.0
2024-02-14 17:20:29,888 [WARN] PackLoader:240 - Cannot read IP mode file for STMicroelectronics.FP-ATR-SIGFOX1.3.2.0
2024-02-14 17:20:29,902 [WARN] PackLoader:240 - Cannot read IP mode file for STMicroelectronics.X-CUBE-EEPRMA1.5.1.0
2024-02-14 17:20:29,962 [WARN] PackLoader:240 - Cannot read IP mode file for STMicroelectronics.X-CUBE-MEMS1.9.5.0
2024-02-14 17:20:30,184 [WARN] PackLoader:240 - Cannot read IP mode file for SEGGER.I-CUBE-embOS.1.3.1
2024-02-14 17:20:30,284 [WARN] PackLoader:240 - Cannot read IP mode file for STMicroelectronics.X-CUBE-GNSS1.6.0.0
2024-02-14 17:20:30,328 [WARN] PackLoader:240 - Cannot read IP mode file for STMicroelectronics.X-CUBE-AZRTOS-F4.1.1.0
2024-02-14 17:20:30,366 [WARN] PackLoader:240 - Cannot read IP mode file for STMicroelectronics.X-CUBE-AZRTOS-L5.2.0.0
2024-02-14 17:20:30,406 [INFO] WebApp:161 - Instantiating new browser for Auth
2024-02-14 17:20:30,435 [WARN] PackLoader:240 - Cannot read IP mode file for STMicroelectronics.X-CUBE-MEMS1.9.6.0
2024-02-14 17:20:30,663 [WARN] PackLoader:240 - Cannot read IP mode file for STMicroelectronics.X-CUBE-EEPRMA1.4.2.0
2024-02-14 17:20:30,685 [WARN] PackLoader:240 - Cannot read IP mode file for ITTIA_DB.I-CUBE-ITTIADB.8.8.0
2024-02-14 17:20:30,705 [WARN] PackLoader:240 - Cannot read IP mode file for emotas.I-CUBE-CANOPEN.1.1.3
2024-02-14 17:20:30,729 [WARN] PackLoader:240 - Cannot read IP mode file for STMicroelectronics.X-CUBE-BLEMGR.2.0.0
2024-02-14 17:20:30,765 [WARN] ConditionMgr:438 - getConditionDescription Invalid condition id : UX DEVICE CLASS RTOS Condition cause : null
2024-02-14 17:20:30,765 [WARN] ConditionMgr:438 - getConditionDescription Invalid condition id : UX DEVICE CLASS RTOS Condition cause : null
2024-02-14 17:20:30,769 [WARN] PackLoader:240 - Cannot read IP mode file for STMicroelectronics.X-CUBE-AZRTOS-H7.3.1.0
2024-02-14 17:20:30,770 [WARN] ConditionMgr:1039 - genDependencies : Invalid condition id : UX DEVICE CLASS RTOS Condition cause : null
2024-02-14 17:20:30,770 [WARN] ConditionMgr:1039 - genDependencies : Invalid condition id : UX DEVICE CLASS RTOS Condition cause : null
2024-02-14 17:20:30,771 [WARN] ConditionMgr:1039 - genDependencies : Invalid condition id : UX DEVICE CLASS RTOS Condition cause : null
2024-02-14 17:20:30,771 [WARN] ConditionMgr:1039 - genDependencies : Invalid condition id : UX DEVICE CLASS RTOS Condition cause : null
2024-02-14 17:20:30,771 [WARN] ConditionMgr:1039 - genDependencies : Invalid condition id : UX DEVICE CLASS RTOS Condition cause : null
2024-02-14 17:20:30,790 [WARN] PackLoader:240 - Cannot read IP mode file for wolfSSL.I-CUBE-wolfSSL.5.5.4
2024-02-14 17:20:30,806 [WARN] PackLoader:240 - Cannot read IP mode file for STMicroelectronics.X-CUBE-NFC7.1.0.1
2024-02-14 17:20:30,823 [WARN] PackLoader:240 - Cannot read IP mode file for STMicroelectronics.X-CUBE-NFC7.1.0.0
2024-02-14 17:20:30,842 [WARN] PackLoader:240 - Cannot read IP mode file for STMicroelectronics.X-CUBE-NFC6.3.0.0
2024-02-14 17:20:30,857 [WARN] PackLoader:240 - Cannot read IP mode file for STMicroelectronics.X-CUBE-EEPRMA1.4.1.0
2024-02-14 17:20:30,873 [WARN] PackLoader:240 - Cannot read IP mode file for STMicroelectronics.X-CUBE-AI.8.1.0
2024-02-14 17:20:30,906 [WARN] ConditionMgr:438 - getConditionDescription Invalid condition id : LAN8742 Phy interface Condition cause : null
2024-02-14 17:20:30,907 [WARN] PackLoader:240 - Cannot read IP mode file for STMicroelectronics.X-CUBE-AZRTOS-L4.2.0.0
2024-02-14 17:20:30,908 [WARN] ConditionMgr:1039 - genDependencies : Invalid condition id : LAN8742 Phy interface Condition cause : null
2024-02-14 17:20:30,908 [WARN] ConditionMgr:1039 - genDependencies : Invalid condition id : LAN8742 Phy interface Condition cause : null
2024-02-14 17:20:30,909 [WARN] ConditionMgr:1039 - genDependencies : Invalid condition id : LAN8742 Phy interface Condition cause : null
2024-02-14 17:20:30,928 [WARN] PackLoader:240 - Cannot read IP mode file for STMicroelectronics.X-CUBE-SFXS2LP1.4.0.0
2024-02-14 17:20:30,977 [WARN] PackLoader:240 - Cannot read IP mode file for STMicroelectronics.X-CUBE-AZRTOS-H7.3.0.0
2024-02-14 17:20:30,995 [WARN] PackLoader:240 - Cannot read IP mode file for STMicroelectronics.X-CUBE-ISPU.1.1.0
2024-02-14 17:20:31,015 [WARN] PackLoader:240 - Cannot read IP mode file for RoweBots.I-CUBE-UNISONRTOS.5.5.0-4
2024-02-14 17:20:31,032 [WARN] PackLoader:240 - Cannot read IP mode file for STMicroelectronics.X-CUBE-AI.8.0.0
2024-02-14 17:20:31,063 [WARN] ConditionMgr:438 - getConditionDescription Invalid condition id : UX DEVICE CLASS RTOS Condition cause : null
2024-02-14 17:20:31,064 [WARN] ConditionMgr:438 - getConditionDescription Invalid condition id : UX DEVICE CLASS RTOS Condition cause : null
2024-02-14 17:20:31,066 [WARN] PackLoader:240 - Cannot read IP mode file for STMicroelectronics.X-CUBE-AZRTOS-WB.2.0.0
2024-02-14 17:20:31,067 [WARN] ConditionMgr:1039 - genDependencies : Invalid condition id : UX DEVICE CLASS RTOS Condition cause : null
2024-02-14 17:20:31,067 [WARN] ConditionMgr:1039 - genDependencies : Invalid condition id : UX DEVICE CLASS RTOS Condition cause : null
2024-02-14 17:20:31,067 [WARN] ConditionMgr:1039 - genDependencies : Invalid condition id : UX DEVICE CLASS RTOS Condition cause : null
2024-02-14 17:20:31,067 [WARN] ConditionMgr:1039 - genDependencies : Invalid condition id : UX DEVICE CLASS RTOS Condition cause : null
2024-02-14 17:20:31,067 [WARN] ConditionMgr:1039 - genDependencies : Invalid condition id : UX DEVICE CLASS RTOS Condition cause : null
2024-02-14 17:20:31,081 [WARN] PackLoader:240 - Cannot read IP mode file for STMicroelectronics.X-CUBE-FREERTOS.1.0.0
2024-02-14 17:20:31,097 [WARN] PackLoader:240 - Cannot read IP mode file for STMicroelectronics.X-CUBE-FREERTOS.1.0.1
2024-02-14 17:20:31,120 [WARN] PackLoader:240 - Cannot read IP mode file for STMicroelectronics.X-CUBE-AZRTOS-L5.1.1.0
2024-02-14 17:20:31,134 [WARN] PackLoader:240 - Cannot read IP mode file for STMicroelectronics.X-CUBE-AI.8.0.1
2024-02-14 17:20:31,151 [WARN] PackLoader:240 - Cannot read IP mode file for STMicroelectronics.X-CUBE-SUBG2.5.0.0
2024-02-14 17:20:31,172 [WARN] PackLoader:240 - Cannot read IP mode file for STMicroelectronics.X-CUBE-TOF1.3.3.1
2024-02-14 17:20:31,206 [WARN] PackLoader:240 - Cannot read IP mode file for STMicroelectronics.X-CUBE-AZRTOS-G4.2.0.0
2024-02-14 17:20:31,214 [INFO] WebApp:780 - Register for checkConnection events
2024-02-14 17:20:31,214 [INFO] WebApp:414 - Apply proxy settings
2024-02-14 17:20:31,215 [INFO] WebApp:499 - Chromium requires no authentication
2024-02-14 17:20:31,225 [INFO] WebApp:442 - Direct internet connection detected
2024-02-14 17:20:31,226 [WARN] PackLoader:240 - Cannot read IP mode file for STMicroelectronics.X-CUBE-TOF1.3.3.0
2024-02-14 17:20:31,250 [WARN] PackLoader:240 - Cannot read IP mode file for STMicroelectronics.FP-ATR-ASTRA1.1.1.1
2024-02-14 17:20:31,279 [WARN] PackLoader:240 - Cannot read IP mode file for Infineon.AIROC-Wi-Fi-Bluetooth-STM32.1.5.1
2024-02-14 17:20:31,295 [WARN] PackLoader:240 - Cannot read IP mode file for STMicroelectronics.FP-SNS-MOTENVWB1.1.3.0
2024-02-14 17:20:31,307 [WARN] PackLoader:240 - Cannot read IP mode file for STMicroelectronics.FP-SNS-MOTENVWB1.1.3.1
2024-02-14 17:20:31,330 [WARN] PackLoader:240 - Cannot read IP mode file for STMicroelectronics.X-CUBE-AZRTOS-G4.1.0.0
2024-02-14 17:20:31,356 [WARN] PackLoader:240 - Cannot read IP mode file for STMicroelectronics.X-CUBE-AZRTOS-L4.1.0.0
2024-02-14 17:20:31,370 [WARN] PackLoader:240 - Cannot read IP mode file for STMicroelectronics.X-CUBE-ISPU.2.0.0
2024-02-14 17:20:31,416 [WARN] PackLoader:240 - Cannot read IP mode file for STMicroelectronics.X-CUBE-MEMS1.10.0.0
2024-02-14 17:20:31,482 [INFO] WebApp:192 - Starting web application
2024-02-14 17:20:31,482 [INFO] WebApp:544 - Web application path used D:\Program Files (x86)\STM32CubeIDE_1.11.2\STM32CubeIDE\plugins\com.st.stm32cube.common.mx_6.10.0.202311202037\db\plugins\mcufinder\reactClient1\index.html
2024-02-14 17:20:31,515 [WARN] PackLoader:240 - Cannot read IP mode file for STMicroelectronics.X-CUBE-FREERTOS.1.1.0
2024-02-14 17:20:31,541 [WARN] PackLoader:240 - Cannot read IP mode file for STMicroelectronics.X-CUBE-AZRTOS-WL.1.0.0
2024-02-14 17:20:31,564 [WARN] PackLoader:240 - Cannot read IP mode file for portGmbH.I-Cube-SoM-uGOAL.1.1.0
2024-02-14 17:20:31,581 [WARN] PackLoader:240 - Cannot read IP mode file for STMicroelectronics.X-CUBE-ALS.1.0.1
2024-02-14 17:20:31,606 [WARN] PackLoader:240 - Cannot read IP mode file for STMicroelectronics.X-CUBE-AZRTOS-WB.1.1.0
2024-02-14 17:20:31,622 [WARN] PackLoader:240 - Cannot read IP mode file for STMicroelectronics.FP-ATR-ASTRA1.2.0.0
2024-02-14 17:20:31,646 [WARN] PackLoader:240 - Cannot read IP mode file for STMicroelectronics.X-CUBE-TOF1.3.4.0
2024-02-14 17:20:31,694 [WARN] PackLoader:240 - Cannot read IP mode file for STMicroelectronics.X-CUBE-AZRTOS-H7.3.2.0
2024-02-14 17:20:31,699 [INFO] ThirdParty:978 - Integrity check success = true
2024-02-14 17:20:31,699 [INFO] IntegrityCheckThread:100 - exiting critical section [integrity check]
2024-02-14 17:20:31,700 [INFO] IntegrityCheckThread:103 - End integrity checks thread
2024-02-14 17:20:52,407 [ERROR] LogOutputStream:75 - [STDERR_REDIRECT] SLF4J: Failed to load class "org.slf4j.impl.StaticLoggerBinder".
2024-02-14 17:20:52,407 [ERROR] LogOutputStream:75 - [STDERR_REDIRECT] SLF4J: Defaulting to no-operation (NOP) logger implementation
2024-02-14 17:20:52,409 [ERROR] LogOutputStream:75 - [STDERR_REDIRECT] SLF4J: See http://www.slf4j.org/codes.html#StaticLoggerBinder for further details.
2024-02-14 19:17:46,977 [ERROR] LogOutputStream:75 - [STDERR_REDIRECT] 
