2024-01-12 18:18:47,376 [INFO] Activator:176 - 


2024-01-12 18:18:47,382 [INFO] Activator:177 - !SESSION log4j initialized
2024-01-12 18:18:55,146 [INFO] LogOutputStream:77 - [STDOUT_REDIRECT] 
2024-01-12 18:18:56,157 [INFO] ApplicationProperties:184 - Using Application install path: D:\Program Files (x86)\STM32CubeIDE_1.11.2\STM32CubeIDE\plugins\com.st.stm32cube.common.mx_6.10.0.202311202037
2024-01-12 18:18:56,185 [INFO] DbMcusXml:78 - Set database path to: D:\Program Files (x86)\STM32CubeIDE_1.11.2\STM32CubeIDE\plugins\com.st.stm32cube.common.mx_6.10.0.202311202037\\db\/mcu/
2024-01-12 18:18:56,185 [INFO] ApiDb:274 - Set plugin database path to: D:\Program Files (x86)\STM32CubeIDE_1.11.2\STM32CubeIDE\plugins\com.st.stm32cube.common.mx_6.10.0.202311202037\\db\/plugins/boardmanager/
2024-01-12 18:18:56,186 [WARN] ApiDb:259 - Overriding images path with different value:  => D:\Program Files (x86)\STM32CubeIDE_1.11.2\STM32CubeIDE\plugins\com.st.stm32cube.common.mx_6.10.0.202311202037\\db\/plugins/mcufinder/images/
2024-01-12 18:18:56,195 [INFO] ApiDb:250 - Set database path to: C:\Users\miqix\.stmcufinder\plugins\mcufinder//mcu/
2024-01-12 18:18:56,196 [INFO] DbMcusAds:125 - Set database path to: C:\Users\miqix\.stmcufinder\plugins\mcufinder//mcu/
2024-01-12 18:18:56,200 [INFO] CrossReferenceDbSqlite:203 - Set database path to: C:\Users\miqix\.stmcufinder\plugins\mcufinder//mcu/cs/
2024-01-12 18:18:56,364 [INFO] RulesReader:64 - Compatibility file has been processed (297 Rules)
2024-01-12 18:18:56,465 [INFO] DbMcusXml:78 - Set database path to: D:\Program Files (x86)\STM32CubeIDE_1.11.2\STM32CubeIDE\plugins\com.st.stm32cube.common.mx_6.10.0.202311202037\\db\/mcu/
2024-01-12 18:18:56,465 [INFO] ApiDb:274 - Set plugin database path to: D:\Program Files (x86)\STM32CubeIDE_1.11.2\STM32CubeIDE\plugins\com.st.stm32cube.common.mx_6.10.0.202311202037\\db\/plugins/boardmanager/
2024-01-12 18:18:56,465 [INFO] ApiDb:261 - Set plugin images path to: D:\Program Files (x86)\STM32CubeIDE_1.11.2\STM32CubeIDE\plugins\com.st.stm32cube.common.mx_6.10.0.202311202037\\db\/plugins/mcufinder/images/
2024-01-12 18:18:56,465 [WARN] DbFile:41 - Overriding database path with different value: C:\Users\miqix\.stmcufinder\plugins\mcufinder/ => C:\Users\miqix\.stmcufinder\plugins\mcufinder
2024-01-12 18:18:56,466 [INFO] ApiDb:250 - Set database path to: C:\Users\miqix\.stmcufinder\plugins\mcufinder//mcu/
2024-01-12 18:18:56,466 [WARN] DbFile:41 - Overriding database path with different value: C:\Users\miqix\.stmcufinder\plugins\mcufinder/ => C:\Users\miqix\.stmcufinder\plugins\mcufinder
2024-01-12 18:18:56,466 [INFO] DbMcusAds:125 - Set database path to: C:\Users\miqix\.stmcufinder\plugins\mcufinder//mcu/
2024-01-12 18:18:56,466 [WARN] DbFile:41 - Overriding database path with different value: C:\Users\miqix\.stmcufinder\plugins\mcufinder/ => C:\Users\miqix\.stmcufinder\plugins\mcufinder
2024-01-12 18:18:56,466 [WARN] DbFile:41 - Overriding database path with different value: C:\Users\miqix\.stmcufinder\plugins\mcufinder/ => C:\Users\miqix\.stmcufinder\plugins\mcufinder
2024-01-12 18:18:56,466 [INFO] CrossReferenceDbSqlite:203 - Set database path to: C:\Users\miqix\.stmcufinder\plugins\mcufinder//mcu/cs/
2024-01-12 18:18:56,572 [INFO] MainPanel:264 - HeapMemory: 268435456
2024-01-12 18:18:56,698 [INFO] DbMcusXml:78 - Set database path to: D:\Program Files (x86)\STM32CubeIDE_1.11.2\STM32CubeIDE\plugins\com.st.stm32cube.common.mx_6.10.0.202311202037\\db\/mcu/
2024-01-12 18:18:56,698 [INFO] ApiDb:274 - Set plugin database path to: D:\Program Files (x86)\STM32CubeIDE_1.11.2\STM32CubeIDE\plugins\com.st.stm32cube.common.mx_6.10.0.202311202037\\db\/plugins/boardmanager/
2024-01-12 18:18:56,698 [INFO] ApiDb:261 - Set plugin images path to: D:\Program Files (x86)\STM32CubeIDE_1.11.2\STM32CubeIDE\plugins\com.st.stm32cube.common.mx_6.10.0.202311202037\\db\/plugins/mcufinder/images/
2024-01-12 18:18:56,698 [WARN] DbFile:41 - Overriding database path with different value: C:\Users\miqix\.stmcufinder\plugins\mcufinder/ => C:\Users\miqix\.stmcufinder\plugins\mcufinder
2024-01-12 18:18:56,698 [INFO] ApiDb:250 - Set database path to: C:\Users\miqix\.stmcufinder\plugins\mcufinder//mcu/
2024-01-12 18:18:56,698 [WARN] DbFile:41 - Overriding database path with different value: C:\Users\miqix\.stmcufinder\plugins\mcufinder/ => C:\Users\miqix\.stmcufinder\plugins\mcufinder
2024-01-12 18:18:56,698 [INFO] DbMcusAds:125 - Set database path to: C:\Users\miqix\.stmcufinder\plugins\mcufinder//mcu/
2024-01-12 18:18:56,698 [WARN] DbFile:41 - Overriding database path with different value: C:\Users\miqix\.stmcufinder\plugins\mcufinder/ => C:\Users\miqix\.stmcufinder\plugins\mcufinder
2024-01-12 18:18:56,699 [WARN] DbFile:41 - Overriding database path with different value: C:\Users\miqix\.stmcufinder\plugins\mcufinder/ => C:\Users\miqix\.stmcufinder\plugins\mcufinder
2024-01-12 18:18:56,699 [INFO] CrossReferenceDbSqlite:203 - Set database path to: C:\Users\miqix\.stmcufinder\plugins\mcufinder//mcu/cs/
2024-01-12 18:18:56,721 [INFO] ApplicationProperties:184 - Using Application install path: D:\Program Files (x86)\STM32CubeIDE_1.11.2\STM32CubeIDE\plugins\com.st.stm32cube.common.mx_6.10.0.202311202037
2024-01-12 18:18:56,723 [INFO] PluginManage:196 - Search for loadable plugins [exclusion list=, ]
2024-01-12 18:18:56,725 [INFO] PluginManage:310 - Check plugin analytics
2024-01-12 18:18:56,910 [INFO] AnalyticsPlugin:253 - Accepted Software Licenses: 
2024-01-12 18:18:56,911 [INFO] AnalyticsPlugin:255 - Accepted CMSIS Pack Licenses: 
2024-01-12 18:18:56,911 [INFO] AnalyticsPlugin:257 - Accepted Firmware Licenses: 
2024-01-12 18:18:56,915 [INFO] PluginManage:359 - Loaded plugin analytics (category:tool,tabindex:-1)
2024-01-12 18:18:56,915 [INFO] PluginManage:310 - Check plugin cadmodel
2024-01-12 18:18:56,933 [INFO] CADModel:105 - Init CAD model plugin
2024-01-12 18:18:56,933 [INFO] PluginManage:359 - Loaded plugin cadmodel (category:power,tabindex:5)
2024-01-12 18:18:56,933 [INFO] PluginManage:310 - Check plugin clock
2024-01-12 18:18:56,953 [INFO] PluginManage:359 - Loaded plugin clock (category:base,tabindex:2)
2024-01-12 18:18:56,954 [INFO] PluginManage:310 - Check plugin ddr
2024-01-12 18:18:56,956 [INFO] PluginManage:359 - Loaded plugin ddr (category:tool,tabindex:6)
2024-01-12 18:18:56,956 [INFO] PluginManage:310 - Check plugin filemanager
2024-01-12 18:18:57,105 [INFO] PluginManage:359 - Loaded plugin filemanager (category:base,tabindex:10)
2024-01-12 18:18:57,105 [INFO] PluginManage:310 - Check plugin ipmanager
2024-01-12 18:18:57,112 [INFO] PluginManage:359 - Loaded plugin ipmanager (category:base,tabindex:5)
2024-01-12 18:18:57,112 [INFO] PluginManage:310 - Check plugin lpbam
2024-01-12 18:18:57,131 [INFO] PluginManage:359 - Loaded plugin lpbam (category:base,tabindex:0)
2024-01-12 18:18:57,131 [INFO] PluginManage:310 - Check plugin memorymap
2024-01-12 18:18:57,155 [INFO] PluginManage:359 - Loaded plugin memorymap (category:base,tabindex:4)
2024-01-12 18:18:57,155 [INFO] PluginManage:310 - Check plugin pinoutandconfiguration
2024-01-12 18:18:57,170 [INFO] PluginManage:359 - Loaded plugin pinoutandconfiguration (category:base,tabindex:1)
2024-01-12 18:18:57,170 [INFO] PluginManage:310 - Check plugin pinoutconfig
2024-01-12 18:18:57,267 [WARN] SupportedApi:132 - Cannot load RTOS API schema: s4s-elt-must-match.1: The content of 'definitions' must match (annotation?, (simpleType | complexType)?, (unique | key | keyref)*)). A problem was found starting at: attribute.
2024-01-12 18:18:57,415 [INFO] PluginManage:359 - Loaded plugin pinoutconfig (category:base,tabindex:0)
2024-01-12 18:18:57,415 [INFO] PluginManage:310 - Check plugin power
2024-01-12 18:18:57,431 [INFO] PluginManage:359 - Loaded plugin power (category:power,tabindex:4)
2024-01-12 18:18:57,431 [INFO] PluginManage:310 - Check plugin projectmanager
2024-01-12 18:18:57,446 [INFO] PluginManage:359 - Loaded plugin projectmanager (category:projectmanager,tabindex:3)
2024-01-12 18:18:57,446 [INFO] PluginManage:310 - Check plugin thirdparty
2024-01-12 18:18:57,723 [INFO] PluginManage:359 - Loaded plugin thirdparty (category:base,tabindex:-1)
2024-01-12 18:18:57,723 [WARN] IntegrityCheckThread:84 - waiting for thirdparty lock release [integrity check]
2024-01-12 18:18:57,723 [INFO] PluginManage:310 - Check plugin tools
2024-01-12 18:18:57,723 [INFO] IntegrityCheckThread:86 - entering critical section [integrity check]
2024-01-12 18:18:57,724 [INFO] ThirdPartyUpdaterWithRetryManager:70 - Updater plugin not ready yet. [1/15]
2024-01-12 18:18:57,755 [INFO] PluginManage:359 - Loaded plugin tools (category:base,tabindex:7)
2024-01-12 18:18:57,755 [INFO] PluginManage:310 - Check plugin tutovideos
2024-01-12 18:18:57,975 [INFO] PluginManage:359 - Loaded plugin tutovideos (category:base,tabindex:-1)
2024-01-12 18:18:57,976 [INFO] PluginManage:310 - Check plugin updater
2024-01-12 18:18:57,990 [INFO] PluginManage:359 - Loaded plugin updater (category:base,tabindex:12)
2024-01-12 18:18:57,990 [INFO] PluginManage:310 - Check plugin userauth
2024-01-12 18:18:57,997 [INFO] UserAuth:114 - Init User Auth plugin
2024-01-12 18:18:57,997 [INFO] PluginManage:359 - Loaded plugin userauth (category:base,tabindex:14)
2024-01-12 18:18:57,998 [INFO] PluginManage:283 - PluginManage : Loaded plugins [17]
2024-01-12 18:18:58,247 [INFO] PinOutPanel:1499 - setPackage(No Configuration,No Configuration)
2024-01-12 18:18:58,324 [INFO] CADModel:165 - CPN selected for project level
2024-01-12 18:18:58,324 [INFO] CADModel:114 - Register for checkConnection events
2024-01-12 18:18:58,353 [INFO] IPUIPlugin:80 - create IPUIPlugin
2024-01-12 18:18:58,355 [INFO] PluginManager:220 - loadIPPluginJar : add adc
2024-01-12 18:18:58,390 [INFO] IPUIPlugin:80 - create IPUIPlugin
2024-01-12 18:18:58,390 [INFO] PluginManager:220 - loadIPPluginJar : add aes
2024-01-12 18:18:58,442 [INFO] IPUIPlugin:80 - create IPUIPlugin
2024-01-12 18:18:58,442 [INFO] PluginManager:220 - loadIPPluginJar : add can
2024-01-12 18:18:58,462 [INFO] IPUIPlugin:80 - create IPUIPlugin
2024-01-12 18:18:58,462 [INFO] PluginManager:220 - loadIPPluginJar : add comp
2024-01-12 18:18:58,493 [INFO] IPUIPlugin:80 - create IPUIPlugin
2024-01-12 18:18:58,493 [INFO] PluginManager:220 - loadIPPluginJar : add cryp
2024-01-12 18:18:58,519 [INFO] IPUIPlugin:80 - create IPUIPlugin
2024-01-12 18:18:58,519 [INFO] PluginManager:220 - loadIPPluginJar : add dfsdm
2024-01-12 18:18:58,536 [INFO] IPUIPlugin:80 - create IPUIPlugin
2024-01-12 18:18:58,536 [INFO] PluginManager:220 - loadIPPluginJar : add dma
2024-01-12 18:18:58,577 [INFO] IPUIPlugin:80 - create IPUIPlugin
2024-01-12 18:18:58,578 [INFO] PluginManager:220 - loadIPPluginJar : add dma3
2024-01-12 18:18:58,596 [INFO] IPUIPlugin:80 - create IPUIPlugin
2024-01-12 18:18:58,597 [INFO] PluginManager:220 - loadIPPluginJar : add fatfs
2024-01-12 18:18:58,643 [INFO] IPUIPlugin:80 - create IPUIPlugin
2024-01-12 18:18:58,643 [INFO] PluginManager:220 - loadIPPluginJar : add fmc
2024-01-12 18:18:58,661 [INFO] IPUIPlugin:80 - create IPUIPlugin
2024-01-12 18:18:58,661 [INFO] PluginManager:220 - loadIPPluginJar : add freertos
2024-01-12 18:18:58,682 [INFO] IPUIPlugin:80 - create IPUIPlugin
2024-01-12 18:18:58,682 [INFO] PluginManager:220 - loadIPPluginJar : add genericplugin
2024-01-12 18:18:58,766 [INFO] IPUIPlugin:80 - create IPUIPlugin
2024-01-12 18:18:58,766 [INFO] PluginManager:220 - loadIPPluginJar : add gfxmmu
2024-01-12 18:18:58,868 [INFO] IPUIPlugin:80 - create IPUIPlugin
2024-01-12 18:18:58,868 [INFO] PluginManager:220 - loadIPPluginJar : add gic
2024-01-12 18:18:58,880 [INFO] IPUIPlugin:80 - create IPUIPlugin
2024-01-12 18:18:58,880 [INFO] PluginManager:220 - loadIPPluginJar : add gpio
2024-01-12 18:18:58,943 [INFO] IPUIPlugin:80 - create IPUIPlugin
2024-01-12 18:18:58,943 [INFO] PluginManager:220 - loadIPPluginJar : add gtzc
2024-01-12 18:18:58,966 [INFO] IPUIPlugin:80 - create IPUIPlugin
2024-01-12 18:18:58,966 [INFO] PluginManager:220 - loadIPPluginJar : add hash
2024-01-12 18:18:59,000 [INFO] IPUIPlugin:80 - create IPUIPlugin
2024-01-12 18:18:59,000 [INFO] PluginManager:220 - loadIPPluginJar : add i2c
2024-01-12 18:18:59,028 [INFO] IPUIPlugin:80 - create IPUIPlugin
2024-01-12 18:18:59,028 [INFO] PluginManager:220 - loadIPPluginJar : add i2s
2024-01-12 18:18:59,056 [INFO] IPUIPlugin:80 - create IPUIPlugin
2024-01-12 18:18:59,056 [INFO] PluginManager:220 - loadIPPluginJar : add i3c
2024-01-12 18:18:59,135 [INFO] IPUIPlugin:80 - create IPUIPlugin
2024-01-12 18:18:59,135 [INFO] PluginManager:220 - loadIPPluginJar : add ipddr
2024-01-12 18:18:59,198 [INFO] IPUIPlugin:80 - create IPUIPlugin
2024-01-12 18:18:59,198 [INFO] PluginManager:220 - loadIPPluginJar : add linkedlist
2024-01-12 18:18:59,223 [INFO] IPUIPlugin:80 - create IPUIPlugin
2024-01-12 18:18:59,223 [INFO] PluginManager:220 - loadIPPluginJar : add lorawan
2024-01-12 18:18:59,250 [INFO] IPUIPlugin:80 - create IPUIPlugin
2024-01-12 18:18:59,250 [INFO] PluginManager:220 - loadIPPluginJar : add ltdc
2024-01-12 18:18:59,261 [INFO] IPUIPlugin:80 - create IPUIPlugin
2024-01-12 18:18:59,262 [INFO] PluginManager:220 - loadIPPluginJar : add mdma
2024-01-12 18:18:59,272 [INFO] IPUIPlugin:80 - create IPUIPlugin
2024-01-12 18:18:59,273 [INFO] PluginManager:220 - loadIPPluginJar : add nvic
2024-01-12 18:18:59,300 [INFO] IPUIPlugin:80 - create IPUIPlugin
2024-01-12 18:18:59,300 [INFO] PluginManager:220 - loadIPPluginJar : add opamp
2024-01-12 18:18:59,342 [INFO] IPUIPlugin:80 - create IPUIPlugin
2024-01-12 18:18:59,342 [INFO] PluginManager:220 - loadIPPluginJar : add openamp
2024-01-12 18:18:59,371 [INFO] IPUIPlugin:80 - create IPUIPlugin
2024-01-12 18:18:59,371 [INFO] PluginManager:220 - loadIPPluginJar : add pdm2pcm
2024-01-12 18:18:59,383 [INFO] IPUIPlugin:80 - create IPUIPlugin
2024-01-12 18:18:59,385 [INFO] PluginManager:220 - loadIPPluginJar : add plateformsettings
2024-01-12 18:18:59,401 [INFO] IPUIPlugin:80 - create IPUIPlugin
2024-01-12 18:18:59,401 [INFO] PluginManager:220 - loadIPPluginJar : add quadspi
2024-01-12 18:18:59,412 [INFO] IPUIPlugin:80 - create IPUIPlugin
2024-01-12 18:18:59,412 [INFO] PluginManager:220 - loadIPPluginJar : add resmgrutility
2024-01-12 18:18:59,445 [INFO] IPUIPlugin:80 - create IPUIPlugin
2024-01-12 18:18:59,445 [INFO] PluginManager:220 - loadIPPluginJar : add sai
2024-01-12 18:18:59,470 [INFO] IPUIPlugin:80 - create IPUIPlugin
2024-01-12 18:18:59,470 [INFO] PluginManager:220 - loadIPPluginJar : add spi
2024-01-12 18:18:59,520 [INFO] IPUIPlugin:80 - create IPUIPlugin
2024-01-12 18:18:59,520 [INFO] PluginManager:220 - loadIPPluginJar : add stm32_wpan
2024-01-12 18:18:59,537 [INFO] IPUIPlugin:80 - create IPUIPlugin
2024-01-12 18:18:59,537 [INFO] PluginManager:220 - loadIPPluginJar : add tim
2024-01-12 18:18:59,578 [INFO] IPUIPlugin:80 - create IPUIPlugin
2024-01-12 18:18:59,578 [INFO] PluginManager:220 - loadIPPluginJar : add touchsensing
2024-01-12 18:18:59,594 [INFO] IPUIPlugin:80 - create IPUIPlugin
2024-01-12 18:18:59,595 [INFO] PluginManager:220 - loadIPPluginJar : add tracer_emb
2024-01-12 18:18:59,611 [INFO] IPUIPlugin:80 - create IPUIPlugin
2024-01-12 18:18:59,611 [INFO] PluginManager:220 - loadIPPluginJar : add ts
2024-01-12 18:18:59,626 [INFO] IPUIPlugin:80 - create IPUIPlugin
2024-01-12 18:18:59,626 [INFO] PluginManager:220 - loadIPPluginJar : add tsc
2024-01-12 18:18:59,642 [INFO] IPUIPlugin:80 - create IPUIPlugin
2024-01-12 18:18:59,642 [INFO] PluginManager:220 - loadIPPluginJar : add ucpd
2024-01-12 18:18:59,673 [INFO] IPUIPlugin:80 - create IPUIPlugin
2024-01-12 18:18:59,674 [INFO] PluginManager:220 - loadIPPluginJar : add usart
2024-01-12 18:18:59,705 [INFO] IPUIPlugin:80 - create IPUIPlugin
2024-01-12 18:18:59,705 [INFO] PluginManager:220 - loadIPPluginJar : add usbx
2024-01-12 18:18:59,824 [INFO] CADModel:165 - CPN selected for project level
2024-01-12 18:18:59,824 [INFO] CADModel:114 - Register for checkConnection events
2024-01-12 18:18:59,824 [FATAL] Updater:308 - Updater called before beeing initialized
2024-01-12 18:18:59,824 [ERROR] CADModel:125 - Updater not yet initialized, retry later 
2024-01-12 18:18:59,947 [INFO] CADModel:165 - CPN selected for project level
2024-01-12 18:18:59,948 [INFO] CADModel:114 - Register for checkConnection events
2024-01-12 18:18:59,948 [FATAL] Updater:308 - Updater called before beeing initialized
2024-01-12 18:18:59,948 [ERROR] CADModel:125 - Updater not yet initialized, retry later 
2024-01-12 18:18:59,950 [FATAL] Updater:308 - Updater called before beeing initialized
2024-01-12 18:19:00,036 [FATAL] Updater:308 - Updater called before beeing initialized
2024-01-12 18:19:00,044 [INFO] DbMcusAds:53 - JSON generation date=Thu Sep 30 08:55:09 CEST 2021 (1632984909247)
2024-01-12 18:19:00,044 [FATAL] Updater:308 - Updater called before beeing initialized
2024-01-12 18:19:00,106 [WARN] DetailPanel:346 - Failed to get advertising image, set to default
2024-01-12 18:19:00,187 [FATAL] Updater:308 - Updater called before beeing initialized
2024-01-12 18:19:00,189 [FATAL] Updater:308 - Updater called before beeing initialized
2024-01-12 18:19:00,189 [FATAL] Updater:308 - Updater called before beeing initialized
2024-01-12 18:19:00,189 [WARN] DetailPanel:346 - Failed to get advertising image, set to default
2024-01-12 18:19:00,189 [FATAL] Updater:308 - Updater called before beeing initialized
2024-01-12 18:19:00,235 [ERROR] Updater:1120 - MainUpdater not yet initialized. External WinMGr cannot be set.
2024-01-12 18:19:00,243 [INFO] Updater:1056 - Updater Version found : 6.10.0
2024-01-12 18:19:00,258 [INFO] ApplicationProperties:184 - Using Application install path: D:\Program Files (x86)\STM32CubeIDE_1.11.2\STM32CubeIDE\plugins\com.st.stm32cube.common.mx_6.10.0.202311202037
2024-01-12 18:19:00,724 [INFO] ThirdPartyUpdaterWithRetryManager:70 - Updater plugin not ready yet. [2/15]
2024-01-12 18:19:01,831 [ERROR] LogOutputStream:75 - [STDERR_REDIRECT] Jan 12, 2024 6:19:01 PM java.util.prefs.WindowsPreferences <init>
2024-01-12 18:19:01,833 [ERROR] LogOutputStream:75 - [STDERR_REDIRECT] WARNING: Could not open/create prefs root node Software\JavaSoft\Prefs at root 0xffffffff80000002. Windows RegCreateKeyEx(...) returned error code 5.
2024-01-12 18:19:01,833 [ERROR] LogOutputStream:75 - [STDERR_REDIRECT] 
2024-01-12 18:19:02,249 [INFO] MainUpdater:2873 - connection check result : 10
2024-01-12 18:19:02,250 [INFO] MainUpdater:3567 - Updater definition file requires update
2024-01-12 18:19:02,250 [INFO] MainUpdater:290 - Updater Check For Update Now.
2024-01-12 18:19:02,252 [INFO] MicroXplorer:498 - Change Database Version : DB.6.0.100
2024-01-12 18:19:02,276 [INFO] McuFinderGlobals:63 - Set McuFinder mode to 2 (CubeIDE integrated)
2024-01-12 18:19:02,276 [INFO] UserAuth:180 - activating auth plugin
2024-01-12 18:19:02,278 [INFO] UserAuth:404 - Internet connection configuration mode: 1
2024-01-12 18:19:02,302 [INFO] JxBrowserEngine:152 - Initiate JxBrowser Engine with user profile folder
2024-01-12 18:19:02,396 [INFO] ServerAccessManage:473 - Download File updaters.zip
2024-01-12 18:19:02,498 [INFO] FileExtend:240 - Unzip File : updaters.zip
2024-01-12 18:19:02,498 [INFO] FileExtend:255 - Standard Zip Deflate
2024-01-12 18:19:02,851 [INFO] ServerAccessManage:473 - Download File PacksControlFlags.xml
2024-01-12 18:19:02,950 [INFO] ServerAccessManage:473 - Download File cubemx.pidx
2024-01-12 18:19:03,070 [INFO] LoadServerUpdatesThread:375 - End of LoadServerUpdate Thread
2024-01-12 18:19:03,249 [INFO] CheckServerUpdateThread:120 - End of CheckServer Thread
2024-01-12 18:19:03,878 [WARN] PackLoader:240 - Cannot read IP mode file for STMicroelectronics.X-CUBE-SMBUS.2.1.0
2024-01-12 18:19:03,893 [WARN] PackLoader:240 - Cannot read IP mode file for STMicroelectronics.X-CUBE-TOUCHGFX.4.23.0
2024-01-12 18:19:03,929 [WARN] PackLoader:240 - Cannot read IP mode file for STMicroelectronics.X-CUBE-AZRTOS-F7.1.1.0
2024-01-12 18:19:03,944 [ERROR] RealEvaluatedCondition:428 - Found unsupported composite condition: CLASS='Data Exchange' GROUP='STM32_MetaDataManager'
2024-01-12 18:19:03,945 [ERROR] RealEvaluatedCondition:428 - Found unsupported composite condition: GROUP='STM32_MetaDataManager' CLASS='Data Exchange'
2024-01-12 18:19:03,945 [WARN] PackLoader:240 - Cannot read IP mode file for STMicroelectronics.FP-SNS-MOTENV1.4.3.0
2024-01-12 18:19:03,961 [WARN] PackLoader:240 - Cannot read IP mode file for STMicroelectronics.FP-SNS-MOTENV1.4.3.2
2024-01-12 18:19:03,972 [WARN] PackLoader:240 - Cannot read IP mode file for STMicroelectronics.FP-SNS-FLIGHT1.5.0.0
2024-01-12 18:19:03,982 [ERROR] RealEvaluatedCondition:428 - Found unsupported composite condition: GROUP='STM32_MetaDataManager' CLASS='Data Exchange'
2024-01-12 18:19:03,983 [ERROR] RealEvaluatedCondition:428 - Found unsupported composite condition: GROUP='STM32_MetaDataManager' CLASS='Data Exchange'
2024-01-12 18:19:03,985 [WARN] PackLoader:240 - Cannot read IP mode file for STMicroelectronics.FP-SNS-MOTENV1.4.3.1
2024-01-12 18:19:03,997 [WARN] PackLoader:240 - Cannot read IP mode file for STMicroelectronics.FP-SNS-FLIGHT1.5.0.1
2024-01-12 18:19:04,010 [WARN] PackLoader:240 - Cannot read IP mode file for STMicroelectronics.X-CUBE-BLE1.6.2.4
2024-01-12 18:19:04,020 [WARN] PackLoader:240 - Cannot read IP mode file for STMicroelectronics.FP-SNS-FLIGHT1.5.0.2
2024-01-12 18:19:04,033 [WARN] PackLoader:240 - Cannot read IP mode file for STMicroelectronics.X-CUBE-DISPLAY.3.0.0
2024-01-12 18:19:04,048 [WARN] PackLoader:240 - Cannot read IP mode file for STMicroelectronics.X-CUBE-BLE1.7.0.0
2024-01-12 18:19:04,057 [WARN] PackLoader:240 - Cannot read IP mode file for STMicroelectronics.X-CUBE-TOUCHGFX.4.22.0
2024-01-12 18:19:04,065 [WARN] PackLoader:240 - Cannot read IP mode file for STMicroelectronics.X-CUBE-TOUCHGFX.4.22.1
2024-01-12 18:19:04,075 [WARN] PackLoader:240 - Cannot read IP mode file for STMicroelectronics.FP-SNS-SMARTAG2.1.2.0
2024-01-12 18:19:04,088 [INFO] LogOutputStream:77 - [STDOUT_REDIRECT] 1 : Invalid condition id : UX_CORESTACK_Condition cause : null
2024-01-12 18:19:04,088 [INFO] LogOutputStream:77 - [STDOUT_REDIRECT] 1 : Invalid condition id : UX_CORESTACK_Condition cause : null
2024-01-12 18:19:04,090 [INFO] LogOutputStream:77 - [STDOUT_REDIRECT] 1 : Invalid condition id : UX_CORESTACK_Condition cause : null
2024-01-12 18:19:04,091 [INFO] LogOutputStream:77 - [STDOUT_REDIRECT] 1 : Invalid condition id : UX_CORESTACK_Condition cause : null
2024-01-12 18:19:04,092 [INFO] LogOutputStream:77 - [STDOUT_REDIRECT] 1 : Invalid condition id : UX_CORESTACK_Condition cause : null
2024-01-12 18:19:04,094 [WARN] PackLoader:240 - Cannot read IP mode file for STMicroelectronics.X-CUBE-AZRTOS-WL.2.0.0
2024-01-12 18:19:04,106 [WARN] PackLoader:240 - Cannot read IP mode file for WES.I-CUBE-Cesium.1.3.0
2024-01-12 18:19:04,117 [WARN] PackLoader:240 - Cannot read IP mode file for STMicroelectronics.X-CUBE-BLE2.3.3.0
2024-01-12 18:19:04,132 [WARN] PackLoader:240 - Cannot read IP mode file for STMicroelectronics.X-CUBE-TOF1.3.2.0
2024-01-12 18:19:04,147 [WARN] PackLoader:240 - Cannot read IP mode file for STMicroelectronics.X-CUBE-TOUCHGFX.4.21.1
2024-01-12 18:19:04,155 [WARN] PackLoader:240 - Cannot read IP mode file for STMicroelectronics.X-CUBE-TOUCHGFX.4.21.3
2024-01-12 18:19:04,166 [WARN] PackLoader:240 - Cannot read IP mode file for STMicroelectronics.X-CUBE-TOUCHGFX.4.21.4
2024-01-12 18:19:04,214 [WARN] PackLoader:240 - Cannot read IP mode file for STMicroelectronics.X-CUBE-MEMS1.9.4.0
2024-01-12 18:19:04,318 [WARN] PackLoader:240 - Cannot read IP mode file for STMicroelectronics.X-CUBE-AI.7.3.0
2024-01-12 18:19:04,332 [WARN] PackLoader:240 - Cannot read IP mode file for STMicroelectronics.X-CUBE-ALGOBUILD.1.3.0
2024-01-12 18:19:04,353 [WARN] PackLoader:240 - Cannot read IP mode file for STMicroelectronics.X-CUBE-AZRTOS-G0.1.1.0
2024-01-12 18:19:04,365 [WARN] PackLoader:240 - Cannot read IP mode file for STMicroelectronics.X-CUBE-NFC4.3.0.0
2024-01-12 18:19:04,379 [WARN] PackLoader:240 - Cannot read IP mode file for STMicroelectronics.X-CUBE-BLEMGR.3.0.0
2024-01-12 18:19:04,391 [WARN] PackLoader:240 - Cannot read IP mode file for STMicroelectronics.X-CUBE-BLEMGR.1.3.0
2024-01-12 18:19:04,402 [WARN] PackLoader:240 - Cannot read IP mode file for STMicroelectronics.FP-ATR-SIGFOX1.3.2.0
2024-01-12 18:19:04,440 [WARN] PackLoader:240 - Cannot read IP mode file for STMicroelectronics.X-CUBE-MEMS1.9.5.0
2024-01-12 18:19:04,541 [WARN] PackLoader:240 - Cannot read IP mode file for SEGGER.I-CUBE-embOS.1.3.1
2024-01-12 18:19:04,572 [WARN] PackLoader:240 - Cannot read IP mode file for STMicroelectronics.X-CUBE-GNSS1.6.0.0
2024-01-12 18:19:04,594 [WARN] PackLoader:240 - Cannot read IP mode file for STMicroelectronics.X-CUBE-AZRTOS-F4.1.1.0
2024-01-12 18:19:04,619 [WARN] PackLoader:240 - Cannot read IP mode file for STMicroelectronics.X-CUBE-AZRTOS-L5.2.0.0
2024-01-12 18:19:04,665 [WARN] PackLoader:240 - Cannot read IP mode file for STMicroelectronics.X-CUBE-MEMS1.9.6.0
2024-01-12 18:19:04,771 [WARN] PackLoader:240 - Cannot read IP mode file for STMicroelectronics.X-CUBE-EEPRMA1.4.2.0
2024-01-12 18:19:04,784 [WARN] PackLoader:240 - Cannot read IP mode file for ITTIA_DB.I-CUBE-ITTIADB.8.8.0
2024-01-12 18:19:04,796 [WARN] PackLoader:240 - Cannot read IP mode file for emotas.I-CUBE-CANOPEN.1.1.3
2024-01-12 18:19:04,808 [WARN] PackLoader:240 - Cannot read IP mode file for STMicroelectronics.X-CUBE-BLEMGR.2.0.0
2024-01-12 18:19:04,836 [WARN] ConditionMgr:438 - getConditionDescription Invalid condition id : UX DEVICE CLASS RTOS Condition cause : null
2024-01-12 18:19:04,836 [WARN] ConditionMgr:438 - getConditionDescription Invalid condition id : UX DEVICE CLASS RTOS Condition cause : null
2024-01-12 18:19:04,838 [WARN] PackLoader:240 - Cannot read IP mode file for STMicroelectronics.X-CUBE-AZRTOS-H7.3.1.0
2024-01-12 18:19:04,839 [WARN] ConditionMgr:1039 - genDependencies : Invalid condition id : UX DEVICE CLASS RTOS Condition cause : null
2024-01-12 18:19:04,839 [WARN] ConditionMgr:1039 - genDependencies : Invalid condition id : UX DEVICE CLASS RTOS Condition cause : null
2024-01-12 18:19:04,839 [WARN] ConditionMgr:1039 - genDependencies : Invalid condition id : UX DEVICE CLASS RTOS Condition cause : null
2024-01-12 18:19:04,840 [WARN] ConditionMgr:1039 - genDependencies : Invalid condition id : UX DEVICE CLASS RTOS Condition cause : null
2024-01-12 18:19:04,840 [WARN] ConditionMgr:1039 - genDependencies : Invalid condition id : UX DEVICE CLASS RTOS Condition cause : null
2024-01-12 18:19:04,851 [WARN] PackLoader:240 - Cannot read IP mode file for wolfSSL.I-CUBE-wolfSSL.5.5.4
2024-01-12 18:19:04,863 [WARN] PackLoader:240 - Cannot read IP mode file for STMicroelectronics.X-CUBE-NFC7.1.0.1
2024-01-12 18:19:04,878 [WARN] PackLoader:240 - Cannot read IP mode file for STMicroelectronics.X-CUBE-NFC7.1.0.0
2024-01-12 18:19:04,894 [WARN] PackLoader:240 - Cannot read IP mode file for STMicroelectronics.X-CUBE-NFC6.3.0.0
2024-01-12 18:19:04,910 [WARN] PackLoader:240 - Cannot read IP mode file for STMicroelectronics.X-CUBE-EEPRMA1.4.1.0
2024-01-12 18:19:04,922 [WARN] PackLoader:240 - Cannot read IP mode file for STMicroelectronics.X-CUBE-AI.8.1.0
2024-01-12 18:19:04,950 [WARN] ConditionMgr:438 - getConditionDescription Invalid condition id : LAN8742 Phy interface Condition cause : null
2024-01-12 18:19:04,951 [WARN] PackLoader:240 - Cannot read IP mode file for STMicroelectronics.X-CUBE-AZRTOS-L4.2.0.0
2024-01-12 18:19:04,952 [WARN] ConditionMgr:1039 - genDependencies : Invalid condition id : LAN8742 Phy interface Condition cause : null
2024-01-12 18:19:04,952 [WARN] ConditionMgr:1039 - genDependencies : Invalid condition id : LAN8742 Phy interface Condition cause : null
2024-01-12 18:19:04,952 [WARN] ConditionMgr:1039 - genDependencies : Invalid condition id : LAN8742 Phy interface Condition cause : null
2024-01-12 18:19:04,968 [WARN] PackLoader:240 - Cannot read IP mode file for STMicroelectronics.X-CUBE-SFXS2LP1.4.0.0
2024-01-12 18:19:05,001 [WARN] PackLoader:240 - Cannot read IP mode file for STMicroelectronics.X-CUBE-AZRTOS-H7.3.0.0
2024-01-12 18:19:05,025 [WARN] PackLoader:240 - Cannot read IP mode file for STMicroelectronics.X-CUBE-ISPU.1.1.0
2024-01-12 18:19:05,043 [WARN] PackLoader:240 - Cannot read IP mode file for RoweBots.I-CUBE-UNISONRTOS.5.5.0-4
2024-01-12 18:19:05,057 [WARN] PackLoader:240 - Cannot read IP mode file for STMicroelectronics.X-CUBE-AI.8.0.0
2024-01-12 18:19:05,082 [WARN] ConditionMgr:438 - getConditionDescription Invalid condition id : UX DEVICE CLASS RTOS Condition cause : null
2024-01-12 18:19:05,082 [WARN] ConditionMgr:438 - getConditionDescription Invalid condition id : UX DEVICE CLASS RTOS Condition cause : null
2024-01-12 18:19:05,084 [WARN] PackLoader:240 - Cannot read IP mode file for STMicroelectronics.X-CUBE-AZRTOS-WB.2.0.0
2024-01-12 18:19:05,084 [WARN] ConditionMgr:1039 - genDependencies : Invalid condition id : UX DEVICE CLASS RTOS Condition cause : null
2024-01-12 18:19:05,085 [WARN] ConditionMgr:1039 - genDependencies : Invalid condition id : UX DEVICE CLASS RTOS Condition cause : null
2024-01-12 18:19:05,085 [WARN] ConditionMgr:1039 - genDependencies : Invalid condition id : UX DEVICE CLASS RTOS Condition cause : null
2024-01-12 18:19:05,085 [WARN] ConditionMgr:1039 - genDependencies : Invalid condition id : UX DEVICE CLASS RTOS Condition cause : null
2024-01-12 18:19:05,085 [WARN] ConditionMgr:1039 - genDependencies : Invalid condition id : UX DEVICE CLASS RTOS Condition cause : null
2024-01-12 18:19:05,096 [WARN] PackLoader:240 - Cannot read IP mode file for STMicroelectronics.X-CUBE-FREERTOS.1.0.0
2024-01-12 18:19:05,105 [WARN] PackLoader:240 - Cannot read IP mode file for STMicroelectronics.X-CUBE-FREERTOS.1.0.1
2024-01-12 18:19:05,127 [WARN] PackLoader:240 - Cannot read IP mode file for STMicroelectronics.X-CUBE-AZRTOS-L5.1.1.0
2024-01-12 18:19:05,143 [WARN] PackLoader:240 - Cannot read IP mode file for STMicroelectronics.X-CUBE-AI.8.0.1
2024-01-12 18:19:05,160 [WARN] PackLoader:240 - Cannot read IP mode file for STMicroelectronics.X-CUBE-SUBG2.5.0.0
2024-01-12 18:19:05,184 [WARN] PackLoader:240 - Cannot read IP mode file for STMicroelectronics.X-CUBE-TOF1.3.3.1
2024-01-12 18:19:05,207 [WARN] PackLoader:240 - Cannot read IP mode file for STMicroelectronics.X-CUBE-AZRTOS-G4.2.0.0
2024-01-12 18:19:05,218 [INFO] WebApp:161 - Instantiating new browser for Auth
2024-01-12 18:19:05,225 [WARN] PackLoader:240 - Cannot read IP mode file for STMicroelectronics.X-CUBE-TOF1.3.3.0
2024-01-12 18:19:05,243 [WARN] PackLoader:240 - Cannot read IP mode file for STMicroelectronics.FP-ATR-ASTRA1.1.1.1
2024-01-12 18:19:05,267 [WARN] PackLoader:240 - Cannot read IP mode file for Infineon.AIROC-Wi-Fi-Bluetooth-STM32.1.5.1
2024-01-12 18:19:05,282 [WARN] PackLoader:240 - Cannot read IP mode file for STMicroelectronics.FP-SNS-MOTENVWB1.1.3.0
2024-01-12 18:19:05,296 [WARN] PackLoader:240 - Cannot read IP mode file for STMicroelectronics.FP-SNS-MOTENVWB1.1.3.1
2024-01-12 18:19:05,319 [WARN] PackLoader:240 - Cannot read IP mode file for STMicroelectronics.X-CUBE-AZRTOS-G4.1.0.0
2024-01-12 18:19:05,344 [WARN] PackLoader:240 - Cannot read IP mode file for STMicroelectronics.X-CUBE-AZRTOS-L4.1.0.0
2024-01-12 18:19:05,358 [WARN] PackLoader:240 - Cannot read IP mode file for STMicroelectronics.X-CUBE-ISPU.2.0.0
2024-01-12 18:19:05,401 [WARN] PackLoader:240 - Cannot read IP mode file for STMicroelectronics.X-CUBE-MEMS1.10.0.0
2024-01-12 18:19:05,471 [WARN] PackLoader:240 - Cannot read IP mode file for STMicroelectronics.X-CUBE-FREERTOS.1.1.0
2024-01-12 18:19:05,488 [WARN] PackLoader:240 - Cannot read IP mode file for STMicroelectronics.X-CUBE-AZRTOS-WL.1.0.0
2024-01-12 18:19:05,503 [WARN] PackLoader:240 - Cannot read IP mode file for portGmbH.I-Cube-SoM-uGOAL.1.1.0
2024-01-12 18:19:05,515 [WARN] PackLoader:240 - Cannot read IP mode file for STMicroelectronics.X-CUBE-ALS.1.0.1
2024-01-12 18:19:05,536 [WARN] PackLoader:240 - Cannot read IP mode file for STMicroelectronics.X-CUBE-AZRTOS-WB.1.1.0
2024-01-12 18:19:05,548 [WARN] PackLoader:240 - Cannot read IP mode file for STMicroelectronics.FP-ATR-ASTRA1.2.0.0
2024-01-12 18:19:05,567 [WARN] PackLoader:240 - Cannot read IP mode file for STMicroelectronics.X-CUBE-TOF1.3.4.0
2024-01-12 18:19:05,598 [WARN] PackLoader:240 - Cannot read IP mode file for STMicroelectronics.X-CUBE-AZRTOS-H7.3.2.0
2024-01-12 18:19:05,601 [INFO] ThirdParty:978 - Integrity check success = true
2024-01-12 18:19:05,601 [INFO] IntegrityCheckThread:100 - exiting critical section [integrity check]
2024-01-12 18:19:05,602 [INFO] IntegrityCheckThread:103 - End integrity checks thread
2024-01-12 18:19:05,858 [INFO] WebApp:780 - Register for checkConnection events
2024-01-12 18:19:05,859 [INFO] WebApp:414 - Apply proxy settings
2024-01-12 18:19:05,859 [INFO] WebApp:499 - Chromium requires no authentication
2024-01-12 18:19:05,864 [INFO] WebApp:442 - Direct internet connection detected
2024-01-12 18:19:06,011 [INFO] WebApp:192 - Starting web application
2024-01-12 18:19:06,011 [INFO] WebApp:544 - Web application path used D:\Program Files (x86)\STM32CubeIDE_1.11.2\STM32CubeIDE\plugins\com.st.stm32cube.common.mx_6.10.0.202311202037\db\plugins\mcufinder\reactClient1\index.html
2024-01-12 18:19:26,628 [ERROR] LogOutputStream:75 - [STDERR_REDIRECT] SLF4J: Failed to load class "org.slf4j.impl.StaticLoggerBinder".
2024-01-12 18:19:26,629 [ERROR] LogOutputStream:75 - [STDERR_REDIRECT] SLF4J: Defaulting to no-operation (NOP) logger implementation
2024-01-12 18:19:26,630 [ERROR] LogOutputStream:75 - [STDERR_REDIRECT] SLF4J: See http://www.slf4j.org/codes.html#StaticLoggerBinder for further details.
2024-01-12 18:25:36,031 [ERROR] LogOutputStream:75 - [STDERR_REDIRECT] 
2024-01-12 18:25:52,421 [INFO] Activator:176 - 


2024-01-12 18:25:52,425 [INFO] Activator:177 - !SESSION log4j initialized
2024-01-12 18:25:58,020 [INFO] LogOutputStream:77 - [STDOUT_REDIRECT] 
2024-01-12 18:25:58,816 [INFO] ApplicationProperties:184 - Using Application install path: D:\Program Files (x86)\STM32CubeIDE_1.11.2\STM32CubeIDE\plugins\com.st.stm32cube.common.mx_6.10.0.202311202037
2024-01-12 18:25:58,829 [INFO] DbMcusXml:78 - Set database path to: D:\Program Files (x86)\STM32CubeIDE_1.11.2\STM32CubeIDE\plugins\com.st.stm32cube.common.mx_6.10.0.202311202037\\db\/mcu/
2024-01-12 18:25:58,829 [INFO] ApiDb:274 - Set plugin database path to: D:\Program Files (x86)\STM32CubeIDE_1.11.2\STM32CubeIDE\plugins\com.st.stm32cube.common.mx_6.10.0.202311202037\\db\/plugins/boardmanager/
2024-01-12 18:25:58,830 [WARN] ApiDb:259 - Overriding images path with different value:  => D:\Program Files (x86)\STM32CubeIDE_1.11.2\STM32CubeIDE\plugins\com.st.stm32cube.common.mx_6.10.0.202311202037\\db\/plugins/mcufinder/images/
2024-01-12 18:25:58,833 [INFO] ApiDb:250 - Set database path to: C:\Users\miqix\.stmcufinder\plugins\mcufinder//mcu/
2024-01-12 18:25:58,834 [INFO] DbMcusAds:125 - Set database path to: C:\Users\miqix\.stmcufinder\plugins\mcufinder//mcu/
2024-01-12 18:25:58,835 [INFO] CrossReferenceDbSqlite:203 - Set database path to: C:\Users\miqix\.stmcufinder\plugins\mcufinder//mcu/cs/
2024-01-12 18:25:58,917 [INFO] RulesReader:64 - Compatibility file has been processed (297 Rules)
2024-01-12 18:25:58,973 [INFO] DbMcusXml:78 - Set database path to: D:\Program Files (x86)\STM32CubeIDE_1.11.2\STM32CubeIDE\plugins\com.st.stm32cube.common.mx_6.10.0.202311202037\\db\/mcu/
2024-01-12 18:25:58,974 [INFO] ApiDb:274 - Set plugin database path to: D:\Program Files (x86)\STM32CubeIDE_1.11.2\STM32CubeIDE\plugins\com.st.stm32cube.common.mx_6.10.0.202311202037\\db\/plugins/boardmanager/
2024-01-12 18:25:58,974 [INFO] ApiDb:261 - Set plugin images path to: D:\Program Files (x86)\STM32CubeIDE_1.11.2\STM32CubeIDE\plugins\com.st.stm32cube.common.mx_6.10.0.202311202037\\db\/plugins/mcufinder/images/
2024-01-12 18:25:58,974 [WARN] DbFile:41 - Overriding database path with different value: C:\Users\miqix\.stmcufinder\plugins\mcufinder/ => C:\Users\miqix\.stmcufinder\plugins\mcufinder
2024-01-12 18:25:58,974 [INFO] ApiDb:250 - Set database path to: C:\Users\miqix\.stmcufinder\plugins\mcufinder//mcu/
2024-01-12 18:25:58,974 [WARN] DbFile:41 - Overriding database path with different value: C:\Users\miqix\.stmcufinder\plugins\mcufinder/ => C:\Users\miqix\.stmcufinder\plugins\mcufinder
2024-01-12 18:25:58,974 [INFO] DbMcusAds:125 - Set database path to: C:\Users\miqix\.stmcufinder\plugins\mcufinder//mcu/
2024-01-12 18:25:58,974 [WARN] DbFile:41 - Overriding database path with different value: C:\Users\miqix\.stmcufinder\plugins\mcufinder/ => C:\Users\miqix\.stmcufinder\plugins\mcufinder
2024-01-12 18:25:58,974 [WARN] DbFile:41 - Overriding database path with different value: C:\Users\miqix\.stmcufinder\plugins\mcufinder/ => C:\Users\miqix\.stmcufinder\plugins\mcufinder
2024-01-12 18:25:58,974 [INFO] CrossReferenceDbSqlite:203 - Set database path to: C:\Users\miqix\.stmcufinder\plugins\mcufinder//mcu/cs/
2024-01-12 18:25:59,029 [INFO] MainPanel:264 - HeapMemory: 268435456
2024-01-12 18:25:59,094 [INFO] DbMcusXml:78 - Set database path to: D:\Program Files (x86)\STM32CubeIDE_1.11.2\STM32CubeIDE\plugins\com.st.stm32cube.common.mx_6.10.0.202311202037\\db\/mcu/
2024-01-12 18:25:59,094 [INFO] ApiDb:274 - Set plugin database path to: D:\Program Files (x86)\STM32CubeIDE_1.11.2\STM32CubeIDE\plugins\com.st.stm32cube.common.mx_6.10.0.202311202037\\db\/plugins/boardmanager/
2024-01-12 18:25:59,094 [INFO] ApiDb:261 - Set plugin images path to: D:\Program Files (x86)\STM32CubeIDE_1.11.2\STM32CubeIDE\plugins\com.st.stm32cube.common.mx_6.10.0.202311202037\\db\/plugins/mcufinder/images/
2024-01-12 18:25:59,095 [WARN] DbFile:41 - Overriding database path with different value: C:\Users\miqix\.stmcufinder\plugins\mcufinder/ => C:\Users\miqix\.stmcufinder\plugins\mcufinder
2024-01-12 18:25:59,095 [INFO] ApiDb:250 - Set database path to: C:\Users\miqix\.stmcufinder\plugins\mcufinder//mcu/
2024-01-12 18:25:59,095 [WARN] DbFile:41 - Overriding database path with different value: C:\Users\miqix\.stmcufinder\plugins\mcufinder/ => C:\Users\miqix\.stmcufinder\plugins\mcufinder
2024-01-12 18:25:59,095 [INFO] DbMcusAds:125 - Set database path to: C:\Users\miqix\.stmcufinder\plugins\mcufinder//mcu/
2024-01-12 18:25:59,095 [WARN] DbFile:41 - Overriding database path with different value: C:\Users\miqix\.stmcufinder\plugins\mcufinder/ => C:\Users\miqix\.stmcufinder\plugins\mcufinder
2024-01-12 18:25:59,095 [WARN] DbFile:41 - Overriding database path with different value: C:\Users\miqix\.stmcufinder\plugins\mcufinder/ => C:\Users\miqix\.stmcufinder\plugins\mcufinder
2024-01-12 18:25:59,095 [INFO] CrossReferenceDbSqlite:203 - Set database path to: C:\Users\miqix\.stmcufinder\plugins\mcufinder//mcu/cs/
2024-01-12 18:25:59,115 [INFO] ApplicationProperties:184 - Using Application install path: D:\Program Files (x86)\STM32CubeIDE_1.11.2\STM32CubeIDE\plugins\com.st.stm32cube.common.mx_6.10.0.202311202037
2024-01-12 18:25:59,117 [INFO] PluginManage:196 - Search for loadable plugins [exclusion list=, ]
2024-01-12 18:25:59,119 [INFO] PluginManage:310 - Check plugin analytics
2024-01-12 18:25:59,281 [INFO] AnalyticsPlugin:253 - Accepted Software Licenses: 
2024-01-12 18:25:59,281 [INFO] AnalyticsPlugin:255 - Accepted CMSIS Pack Licenses: 
2024-01-12 18:25:59,281 [INFO] AnalyticsPlugin:257 - Accepted Firmware Licenses: 
2024-01-12 18:25:59,284 [INFO] PluginManage:359 - Loaded plugin analytics (category:tool,tabindex:-1)
2024-01-12 18:25:59,284 [INFO] PluginManage:310 - Check plugin cadmodel
2024-01-12 18:25:59,296 [INFO] CADModel:105 - Init CAD model plugin
2024-01-12 18:25:59,298 [INFO] PluginManage:359 - Loaded plugin cadmodel (category:power,tabindex:5)
2024-01-12 18:25:59,298 [INFO] PluginManage:310 - Check plugin clock
2024-01-12 18:25:59,316 [INFO] PluginManage:359 - Loaded plugin clock (category:base,tabindex:2)
2024-01-12 18:25:59,316 [INFO] PluginManage:310 - Check plugin ddr
2024-01-12 18:25:59,319 [INFO] PluginManage:359 - Loaded plugin ddr (category:tool,tabindex:6)
2024-01-12 18:25:59,319 [INFO] PluginManage:310 - Check plugin filemanager
2024-01-12 18:25:59,495 [INFO] PluginManage:359 - Loaded plugin filemanager (category:base,tabindex:10)
2024-01-12 18:25:59,495 [INFO] PluginManage:310 - Check plugin ipmanager
2024-01-12 18:25:59,504 [INFO] PluginManage:359 - Loaded plugin ipmanager (category:base,tabindex:5)
2024-01-12 18:25:59,504 [INFO] PluginManage:310 - Check plugin lpbam
2024-01-12 18:25:59,521 [INFO] PluginManage:359 - Loaded plugin lpbam (category:base,tabindex:0)
2024-01-12 18:25:59,521 [INFO] PluginManage:310 - Check plugin memorymap
2024-01-12 18:25:59,547 [INFO] PluginManage:359 - Loaded plugin memorymap (category:base,tabindex:4)
2024-01-12 18:25:59,548 [INFO] PluginManage:310 - Check plugin pinoutandconfiguration
2024-01-12 18:25:59,570 [INFO] PluginManage:359 - Loaded plugin pinoutandconfiguration (category:base,tabindex:1)
2024-01-12 18:25:59,570 [INFO] PluginManage:310 - Check plugin pinoutconfig
2024-01-12 18:25:59,699 [WARN] SupportedApi:132 - Cannot load RTOS API schema: s4s-elt-must-match.1: The content of 'definitions' must match (annotation?, (simpleType | complexType)?, (unique | key | keyref)*)). A problem was found starting at: attribute.
2024-01-12 18:25:59,877 [INFO] PluginManage:359 - Loaded plugin pinoutconfig (category:base,tabindex:0)
2024-01-12 18:25:59,877 [INFO] PluginManage:310 - Check plugin power
2024-01-12 18:25:59,893 [INFO] PluginManage:359 - Loaded plugin power (category:power,tabindex:4)
2024-01-12 18:25:59,893 [INFO] PluginManage:310 - Check plugin projectmanager
2024-01-12 18:25:59,907 [INFO] PluginManage:359 - Loaded plugin projectmanager (category:projectmanager,tabindex:3)
2024-01-12 18:25:59,909 [INFO] PluginManage:310 - Check plugin thirdparty
2024-01-12 18:26:00,173 [INFO] PluginManage:359 - Loaded plugin thirdparty (category:base,tabindex:-1)
2024-01-12 18:26:00,173 [WARN] IntegrityCheckThread:84 - waiting for thirdparty lock release [integrity check]
2024-01-12 18:26:00,175 [INFO] PluginManage:310 - Check plugin tools
2024-01-12 18:26:00,175 [INFO] IntegrityCheckThread:86 - entering critical section [integrity check]
2024-01-12 18:26:00,175 [INFO] ThirdPartyUpdaterWithRetryManager:70 - Updater plugin not ready yet. [1/15]
2024-01-12 18:26:00,203 [INFO] PluginManage:359 - Loaded plugin tools (category:base,tabindex:7)
2024-01-12 18:26:00,203 [INFO] PluginManage:310 - Check plugin tutovideos
2024-01-12 18:26:00,342 [INFO] PluginManage:359 - Loaded plugin tutovideos (category:base,tabindex:-1)
2024-01-12 18:26:00,342 [INFO] PluginManage:310 - Check plugin updater
2024-01-12 18:26:00,349 [INFO] PluginManage:359 - Loaded plugin updater (category:base,tabindex:12)
2024-01-12 18:26:00,350 [INFO] PluginManage:310 - Check plugin userauth
2024-01-12 18:26:00,354 [INFO] UserAuth:114 - Init User Auth plugin
2024-01-12 18:26:00,354 [INFO] PluginManage:359 - Loaded plugin userauth (category:base,tabindex:14)
2024-01-12 18:26:00,354 [INFO] PluginManage:283 - PluginManage : Loaded plugins [17]
2024-01-12 18:26:00,509 [INFO] PinOutPanel:1499 - setPackage(No Configuration,No Configuration)
2024-01-12 18:26:00,564 [INFO] CADModel:165 - CPN selected for project level
2024-01-12 18:26:00,564 [INFO] CADModel:114 - Register for checkConnection events
2024-01-12 18:26:00,585 [INFO] IPUIPlugin:80 - create IPUIPlugin
2024-01-12 18:26:00,585 [INFO] PluginManager:220 - loadIPPluginJar : add adc
2024-01-12 18:26:00,611 [INFO] IPUIPlugin:80 - create IPUIPlugin
2024-01-12 18:26:00,612 [INFO] PluginManager:220 - loadIPPluginJar : add aes
2024-01-12 18:26:00,638 [INFO] IPUIPlugin:80 - create IPUIPlugin
2024-01-12 18:26:00,639 [INFO] PluginManager:220 - loadIPPluginJar : add can
2024-01-12 18:26:00,655 [INFO] IPUIPlugin:80 - create IPUIPlugin
2024-01-12 18:26:00,655 [INFO] PluginManager:220 - loadIPPluginJar : add comp
2024-01-12 18:26:00,678 [INFO] IPUIPlugin:80 - create IPUIPlugin
2024-01-12 18:26:00,678 [INFO] PluginManager:220 - loadIPPluginJar : add cryp
2024-01-12 18:26:00,699 [INFO] IPUIPlugin:80 - create IPUIPlugin
2024-01-12 18:26:00,700 [INFO] PluginManager:220 - loadIPPluginJar : add dfsdm
2024-01-12 18:26:00,710 [INFO] IPUIPlugin:80 - create IPUIPlugin
2024-01-12 18:26:00,710 [INFO] PluginManager:220 - loadIPPluginJar : add dma
2024-01-12 18:26:00,741 [INFO] IPUIPlugin:80 - create IPUIPlugin
2024-01-12 18:26:00,742 [INFO] PluginManager:220 - loadIPPluginJar : add dma3
2024-01-12 18:26:00,756 [INFO] IPUIPlugin:80 - create IPUIPlugin
2024-01-12 18:26:00,756 [INFO] PluginManager:220 - loadIPPluginJar : add fatfs
2024-01-12 18:26:00,791 [INFO] IPUIPlugin:80 - create IPUIPlugin
2024-01-12 18:26:00,791 [INFO] PluginManager:220 - loadIPPluginJar : add fmc
2024-01-12 18:26:00,802 [INFO] IPUIPlugin:80 - create IPUIPlugin
2024-01-12 18:26:00,802 [INFO] PluginManager:220 - loadIPPluginJar : add freertos
2024-01-12 18:26:00,817 [INFO] IPUIPlugin:80 - create IPUIPlugin
2024-01-12 18:26:00,818 [INFO] PluginManager:220 - loadIPPluginJar : add genericplugin
2024-01-12 18:26:00,879 [INFO] IPUIPlugin:80 - create IPUIPlugin
2024-01-12 18:26:00,879 [INFO] PluginManager:220 - loadIPPluginJar : add gfxmmu
2024-01-12 18:26:00,972 [INFO] IPUIPlugin:80 - create IPUIPlugin
2024-01-12 18:26:00,972 [INFO] PluginManager:220 - loadIPPluginJar : add gic
2024-01-12 18:26:00,981 [INFO] IPUIPlugin:80 - create IPUIPlugin
2024-01-12 18:26:00,981 [INFO] PluginManager:220 - loadIPPluginJar : add gpio
2024-01-12 18:26:01,047 [INFO] IPUIPlugin:80 - create IPUIPlugin
2024-01-12 18:26:01,047 [INFO] PluginManager:220 - loadIPPluginJar : add gtzc
2024-01-12 18:26:01,071 [INFO] IPUIPlugin:80 - create IPUIPlugin
2024-01-12 18:26:01,071 [INFO] PluginManager:220 - loadIPPluginJar : add hash
2024-01-12 18:26:01,107 [INFO] IPUIPlugin:80 - create IPUIPlugin
2024-01-12 18:26:01,107 [INFO] PluginManager:220 - loadIPPluginJar : add i2c
2024-01-12 18:26:01,138 [INFO] IPUIPlugin:80 - create IPUIPlugin
2024-01-12 18:26:01,138 [INFO] PluginManager:220 - loadIPPluginJar : add i2s
2024-01-12 18:26:01,169 [INFO] IPUIPlugin:80 - create IPUIPlugin
2024-01-12 18:26:01,169 [INFO] PluginManager:220 - loadIPPluginJar : add i3c
2024-01-12 18:26:01,244 [INFO] IPUIPlugin:80 - create IPUIPlugin
2024-01-12 18:26:01,244 [INFO] PluginManager:220 - loadIPPluginJar : add ipddr
2024-01-12 18:26:01,309 [INFO] IPUIPlugin:80 - create IPUIPlugin
2024-01-12 18:26:01,309 [INFO] PluginManager:220 - loadIPPluginJar : add linkedlist
2024-01-12 18:26:01,335 [INFO] IPUIPlugin:80 - create IPUIPlugin
2024-01-12 18:26:01,335 [INFO] PluginManager:220 - loadIPPluginJar : add lorawan
2024-01-12 18:26:01,360 [INFO] IPUIPlugin:80 - create IPUIPlugin
2024-01-12 18:26:01,361 [INFO] PluginManager:220 - loadIPPluginJar : add ltdc
2024-01-12 18:26:01,371 [INFO] IPUIPlugin:80 - create IPUIPlugin
2024-01-12 18:26:01,371 [INFO] PluginManager:220 - loadIPPluginJar : add mdma
2024-01-12 18:26:01,381 [INFO] IPUIPlugin:80 - create IPUIPlugin
2024-01-12 18:26:01,381 [INFO] PluginManager:220 - loadIPPluginJar : add nvic
2024-01-12 18:26:01,407 [INFO] IPUIPlugin:80 - create IPUIPlugin
2024-01-12 18:26:01,407 [INFO] PluginManager:220 - loadIPPluginJar : add opamp
2024-01-12 18:26:01,449 [INFO] IPUIPlugin:80 - create IPUIPlugin
2024-01-12 18:26:01,450 [INFO] PluginManager:220 - loadIPPluginJar : add openamp
2024-01-12 18:26:01,479 [INFO] IPUIPlugin:80 - create IPUIPlugin
2024-01-12 18:26:01,479 [INFO] PluginManager:220 - loadIPPluginJar : add pdm2pcm
2024-01-12 18:26:01,489 [INFO] IPUIPlugin:80 - create IPUIPlugin
2024-01-12 18:26:01,491 [INFO] PluginManager:220 - loadIPPluginJar : add plateformsettings
2024-01-12 18:26:01,508 [INFO] IPUIPlugin:80 - create IPUIPlugin
2024-01-12 18:26:01,508 [INFO] PluginManager:220 - loadIPPluginJar : add quadspi
2024-01-12 18:26:01,517 [INFO] IPUIPlugin:80 - create IPUIPlugin
2024-01-12 18:26:01,517 [INFO] PluginManager:220 - loadIPPluginJar : add resmgrutility
2024-01-12 18:26:01,550 [INFO] IPUIPlugin:80 - create IPUIPlugin
2024-01-12 18:26:01,551 [INFO] PluginManager:220 - loadIPPluginJar : add sai
2024-01-12 18:26:01,576 [INFO] IPUIPlugin:80 - create IPUIPlugin
2024-01-12 18:26:01,577 [INFO] PluginManager:220 - loadIPPluginJar : add spi
2024-01-12 18:26:01,625 [INFO] IPUIPlugin:80 - create IPUIPlugin
2024-01-12 18:26:01,626 [INFO] PluginManager:220 - loadIPPluginJar : add stm32_wpan
2024-01-12 18:26:01,643 [INFO] IPUIPlugin:80 - create IPUIPlugin
2024-01-12 18:26:01,643 [INFO] PluginManager:220 - loadIPPluginJar : add tim
2024-01-12 18:26:01,682 [INFO] IPUIPlugin:80 - create IPUIPlugin
2024-01-12 18:26:01,683 [INFO] PluginManager:220 - loadIPPluginJar : add touchsensing
2024-01-12 18:26:01,698 [INFO] IPUIPlugin:80 - create IPUIPlugin
2024-01-12 18:26:01,699 [INFO] PluginManager:220 - loadIPPluginJar : add tracer_emb
2024-01-12 18:26:01,716 [INFO] IPUIPlugin:80 - create IPUIPlugin
2024-01-12 18:26:01,716 [INFO] PluginManager:220 - loadIPPluginJar : add ts
2024-01-12 18:26:01,731 [INFO] IPUIPlugin:80 - create IPUIPlugin
2024-01-12 18:26:01,731 [INFO] PluginManager:220 - loadIPPluginJar : add tsc
2024-01-12 18:26:01,747 [INFO] IPUIPlugin:80 - create IPUIPlugin
2024-01-12 18:26:01,747 [INFO] PluginManager:220 - loadIPPluginJar : add ucpd
2024-01-12 18:26:01,779 [INFO] IPUIPlugin:80 - create IPUIPlugin
2024-01-12 18:26:01,779 [INFO] PluginManager:220 - loadIPPluginJar : add usart
2024-01-12 18:26:01,809 [INFO] IPUIPlugin:80 - create IPUIPlugin
2024-01-12 18:26:01,809 [INFO] PluginManager:220 - loadIPPluginJar : add usbx
2024-01-12 18:26:01,919 [INFO] CADModel:165 - CPN selected for project level
2024-01-12 18:26:01,919 [INFO] CADModel:114 - Register for checkConnection events
2024-01-12 18:26:01,921 [FATAL] Updater:308 - Updater called before beeing initialized
2024-01-12 18:26:01,921 [ERROR] CADModel:125 - Updater not yet initialized, retry later 
2024-01-12 18:26:02,013 [INFO] CADModel:165 - CPN selected for project level
2024-01-12 18:26:02,013 [INFO] CADModel:114 - Register for checkConnection events
2024-01-12 18:26:02,013 [FATAL] Updater:308 - Updater called before beeing initialized
2024-01-12 18:26:02,013 [ERROR] CADModel:125 - Updater not yet initialized, retry later 
2024-01-12 18:26:02,015 [FATAL] Updater:308 - Updater called before beeing initialized
2024-01-12 18:26:02,091 [FATAL] Updater:308 - Updater called before beeing initialized
2024-01-12 18:26:02,098 [INFO] DbMcusAds:53 - JSON generation date=Thu Sep 30 08:55:09 CEST 2021 (1632984909247)
2024-01-12 18:26:02,099 [FATAL] Updater:308 - Updater called before beeing initialized
2024-01-12 18:26:02,156 [WARN] DetailPanel:346 - Failed to get advertising image, set to default
2024-01-12 18:26:02,235 [FATAL] Updater:308 - Updater called before beeing initialized
2024-01-12 18:26:02,237 [FATAL] Updater:308 - Updater called before beeing initialized
2024-01-12 18:26:02,237 [FATAL] Updater:308 - Updater called before beeing initialized
2024-01-12 18:26:02,237 [WARN] DetailPanel:346 - Failed to get advertising image, set to default
2024-01-12 18:26:02,237 [FATAL] Updater:308 - Updater called before beeing initialized
2024-01-12 18:26:02,278 [ERROR] Updater:1120 - MainUpdater not yet initialized. External WinMGr cannot be set.
2024-01-12 18:26:02,287 [INFO] Updater:1056 - Updater Version found : 6.10.0
2024-01-12 18:26:02,299 [INFO] ApplicationProperties:184 - Using Application install path: D:\Program Files (x86)\STM32CubeIDE_1.11.2\STM32CubeIDE\plugins\com.st.stm32cube.common.mx_6.10.0.202311202037
2024-01-12 18:26:03,177 [INFO] ThirdPartyUpdaterWithRetryManager:70 - Updater plugin not ready yet. [2/15]
2024-01-12 18:26:03,875 [ERROR] LogOutputStream:75 - [STDERR_REDIRECT] Jan 12, 2024 6:26:03 PM java.util.prefs.WindowsPreferences <init>
2024-01-12 18:26:03,876 [ERROR] LogOutputStream:75 - [STDERR_REDIRECT] WARNING: Could not open/create prefs root node Software\JavaSoft\Prefs at root 0xffffffff80000002. Windows RegCreateKeyEx(...) returned error code 5.
2024-01-12 18:26:03,876 [ERROR] LogOutputStream:75 - [STDERR_REDIRECT] 
2024-01-12 18:26:04,281 [INFO] MainUpdater:2873 - connection check result : 10
2024-01-12 18:26:04,281 [INFO] MainUpdater:290 - Updater Check For Update Now.
2024-01-12 18:26:04,281 [INFO] MicroXplorer:498 - Change Database Version : DB.6.0.100
2024-01-12 18:26:04,293 [INFO] McuFinderGlobals:63 - Set McuFinder mode to 2 (CubeIDE integrated)
2024-01-12 18:26:04,293 [INFO] UserAuth:180 - activating auth plugin
2024-01-12 18:26:04,295 [INFO] UserAuth:404 - Internet connection configuration mode: 1
2024-01-12 18:26:04,310 [INFO] JxBrowserEngine:152 - Initiate JxBrowser Engine with user profile folder
2024-01-12 18:26:04,451 [INFO] CheckServerUpdateThread:120 - End of CheckServer Thread
2024-01-12 18:26:05,778 [INFO] WebApp:161 - Instantiating new browser for Auth
2024-01-12 18:26:06,220 [INFO] WebApp:780 - Register for checkConnection events
2024-01-12 18:26:06,220 [INFO] WebApp:414 - Apply proxy settings
2024-01-12 18:26:06,221 [INFO] WebApp:499 - Chromium requires no authentication
2024-01-12 18:26:06,228 [INFO] WebApp:442 - Direct internet connection detected
2024-01-12 18:26:06,327 [WARN] PackLoader:240 - Cannot read IP mode file for STMicroelectronics.X-CUBE-SMBUS.2.1.0
2024-01-12 18:26:06,344 [WARN] PackLoader:240 - Cannot read IP mode file for STMicroelectronics.X-CUBE-TOUCHGFX.4.23.0
2024-01-12 18:26:06,377 [WARN] PackLoader:240 - Cannot read IP mode file for STMicroelectronics.X-CUBE-AZRTOS-F7.1.1.0
2024-01-12 18:26:06,390 [ERROR] RealEvaluatedCondition:428 - Found unsupported composite condition: CLASS='Data Exchange' GROUP='STM32_MetaDataManager'
2024-01-12 18:26:06,391 [ERROR] RealEvaluatedCondition:428 - Found unsupported composite condition: CLASS='Data Exchange' GROUP='STM32_MetaDataManager'
2024-01-12 18:26:06,392 [WARN] PackLoader:240 - Cannot read IP mode file for STMicroelectronics.FP-SNS-MOTENV1.4.3.0
2024-01-12 18:26:06,406 [WARN] PackLoader:240 - Cannot read IP mode file for STMicroelectronics.FP-SNS-MOTENV1.4.3.2
2024-01-12 18:26:06,418 [WARN] PackLoader:240 - Cannot read IP mode file for STMicroelectronics.FP-SNS-FLIGHT1.5.0.0
2024-01-12 18:26:06,426 [INFO] WebApp:192 - Starting web application
2024-01-12 18:26:06,427 [INFO] WebApp:544 - Web application path used D:\Program Files (x86)\STM32CubeIDE_1.11.2\STM32CubeIDE\plugins\com.st.stm32cube.common.mx_6.10.0.202311202037\db\plugins\mcufinder\reactClient1\index.html
2024-01-12 18:26:06,429 [ERROR] RealEvaluatedCondition:428 - Found unsupported composite condition: GROUP='STM32_MetaDataManager' CLASS='Data Exchange'
2024-01-12 18:26:06,430 [ERROR] RealEvaluatedCondition:428 - Found unsupported composite condition: GROUP='STM32_MetaDataManager' CLASS='Data Exchange'
2024-01-12 18:26:06,431 [WARN] PackLoader:240 - Cannot read IP mode file for STMicroelectronics.FP-SNS-MOTENV1.4.3.1
2024-01-12 18:26:06,443 [WARN] PackLoader:240 - Cannot read IP mode file for STMicroelectronics.FP-SNS-FLIGHT1.5.0.1
2024-01-12 18:26:06,458 [WARN] PackLoader:240 - Cannot read IP mode file for STMicroelectronics.X-CUBE-BLE1.6.2.4
2024-01-12 18:26:06,469 [WARN] PackLoader:240 - Cannot read IP mode file for STMicroelectronics.FP-SNS-FLIGHT1.5.0.2
2024-01-12 18:26:06,483 [WARN] PackLoader:240 - Cannot read IP mode file for STMicroelectronics.X-CUBE-DISPLAY.3.0.0
2024-01-12 18:26:06,496 [WARN] PackLoader:240 - Cannot read IP mode file for STMicroelectronics.X-CUBE-BLE1.7.0.0
2024-01-12 18:26:06,508 [WARN] PackLoader:240 - Cannot read IP mode file for STMicroelectronics.X-CUBE-TOUCHGFX.4.22.0
2024-01-12 18:26:06,518 [WARN] PackLoader:240 - Cannot read IP mode file for STMicroelectronics.X-CUBE-TOUCHGFX.4.22.1
2024-01-12 18:26:06,528 [WARN] PackLoader:240 - Cannot read IP mode file for STMicroelectronics.FP-SNS-SMARTAG2.1.2.0
2024-01-12 18:26:06,547 [INFO] LogOutputStream:77 - [STDOUT_REDIRECT] 1 : Invalid condition id : UX_CORESTACK_Condition cause : null
2024-01-12 18:26:06,547 [INFO] LogOutputStream:77 - [STDOUT_REDIRECT] 1 : Invalid condition id : UX_CORESTACK_Condition cause : null
2024-01-12 18:26:06,548 [INFO] LogOutputStream:77 - [STDOUT_REDIRECT] 1 : Invalid condition id : UX_CORESTACK_Condition cause : null
2024-01-12 18:26:06,549 [INFO] LogOutputStream:77 - [STDOUT_REDIRECT] 1 : Invalid condition id : UX_CORESTACK_Condition cause : null
2024-01-12 18:26:06,552 [INFO] LogOutputStream:77 - [STDOUT_REDIRECT] 1 : Invalid condition id : UX_CORESTACK_Condition cause : null
2024-01-12 18:26:06,555 [WARN] PackLoader:240 - Cannot read IP mode file for STMicroelectronics.X-CUBE-AZRTOS-WL.2.0.0
2024-01-12 18:26:06,571 [WARN] PackLoader:240 - Cannot read IP mode file for WES.I-CUBE-Cesium.1.3.0
2024-01-12 18:26:06,583 [WARN] PackLoader:240 - Cannot read IP mode file for STMicroelectronics.X-CUBE-BLE2.3.3.0
2024-01-12 18:26:06,597 [WARN] PackLoader:240 - Cannot read IP mode file for STMicroelectronics.X-CUBE-TOF1.3.2.0
2024-01-12 18:26:06,620 [WARN] PackLoader:240 - Cannot read IP mode file for STMicroelectronics.X-CUBE-TOUCHGFX.4.21.1
2024-01-12 18:26:06,629 [WARN] PackLoader:240 - Cannot read IP mode file for STMicroelectronics.X-CUBE-TOUCHGFX.4.21.3
2024-01-12 18:26:06,639 [WARN] PackLoader:240 - Cannot read IP mode file for STMicroelectronics.X-CUBE-TOUCHGFX.4.21.4
2024-01-12 18:26:06,678 [WARN] PackLoader:240 - Cannot read IP mode file for STMicroelectronics.X-CUBE-MEMS1.9.4.0
2024-01-12 18:26:06,762 [WARN] PackLoader:240 - Cannot read IP mode file for STMicroelectronics.X-CUBE-AI.7.3.0
2024-01-12 18:26:06,774 [WARN] PackLoader:240 - Cannot read IP mode file for STMicroelectronics.X-CUBE-ALGOBUILD.1.3.0
2024-01-12 18:26:06,793 [WARN] PackLoader:240 - Cannot read IP mode file for STMicroelectronics.X-CUBE-AZRTOS-G0.1.1.0
2024-01-12 18:26:06,811 [WARN] PackLoader:240 - Cannot read IP mode file for STMicroelectronics.X-CUBE-NFC4.3.0.0
2024-01-12 18:26:06,827 [WARN] PackLoader:240 - Cannot read IP mode file for STMicroelectronics.X-CUBE-BLEMGR.3.0.0
2024-01-12 18:26:06,842 [WARN] PackLoader:240 - Cannot read IP mode file for STMicroelectronics.X-CUBE-BLEMGR.1.3.0
2024-01-12 18:26:06,869 [WARN] PackLoader:240 - Cannot read IP mode file for STMicroelectronics.FP-ATR-SIGFOX1.3.2.0
2024-01-12 18:26:06,925 [WARN] PackLoader:240 - Cannot read IP mode file for STMicroelectronics.X-CUBE-MEMS1.9.5.0
2024-01-12 18:26:07,052 [WARN] PackLoader:240 - Cannot read IP mode file for SEGGER.I-CUBE-embOS.1.3.1
2024-01-12 18:26:07,084 [WARN] PackLoader:240 - Cannot read IP mode file for STMicroelectronics.X-CUBE-GNSS1.6.0.0
2024-01-12 18:26:07,106 [WARN] PackLoader:240 - Cannot read IP mode file for STMicroelectronics.X-CUBE-AZRTOS-F4.1.1.0
2024-01-12 18:26:07,128 [WARN] PackLoader:240 - Cannot read IP mode file for STMicroelectronics.X-CUBE-AZRTOS-L5.2.0.0
2024-01-12 18:26:07,173 [WARN] PackLoader:240 - Cannot read IP mode file for STMicroelectronics.X-CUBE-MEMS1.9.6.0
2024-01-12 18:26:07,288 [WARN] PackLoader:240 - Cannot read IP mode file for STMicroelectronics.X-CUBE-EEPRMA1.4.2.0
2024-01-12 18:26:07,299 [WARN] PackLoader:240 - Cannot read IP mode file for ITTIA_DB.I-CUBE-ITTIADB.8.8.0
2024-01-12 18:26:07,312 [WARN] PackLoader:240 - Cannot read IP mode file for emotas.I-CUBE-CANOPEN.1.1.3
2024-01-12 18:26:07,327 [WARN] PackLoader:240 - Cannot read IP mode file for STMicroelectronics.X-CUBE-BLEMGR.2.0.0
2024-01-12 18:26:07,348 [WARN] ConditionMgr:438 - getConditionDescription Invalid condition id : UX DEVICE CLASS RTOS Condition cause : null
2024-01-12 18:26:07,348 [WARN] ConditionMgr:438 - getConditionDescription Invalid condition id : UX DEVICE CLASS RTOS Condition cause : null
2024-01-12 18:26:07,350 [WARN] PackLoader:240 - Cannot read IP mode file for STMicroelectronics.X-CUBE-AZRTOS-H7.3.1.0
2024-01-12 18:26:07,353 [WARN] ConditionMgr:1039 - genDependencies : Invalid condition id : UX DEVICE CLASS RTOS Condition cause : null
2024-01-12 18:26:07,353 [WARN] ConditionMgr:1039 - genDependencies : Invalid condition id : UX DEVICE CLASS RTOS Condition cause : null
2024-01-12 18:26:07,353 [WARN] ConditionMgr:1039 - genDependencies : Invalid condition id : UX DEVICE CLASS RTOS Condition cause : null
2024-01-12 18:26:07,353 [WARN] ConditionMgr:1039 - genDependencies : Invalid condition id : UX DEVICE CLASS RTOS Condition cause : null
2024-01-12 18:26:07,353 [WARN] ConditionMgr:1039 - genDependencies : Invalid condition id : UX DEVICE CLASS RTOS Condition cause : null
2024-01-12 18:26:07,365 [WARN] PackLoader:240 - Cannot read IP mode file for wolfSSL.I-CUBE-wolfSSL.5.5.4
2024-01-12 18:26:07,375 [WARN] PackLoader:240 - Cannot read IP mode file for STMicroelectronics.X-CUBE-NFC7.1.0.1
2024-01-12 18:26:07,385 [WARN] PackLoader:240 - Cannot read IP mode file for STMicroelectronics.X-CUBE-NFC7.1.0.0
2024-01-12 18:26:07,398 [WARN] PackLoader:240 - Cannot read IP mode file for STMicroelectronics.X-CUBE-NFC6.3.0.0
2024-01-12 18:26:07,410 [WARN] PackLoader:240 - Cannot read IP mode file for STMicroelectronics.X-CUBE-EEPRMA1.4.1.0
2024-01-12 18:26:07,422 [WARN] PackLoader:240 - Cannot read IP mode file for STMicroelectronics.X-CUBE-AI.8.1.0
2024-01-12 18:26:07,445 [WARN] ConditionMgr:438 - getConditionDescription Invalid condition id : LAN8742 Phy interface Condition cause : null
2024-01-12 18:26:07,445 [WARN] PackLoader:240 - Cannot read IP mode file for STMicroelectronics.X-CUBE-AZRTOS-L4.2.0.0
2024-01-12 18:26:07,446 [WARN] ConditionMgr:1039 - genDependencies : Invalid condition id : LAN8742 Phy interface Condition cause : null
2024-01-12 18:26:07,446 [WARN] ConditionMgr:1039 - genDependencies : Invalid condition id : LAN8742 Phy interface Condition cause : null
2024-01-12 18:26:07,446 [WARN] ConditionMgr:1039 - genDependencies : Invalid condition id : LAN8742 Phy interface Condition cause : null
2024-01-12 18:26:07,458 [WARN] PackLoader:240 - Cannot read IP mode file for STMicroelectronics.X-CUBE-SFXS2LP1.4.0.0
2024-01-12 18:26:07,483 [WARN] PackLoader:240 - Cannot read IP mode file for STMicroelectronics.X-CUBE-AZRTOS-H7.3.0.0
2024-01-12 18:26:07,498 [WARN] PackLoader:240 - Cannot read IP mode file for STMicroelectronics.X-CUBE-ISPU.1.1.0
2024-01-12 18:26:07,512 [WARN] PackLoader:240 - Cannot read IP mode file for RoweBots.I-CUBE-UNISONRTOS.5.5.0-4
2024-01-12 18:26:07,522 [WARN] PackLoader:240 - Cannot read IP mode file for STMicroelectronics.X-CUBE-AI.8.0.0
2024-01-12 18:26:07,541 [WARN] ConditionMgr:438 - getConditionDescription Invalid condition id : UX DEVICE CLASS RTOS Condition cause : null
2024-01-12 18:26:07,542 [WARN] ConditionMgr:438 - getConditionDescription Invalid condition id : UX DEVICE CLASS RTOS Condition cause : null
2024-01-12 18:26:07,543 [WARN] PackLoader:240 - Cannot read IP mode file for STMicroelectronics.X-CUBE-AZRTOS-WB.2.0.0
2024-01-12 18:26:07,543 [WARN] ConditionMgr:1039 - genDependencies : Invalid condition id : UX DEVICE CLASS RTOS Condition cause : null
2024-01-12 18:26:07,543 [WARN] ConditionMgr:1039 - genDependencies : Invalid condition id : UX DEVICE CLASS RTOS Condition cause : null
2024-01-12 18:26:07,544 [WARN] ConditionMgr:1039 - genDependencies : Invalid condition id : UX DEVICE CLASS RTOS Condition cause : null
2024-01-12 18:26:07,544 [WARN] ConditionMgr:1039 - genDependencies : Invalid condition id : UX DEVICE CLASS RTOS Condition cause : null
2024-01-12 18:26:07,544 [WARN] ConditionMgr:1039 - genDependencies : Invalid condition id : UX DEVICE CLASS RTOS Condition cause : null
2024-01-12 18:26:07,556 [WARN] PackLoader:240 - Cannot read IP mode file for STMicroelectronics.X-CUBE-FREERTOS.1.0.0
2024-01-12 18:26:07,566 [WARN] PackLoader:240 - Cannot read IP mode file for STMicroelectronics.X-CUBE-FREERTOS.1.0.1
2024-01-12 18:26:07,586 [WARN] PackLoader:240 - Cannot read IP mode file for STMicroelectronics.X-CUBE-AZRTOS-L5.1.1.0
2024-01-12 18:26:07,602 [WARN] PackLoader:240 - Cannot read IP mode file for STMicroelectronics.X-CUBE-AI.8.0.1
2024-01-12 18:26:07,619 [WARN] PackLoader:240 - Cannot read IP mode file for STMicroelectronics.X-CUBE-SUBG2.5.0.0
2024-01-12 18:26:07,636 [WARN] PackLoader:240 - Cannot read IP mode file for STMicroelectronics.X-CUBE-TOF1.3.3.1
2024-01-12 18:26:07,659 [WARN] PackLoader:240 - Cannot read IP mode file for STMicroelectronics.X-CUBE-AZRTOS-G4.2.0.0
2024-01-12 18:26:07,675 [WARN] PackLoader:240 - Cannot read IP mode file for STMicroelectronics.X-CUBE-TOF1.3.3.0
2024-01-12 18:26:07,690 [WARN] PackLoader:240 - Cannot read IP mode file for STMicroelectronics.FP-ATR-ASTRA1.1.1.1
2024-01-12 18:26:07,709 [WARN] PackLoader:240 - Cannot read IP mode file for Infineon.AIROC-Wi-Fi-Bluetooth-STM32.1.5.1
2024-01-12 18:26:07,722 [WARN] PackLoader:240 - Cannot read IP mode file for STMicroelectronics.FP-SNS-MOTENVWB1.1.3.0
2024-01-12 18:26:07,733 [WARN] PackLoader:240 - Cannot read IP mode file for STMicroelectronics.FP-SNS-MOTENVWB1.1.3.1
2024-01-12 18:26:07,757 [WARN] PackLoader:240 - Cannot read IP mode file for STMicroelectronics.X-CUBE-AZRTOS-G4.1.0.0
2024-01-12 18:26:07,785 [WARN] PackLoader:240 - Cannot read IP mode file for STMicroelectronics.X-CUBE-AZRTOS-L4.1.0.0
2024-01-12 18:26:07,800 [WARN] PackLoader:240 - Cannot read IP mode file for STMicroelectronics.X-CUBE-ISPU.2.0.0
2024-01-12 18:26:07,839 [WARN] PackLoader:240 - Cannot read IP mode file for STMicroelectronics.X-CUBE-MEMS1.10.0.0
2024-01-12 18:26:07,894 [WARN] PackLoader:240 - Cannot read IP mode file for STMicroelectronics.X-CUBE-FREERTOS.1.1.0
2024-01-12 18:26:07,907 [WARN] PackLoader:240 - Cannot read IP mode file for STMicroelectronics.X-CUBE-AZRTOS-WL.1.0.0
2024-01-12 18:26:07,917 [WARN] PackLoader:240 - Cannot read IP mode file for portGmbH.I-Cube-SoM-uGOAL.1.1.0
2024-01-12 18:26:07,927 [WARN] PackLoader:240 - Cannot read IP mode file for STMicroelectronics.X-CUBE-ALS.1.0.1
2024-01-12 18:26:07,942 [WARN] PackLoader:240 - Cannot read IP mode file for STMicroelectronics.X-CUBE-AZRTOS-WB.1.1.0
2024-01-12 18:26:07,950 [WARN] PackLoader:240 - Cannot read IP mode file for STMicroelectronics.FP-ATR-ASTRA1.2.0.0
2024-01-12 18:26:07,963 [WARN] PackLoader:240 - Cannot read IP mode file for STMicroelectronics.X-CUBE-TOF1.3.4.0
2024-01-12 18:26:07,993 [WARN] PackLoader:240 - Cannot read IP mode file for STMicroelectronics.X-CUBE-AZRTOS-H7.3.2.0
2024-01-12 18:26:07,995 [INFO] ThirdParty:978 - Integrity check success = true
2024-01-12 18:26:07,995 [INFO] IntegrityCheckThread:100 - exiting critical section [integrity check]
2024-01-12 18:26:07,995 [INFO] IntegrityCheckThread:103 - End integrity checks thread
2024-01-12 18:26:27,018 [ERROR] LogOutputStream:75 - [STDERR_REDIRECT] SLF4J: Failed to load class "org.slf4j.impl.StaticLoggerBinder".
2024-01-12 18:26:27,020 [ERROR] LogOutputStream:75 - [STDERR_REDIRECT] SLF4J: Defaulting to no-operation (NOP) logger implementation
2024-01-12 18:26:27,020 [ERROR] LogOutputStream:75 - [STDERR_REDIRECT] SLF4J: See http://www.slf4j.org/codes.html#StaticLoggerBinder for further details.
2024-01-12 19:40:52,685 [ERROR] LogOutputStream:75 - [STDERR_REDIRECT] 
