2023-12-28 16:33:58,101 [INFO] Activator:176 - 


2023-12-28 16:33:58,105 [INFO] Activator:177 - !SESSION log4j initialized
2023-12-28 16:34:06,556 [INFO] LogOutputStream:77 - [STDOUT_REDIRECT] 
2023-12-28 16:34:07,636 [INFO] ApplicationProperties:184 - Using Application install path: D:\Program Files (x86)\STM32CubeIDE_1.11.2\STM32CubeIDE\plugins\com.st.stm32cube.common.mx_6.10.0.202311202037
2023-12-28 16:34:07,658 [INFO] DbMcusXml:78 - Set database path to: D:\Program Files (x86)\STM32CubeIDE_1.11.2\STM32CubeIDE\plugins\com.st.stm32cube.common.mx_6.10.0.202311202037\\db\/mcu/
2023-12-28 16:34:07,658 [INFO] ApiDb:274 - Set plugin database path to: D:\Program Files (x86)\STM32CubeIDE_1.11.2\STM32CubeIDE\plugins\com.st.stm32cube.common.mx_6.10.0.202311202037\\db\/plugins/boardmanager/
2023-12-28 16:34:07,658 [WARN] ApiDb:259 - Overriding images path with different value:  => D:\Program Files (x86)\STM32CubeIDE_1.11.2\STM32CubeIDE\plugins\com.st.stm32cube.common.mx_6.10.0.202311202037\\db\/plugins/mcufinder/images/
2023-12-28 16:34:07,665 [INFO] ApiDb:250 - Set database path to: C:\Users\miqix\.stmcufinder\plugins\mcufinder//mcu/
2023-12-28 16:34:07,667 [INFO] DbMcusAds:125 - Set database path to: C:\Users\miqix\.stmcufinder\plugins\mcufinder//mcu/
2023-12-28 16:34:07,669 [INFO] CrossReferenceDbSqlite:203 - Set database path to: C:\Users\miqix\.stmcufinder\plugins\mcufinder//mcu/cs/
2023-12-28 16:34:07,796 [INFO] RulesReader:64 - Compatibility file has been processed (297 Rules)
2023-12-28 16:34:07,893 [INFO] DbMcusXml:78 - Set database path to: D:\Program Files (x86)\STM32CubeIDE_1.11.2\STM32CubeIDE\plugins\com.st.stm32cube.common.mx_6.10.0.202311202037\\db\/mcu/
2023-12-28 16:34:07,893 [INFO] ApiDb:274 - Set plugin database path to: D:\Program Files (x86)\STM32CubeIDE_1.11.2\STM32CubeIDE\plugins\com.st.stm32cube.common.mx_6.10.0.202311202037\\db\/plugins/boardmanager/
2023-12-28 16:34:07,893 [INFO] ApiDb:261 - Set plugin images path to: D:\Program Files (x86)\STM32CubeIDE_1.11.2\STM32CubeIDE\plugins\com.st.stm32cube.common.mx_6.10.0.202311202037\\db\/plugins/mcufinder/images/
2023-12-28 16:34:07,893 [WARN] DbFile:41 - Overriding database path with different value: C:\Users\miqix\.stmcufinder\plugins\mcufinder/ => C:\Users\miqix\.stmcufinder\plugins\mcufinder
2023-12-28 16:34:07,893 [INFO] ApiDb:250 - Set database path to: C:\Users\miqix\.stmcufinder\plugins\mcufinder//mcu/
2023-12-28 16:34:07,893 [WARN] DbFile:41 - Overriding database path with different value: C:\Users\miqix\.stmcufinder\plugins\mcufinder/ => C:\Users\miqix\.stmcufinder\plugins\mcufinder
2023-12-28 16:34:07,893 [INFO] DbMcusAds:125 - Set database path to: C:\Users\miqix\.stmcufinder\plugins\mcufinder//mcu/
2023-12-28 16:34:07,893 [WARN] DbFile:41 - Overriding database path with different value: C:\Users\miqix\.stmcufinder\plugins\mcufinder/ => C:\Users\miqix\.stmcufinder\plugins\mcufinder
2023-12-28 16:34:07,894 [WARN] DbFile:41 - Overriding database path with different value: C:\Users\miqix\.stmcufinder\plugins\mcufinder/ => C:\Users\miqix\.stmcufinder\plugins\mcufinder
2023-12-28 16:34:07,894 [INFO] CrossReferenceDbSqlite:203 - Set database path to: C:\Users\miqix\.stmcufinder\plugins\mcufinder//mcu/cs/
2023-12-28 16:34:07,982 [INFO] MainPanel:264 - HeapMemory: 429916160
2023-12-28 16:34:08,085 [INFO] DbMcusXml:78 - Set database path to: D:\Program Files (x86)\STM32CubeIDE_1.11.2\STM32CubeIDE\plugins\com.st.stm32cube.common.mx_6.10.0.202311202037\\db\/mcu/
2023-12-28 16:34:08,091 [INFO] ApiDb:274 - Set plugin database path to: D:\Program Files (x86)\STM32CubeIDE_1.11.2\STM32CubeIDE\plugins\com.st.stm32cube.common.mx_6.10.0.202311202037\\db\/plugins/boardmanager/
2023-12-28 16:34:08,091 [INFO] ApiDb:261 - Set plugin images path to: D:\Program Files (x86)\STM32CubeIDE_1.11.2\STM32CubeIDE\plugins\com.st.stm32cube.common.mx_6.10.0.202311202037\\db\/plugins/mcufinder/images/
2023-12-28 16:34:08,091 [WARN] DbFile:41 - Overriding database path with different value: C:\Users\miqix\.stmcufinder\plugins\mcufinder/ => C:\Users\miqix\.stmcufinder\plugins\mcufinder
2023-12-28 16:34:08,091 [INFO] ApiDb:250 - Set database path to: C:\Users\miqix\.stmcufinder\plugins\mcufinder//mcu/
2023-12-28 16:34:08,091 [WARN] DbFile:41 - Overriding database path with different value: C:\Users\miqix\.stmcufinder\plugins\mcufinder/ => C:\Users\miqix\.stmcufinder\plugins\mcufinder
2023-12-28 16:34:08,092 [INFO] DbMcusAds:125 - Set database path to: C:\Users\miqix\.stmcufinder\plugins\mcufinder//mcu/
2023-12-28 16:34:08,092 [WARN] DbFile:41 - Overriding database path with different value: C:\Users\miqix\.stmcufinder\plugins\mcufinder/ => C:\Users\miqix\.stmcufinder\plugins\mcufinder
2023-12-28 16:34:08,092 [WARN] DbFile:41 - Overriding database path with different value: C:\Users\miqix\.stmcufinder\plugins\mcufinder/ => C:\Users\miqix\.stmcufinder\plugins\mcufinder
2023-12-28 16:34:08,092 [INFO] CrossReferenceDbSqlite:203 - Set database path to: C:\Users\miqix\.stmcufinder\plugins\mcufinder//mcu/cs/
2023-12-28 16:34:08,113 [INFO] ApplicationProperties:184 - Using Application install path: D:\Program Files (x86)\STM32CubeIDE_1.11.2\STM32CubeIDE\plugins\com.st.stm32cube.common.mx_6.10.0.202311202037
2023-12-28 16:34:08,115 [INFO] PluginManage:196 - Search for loadable plugins [exclusion list=, ]
2023-12-28 16:34:08,116 [INFO] PluginManage:310 - Check plugin analytics
2023-12-28 16:34:08,290 [INFO] AnalyticsPlugin:253 - Accepted Software Licenses: 
2023-12-28 16:34:08,291 [INFO] AnalyticsPlugin:255 - Accepted CMSIS Pack Licenses: 
2023-12-28 16:34:08,291 [INFO] AnalyticsPlugin:257 - Accepted Firmware Licenses: 
2023-12-28 16:34:08,293 [INFO] PluginManage:359 - Loaded plugin analytics (category:tool,tabindex:-1)
2023-12-28 16:34:08,293 [INFO] PluginManage:310 - Check plugin cadmodel
2023-12-28 16:34:08,307 [INFO] CADModel:105 - Init CAD model plugin
2023-12-28 16:34:08,307 [INFO] PluginManage:359 - Loaded plugin cadmodel (category:power,tabindex:5)
2023-12-28 16:34:08,308 [INFO] PluginManage:310 - Check plugin clock
2023-12-28 16:34:08,328 [INFO] PluginManage:359 - Loaded plugin clock (category:base,tabindex:2)
2023-12-28 16:34:08,329 [INFO] PluginManage:310 - Check plugin ddr
2023-12-28 16:34:08,331 [INFO] PluginManage:359 - Loaded plugin ddr (category:tool,tabindex:6)
2023-12-28 16:34:08,331 [INFO] PluginManage:310 - Check plugin filemanager
2023-12-28 16:34:08,474 [INFO] PluginManage:359 - Loaded plugin filemanager (category:base,tabindex:10)
2023-12-28 16:34:08,474 [INFO] PluginManage:310 - Check plugin ipmanager
2023-12-28 16:34:08,480 [INFO] PluginManage:359 - Loaded plugin ipmanager (category:base,tabindex:5)
2023-12-28 16:34:08,480 [INFO] PluginManage:310 - Check plugin lpbam
2023-12-28 16:34:08,499 [INFO] PluginManage:359 - Loaded plugin lpbam (category:base,tabindex:0)
2023-12-28 16:34:08,499 [INFO] PluginManage:310 - Check plugin memorymap
2023-12-28 16:34:08,520 [INFO] PluginManage:359 - Loaded plugin memorymap (category:base,tabindex:4)
2023-12-28 16:34:08,520 [INFO] PluginManage:310 - Check plugin pinoutandconfiguration
2023-12-28 16:34:08,536 [INFO] PluginManage:359 - Loaded plugin pinoutandconfiguration (category:base,tabindex:1)
2023-12-28 16:34:08,537 [INFO] PluginManage:310 - Check plugin pinoutconfig
2023-12-28 16:34:08,622 [WARN] SupportedApi:132 - Cannot load RTOS API schema: s4s-elt-must-match.1: The content of 'definitions' must match (annotation?, (simpleType | complexType)?, (unique | key | keyref)*)). A problem was found starting at: attribute.
2023-12-28 16:34:08,742 [INFO] PluginManage:359 - Loaded plugin pinoutconfig (category:base,tabindex:0)
2023-12-28 16:34:08,742 [INFO] PluginManage:310 - Check plugin power
2023-12-28 16:34:08,758 [INFO] PluginManage:359 - Loaded plugin power (category:power,tabindex:4)
2023-12-28 16:34:08,758 [INFO] PluginManage:310 - Check plugin projectmanager
2023-12-28 16:34:08,769 [INFO] PluginManage:359 - Loaded plugin projectmanager (category:projectmanager,tabindex:3)
2023-12-28 16:34:08,771 [INFO] PluginManage:310 - Check plugin thirdparty
2023-12-28 16:34:08,984 [INFO] PluginManage:359 - Loaded plugin thirdparty (category:base,tabindex:-1)
2023-12-28 16:34:08,985 [INFO] PluginManage:310 - Check plugin tools
2023-12-28 16:34:08,984 [WARN] IntegrityCheckThread:84 - waiting for thirdparty lock release [integrity check]
2023-12-28 16:34:08,985 [INFO] IntegrityCheckThread:86 - entering critical section [integrity check]
2023-12-28 16:34:08,985 [INFO] ThirdPartyUpdaterWithRetryManager:70 - Updater plugin not ready yet. [1/15]
2023-12-28 16:34:09,008 [INFO] PluginManage:359 - Loaded plugin tools (category:base,tabindex:7)
2023-12-28 16:34:09,008 [INFO] PluginManage:310 - Check plugin tutovideos
2023-12-28 16:34:09,209 [INFO] PluginManage:359 - Loaded plugin tutovideos (category:base,tabindex:-1)
2023-12-28 16:34:09,209 [INFO] PluginManage:310 - Check plugin updater
2023-12-28 16:34:09,219 [INFO] PluginManage:359 - Loaded plugin updater (category:base,tabindex:12)
2023-12-28 16:34:09,219 [INFO] PluginManage:310 - Check plugin userauth
2023-12-28 16:34:09,226 [INFO] UserAuth:114 - Init User Auth plugin
2023-12-28 16:34:09,226 [INFO] PluginManage:359 - Loaded plugin userauth (category:base,tabindex:14)
2023-12-28 16:34:09,227 [INFO] PluginManage:283 - PluginManage : Loaded plugins [17]
2023-12-28 16:34:09,429 [INFO] PinOutPanel:1499 - setPackage(No Configuration,No Configuration)
2023-12-28 16:34:09,491 [INFO] CADModel:165 - CPN selected for project level
2023-12-28 16:34:09,491 [INFO] CADModel:114 - Register for checkConnection events
2023-12-28 16:34:09,516 [INFO] IPUIPlugin:80 - create IPUIPlugin
2023-12-28 16:34:09,516 [INFO] PluginManager:220 - loadIPPluginJar : add adc
2023-12-28 16:34:09,542 [INFO] IPUIPlugin:80 - create IPUIPlugin
2023-12-28 16:34:09,542 [INFO] PluginManager:220 - loadIPPluginJar : add aes
2023-12-28 16:34:09,569 [INFO] IPUIPlugin:80 - create IPUIPlugin
2023-12-28 16:34:09,570 [INFO] PluginManager:220 - loadIPPluginJar : add can
2023-12-28 16:34:09,586 [INFO] IPUIPlugin:80 - create IPUIPlugin
2023-12-28 16:34:09,586 [INFO] PluginManager:220 - loadIPPluginJar : add comp
2023-12-28 16:34:09,609 [INFO] IPUIPlugin:80 - create IPUIPlugin
2023-12-28 16:34:09,609 [INFO] PluginManager:220 - loadIPPluginJar : add cryp
2023-12-28 16:34:09,630 [INFO] IPUIPlugin:80 - create IPUIPlugin
2023-12-28 16:34:09,630 [INFO] PluginManager:220 - loadIPPluginJar : add dfsdm
2023-12-28 16:34:09,642 [INFO] IPUIPlugin:80 - create IPUIPlugin
2023-12-28 16:34:09,643 [INFO] PluginManager:220 - loadIPPluginJar : add dma
2023-12-28 16:34:09,672 [INFO] IPUIPlugin:80 - create IPUIPlugin
2023-12-28 16:34:09,672 [INFO] PluginManager:220 - loadIPPluginJar : add dma3
2023-12-28 16:34:09,685 [INFO] IPUIPlugin:80 - create IPUIPlugin
2023-12-28 16:34:09,685 [INFO] PluginManager:220 - loadIPPluginJar : add fatfs
2023-12-28 16:34:09,718 [INFO] IPUIPlugin:80 - create IPUIPlugin
2023-12-28 16:34:09,718 [INFO] PluginManager:220 - loadIPPluginJar : add fmc
2023-12-28 16:34:09,730 [INFO] IPUIPlugin:80 - create IPUIPlugin
2023-12-28 16:34:09,730 [INFO] PluginManager:220 - loadIPPluginJar : add freertos
2023-12-28 16:34:09,745 [INFO] IPUIPlugin:80 - create IPUIPlugin
2023-12-28 16:34:09,745 [INFO] PluginManager:220 - loadIPPluginJar : add genericplugin
2023-12-28 16:34:09,803 [INFO] IPUIPlugin:80 - create IPUIPlugin
2023-12-28 16:34:09,803 [INFO] PluginManager:220 - loadIPPluginJar : add gfxmmu
2023-12-28 16:34:09,890 [INFO] IPUIPlugin:80 - create IPUIPlugin
2023-12-28 16:34:09,890 [INFO] PluginManager:220 - loadIPPluginJar : add gic
2023-12-28 16:34:09,900 [INFO] IPUIPlugin:80 - create IPUIPlugin
2023-12-28 16:34:09,901 [INFO] PluginManager:220 - loadIPPluginJar : add gpio
2023-12-28 16:34:09,961 [INFO] IPUIPlugin:80 - create IPUIPlugin
2023-12-28 16:34:09,961 [INFO] PluginManager:220 - loadIPPluginJar : add gtzc
2023-12-28 16:34:09,982 [INFO] IPUIPlugin:80 - create IPUIPlugin
2023-12-28 16:34:09,983 [INFO] PluginManager:220 - loadIPPluginJar : add hash
2023-12-28 16:34:10,017 [INFO] IPUIPlugin:80 - create IPUIPlugin
2023-12-28 16:34:10,017 [INFO] PluginManager:220 - loadIPPluginJar : add i2c
2023-12-28 16:34:10,043 [INFO] IPUIPlugin:80 - create IPUIPlugin
2023-12-28 16:34:10,043 [INFO] PluginManager:220 - loadIPPluginJar : add i2s
2023-12-28 16:34:10,074 [INFO] IPUIPlugin:80 - create IPUIPlugin
2023-12-28 16:34:10,074 [INFO] PluginManager:220 - loadIPPluginJar : add i3c
2023-12-28 16:34:10,149 [INFO] IPUIPlugin:80 - create IPUIPlugin
2023-12-28 16:34:10,149 [INFO] PluginManager:220 - loadIPPluginJar : add ipddr
2023-12-28 16:34:10,210 [INFO] IPUIPlugin:80 - create IPUIPlugin
2023-12-28 16:34:10,210 [INFO] PluginManager:220 - loadIPPluginJar : add linkedlist
2023-12-28 16:34:10,235 [INFO] IPUIPlugin:80 - create IPUIPlugin
2023-12-28 16:34:10,235 [INFO] PluginManager:220 - loadIPPluginJar : add lorawan
2023-12-28 16:34:10,258 [INFO] IPUIPlugin:80 - create IPUIPlugin
2023-12-28 16:34:10,258 [INFO] PluginManager:220 - loadIPPluginJar : add ltdc
2023-12-28 16:34:10,268 [INFO] IPUIPlugin:80 - create IPUIPlugin
2023-12-28 16:34:10,268 [INFO] PluginManager:220 - loadIPPluginJar : add mdma
2023-12-28 16:34:10,279 [INFO] IPUIPlugin:80 - create IPUIPlugin
2023-12-28 16:34:10,279 [INFO] PluginManager:220 - loadIPPluginJar : add nvic
2023-12-28 16:34:10,304 [INFO] IPUIPlugin:80 - create IPUIPlugin
2023-12-28 16:34:10,304 [INFO] PluginManager:220 - loadIPPluginJar : add opamp
2023-12-28 16:34:10,343 [INFO] IPUIPlugin:80 - create IPUIPlugin
2023-12-28 16:34:10,343 [INFO] PluginManager:220 - loadIPPluginJar : add openamp
2023-12-28 16:34:10,371 [INFO] IPUIPlugin:80 - create IPUIPlugin
2023-12-28 16:34:10,371 [INFO] PluginManager:220 - loadIPPluginJar : add pdm2pcm
2023-12-28 16:34:10,382 [INFO] IPUIPlugin:80 - create IPUIPlugin
2023-12-28 16:34:10,384 [INFO] PluginManager:220 - loadIPPluginJar : add plateformsettings
2023-12-28 16:34:10,400 [INFO] IPUIPlugin:80 - create IPUIPlugin
2023-12-28 16:34:10,401 [INFO] PluginManager:220 - loadIPPluginJar : add quadspi
2023-12-28 16:34:10,410 [INFO] IPUIPlugin:80 - create IPUIPlugin
2023-12-28 16:34:10,410 [INFO] PluginManager:220 - loadIPPluginJar : add resmgrutility
2023-12-28 16:34:10,442 [INFO] IPUIPlugin:80 - create IPUIPlugin
2023-12-28 16:34:10,443 [INFO] PluginManager:220 - loadIPPluginJar : add sai
2023-12-28 16:34:10,468 [INFO] IPUIPlugin:80 - create IPUIPlugin
2023-12-28 16:34:10,469 [INFO] PluginManager:220 - loadIPPluginJar : add spi
2023-12-28 16:34:10,521 [INFO] IPUIPlugin:80 - create IPUIPlugin
2023-12-28 16:34:10,521 [INFO] PluginManager:220 - loadIPPluginJar : add stm32_wpan
2023-12-28 16:34:10,539 [INFO] IPUIPlugin:80 - create IPUIPlugin
2023-12-28 16:34:10,539 [INFO] PluginManager:220 - loadIPPluginJar : add tim
2023-12-28 16:34:10,576 [INFO] IPUIPlugin:80 - create IPUIPlugin
2023-12-28 16:34:10,576 [INFO] PluginManager:220 - loadIPPluginJar : add touchsensing
2023-12-28 16:34:10,592 [INFO] IPUIPlugin:80 - create IPUIPlugin
2023-12-28 16:34:10,592 [INFO] PluginManager:220 - loadIPPluginJar : add tracer_emb
2023-12-28 16:34:10,608 [INFO] IPUIPlugin:80 - create IPUIPlugin
2023-12-28 16:34:10,608 [INFO] PluginManager:220 - loadIPPluginJar : add ts
2023-12-28 16:34:10,623 [INFO] IPUIPlugin:80 - create IPUIPlugin
2023-12-28 16:34:10,623 [INFO] PluginManager:220 - loadIPPluginJar : add tsc
2023-12-28 16:34:10,638 [INFO] IPUIPlugin:80 - create IPUIPlugin
2023-12-28 16:34:10,638 [INFO] PluginManager:220 - loadIPPluginJar : add ucpd
2023-12-28 16:34:10,668 [INFO] IPUIPlugin:80 - create IPUIPlugin
2023-12-28 16:34:10,668 [INFO] PluginManager:220 - loadIPPluginJar : add usart
2023-12-28 16:34:10,698 [INFO] IPUIPlugin:80 - create IPUIPlugin
2023-12-28 16:34:10,698 [INFO] PluginManager:220 - loadIPPluginJar : add usbx
2023-12-28 16:34:10,817 [INFO] CADModel:165 - CPN selected for project level
2023-12-28 16:34:10,817 [INFO] CADModel:114 - Register for checkConnection events
2023-12-28 16:34:10,817 [FATAL] Updater:308 - Updater called before beeing initialized
2023-12-28 16:34:10,817 [ERROR] CADModel:125 - Updater not yet initialized, retry later 
2023-12-28 16:34:10,935 [INFO] CADModel:165 - CPN selected for project level
2023-12-28 16:34:10,935 [INFO] CADModel:114 - Register for checkConnection events
2023-12-28 16:34:10,936 [FATAL] Updater:308 - Updater called before beeing initialized
2023-12-28 16:34:10,936 [ERROR] CADModel:125 - Updater not yet initialized, retry later 
2023-12-28 16:34:10,938 [FATAL] Updater:308 - Updater called before beeing initialized
2023-12-28 16:34:11,022 [FATAL] Updater:308 - Updater called before beeing initialized
2023-12-28 16:34:11,030 [INFO] DbMcusAds:53 - JSON generation date=Thu Sep 30 08:55:09 CEST 2021 (1632984909247)
2023-12-28 16:34:11,030 [FATAL] Updater:308 - Updater called before beeing initialized
2023-12-28 16:34:11,094 [WARN] DetailPanel:346 - Failed to get advertising image, set to default
2023-12-28 16:34:11,185 [FATAL] Updater:308 - Updater called before beeing initialized
2023-12-28 16:34:11,187 [FATAL] Updater:308 - Updater called before beeing initialized
2023-12-28 16:34:11,187 [FATAL] Updater:308 - Updater called before beeing initialized
2023-12-28 16:34:11,187 [WARN] DetailPanel:346 - Failed to get advertising image, set to default
2023-12-28 16:34:11,188 [FATAL] Updater:308 - Updater called before beeing initialized
2023-12-28 16:34:11,234 [ERROR] Updater:1120 - MainUpdater not yet initialized. External WinMGr cannot be set.
2023-12-28 16:34:11,241 [INFO] Updater:1056 - Updater Version found : 6.10.0
2023-12-28 16:34:11,258 [INFO] ApplicationProperties:184 - Using Application install path: D:\Program Files (x86)\STM32CubeIDE_1.11.2\STM32CubeIDE\plugins\com.st.stm32cube.common.mx_6.10.0.202311202037
2023-12-28 16:34:11,987 [INFO] ThirdPartyUpdaterWithRetryManager:70 - Updater plugin not ready yet. [2/15]
2023-12-28 16:34:12,832 [ERROR] LogOutputStream:75 - [STDERR_REDIRECT] Dec 28, 2023 4:34:12 PM java.util.prefs.WindowsPreferences <init>
2023-12-28 16:34:12,834 [ERROR] LogOutputStream:75 - [STDERR_REDIRECT] WARNING: Could not open/create prefs root node Software\JavaSoft\Prefs at root 0xffffffff80000002. Windows RegCreateKeyEx(...) returned error code 5.
2023-12-28 16:34:12,834 [ERROR] LogOutputStream:75 - [STDERR_REDIRECT] 
2023-12-28 16:34:13,158 [INFO] MainUpdater:2873 - connection check result : 10
2023-12-28 16:34:13,159 [INFO] MainUpdater:290 - Updater Check For Update Now.
2023-12-28 16:34:13,159 [INFO] MicroXplorer:498 - Change Database Version : DB.6.0.100
2023-12-28 16:34:13,172 [INFO] McuFinderGlobals:63 - Set McuFinder mode to 2 (CubeIDE integrated)
2023-12-28 16:34:13,173 [INFO] UserAuth:180 - activating auth plugin
2023-12-28 16:34:13,175 [INFO] UserAuth:404 - Internet connection configuration mode: 1
2023-12-28 16:34:13,197 [INFO] JxBrowserEngine:152 - Initiate JxBrowser Engine with user profile folder
2023-12-28 16:34:13,332 [INFO] CheckServerUpdateThread:120 - End of CheckServer Thread
2023-12-28 16:34:15,171 [WARN] PackLoader:240 - Cannot read IP mode file for STMicroelectronics.X-CUBE-SMBUS.2.1.0
2023-12-28 16:34:15,185 [WARN] PackLoader:240 - Cannot read IP mode file for STMicroelectronics.X-CUBE-TOUCHGFX.4.23.0
2023-12-28 16:34:15,218 [WARN] PackLoader:240 - Cannot read IP mode file for STMicroelectronics.X-CUBE-AZRTOS-F7.1.1.0
2023-12-28 16:34:15,232 [ERROR] RealEvaluatedCondition:428 - Found unsupported composite condition: GROUP='STM32_MetaDataManager' CLASS='Data Exchange'
2023-12-28 16:34:15,232 [ERROR] RealEvaluatedCondition:428 - Found unsupported composite condition: GROUP='STM32_MetaDataManager' CLASS='Data Exchange'
2023-12-28 16:34:15,233 [WARN] PackLoader:240 - Cannot read IP mode file for STMicroelectronics.FP-SNS-MOTENV1.4.3.0
2023-12-28 16:34:15,248 [WARN] PackLoader:240 - Cannot read IP mode file for STMicroelectronics.FP-SNS-MOTENV1.4.3.2
2023-12-28 16:34:15,260 [WARN] PackLoader:240 - Cannot read IP mode file for STMicroelectronics.FP-SNS-FLIGHT1.5.0.0
2023-12-28 16:34:15,269 [ERROR] RealEvaluatedCondition:428 - Found unsupported composite condition: GROUP='STM32_MetaDataManager' CLASS='Data Exchange'
2023-12-28 16:34:15,269 [ERROR] RealEvaluatedCondition:428 - Found unsupported composite condition: CLASS='Data Exchange' GROUP='STM32_MetaDataManager'
2023-12-28 16:34:15,270 [WARN] PackLoader:240 - Cannot read IP mode file for STMicroelectronics.FP-SNS-MOTENV1.4.3.1
2023-12-28 16:34:15,284 [WARN] PackLoader:240 - Cannot read IP mode file for STMicroelectronics.FP-SNS-FLIGHT1.5.0.1
2023-12-28 16:34:15,300 [WARN] PackLoader:240 - Cannot read IP mode file for STMicroelectronics.X-CUBE-BLE1.6.2.4
2023-12-28 16:34:15,315 [WARN] PackLoader:240 - Cannot read IP mode file for STMicroelectronics.FP-SNS-FLIGHT1.5.0.2
2023-12-28 16:34:15,333 [WARN] PackLoader:240 - Cannot read IP mode file for STMicroelectronics.X-CUBE-DISPLAY.3.0.0
2023-12-28 16:34:15,348 [WARN] PackLoader:240 - Cannot read IP mode file for STMicroelectronics.X-CUBE-BLE1.7.0.0
2023-12-28 16:34:15,359 [WARN] PackLoader:240 - Cannot read IP mode file for STMicroelectronics.X-CUBE-TOUCHGFX.4.22.0
2023-12-28 16:34:15,382 [WARN] PackLoader:240 - Cannot read IP mode file for STMicroelectronics.X-CUBE-TOUCHGFX.4.22.1
2023-12-28 16:34:15,395 [WARN] PackLoader:240 - Cannot read IP mode file for STMicroelectronics.FP-SNS-SMARTAG2.1.2.0
2023-12-28 16:34:15,419 [INFO] LogOutputStream:77 - [STDOUT_REDIRECT] 1 : Invalid condition id : UX_CORESTACK_Condition cause : null
2023-12-28 16:34:15,419 [INFO] LogOutputStream:77 - [STDOUT_REDIRECT] 1 : Invalid condition id : UX_CORESTACK_Condition cause : null
2023-12-28 16:34:15,420 [INFO] LogOutputStream:77 - [STDOUT_REDIRECT] 1 : Invalid condition id : UX_CORESTACK_Condition cause : null
2023-12-28 16:34:15,422 [INFO] LogOutputStream:77 - [STDOUT_REDIRECT] 1 : Invalid condition id : UX_CORESTACK_Condition cause : null
2023-12-28 16:34:15,424 [INFO] LogOutputStream:77 - [STDOUT_REDIRECT] 1 : Invalid condition id : UX_CORESTACK_Condition cause : null
2023-12-28 16:34:15,427 [WARN] PackLoader:240 - Cannot read IP mode file for STMicroelectronics.X-CUBE-AZRTOS-WL.2.0.0
2023-12-28 16:34:15,445 [WARN] PackLoader:240 - Cannot read IP mode file for WES.I-CUBE-Cesium.1.3.0
2023-12-28 16:34:15,459 [WARN] PackLoader:240 - Cannot read IP mode file for STMicroelectronics.X-CUBE-BLE2.3.3.0
2023-12-28 16:34:15,520 [WARN] PackLoader:240 - Cannot read IP mode file for STMicroelectronics.X-CUBE-TOF1.3.2.0
2023-12-28 16:34:15,536 [WARN] PackLoader:240 - Cannot read IP mode file for STMicroelectronics.X-CUBE-TOUCHGFX.4.21.1
2023-12-28 16:34:15,546 [WARN] PackLoader:240 - Cannot read IP mode file for STMicroelectronics.X-CUBE-TOUCHGFX.4.21.3
2023-12-28 16:34:15,556 [WARN] PackLoader:240 - Cannot read IP mode file for STMicroelectronics.X-CUBE-TOUCHGFX.4.21.4
2023-12-28 16:34:15,605 [WARN] PackLoader:240 - Cannot read IP mode file for STMicroelectronics.X-CUBE-MEMS1.9.4.0
2023-12-28 16:34:15,719 [WARN] PackLoader:240 - Cannot read IP mode file for STMicroelectronics.X-CUBE-AI.7.3.0
2023-12-28 16:34:15,732 [WARN] PackLoader:240 - Cannot read IP mode file for STMicroelectronics.X-CUBE-ALGOBUILD.1.3.0
2023-12-28 16:34:15,763 [WARN] PackLoader:240 - Cannot read IP mode file for STMicroelectronics.X-CUBE-AZRTOS-G0.1.1.0
2023-12-28 16:34:15,785 [WARN] PackLoader:240 - Cannot read IP mode file for STMicroelectronics.X-CUBE-NFC4.3.0.0
2023-12-28 16:34:15,813 [WARN] PackLoader:240 - Cannot read IP mode file for STMicroelectronics.X-CUBE-BLEMGR.3.0.0
2023-12-28 16:34:15,839 [WARN] PackLoader:240 - Cannot read IP mode file for STMicroelectronics.X-CUBE-BLEMGR.1.3.0
2023-12-28 16:34:15,859 [WARN] PackLoader:240 - Cannot read IP mode file for STMicroelectronics.FP-ATR-SIGFOX1.3.2.0
2023-12-28 16:34:15,922 [WARN] PackLoader:240 - Cannot read IP mode file for STMicroelectronics.X-CUBE-MEMS1.9.5.0
2023-12-28 16:34:16,029 [INFO] WebApp:161 - Instantiating new browser for Auth
2023-12-28 16:34:16,033 [WARN] PackLoader:240 - Cannot read IP mode file for SEGGER.I-CUBE-embOS.1.3.1
2023-12-28 16:34:16,080 [WARN] PackLoader:240 - Cannot read IP mode file for STMicroelectronics.X-CUBE-GNSS1.6.0.0
2023-12-28 16:34:16,107 [WARN] PackLoader:240 - Cannot read IP mode file for STMicroelectronics.X-CUBE-AZRTOS-F4.1.1.0
2023-12-28 16:34:16,140 [WARN] PackLoader:240 - Cannot read IP mode file for STMicroelectronics.X-CUBE-AZRTOS-L5.2.0.0
2023-12-28 16:34:16,182 [WARN] PackLoader:240 - Cannot read IP mode file for STMicroelectronics.X-CUBE-MEMS1.9.6.0
2023-12-28 16:34:16,348 [WARN] PackLoader:240 - Cannot read IP mode file for STMicroelectronics.X-CUBE-EEPRMA1.4.2.0
2023-12-28 16:34:16,363 [WARN] PackLoader:240 - Cannot read IP mode file for ITTIA_DB.I-CUBE-ITTIADB.8.8.0
2023-12-28 16:34:16,376 [WARN] PackLoader:240 - Cannot read IP mode file for emotas.I-CUBE-CANOPEN.1.1.3
2023-12-28 16:34:16,388 [WARN] PackLoader:240 - Cannot read IP mode file for STMicroelectronics.X-CUBE-BLEMGR.2.0.0
2023-12-28 16:34:16,416 [WARN] ConditionMgr:438 - getConditionDescription Invalid condition id : UX DEVICE CLASS RTOS Condition cause : null
2023-12-28 16:34:16,416 [WARN] ConditionMgr:438 - getConditionDescription Invalid condition id : UX DEVICE CLASS RTOS Condition cause : null
2023-12-28 16:34:16,418 [WARN] PackLoader:240 - Cannot read IP mode file for STMicroelectronics.X-CUBE-AZRTOS-H7.3.1.0
2023-12-28 16:34:16,421 [WARN] ConditionMgr:1039 - genDependencies : Invalid condition id : UX DEVICE CLASS RTOS Condition cause : null
2023-12-28 16:34:16,421 [WARN] ConditionMgr:1039 - genDependencies : Invalid condition id : UX DEVICE CLASS RTOS Condition cause : null
2023-12-28 16:34:16,422 [WARN] ConditionMgr:1039 - genDependencies : Invalid condition id : UX DEVICE CLASS RTOS Condition cause : null
2023-12-28 16:34:16,423 [WARN] ConditionMgr:1039 - genDependencies : Invalid condition id : UX DEVICE CLASS RTOS Condition cause : null
2023-12-28 16:34:16,423 [WARN] ConditionMgr:1039 - genDependencies : Invalid condition id : UX DEVICE CLASS RTOS Condition cause : null
2023-12-28 16:34:16,437 [WARN] PackLoader:240 - Cannot read IP mode file for wolfSSL.I-CUBE-wolfSSL.5.5.4
2023-12-28 16:34:16,449 [WARN] PackLoader:240 - Cannot read IP mode file for STMicroelectronics.X-CUBE-NFC7.1.0.1
2023-12-28 16:34:16,463 [WARN] PackLoader:240 - Cannot read IP mode file for STMicroelectronics.X-CUBE-NFC7.1.0.0
2023-12-28 16:34:16,478 [WARN] PackLoader:240 - Cannot read IP mode file for STMicroelectronics.X-CUBE-NFC6.3.0.0
2023-12-28 16:34:16,489 [WARN] PackLoader:240 - Cannot read IP mode file for STMicroelectronics.X-CUBE-EEPRMA1.4.1.0
2023-12-28 16:34:16,503 [WARN] PackLoader:240 - Cannot read IP mode file for STMicroelectronics.X-CUBE-AI.8.1.0
2023-12-28 16:34:16,537 [WARN] ConditionMgr:438 - getConditionDescription Invalid condition id : LAN8742 Phy interface Condition cause : null
2023-12-28 16:34:16,537 [WARN] PackLoader:240 - Cannot read IP mode file for STMicroelectronics.X-CUBE-AZRTOS-L4.2.0.0
2023-12-28 16:34:16,539 [WARN] ConditionMgr:1039 - genDependencies : Invalid condition id : LAN8742 Phy interface Condition cause : null
2023-12-28 16:34:16,539 [WARN] ConditionMgr:1039 - genDependencies : Invalid condition id : LAN8742 Phy interface Condition cause : null
2023-12-28 16:34:16,540 [WARN] ConditionMgr:1039 - genDependencies : Invalid condition id : LAN8742 Phy interface Condition cause : null
2023-12-28 16:34:16,558 [WARN] PackLoader:240 - Cannot read IP mode file for STMicroelectronics.X-CUBE-SFXS2LP1.4.0.0
2023-12-28 16:34:16,588 [WARN] PackLoader:240 - Cannot read IP mode file for STMicroelectronics.X-CUBE-AZRTOS-H7.3.0.0
2023-12-28 16:34:16,604 [WARN] PackLoader:240 - Cannot read IP mode file for STMicroelectronics.X-CUBE-ISPU.1.1.0
2023-12-28 16:34:16,619 [WARN] PackLoader:240 - Cannot read IP mode file for RoweBots.I-CUBE-UNISONRTOS.5.5.0-4
2023-12-28 16:34:16,634 [WARN] PackLoader:240 - Cannot read IP mode file for STMicroelectronics.X-CUBE-AI.8.0.0
2023-12-28 16:34:16,656 [WARN] ConditionMgr:438 - getConditionDescription Invalid condition id : UX DEVICE CLASS RTOS Condition cause : null
2023-12-28 16:34:16,656 [WARN] ConditionMgr:438 - getConditionDescription Invalid condition id : UX DEVICE CLASS RTOS Condition cause : null
2023-12-28 16:34:16,658 [WARN] PackLoader:240 - Cannot read IP mode file for STMicroelectronics.X-CUBE-AZRTOS-WB.2.0.0
2023-12-28 16:34:16,659 [WARN] ConditionMgr:1039 - genDependencies : Invalid condition id : UX DEVICE CLASS RTOS Condition cause : null
2023-12-28 16:34:16,659 [WARN] ConditionMgr:1039 - genDependencies : Invalid condition id : UX DEVICE CLASS RTOS Condition cause : null
2023-12-28 16:34:16,659 [WARN] ConditionMgr:1039 - genDependencies : Invalid condition id : UX DEVICE CLASS RTOS Condition cause : null
2023-12-28 16:34:16,659 [WARN] ConditionMgr:1039 - genDependencies : Invalid condition id : UX DEVICE CLASS RTOS Condition cause : null
2023-12-28 16:34:16,659 [WARN] ConditionMgr:1039 - genDependencies : Invalid condition id : UX DEVICE CLASS RTOS Condition cause : null
2023-12-28 16:34:16,672 [WARN] PackLoader:240 - Cannot read IP mode file for STMicroelectronics.X-CUBE-FREERTOS.1.0.0
2023-12-28 16:34:16,683 [WARN] PackLoader:240 - Cannot read IP mode file for STMicroelectronics.X-CUBE-FREERTOS.1.0.1
2023-12-28 16:34:16,706 [WARN] PackLoader:240 - Cannot read IP mode file for STMicroelectronics.X-CUBE-AZRTOS-L5.1.1.0
2023-12-28 16:34:16,720 [WARN] PackLoader:240 - Cannot read IP mode file for STMicroelectronics.X-CUBE-AI.8.0.1
2023-12-28 16:34:16,761 [WARN] PackLoader:240 - Cannot read IP mode file for STMicroelectronics.X-CUBE-SUBG2.5.0.0
2023-12-28 16:34:16,779 [INFO] WebApp:780 - Register for checkConnection events
2023-12-28 16:34:16,780 [INFO] WebApp:414 - Apply proxy settings
2023-12-28 16:34:16,780 [INFO] WebApp:499 - Chromium requires no authentication
2023-12-28 16:34:16,780 [WARN] PackLoader:240 - Cannot read IP mode file for STMicroelectronics.X-CUBE-TOF1.3.3.1
2023-12-28 16:34:16,796 [INFO] WebApp:442 - Direct internet connection detected
2023-12-28 16:34:16,820 [WARN] PackLoader:240 - Cannot read IP mode file for STMicroelectronics.X-CUBE-AZRTOS-G4.2.0.0
2023-12-28 16:34:16,838 [WARN] PackLoader:240 - Cannot read IP mode file for STMicroelectronics.X-CUBE-TOF1.3.3.0
2023-12-28 16:34:16,854 [WARN] PackLoader:240 - Cannot read IP mode file for STMicroelectronics.FP-ATR-ASTRA1.1.1.1
2023-12-28 16:34:16,877 [WARN] PackLoader:240 - Cannot read IP mode file for Infineon.AIROC-Wi-Fi-Bluetooth-STM32.1.5.1
2023-12-28 16:34:16,891 [WARN] PackLoader:240 - Cannot read IP mode file for STMicroelectronics.FP-SNS-MOTENVWB1.1.3.0
2023-12-28 16:34:16,904 [WARN] PackLoader:240 - Cannot read IP mode file for STMicroelectronics.FP-SNS-MOTENVWB1.1.3.1
2023-12-28 16:34:16,930 [WARN] PackLoader:240 - Cannot read IP mode file for STMicroelectronics.X-CUBE-AZRTOS-G4.1.0.0
2023-12-28 16:34:16,956 [WARN] PackLoader:240 - Cannot read IP mode file for STMicroelectronics.X-CUBE-AZRTOS-L4.1.0.0
2023-12-28 16:34:16,969 [WARN] PackLoader:240 - Cannot read IP mode file for STMicroelectronics.X-CUBE-ISPU.2.0.0
2023-12-28 16:34:17,015 [WARN] PackLoader:240 - Cannot read IP mode file for STMicroelectronics.X-CUBE-MEMS1.10.0.0
2023-12-28 16:34:17,037 [INFO] WebApp:192 - Starting web application
2023-12-28 16:34:17,037 [INFO] WebApp:544 - Web application path used D:\Program Files (x86)\STM32CubeIDE_1.11.2\STM32CubeIDE\plugins\com.st.stm32cube.common.mx_6.10.0.202311202037\db\plugins\mcufinder\reactClient1\index.html
2023-12-28 16:34:17,108 [WARN] PackLoader:240 - Cannot read IP mode file for STMicroelectronics.X-CUBE-FREERTOS.1.1.0
2023-12-28 16:34:17,130 [WARN] PackLoader:240 - Cannot read IP mode file for STMicroelectronics.X-CUBE-AZRTOS-WL.1.0.0
2023-12-28 16:34:17,146 [WARN] PackLoader:240 - Cannot read IP mode file for portGmbH.I-Cube-SoM-uGOAL.1.1.0
2023-12-28 16:34:17,160 [WARN] PackLoader:240 - Cannot read IP mode file for STMicroelectronics.X-CUBE-ALS.1.0.1
2023-12-28 16:34:17,184 [WARN] PackLoader:240 - Cannot read IP mode file for STMicroelectronics.X-CUBE-AZRTOS-WB.1.1.0
2023-12-28 16:34:17,194 [WARN] PackLoader:240 - Cannot read IP mode file for STMicroelectronics.FP-ATR-ASTRA1.2.0.0
2023-12-28 16:34:17,217 [WARN] PackLoader:240 - Cannot read IP mode file for STMicroelectronics.X-CUBE-TOF1.3.4.0
2023-12-28 16:34:17,250 [WARN] PackLoader:240 - Cannot read IP mode file for STMicroelectronics.X-CUBE-AZRTOS-H7.3.2.0
2023-12-28 16:34:17,252 [INFO] ThirdParty:978 - Integrity check success = true
2023-12-28 16:34:17,252 [INFO] IntegrityCheckThread:100 - exiting critical section [integrity check]
2023-12-28 16:34:17,252 [INFO] IntegrityCheckThread:103 - End integrity checks thread
2023-12-28 16:34:37,619 [ERROR] LogOutputStream:75 - [STDERR_REDIRECT] SLF4J: Failed to load class "org.slf4j.impl.StaticLoggerBinder".
2023-12-28 16:34:37,619 [ERROR] LogOutputStream:75 - [STDERR_REDIRECT] SLF4J: Defaulting to no-operation (NOP) logger implementation
2023-12-28 16:34:37,620 [ERROR] LogOutputStream:75 - [STDERR_REDIRECT] SLF4J: See http://www.slf4j.org/codes.html#StaticLoggerBinder for further details.
2023-12-28 16:45:02,362 [INFO] McuFinderGlobals:63 - Set McuFinder mode to 2 (CubeIDE integrated)
2023-12-28 16:45:02,381 [INFO] MainUpdater:2873 - connection check result : 10
2023-12-28 16:45:02,386 [INFO] MainUpdater:2873 - connection check result : 10
2023-12-28 16:45:02,524 [INFO] MicroXplorer:468 - Change Database Path : 
2023-12-28 16:45:02,524 [INFO] MicroXplorer:498 - Change Database Version : DB.6.0.100
2023-12-28 16:45:02,528 [WARN] ThirdParty:871 - waiting for thirdparty lock release [close project]
2023-12-28 16:45:02,528 [INFO] ThirdParty:873 - entering critical section [close project]
2023-12-28 16:45:02,529 [INFO] ThirdParty:883 - exiting critical section [close project]
2023-12-28 16:45:02,531 [INFO] PinOutPanel:1499 - setPackage(No Configuration,No Configuration)
2023-12-28 16:45:02,534 [INFO] UtilMem:75 - Begin LoadConfig() Used Memory: 569959272 Bytes (843055104)
2023-12-28 16:45:02,535 [INFO] MicroXplorer:468 - Change Database Path : 
2023-12-28 16:45:02,535 [INFO] MicroXplorer:498 - Change Database Version : DB.6.0.100
2023-12-28 16:45:02,535 [INFO] OpenFileManager:312 - Change cursor
2023-12-28 16:45:02,564 [INFO] Mcu:2016 - Initializing MCU STM32F107R(B-C)Tx STM32F107RCTx STM32F107RCT6
2023-12-28 16:45:03,519 [INFO] Context:659 - Trying to add GPIOservice into a context  which must be forbidden
2023-12-28 16:45:03,855 [INFO] RtosManager:555 - Registered RTOS mode: class=CMSIS, group=RTOS, mode=CMSIS_V1, owner=FREERTOS
2023-12-28 16:45:03,855 [INFO] RtosManager:555 - Registered RTOS mode: class=CMSIS, group=RTOS2, mode=CMSIS_V2, owner=FREERTOS
2023-12-28 16:45:03,855 [INFO] RtosManager:555 - Registered RTOS mode: class=RTOS, group=Core, mode=CMSIS_V1, owner=FREERTOS
2023-12-28 16:45:03,855 [INFO] RtosManager:555 - Registered RTOS mode: class=RTOS, group=Core, mode=CMSIS_V2, owner=FREERTOS
2023-12-28 16:45:03,855 [WARN] ModelIntegratedComponent:184 - Missing modes for component STMicroelectronics:FreeRTOS:0.0.1:STMicroelectronics:RTOS:FreeRTOS:Core:::10.2.0:
2023-12-28 16:45:03,858 [WARN] ModelIntegratedComponent:63 - No mode defined for component null
2023-12-28 16:45:03,858 [WARN] ModelIntegratedComponent:63 - No mode defined for component null
2023-12-28 16:45:03,858 [WARN] ModelIntegratedComponent:63 - No mode defined for component null
2023-12-28 16:45:03,858 [WARN] ModelIntegratedComponent:63 - No mode defined for component null
2023-12-28 16:45:03,858 [WARN] ModelIntegratedComponent:63 - No mode defined for component null
2023-12-28 16:45:03,858 [WARN] ModelIntegratedComponent:63 - No mode defined for component null
2023-12-28 16:45:03,858 [WARN] ModelIntegratedComponent:63 - No mode defined for component null
2023-12-28 16:45:03,858 [WARN] ModelIntegratedComponent:63 - No mode defined for component null
2023-12-28 16:45:03,858 [WARN] ModelIntegratedComponent:63 - No mode defined for component null
2023-12-28 16:45:03,858 [WARN] ModelIntegratedComponent:63 - No mode defined for component null
2023-12-28 16:45:03,858 [WARN] ModelIntegratedComponent:63 - No mode defined for component null
2023-12-28 16:45:03,858 [WARN] ModelIntegratedComponent:63 - No mode defined for component null
2023-12-28 16:45:03,858 [WARN] ModelIntegratedComponent:63 - No mode defined for component null
2023-12-28 16:45:03,858 [WARN] ModelIntegratedComponent:63 - No mode defined for component null
2023-12-28 16:45:03,858 [WARN] ModelIntegratedComponent:63 - No mode defined for component null
2023-12-28 16:45:03,860 [WARN] ModelIntegratedComponent:63 - No mode defined for component null
2023-12-28 16:45:03,860 [WARN] ModelIntegratedComponent:63 - No mode defined for component null
2023-12-28 16:45:03,860 [WARN] ModelIntegratedComponent:63 - No mode defined for component null
2023-12-28 16:45:03,860 [WARN] ModelIntegratedComponent:63 - No mode defined for component null
2023-12-28 16:45:03,860 [WARN] ModelIntegratedComponent:63 - No mode defined for component null
2023-12-28 16:45:03,860 [WARN] ModelIntegratedComponent:63 - No mode defined for component null
2023-12-28 16:45:03,860 [WARN] ModelIntegratedComponent:63 - No mode defined for component null
2023-12-28 16:45:03,860 [WARN] ModelIntegratedComponent:63 - No mode defined for component null
2023-12-28 16:45:03,860 [WARN] ModelIntegratedComponent:63 - No mode defined for component null
2023-12-28 16:45:03,860 [WARN] ModelIntegratedComponent:63 - No mode defined for component null
2023-12-28 16:45:03,860 [WARN] ModelIntegratedComponent:63 - No mode defined for component null
2023-12-28 16:45:03,860 [WARN] ModelIntegratedComponent:63 - No mode defined for component null
2023-12-28 16:45:03,860 [WARN] ModelIntegratedComponent:63 - No mode defined for component null
2023-12-28 16:45:03,860 [WARN] ModelIntegratedComponent:63 - No mode defined for component null
2023-12-28 16:45:03,860 [WARN] ModelIntegratedComponent:63 - No mode defined for component null
2023-12-28 16:45:03,860 [WARN] ModelIntegratedComponent:63 - No mode defined for component null
2023-12-28 16:45:03,860 [WARN] ModelIntegratedComponent:63 - No mode defined for component null
2023-12-28 16:45:03,860 [WARN] ModelIntegratedComponent:63 - No mode defined for component null
2023-12-28 16:45:04,003 [INFO] ThirdPartyModel:298 - Start build external matchings
2023-12-28 16:45:04,853 [INFO] ThirdPartyModel:316 - End build external matchings
2023-12-28 16:45:04,882 [WARN] IP:2119 - I2C_Coeff_DF not found: check if there is a RefParameter without a condition.
2023-12-28 16:45:04,882 [WARN] IP:2119 - Analog_Filter not found: check if there is a RefParameter without a condition.
2023-12-28 16:45:04,882 [INFO] ImportTextPane:194 - (OptionalMessage_ERROR) IP (RCC) : Parameter (ADCFreqValue) has invalid value (36000000)
2023-12-28 16:45:04,883 [INFO] ImportTextPane:194 - (OptionalMessage_ERROR) IP (RCC) : Invalid parameter (FamilyName)
2023-12-28 16:45:04,883 [INFO] ImportTextPane:194 - (OptionalMessage_ERROR) IP (RCC) : Parameter (MCOFreq_Value) has invalid value (72000000)
2023-12-28 16:45:05,101 [INFO] UtilMem:75 - End LoadConfig() Used Memory: 664898256 Bytes (843055104)
2023-12-28 16:45:05,185 [INFO] ApiDb:581 - Connected to CubeFinder SQLite database (C:\Users\miqix\.stmcufinder\plugins\mcufinder\mcu\cube-finder-db.db)
2023-12-28 16:45:05,260 [INFO] ApiDb:668 - CubeFinder database Data Model version=2.1
2023-12-28 16:45:05,261 [INFO] ApiDb:669 - CubeFinder database Configuration version=3.0.39
2023-12-28 16:45:05,261 [INFO] ApiDb:670 - CubeFinder database generation date=2023-11-06 (1699269565)
2023-12-28 16:45:05,261 [INFO] ApiDb:671 - CubeFinder database FW Pack versions=[FP-ATR-ASTRA1_V2.0.0, FP-SNS-FLIGHT1_V5.0.1, FP-SNS-FLIGHT1_V5.0.2, FP-SNS-MOTENV1_V4.3.1, FP-SNS-MOTENV1_V4.3.2, FP-SNS-MOTENVWB1_V1.3.0, FP-SNS-SMARTAG2_V1.2.0, STM32Cube_FW_C0_V1.1.0, STM32Cube_FW_F4_V1.28.0, STM32Cube_FW_F7_V1.17.0, STM32Cube_FW_G0_V1.6.1, STM32Cube_FW_G4_V1.5.1, STM32Cube_FW_H5_V0.5.1, STM32Cube_FW_H5_V1.1.1, STM32Cube_FW_H5_V1.2.0RC2, STM32Cube_FW_H7_V1.11.0, STM32Cube_FW_L0_V1.12.2, STM32Cube_FW_L5_V1.5.0, STM32Cube_FW_U5_V1.3.0RC4, STM32Cube_FW_U5_V1.4.0, STM32Cube_FW_WBA_V1.0.0RC1, STM32Cube_FW_WBA_V1.1.0RC1, STM32Cube_FW_WBA_V1.2.0, STM32Cube_FW_WBA_V1.2.0RC2, STM32Cube_FW_WB_V1.15.0RC1, STM32Cube_FW_WB_V1.16.0, STM32Cube_FW_WB_V1.16.0RC2, STM32Cube_FW_WB_V1.18.0, STM32Cube_FW_WL_V1.3.0, X-CUBE-ALGOBUILD_V1.3.0, X-CUBE-ALS_V1.0.1, X-CUBE-AZRTOS-F4_V1.1.0, X-CUBE-AZRTOS-F7_V1.1.0, X-CUBE-AZRTOS-G0_V1.1.0, X-CUBE-AZRTOS-G4_V2.0.0, X-CUBE-AZRTOS-H7_V3.1.0, X-CUBE-AZRTOS-L4_V1.0.0, X-CUBE-AZRTOS-L4_V2.0.0, X-CUBE-AZRTOS-L5_V1.1.0, X-CUBE-AZRTOS-WB_V2.0.0, X-CUBE-AZRTOS-WL_V2.0.0, X-CUBE-BLE1_V7.0.0, X-CUBE-BLE2_V3.3.0, X-CUBE-BLEMGR_V2.0.0, X-CUBE-EEPRMA1_V4.1.0, X-CUBE-EEPRMA1_V4.2.0, X-CUBE-FREERTOS_V1.1.0, X-CUBE-GNSS1_V6.0.0, X-CUBE-MEMS1_V10.0.0, X-CUBE-MEMS1_V9.1.0, X-CUBE-MEMS1_V9.4.0, X-CUBE-MEMS1_V9.6.0, X-CUBE-NFC4_V3.0.0, X-CUBE-NFC7_V1.0.1, X-CUBE-SFXS2LP1_V4.0.0, X-CUBE-SUBG2_V5.0.0, X-CUBE-TOF1_V3.3.1]
2023-12-28 16:45:07,410 [INFO] ApiDb:240 - Found 371 in-development CPN: [B-G473E-ZEST1S, B-WB1M-WPAN1, B-WL5M-SUBG1, NUCLEO-C031C6, NUCLEO-H503RB, NUCLEO-H563ZI, NUCLEO-U545RE-Q, NUCLEO-U5A5ZJ-Q, NUCLEO-WBA52CG, NUCLEO-WBA55CG, STEVAL-MKBOXPRO, STEVAL-PROTEUS1, STEVAL-STWINBX1, STM320518-EVAL, STM32C0116-DK, STM32C011D6Y3TR, STM32C011D6Y6TR, STM32C011F4P3, STM32C011F4P6, STM32C011F4U3, STM32C011F4U6TR, STM32C011F6P3, STM32C011F6P6, STM32C011F6U3, STM32C011F6U6TR, STM32C011J4M3, STM32C011J4M6, STM32C011J6M3, STM32C011J6M6, STM32C0316-DK, STM32C031C4T3, STM32C031C4T6, STM32C031C4U3, STM32C031C4U6, STM32C031C6T3, STM32C031C6T6, STM32C031C6U3, STM32C031C6U6, STM32C031F4P3, STM32C031F4P6, STM32C031F6P3, STM32C031F6P6, STM32C031G4U3, STM32C031G4U6, STM32C031G6U3, STM32C031G6U6, STM32C031K4T3, STM32C031K4T6, STM32C031K4U3, STM32C031K4U6, STM32C031K6T3, STM32C031K6T6, STM32C031K6U3, STM32C031K6U6, STM32G071K8TXN, STM32G071K8UXN, STM32G081GBU6N, STM32G081KBT6N, STM32G081KBUXN, STM32G0B1CCT6N, STM32G0B1KCT6, STM32G0B1NEY6TR, STM32G0B1RCT6N, STM32G0C1CCT6, STM32G0C1CCT6N, STM32G0C1CCU6N, STM32G0C1CET6N, STM32G0C1CEU6N, STM32G0C1KCT6, STM32G0C1NEY6TR, STM32G0C1RCI6N, STM32G0C1RCT6N, STM32G0C1REI6N, STM32G0C1RET6N, STM32G0C1VCI6, STM32G0C1VEI6, STM32G471CCT6, STM32G471CCU6, STM32G471CET3, STM32G471CET6, STM32G471CEU3, STM32G471CEU6, STM32G471MCT6, STM32G471MET3, STM32G471MET6, STM32G471MEY6TR, STM32G471QCT6, STM32G471QET3, STM32G471RCT6, STM32G471RET3, STM32G471RET6, STM32G471VCH6, STM32G471VCI6, STM32G471VCT6, STM32G471VEH3, STM32G471VEH6, STM32G471VEI3, STM32G471VEI6, STM32G471VET3, STM32G471VET6, STM32G474CCT6, STM32H503CBT6, STM32H503CBU6, STM32H503EBY6TR, STM32H503KBU6, STM32H503RBT6, STM32H562AGI6, STM32H562AII6, STM32H562IGK6, STM32H562IGT6, STM32H562IIK6, STM32H562IIT6, STM32H562RGT6, STM32H562RGV6, STM32H562RIT6, STM32H562RIV6, STM32H562VGT6, STM32H562VIT6, STM32H562ZGT6, STM32H562ZIT6, STM32H563AGI6, STM32H563AII3Q, STM32H563AII6, STM32H563IGK6, STM32H563IGT6, STM32H563IIK3Q, STM32H563IIK6, STM32H563IIT3Q, STM32H563IIT6, STM32H563MIY3QTR, STM32H563RGT6, STM32H563RGV6, STM32H563RIT6, STM32H563RIV6, STM32H563VGT6, STM32H563VIT3Q, STM32H563VIT6, STM32H563ZGT6, STM32H563ZIT3Q, STM32H563ZIT6, STM32H573AII3Q, STM32H573AII6, STM32H573I-DK, STM32H573IIK3Q, STM32H573IIK6, STM32H573IIT3Q, STM32H573IIT6, STM32H573MIY3QTR, STM32H573RIT6, STM32H573RIV6, STM32H573VIT3Q, STM32H573VIT6, STM32H573ZIT3Q, STM32H573ZIT6, STM32L4R5QGI6STR, STM32MP131AAE3, STM32MP131AAF3, STM32MP131AAG3, STM32MP131CAE3, STM32MP131CAF3, STM32MP131CAG3, STM32MP131DAE7, STM32MP131DAF7, STM32MP131DAG7, STM32MP131FAE7, STM32MP131FAF7, STM32MP131FAG7, STM32MP133AAE3, STM32MP133AAF3, STM32MP133AAG3, STM32MP133CAE3, STM32MP133CAF3, STM32MP133CAG3, STM32MP133DAE7, STM32MP133DAF7, STM32MP133DAG7, STM32MP133FAE7, STM32MP133FAF7, STM32MP133FAG7, STM32MP135AAE3, STM32MP135AAF3, STM32MP135AAG3, STM32MP135CAE3, STM32MP135CAF3, STM32MP135CAG3, STM32MP135DAE7, STM32MP135DAF7, STM32MP135DAG7, STM32MP135F-DK, STM32MP135FAE7, STM32MP135FAF7, STM32MP135FAF7T, STM32MP135FAF7U, STM32MP135FAG7, STM32U535CBT6, STM32U535CBT6Q, STM32U535CBU6, STM32U535CBU6Q, STM32U535CCT6, STM32U535CCT6Q, STM32U535CCU6, STM32U535CCU6Q, STM32U535CET6, STM32U535CET6Q, STM32U535CEU6, STM32U535CEU6Q, STM32U535JEY6QTR, STM32U535NCY6QTR, STM32U535NEY6QTR, STM32U535RBI6, STM32U535RBI6Q, STM32U535RBT6, STM32U535RBT6Q, STM32U535RCI6, STM32U535RCI6Q, STM32U535RCT6, STM32U535RCT6Q, STM32U535REI6, STM32U535REI6Q, STM32U535RET6, STM32U535RET6Q, STM32U535VCI6, STM32U535VCI6Q, STM32U535VCT6, STM32U535VCT6Q, STM32U535VEI6, STM32U535VEI6Q, STM32U535VET6, STM32U535VET6Q, STM32U545CET6, STM32U545CET6Q, STM32U545CEU6, STM32U545CEU6Q, STM32U545JEY6QTR, STM32U545NEY6QTR, STM32U545REI6, STM32U545REI6Q, STM32U545RET6, STM32U545RET6Q, STM32U545VEI6, STM32U545VEI6Q, STM32U545VET6, STM32U545VET6Q, STM32U595AIH6, STM32U595AIH6Q, STM32U595AJH6, STM32U595AJH6Q, STM32U595QII6, STM32U595QII6Q, STM32U595QJI6, STM32U595QJI6Q, STM32U595RIT6, STM32U595RIT6Q, STM32U595RJT6, STM32U595RJT6Q, STM32U595VIT6, STM32U595VIT6Q, STM32U595VJT6, STM32U595VJT6Q, STM32U595ZIT6, STM32U595ZIT6Q, STM32U595ZIY6QTR, STM32U595ZJT6, STM32U595ZJT6Q, STM32U595ZJY6QTR, STM32U599BJY6QTR, STM32U599NIH6Q, STM32U599NJH6Q, STM32U599VIT6Q, STM32U599VJT6, STM32U599VJT6Q, STM32U599ZIT6Q, STM32U599ZIY6QTR, STM32U599ZJT6Q, STM32U599ZJY6QTR, STM32U5A5AJH6, STM32U5A5AJH6Q, STM32U5A5QJI6, STM32U5A5QJI6Q, STM32U5A5RJT6, STM32U5A5RJT6Q, STM32U5A5VJT6, STM32U5A5VJT6Q, STM32U5A5ZJT6, STM32U5A5ZJT6Q, STM32U5A5ZJY6QTR, STM32U5A9BJY6QTR, STM32U5A9J-DK, STM32U5A9NJH6Q, STM32U5A9VJT6Q, STM32U5A9ZJT6Q, STM32U5A9ZJY6QTR, STM32U5F7VIT6, STM32U5F7VIT6Q, STM32U5F7VJT6, STM32U5F7VJT6Q, STM32U5F9BJY6QTR, STM32U5F9NJH6Q, STM32U5F9VIT6Q, STM32U5F9VJT6Q, STM32U5F9ZIJ6QTR, STM32U5F9ZIT6Q, STM32U5F9ZJJ6QTR, STM32U5F9ZJT6Q, STM32U5G7VJT6, STM32U5G7VJT6Q, STM32U5G9BJY6QTR, STM32U5G9J-DK1, STM32U5G9J-DK2, STM32U5G9NJH6Q, STM32U5G9VJT6Q, STM32U5G9ZJJ6QTR, STM32U5G9ZJT6Q, STM32WB1MMCH6, STM32WBA50KEU6, STM32WBA50KEU6TR, STM32WBA50KGU6, STM32WBA50KGU6TR, STM32WBA52CEU6, STM32WBA52CEU6TR, STM32WBA52CEU7, STM32WBA52CEU7TR, STM32WBA52CGU6, STM32WBA52CGU6TR, STM32WBA52CGU6U, STM32WBA52CGU7, STM32WBA52CGU7TR, STM32WBA52KEU6, STM32WBA52KEU6TR, STM32WBA52KGU6, STM32WBA52KGU6TR, STM32WBA54CEU6, STM32WBA54CEU6TR, STM32WBA54CEU7, STM32WBA54CEU7TR, STM32WBA54CGU6, STM32WBA54CGU6TR, STM32WBA54CGU7, STM32WBA54CGU7TR, STM32WBA54KEU6, STM32WBA54KEU6TR, STM32WBA54KEU7, STM32WBA54KEU7TR, STM32WBA54KGU6, STM32WBA54KGU6TR, STM32WBA54KGU7, STM32WBA54KGU7TR, STM32WBA55CEU6, STM32WBA55CEU6TR, STM32WBA55CEU7, STM32WBA55CEU7TR, STM32WBA55CGU6, STM32WBA55CGU6TR, STM32WBA55CGU6U, STM32WBA55CGU7, STM32WBA55CGU7TR, STM32WBA55G-DK1, STM32WBA55HEF6, STM32WBA55HEF7, STM32WBA55HGF6, STM32WBA55HGF7, STM32WBA55UEI6, STM32WBA55UEI6TR, STM32WBA55UEI7, STM32WBA55UEI7TR, STM32WBA55UGI6, STM32WBA55UGI6TR, STM32WBA55UGI7, STM32WBA55UGI7TR, STM32WL5MOCH6, STM32WL5MOCH6TR]
2023-12-28 16:45:07,413 [INFO] DbMcus:218 - Found 3930 MCUs, 3930 are supported
2023-12-28 16:45:07,413 [INFO] ApiDb:423 - Load user favorites file C:\Users\miqix/.stm32cubeide/favorites.mcus.txt: 0 item(s)
2023-12-28 16:45:07,413 [INFO] ApiDb:427 - User favorites MCUs=[]
2023-12-28 16:45:07,413 [INFO] DbMcus:224 - Set 0 / 0 favorites MCUs
2023-12-28 16:45:07,770 [INFO] MicroXplorer:468 - Change Database Path : 
2023-12-28 16:45:07,770 [INFO] MicroXplorer:498 - Change Database Version : DB.6.0.100
2023-12-28 16:45:07,770 [WARN] ThirdParty:833 - waiting for thirdparty lock release [change project]
2023-12-28 16:45:07,770 [INFO] ThirdParty:835 - entering critical section [change project]
2023-12-28 16:45:07,771 [INFO] ThirdParty:1030 - CMSIS Pack Vendor :STMicroelectronics USBPD 4.1
2023-12-28 16:45:07,771 [INFO] ThirdParty:1030 - CMSIS Pack Vendor :STMicroelectronics X-CUBE-GNSS1 6.0.0
2023-12-28 16:45:07,771 [INFO] ThirdParty:1030 - CMSIS Pack Vendor :STMicroelectronics USB_HOST 2.0.0
2023-12-28 16:45:07,771 [INFO] ThirdParty:1030 - CMSIS Pack Vendor :STMicroelectronics X-CUBE-AZRTOS-F4 1.1.0
2023-12-28 16:45:07,771 [INFO] ThirdParty:1030 - CMSIS Pack Vendor :STMicroelectronics LIBJPEG 8.0.0
2023-12-28 16:45:07,771 [INFO] ThirdParty:1030 - CMSIS Pack Vendor :STMicroelectronics X-CUBE-SMBUS 2.1.0
2023-12-28 16:45:07,771 [INFO] ThirdParty:1030 - CMSIS Pack Vendor :STMicroelectronics X-CUBE-TOUCHGFX 4.23.0
2023-12-28 16:45:07,771 [INFO] ThirdParty:1030 - CMSIS Pack Vendor :STMicroelectronics X-CUBE-AZRTOS-F7 1.1.0
2023-12-28 16:45:07,771 [INFO] ThirdParty:1030 - CMSIS Pack Vendor :STMicroelectronics X-CUBE-AZRTOS-L5 2.0.0
2023-12-28 16:45:07,771 [INFO] ThirdParty:1030 - CMSIS Pack Vendor :STMicroelectronics USB_DEVICE 2.0.0
2023-12-28 16:45:07,771 [INFO] ThirdParty:1030 - CMSIS Pack Vendor :STMicroelectronics X-CUBE-MEMS1 9.6.0
2023-12-28 16:45:07,771 [INFO] ThirdParty:1030 - CMSIS Pack Vendor :STMicroelectronics X-CUBE-EEPRMA1 4.2.0
2023-12-28 16:45:07,771 [INFO] ThirdParty:1030 - CMSIS Pack Vendor :ITTIA_DB I-CUBE-ITTIADB 8.8.0
2023-12-28 16:45:07,771 [INFO] ThirdParty:1030 - CMSIS Pack Vendor :STMicroelectronics FP-SNS-MOTENV1 4.3.0
2023-12-28 16:45:07,771 [INFO] ThirdParty:1030 - CMSIS Pack Vendor :STMicroelectronics FP-SNS-MOTENV1 4.3.2
2023-12-28 16:45:07,771 [INFO] ThirdParty:1030 - CMSIS Pack Vendor :STMicroelectronics FP-SNS-FLIGHT1 5.0.0
2023-12-28 16:45:07,771 [INFO] ThirdParty:1030 - CMSIS Pack Vendor :STMicroelectronics FP-SNS-MOTENV1 4.3.1
2023-12-28 16:45:07,771 [INFO] ThirdParty:1030 - CMSIS Pack Vendor :STMicroelectronics FP-SNS-FLIGHT1 5.0.1
2023-12-28 16:45:07,771 [INFO] ThirdParty:1030 - CMSIS Pack Vendor :STMicroelectronics X-CUBE-BLE1 6.2.4
2023-12-28 16:45:07,771 [INFO] ThirdParty:1030 - CMSIS Pack Vendor :STMicroelectronics FreeRTOS 0.0.1
2023-12-28 16:45:07,771 [INFO] ThirdParty:1030 - CMSIS Pack Vendor :emotas I-CUBE-CANOPEN 1.1.3
2023-12-28 16:45:07,771 [INFO] ThirdParty:1030 - CMSIS Pack Vendor :STMicroelectronics X-CUBE-BLEMGR 2.0.0
2023-12-28 16:45:07,771 [INFO] ThirdParty:1030 - CMSIS Pack Vendor :STMicroelectronics FP-SNS-FLIGHT1 5.0.2
2023-12-28 16:45:07,771 [INFO] ThirdParty:1030 - CMSIS Pack Vendor :STMicroelectronics X-CUBE-AZRTOS-H7 3.1.0
2023-12-28 16:45:07,771 [INFO] ThirdParty:1030 - CMSIS Pack Vendor :STMicroelectronics PDM2PCM 3.3.0
2023-12-28 16:45:07,772 [INFO] ThirdParty:1030 - CMSIS Pack Vendor :STMicroelectronics X-CUBE-DISPLAY 3.0.0
2023-12-28 16:45:07,772 [INFO] ThirdParty:1030 - CMSIS Pack Vendor :STMicroelectronics X-CUBE-BLE1 7.0.0
2023-12-28 16:45:07,772 [INFO] ThirdParty:1030 - CMSIS Pack Vendor :wolfSSL I-CUBE-wolfSSL 5.5.4
2023-12-28 16:45:07,772 [INFO] ThirdParty:1030 - CMSIS Pack Vendor :STMicroelectronics HAL Drivers 0.0.0
2023-12-28 16:45:07,772 [INFO] ThirdParty:1030 - CMSIS Pack Vendor :STMicroelectronics X-CUBE-TOUCHGFX 4.22.0
2023-12-28 16:45:07,772 [INFO] ThirdParty:1030 - CMSIS Pack Vendor :STMicroelectronics X-CUBE-NFC7 1.0.1
2023-12-28 16:45:07,772 [INFO] ThirdParty:1030 - CMSIS Pack Vendor :STMicroelectronics MBEDTLS 2.14.1
2023-12-28 16:45:07,772 [INFO] ThirdParty:1030 - CMSIS Pack Vendor :STMicroelectronics X-CUBE-NFC7 1.0.0
2023-12-28 16:45:07,772 [INFO] ThirdParty:1030 - CMSIS Pack Vendor :STMicroelectronics X-CUBE-TOUCHGFX 4.22.1
2023-12-28 16:45:07,772 [INFO] ThirdParty:1030 - CMSIS Pack Vendor :STMicroelectronics X-CUBE-NFC6 3.0.0
2023-12-28 16:45:07,772 [INFO] ThirdParty:1030 - CMSIS Pack Vendor :STMicroelectronics X-CUBE-EEPRMA1 4.1.0
2023-12-28 16:45:07,772 [INFO] ThirdParty:1030 - CMSIS Pack Vendor :STMicroelectronics FP-SNS-SMARTAG2 1.2.0
2023-12-28 16:45:07,772 [INFO] ThirdParty:1030 - CMSIS Pack Vendor :STMicroelectronics X-CUBE-AZRTOS-WL 2.0.0
2023-12-28 16:45:07,772 [INFO] ThirdParty:1030 - CMSIS Pack Vendor :STMicroelectronics USB_DEVICE 1.0.0
2023-12-28 16:45:07,772 [INFO] ThirdParty:1030 - CMSIS Pack Vendor :STMicroelectronics X-CUBE-AI 8.1.0
2023-12-28 16:45:07,772 [INFO] ThirdParty:1030 - CMSIS Pack Vendor :STMicroelectronics X-CUBE-AZRTOS-L4 2.0.0
2023-12-28 16:45:07,772 [INFO] ThirdParty:1030 - CMSIS Pack Vendor :STMicroelectronics ThreadX 0.0.2
2023-12-28 16:45:07,772 [INFO] ThirdParty:1030 - CMSIS Pack Vendor :WES I-CUBE-Cesium 1.3.0
2023-12-28 16:45:07,772 [INFO] ThirdParty:1030 - CMSIS Pack Vendor :STMicroelectronics lwIP 2.1.2
2023-12-28 16:45:07,772 [INFO] ThirdParty:1030 - CMSIS Pack Vendor :STMicroelectronics X-CUBE-SFXS2LP1 4.0.0
2023-12-28 16:45:07,772 [INFO] ThirdParty:1030 - CMSIS Pack Vendor :STMicroelectronics X-CUBE-BLE2 3.3.0
2023-12-28 16:45:07,772 [INFO] ThirdParty:1030 - CMSIS Pack Vendor :STMicroelectronics X-CUBE-TOF1 3.2.0
2023-12-28 16:45:07,772 [INFO] ThirdParty:1030 - CMSIS Pack Vendor :STMicroelectronics PDM2PCM 3.2.0
2023-12-28 16:45:07,772 [INFO] ThirdParty:1030 - CMSIS Pack Vendor :STMicroelectronics X-CUBE-AZRTOS-H7 3.0.0
2023-12-28 16:45:07,772 [INFO] ThirdParty:1030 - CMSIS Pack Vendor :STMicroelectronics X-CUBE-ISPU 1.1.0
2023-12-28 16:45:07,772 [INFO] ThirdParty:1030 - CMSIS Pack Vendor :RoweBots I-CUBE-UNISONRTOS 5.5.0-4
2023-12-28 16:45:07,772 [INFO] ThirdParty:1030 - CMSIS Pack Vendor :STMicroelectronics USB_DEVICE 3.0.0
2023-12-28 16:45:07,772 [INFO] ThirdParty:1030 - CMSIS Pack Vendor :STMicroelectronics X-CUBE-AI 8.0.0
2023-12-28 16:45:07,772 [INFO] ThirdParty:1030 - CMSIS Pack Vendor :STMicroelectronics X-CUBE-AZRTOS-WB 2.0.0
2023-12-28 16:45:07,772 [INFO] ThirdParty:1030 - CMSIS Pack Vendor :STMicroelectronics X-CUBE-FREERTOS 1.0.0
2023-12-28 16:45:07,772 [INFO] ThirdParty:1030 - CMSIS Pack Vendor :STMicroelectronics X-CUBE-FREERTOS 1.0.1
2023-12-28 16:45:07,772 [INFO] ThirdParty:1030 - CMSIS Pack Vendor :STMicroelectronics X-CUBE-TOUCHGFX 4.21.1
2023-12-28 16:45:07,772 [INFO] ThirdParty:1030 - CMSIS Pack Vendor :STMicroelectronics X-CUBE-TOUCHGFX 4.21.3
2023-12-28 16:45:07,772 [INFO] ThirdParty:1030 - CMSIS Pack Vendor :STMicroelectronics X-CUBE-TOUCHGFX 4.21.4
2023-12-28 16:45:07,772 [INFO] ThirdParty:1030 - CMSIS Pack Vendor :STMicroelectronics X-CUBE-MEMS1 9.4.0
2023-12-28 16:45:07,772 [INFO] ThirdParty:1030 - CMSIS Pack Vendor :STMicroelectronics X-CUBE-AI 7.3.0
2023-12-28 16:45:07,772 [INFO] ThirdParty:1030 - CMSIS Pack Vendor :STMicroelectronics X-CUBE-ALGOBUILD 1.3.0
2023-12-28 16:45:07,773 [INFO] ThirdParty:1030 - CMSIS Pack Vendor :STMicroelectronics X-CUBE-AZRTOS-L5 1.1.0
2023-12-28 16:45:07,773 [INFO] ThirdParty:1030 - CMSIS Pack Vendor :STMicroelectronics X-CUBE-AZRTOS-G0 1.1.0
2023-12-28 16:45:07,773 [INFO] ThirdParty:1030 - CMSIS Pack Vendor :STMicroelectronics X-CUBE-AI 8.0.1
2023-12-28 16:45:07,773 [INFO] ThirdParty:1030 - CMSIS Pack Vendor :STMicroelectronics X-CUBE-NFC4 3.0.0
2023-12-28 16:45:07,773 [INFO] ThirdParty:1030 - CMSIS Pack Vendor :STMicroelectronics X-CUBE-SUBG2 5.0.0
2023-12-28 16:45:07,773 [INFO] ThirdParty:1030 - CMSIS Pack Vendor :STMicroelectronics STM32_WPAN 1.0.0
2023-12-28 16:45:07,773 [INFO] ThirdParty:1030 - CMSIS Pack Vendor :STMicroelectronics lwIP 2.0.3
2023-12-28 16:45:07,773 [INFO] ThirdParty:1030 - CMSIS Pack Vendor :STMicroelectronics USB_HOST 1.0.0
2023-12-28 16:45:07,773 [INFO] ThirdParty:1030 - CMSIS Pack Vendor :STMicroelectronics X-CUBE-TOF1 3.3.1
2023-12-28 16:45:07,773 [INFO] ThirdParty:1030 - CMSIS Pack Vendor :STMicroelectronics X-CUBE-AZRTOS-G4 2.0.0
2023-12-28 16:45:07,773 [INFO] ThirdParty:1030 - CMSIS Pack Vendor :STMicroelectronics PDM2PCM 3.1.0
2023-12-28 16:45:07,773 [INFO] ThirdParty:1030 - CMSIS Pack Vendor :STMicroelectronics X-CUBE-TOF1 3.3.0
2023-12-28 16:45:07,773 [INFO] ThirdParty:1030 - CMSIS Pack Vendor :STMicroelectronics FP-ATR-ASTRA1 1.1.1
2023-12-28 16:45:07,773 [INFO] ThirdParty:1030 - CMSIS Pack Vendor :Infineon AIROC-Wi-Fi-Bluetooth-STM32 1.5.1
2023-12-28 16:45:07,773 [INFO] ThirdParty:1030 - CMSIS Pack Vendor :STMicroelectronics X-CUBE-BLEMGR 3.0.0
2023-12-28 16:45:07,773 [INFO] ThirdParty:1030 - CMSIS Pack Vendor :STMicroelectronics X-CUBE-BLEMGR 1.3.0
2023-12-28 16:45:07,773 [INFO] ThirdParty:1030 - CMSIS Pack Vendor :STMicroelectronics FP-SNS-MOTENVWB1 1.3.0
2023-12-28 16:45:07,773 [INFO] ThirdParty:1030 - CMSIS Pack Vendor :STMicroelectronics FP-SNS-MOTENVWB1 1.3.1
2023-12-28 16:45:07,773 [INFO] ThirdParty:1030 - CMSIS Pack Vendor :STMicroelectronics FP-ATR-SIGFOX1 3.2.0
2023-12-28 16:45:07,773 [INFO] ThirdParty:1030 - CMSIS Pack Vendor :STMicroelectronics X-CUBE-AZRTOS-G4 1.0.0
2023-12-28 16:45:07,773 [INFO] ThirdParty:1030 - CMSIS Pack Vendor :STMicroelectronics X-CUBE-AZRTOS-L4 1.0.0
2023-12-28 16:45:07,773 [INFO] ThirdParty:1030 - CMSIS Pack Vendor :STMicroelectronics X-CUBE-ISPU 2.0.0
2023-12-28 16:45:07,773 [INFO] ThirdParty:1030 - CMSIS Pack Vendor :STMicroelectronics MBEDTLS 2.16.2
2023-12-28 16:45:07,773 [INFO] ThirdParty:1030 - CMSIS Pack Vendor :STMicroelectronics X-CUBE-MEMS1 10.0.0
2023-12-28 16:45:07,773 [INFO] ThirdParty:1030 - CMSIS Pack Vendor :STMicroelectronics X-CUBE-FREERTOS 1.1.0
2023-12-28 16:45:07,773 [INFO] ThirdParty:1030 - CMSIS Pack Vendor :STMicroelectronics X-CUBE-AZRTOS-WL 1.0.0
2023-12-28 16:45:07,773 [INFO] ThirdParty:1030 - CMSIS Pack Vendor :portGmbH I-Cube-SoM-uGOAL 1.1.0
2023-12-28 16:45:07,773 [INFO] ThirdParty:1030 - CMSIS Pack Vendor :STMicroelectronics X-CUBE-ALS 1.0.1
2023-12-28 16:45:07,773 [INFO] ThirdParty:1030 - CMSIS Pack Vendor :STMicroelectronics X-CUBE-MEMS1 9.5.0
2023-12-28 16:45:07,773 [INFO] ThirdParty:1030 - CMSIS Pack Vendor :STMicroelectronics ThreadX 1.0.0
2023-12-28 16:45:07,773 [INFO] ThirdParty:1030 - CMSIS Pack Vendor :STMicroelectronics X-CUBE-AZRTOS-WB 1.1.0
2023-12-28 16:45:07,773 [INFO] ThirdParty:1030 - CMSIS Pack Vendor :SEGGER I-CUBE-embOS 1.3.1
2023-12-28 16:45:07,773 [INFO] ThirdParty:1030 - CMSIS Pack Vendor :STMicroelectronics FP-ATR-ASTRA1 2.0.0
2023-12-28 16:45:07,773 [INFO] ThirdParty:1030 - CMSIS Pack Vendor :STMicroelectronics X-CUBE-TOF1 3.4.0
2023-12-28 16:45:07,773 [INFO] ThirdParty:1030 - CMSIS Pack Vendor :STMicroelectronics X-CUBE-AZRTOS-H7 3.2.0
2023-12-28 16:45:07,773 [INFO] ThirdParty:841 - exiting critical section [change project]
2023-12-28 16:45:07,986 [INFO] PinOutPanel:1499 - setPackage(No Configuration,No Configuration)
2023-12-28 16:45:07,987 [INFO] PinOutPanel:1499 - setPackage(STM32F107RCTx,LQFP64)
2023-12-28 16:45:08,334 [INFO] UtilMem:75 - Before build in PCC Used Memory: 660261568 Bytes (843055104)
2023-12-28 16:45:08,970 [INFO] UtilMem:75 - After build in PCC Used Memory: 608327112 Bytes (843055104)
2023-12-28 16:45:08,991 [INFO] IPUIPlugin:80 - create IPUIPlugin
2023-12-28 16:45:08,991 [INFO] IPUIPlugin:80 - create IPUIPlugin
2023-12-28 16:45:08,991 [INFO] IPUIPlugin:80 - create IPUIPlugin
2023-12-28 16:45:08,991 [INFO] IPUIPlugin:80 - create IPUIPlugin
2023-12-28 16:45:08,991 [INFO] IPUIPlugin:80 - create IPUIPlugin
2023-12-28 16:45:08,991 [INFO] IPUIPlugin:80 - create IPUIPlugin
2023-12-28 16:45:08,991 [INFO] IPUIPlugin:80 - create IPUIPlugin
2023-12-28 16:45:08,991 [INFO] IPUIPlugin:80 - create IPUIPlugin
2023-12-28 16:45:08,991 [INFO] IPUIPlugin:80 - create IPUIPlugin
2023-12-28 16:45:08,992 [INFO] IPUIPlugin:80 - create IPUIPlugin
2023-12-28 16:45:08,992 [INFO] IPUIPlugin:80 - create IPUIPlugin
2023-12-28 16:45:08,992 [INFO] IPUIPlugin:80 - create IPUIPlugin
2023-12-28 16:45:08,992 [INFO] IPUIPlugin:80 - create IPUIPlugin
2023-12-28 16:45:08,992 [INFO] IPUIPlugin:80 - create IPUIPlugin
2023-12-28 16:45:08,992 [INFO] IPUIPlugin:80 - create IPUIPlugin
2023-12-28 16:45:08,992 [INFO] IPUIPlugin:80 - create IPUIPlugin
2023-12-28 16:45:08,992 [INFO] IPUIPlugin:80 - create IPUIPlugin
2023-12-28 16:45:08,992 [INFO] IPUIPlugin:80 - create IPUIPlugin
2023-12-28 16:45:08,992 [INFO] IPUIPlugin:80 - create IPUIPlugin
2023-12-28 16:45:08,992 [INFO] IPUIPlugin:80 - create IPUIPlugin
2023-12-28 16:45:08,993 [INFO] IPUIPlugin:80 - create IPUIPlugin
2023-12-28 16:45:08,993 [INFO] IPUIPlugin:80 - create IPUIPlugin
2023-12-28 16:45:08,993 [INFO] IPUIPlugin:80 - create IPUIPlugin
2023-12-28 16:45:08,993 [INFO] IPUIPlugin:80 - create IPUIPlugin
2023-12-28 16:45:08,993 [INFO] IPUIPlugin:80 - create IPUIPlugin
2023-12-28 16:45:08,993 [INFO] IPUIPlugin:80 - create IPUIPlugin
2023-12-28 16:45:08,993 [INFO] IPUIPlugin:80 - create IPUIPlugin
2023-12-28 16:45:08,993 [INFO] IPUIPlugin:80 - create IPUIPlugin
2023-12-28 16:45:08,993 [INFO] IPUIPlugin:80 - create IPUIPlugin
2023-12-28 16:45:08,993 [INFO] IPUIPlugin:80 - create IPUIPlugin
2023-12-28 16:45:08,994 [INFO] IPUIPlugin:80 - create IPUIPlugin
2023-12-28 16:45:08,994 [INFO] IPUIPlugin:80 - create IPUIPlugin
2023-12-28 16:45:08,994 [INFO] IPUIPlugin:80 - create IPUIPlugin
2023-12-28 16:45:08,994 [INFO] IPUIPlugin:80 - create IPUIPlugin
2023-12-28 16:45:08,995 [INFO] IPUIPlugin:80 - create IPUIPlugin
2023-12-28 16:45:08,995 [INFO] IPUIPlugin:80 - create IPUIPlugin
2023-12-28 16:45:08,995 [INFO] IPUIPlugin:80 - create IPUIPlugin
2023-12-28 16:45:08,995 [INFO] IPUIPlugin:80 - create IPUIPlugin
2023-12-28 16:45:08,995 [INFO] IPUIPlugin:80 - create IPUIPlugin
2023-12-28 16:45:09,003 [WARN] IP:2119 - I2C_Coeff_DF not found: check if there is a RefParameter without a condition.
2023-12-28 16:45:09,003 [WARN] IP:2119 - Analog_Filter not found: check if there is a RefParameter without a condition.
2023-12-28 16:45:09,183 [INFO] CADModel:165 - CPN selected for project levelSTM32F107RCT6
2023-12-28 16:45:09,183 [INFO] CADModel:114 - Register for checkConnection events
2023-12-28 16:45:09,234 [INFO] OpenFileManager:343 - Restore cursor
2023-12-28 16:45:09,380 [WARN] IP:2119 - I2C_Coeff_DF not found: check if there is a RefParameter without a condition.
2023-12-28 16:45:09,380 [WARN] IP:2119 - Analog_Filter not found: check if there is a RefParameter without a condition.
2023-12-28 16:45:09,380 [WARN] IP:2119 - I2C_Coeff_DF not found: check if there is a RefParameter without a condition.
2023-12-28 16:45:09,381 [WARN] IP:2119 - Analog_Filter not found: check if there is a RefParameter without a condition.
2023-12-28 16:46:05,006 [INFO] NvicIntPanel:101 - NVIC parent = com.st.microxplorer.plugins.ip.nvic.MultiNvicIntPanel[,0,0,0x0,invalid,layout=javax.swing.BoxLayout,alignmentX=0.0,alignmentY=0.0,border=,flags=9,maximumSize=,minimumSize=,preferredSize=]
2023-12-28 16:46:06,225 [INFO] NvicIntPanel:101 - NVIC parent = com.st.microxplorer.plugins.ip.nvic.MultiNvicIntPanel[,0,0,0x0,invalid,layout=javax.swing.BoxLayout,alignmentX=0.0,alignmentY=0.0,border=,flags=9,maximumSize=,minimumSize=,preferredSize=]
2023-12-28 16:57:47,679 [WARN] IP:2119 - I2C_Coeff_DF not found: check if there is a RefParameter without a condition.
2023-12-28 16:57:47,679 [WARN] IP:2119 - Analog_Filter not found: check if there is a RefParameter without a condition.
2023-12-28 16:57:47,681 [WARN] IP:2119 - I2C_Coeff_DF not found: check if there is a RefParameter without a condition.
2023-12-28 16:57:47,681 [WARN] IP:2119 - Analog_Filter not found: check if there is a RefParameter without a condition.
2023-12-28 17:17:04,278 [INFO] UtilMem:75 - End SaveConfig() Used Memory: 480200192 Bytes (843055104)
2023-12-28 17:17:05,288 [INFO] UtilMem:75 - End SaveConfig() Used Memory: 560414208 Bytes (843055104)
2023-12-28 17:17:05,793 [INFO] BlockDiagram:2759 - set Specific Code input for plugin: SPI
2023-12-28 17:17:05,793 [INFO] BlockDiagram:2759 - set Specific Code input for plugin: NVIC
2023-12-28 17:17:05,794 [INFO] BlockDiagram:2759 - set Specific Code input for plugin: USART
2023-12-28 17:17:05,794 [INFO] BlockDiagram:2759 - set Specific Code input for plugin: TIM6_7F1
2023-12-28 17:17:05,794 [INFO] BlockDiagram:2759 - set Specific Code input for plugin: TIM1_8F1
2023-12-28 17:17:05,794 [INFO] BlockDiagram:2759 - set Specific Code input for plugin: TIM1_8F1
2023-12-28 17:17:05,794 [INFO] BlockDiagram:2759 - set Specific Code input for plugin: TIM1_8F1
2023-12-28 17:17:05,794 [INFO] BlockDiagram:2759 - set Specific Code input for plugin: SYS
2023-12-28 17:17:05,795 [INFO] BlockDiagram:2759 - set Specific Code input for plugin: GPIO
2023-12-28 17:17:05,795 [INFO] BlockDiagram:2759 - set Specific Code input for plugin: RCC
2023-12-28 17:17:05,795 [INFO] BlockDiagram:2759 - set Specific Code input for plugin: I2C
2023-12-28 17:17:05,796 [INFO] CodeGenerator:807 - code generatio: config db path: D:\Program Files (x86)\STM32CubeIDE_1.11.2\STM32CubeIDE\plugins\com.st.stm32cube.common.mx_6.10.0.202311202037\\db\
2023-12-28 17:17:05,803 [WARN] IP:2119 - I2C_Coeff_DF not found: check if there is a RefParameter without a condition.
2023-12-28 17:17:05,803 [WARN] IP:2119 - Analog_Filter not found: check if there is a RefParameter without a condition.
2023-12-28 17:17:06,153 [INFO] CodeEngine:255 - oldGeneratedFile, D:\Embedded\KLEBOT\GIT\Software\Klebot\MXTmpFiles\license.tmp_save
2023-12-28 17:17:06,575 [INFO] CodeEngine:279 - Generated code: D:\Embedded\KLEBOT\GIT\Software\Klebot\MXTmpFiles\license.tmp
2023-12-28 17:17:06,757 [INFO] CodeEngine:255 - oldGeneratedFile, D:\Embedded\KLEBOT\GIT\Software\Klebot\Core\Src\gpio.c_save
2023-12-28 17:17:07,056 [INFO] CodeEngine:279 - Generated code: D:\Embedded\KLEBOT\GIT\Software\Klebot\Core\Src\gpio.c
2023-12-28 17:17:07,082 [INFO] CodeEngine:255 - oldGeneratedFile, D:\Embedded\KLEBOT\GIT\Software\Klebot\Core\Inc\gpio.h_save
2023-12-28 17:17:07,190 [INFO] CodeEngine:279 - Generated code: D:\Embedded\KLEBOT\GIT\Software\Klebot\Core\Inc\gpio.h
2023-12-28 17:17:07,667 [INFO] CodeEngine:255 - oldGeneratedFile, D:\Embedded\KLEBOT\GIT\Software\Klebot\Core\Src\i2c.c_save
2023-12-28 17:17:07,844 [INFO] CodeEngine:279 - Generated code: D:\Embedded\KLEBOT\GIT\Software\Klebot\Core\Src\i2c.c
2023-12-28 17:17:07,878 [INFO] CodeEngine:255 - oldGeneratedFile, D:\Embedded\KLEBOT\GIT\Software\Klebot\Core\Inc\i2c.h_save
2023-12-28 17:17:07,994 [INFO] CodeEngine:279 - Generated code: D:\Embedded\KLEBOT\GIT\Software\Klebot\Core\Inc\i2c.h
2023-12-28 17:17:08,021 [INFO] CodeEngine:255 - oldGeneratedFile, D:\Embedded\KLEBOT\GIT\Software\Klebot\Core\Src\spi.c_save
2023-12-28 17:17:08,165 [INFO] CodeEngine:279 - Generated code: D:\Embedded\KLEBOT\GIT\Software\Klebot\Core\Src\spi.c
2023-12-28 17:17:08,174 [INFO] CodeEngine:255 - oldGeneratedFile, D:\Embedded\KLEBOT\GIT\Software\Klebot\Core\Inc\spi.h_save
2023-12-28 17:17:08,278 [INFO] CodeEngine:279 - Generated code: D:\Embedded\KLEBOT\GIT\Software\Klebot\Core\Inc\spi.h
2023-12-28 17:17:08,307 [INFO] CodeEngine:255 - oldGeneratedFile, D:\Embedded\KLEBOT\GIT\Software\Klebot\Core\Src\tim.c_save
2023-12-28 17:17:08,496 [INFO] CodeEngine:279 - Generated code: D:\Embedded\KLEBOT\GIT\Software\Klebot\Core\Src\tim.c
2023-12-28 17:17:08,533 [INFO] CodeEngine:255 - oldGeneratedFile, D:\Embedded\KLEBOT\GIT\Software\Klebot\Core\Inc\tim.h_save
2023-12-28 17:17:08,620 [INFO] CodeEngine:279 - Generated code: D:\Embedded\KLEBOT\GIT\Software\Klebot\Core\Inc\tim.h
2023-12-28 17:17:08,639 [INFO] CodeEngine:255 - oldGeneratedFile, D:\Embedded\KLEBOT\GIT\Software\Klebot\Core\Src\usart.c_save
2023-12-28 17:17:08,753 [INFO] CodeEngine:279 - Generated code: D:\Embedded\KLEBOT\GIT\Software\Klebot\Core\Src\usart.c
2023-12-28 17:17:08,761 [INFO] CodeEngine:255 - oldGeneratedFile, D:\Embedded\KLEBOT\GIT\Software\Klebot\Core\Inc\usart.h_save
2023-12-28 17:17:08,851 [INFO] CodeEngine:279 - Generated code: D:\Embedded\KLEBOT\GIT\Software\Klebot\Core\Inc\usart.h
2023-12-28 17:17:08,883 [INFO] CodeEngine:255 - oldGeneratedFile, D:\Embedded\KLEBOT\GIT\Software\Klebot\Core\Src\stm32f1xx_it.c_save
2023-12-28 17:17:09,016 [INFO] CodeEngine:279 - Generated code: D:\Embedded\KLEBOT\GIT\Software\Klebot\Core\Src\stm32f1xx_it.c
2023-12-28 17:17:09,038 [INFO] CodeEngine:255 - oldGeneratedFile, D:\Embedded\KLEBOT\GIT\Software\Klebot\Core\Inc\stm32f1xx_it.h_save
2023-12-28 17:17:09,110 [INFO] CodeEngine:279 - Generated code: D:\Embedded\KLEBOT\GIT\Software\Klebot\Core\Inc\stm32f1xx_it.h
2023-12-28 17:17:09,147 [INFO] CodeEngine:255 - oldGeneratedFile, D:\Embedded\KLEBOT\GIT\Software\Klebot\Core\Src\stm32f1xx_hal_msp.c_save
2023-12-28 17:17:09,261 [INFO] CodeEngine:279 - Generated code: D:\Embedded\KLEBOT\GIT\Software\Klebot\Core\Src\stm32f1xx_hal_msp.c
2023-12-28 17:17:09,275 [INFO] CodeEngine:255 - oldGeneratedFile, D:\Embedded\KLEBOT\GIT\Software\Klebot\MXTmpFiles\system.tmp_save
2023-12-28 17:17:09,350 [INFO] CodeEngine:279 - Generated code: D:\Embedded\KLEBOT\GIT\Software\Klebot\MXTmpFiles\system.tmp
2023-12-28 17:17:09,377 [INFO] CodeEngine:311 - oldGeneratedFile, D:\Embedded\KLEBOT\GIT\Software\Klebot\Core\Inc\stm32f1xx_hal_conf.h_save
2023-12-28 17:17:09,517 [INFO] CodeEngine:335 - Generated code: D:\Embedded\KLEBOT\GIT\Software\Klebot\Core\Inc\stm32f1xx_hal_conf.h
2023-12-28 17:17:09,598 [INFO] CodeEngine:255 - oldGeneratedFile, D:\Embedded\KLEBOT\GIT\Software\Klebot\Core\Inc\main.h_save
2023-12-28 17:17:09,712 [INFO] CodeEngine:279 - Generated code: D:\Embedded\KLEBOT\GIT\Software\Klebot\Core\Inc\main.h
2023-12-28 17:17:09,739 [INFO] CodeEngine:255 - oldGeneratedFile, D:\Embedded\KLEBOT\GIT\Software\Klebot\Core\Src\main.c_save
2023-12-28 17:17:09,886 [INFO] CodeEngine:279 - Generated code: D:\Embedded\KLEBOT\GIT\Software\Klebot\Core\Src\main.c
2023-12-28 17:17:10,400 [INFO] ProjectBuilder:3076 - Time for Copy HAL[1] : 186mS.
2023-12-28 17:17:10,406 [INFO] ProjectBuilder:4485 - Project Generator version: 4.2.0-B44
2023-12-28 17:17:10,583 [INFO] ConfigFileManager:1495 - The Die is : DIE418
2023-12-28 17:17:10,602 [INFO] ApiDbMcu:508 - Load IP Config File for FATFS
2023-12-28 17:17:10,615 [INFO] ApiDbMcu:508 - Load IP Config File for FREERTOS
2023-12-28 17:17:10,629 [INFO] ApiDbMcu:508 - Load IP Config File for LWIP
2023-12-28 17:17:10,644 [INFO] ApiDbMcu:508 - Load IP Config File for USB_DEVICE
2023-12-28 17:17:10,658 [INFO] ApiDbMcu:508 - Load IP Config File for USB_HOST
2023-12-28 17:17:11,886 [INFO] LogOutputStream:77 - [STDOUT_REDIRECT] 
2023-12-28 17:17:13,925 [INFO] ProjectBuilder:4747 - Time for Generating toolchain IDE Files: 3518mS.
2023-12-28 17:17:13,926 [INFO] ProjectBuilder:2947 - Time for Copy CMSIS : 1mS.
2023-12-28 17:17:13,931 [INFO] ProjectBuilder:2947 - Time for Copy CMSIS : 1mS.
2023-12-28 17:24:44,639 [INFO] NvicIntPanel:101 - NVIC parent = com.st.microxplorer.plugins.ip.nvic.MultiNvicIntPanel[,0,0,0x0,invalid,layout=javax.swing.BoxLayout,alignmentX=0.0,alignmentY=0.0,border=,flags=9,maximumSize=,minimumSize=,preferredSize=]
2023-12-28 17:24:46,007 [INFO] UtilMem:75 - End SaveConfig() Used Memory: 731858624 Bytes (916455424)
2023-12-28 17:24:46,931 [INFO] UtilMem:75 - End SaveConfig() Used Memory: 875475472 Bytes (916455424)
2023-12-28 17:24:47,375 [INFO] BlockDiagram:2759 - set Specific Code input for plugin: SPI
2023-12-28 17:24:47,376 [INFO] BlockDiagram:2759 - set Specific Code input for plugin: NVIC
2023-12-28 17:24:47,376 [INFO] BlockDiagram:2759 - set Specific Code input for plugin: USART
2023-12-28 17:24:47,376 [INFO] BlockDiagram:2759 - set Specific Code input for plugin: TIM6_7F1
2023-12-28 17:24:47,376 [INFO] BlockDiagram:2759 - set Specific Code input for plugin: TIM1_8F1
2023-12-28 17:24:47,376 [INFO] BlockDiagram:2759 - set Specific Code input for plugin: TIM1_8F1
2023-12-28 17:24:47,376 [INFO] BlockDiagram:2759 - set Specific Code input for plugin: TIM1_8F1
2023-12-28 17:24:47,376 [INFO] BlockDiagram:2759 - set Specific Code input for plugin: SYS
2023-12-28 17:24:47,376 [INFO] BlockDiagram:2759 - set Specific Code input for plugin: GPIO
2023-12-28 17:24:47,377 [INFO] BlockDiagram:2759 - set Specific Code input for plugin: RCC
2023-12-28 17:24:47,377 [INFO] BlockDiagram:2759 - set Specific Code input for plugin: I2C
2023-12-28 17:24:47,378 [INFO] CodeGenerator:807 - code generatio: config db path: D:\Program Files (x86)\STM32CubeIDE_1.11.2\STM32CubeIDE\plugins\com.st.stm32cube.common.mx_6.10.0.202311202037\\db\
2023-12-28 17:24:47,380 [WARN] IP:2119 - I2C_Coeff_DF not found: check if there is a RefParameter without a condition.
2023-12-28 17:24:47,380 [WARN] IP:2119 - Analog_Filter not found: check if there is a RefParameter without a condition.
2023-12-28 17:24:47,542 [INFO] CodeEngine:255 - oldGeneratedFile, D:\Embedded\KLEBOT\GIT\Software\Klebot\MXTmpFiles\license.tmp_save
2023-12-28 17:24:47,692 [INFO] CodeEngine:279 - Generated code: D:\Embedded\KLEBOT\GIT\Software\Klebot\MXTmpFiles\license.tmp
2023-12-28 17:24:47,775 [INFO] CodeEngine:255 - oldGeneratedFile, D:\Embedded\KLEBOT\GIT\Software\Klebot\Core\Src\gpio.c_save
2023-12-28 17:24:47,929 [INFO] CodeEngine:279 - Generated code: D:\Embedded\KLEBOT\GIT\Software\Klebot\Core\Src\gpio.c
2023-12-28 17:24:47,951 [INFO] CodeEngine:255 - oldGeneratedFile, D:\Embedded\KLEBOT\GIT\Software\Klebot\Core\Inc\gpio.h_save
2023-12-28 17:24:48,074 [INFO] CodeEngine:279 - Generated code: D:\Embedded\KLEBOT\GIT\Software\Klebot\Core\Inc\gpio.h
2023-12-28 17:24:48,478 [INFO] CodeEngine:255 - oldGeneratedFile, D:\Embedded\KLEBOT\GIT\Software\Klebot\Core\Src\i2c.c_save
2023-12-28 17:24:48,627 [INFO] CodeEngine:279 - Generated code: D:\Embedded\KLEBOT\GIT\Software\Klebot\Core\Src\i2c.c
2023-12-28 17:24:48,672 [INFO] CodeEngine:255 - oldGeneratedFile, D:\Embedded\KLEBOT\GIT\Software\Klebot\Core\Inc\i2c.h_save
2023-12-28 17:24:48,782 [INFO] CodeEngine:279 - Generated code: D:\Embedded\KLEBOT\GIT\Software\Klebot\Core\Inc\i2c.h
2023-12-28 17:24:48,813 [INFO] CodeEngine:255 - oldGeneratedFile, D:\Embedded\KLEBOT\GIT\Software\Klebot\Core\Src\spi.c_save
2023-12-28 17:24:48,981 [INFO] CodeEngine:279 - Generated code: D:\Embedded\KLEBOT\GIT\Software\Klebot\Core\Src\spi.c
2023-12-28 17:24:48,991 [INFO] CodeEngine:255 - oldGeneratedFile, D:\Embedded\KLEBOT\GIT\Software\Klebot\Core\Inc\spi.h_save
2023-12-28 17:24:49,082 [INFO] CodeEngine:279 - Generated code: D:\Embedded\KLEBOT\GIT\Software\Klebot\Core\Inc\spi.h
2023-12-28 17:24:49,136 [INFO] CodeEngine:255 - oldGeneratedFile, D:\Embedded\KLEBOT\GIT\Software\Klebot\Core\Src\tim.c_save
2023-12-28 17:24:49,351 [INFO] CodeEngine:279 - Generated code: D:\Embedded\KLEBOT\GIT\Software\Klebot\Core\Src\tim.c
2023-12-28 17:24:49,393 [INFO] CodeEngine:255 - oldGeneratedFile, D:\Embedded\KLEBOT\GIT\Software\Klebot\Core\Inc\tim.h_save
2023-12-28 17:24:49,479 [INFO] CodeEngine:279 - Generated code: D:\Embedded\KLEBOT\GIT\Software\Klebot\Core\Inc\tim.h
2023-12-28 17:24:49,504 [INFO] CodeEngine:255 - oldGeneratedFile, D:\Embedded\KLEBOT\GIT\Software\Klebot\Core\Src\usart.c_save
2023-12-28 17:24:49,639 [INFO] CodeEngine:279 - Generated code: D:\Embedded\KLEBOT\GIT\Software\Klebot\Core\Src\usart.c
2023-12-28 17:24:49,656 [INFO] CodeEngine:255 - oldGeneratedFile, D:\Embedded\KLEBOT\GIT\Software\Klebot\Core\Inc\usart.h_save
2023-12-28 17:24:49,755 [INFO] CodeEngine:279 - Generated code: D:\Embedded\KLEBOT\GIT\Software\Klebot\Core\Inc\usart.h
2023-12-28 17:24:49,783 [INFO] CodeEngine:255 - oldGeneratedFile, D:\Embedded\KLEBOT\GIT\Software\Klebot\Core\Src\stm32f1xx_it.c_save
2023-12-28 17:24:49,960 [INFO] CodeEngine:279 - Generated code: D:\Embedded\KLEBOT\GIT\Software\Klebot\Core\Src\stm32f1xx_it.c
2023-12-28 17:24:49,969 [INFO] CodeEngine:255 - oldGeneratedFile, D:\Embedded\KLEBOT\GIT\Software\Klebot\Core\Inc\stm32f1xx_it.h_save
2023-12-28 17:24:50,034 [INFO] CodeEngine:279 - Generated code: D:\Embedded\KLEBOT\GIT\Software\Klebot\Core\Inc\stm32f1xx_it.h
2023-12-28 17:24:50,058 [INFO] CodeEngine:255 - oldGeneratedFile, D:\Embedded\KLEBOT\GIT\Software\Klebot\Core\Src\stm32f1xx_hal_msp.c_save
2023-12-28 17:24:50,168 [INFO] CodeEngine:279 - Generated code: D:\Embedded\KLEBOT\GIT\Software\Klebot\Core\Src\stm32f1xx_hal_msp.c
2023-12-28 17:24:50,174 [INFO] CodeEngine:255 - oldGeneratedFile, D:\Embedded\KLEBOT\GIT\Software\Klebot\MXTmpFiles\system.tmp_save
2023-12-28 17:24:50,248 [INFO] CodeEngine:279 - Generated code: D:\Embedded\KLEBOT\GIT\Software\Klebot\MXTmpFiles\system.tmp
2023-12-28 17:24:50,268 [INFO] CodeEngine:311 - oldGeneratedFile, D:\Embedded\KLEBOT\GIT\Software\Klebot\Core\Inc\stm32f1xx_hal_conf.h_save
2023-12-28 17:24:50,431 [INFO] CodeEngine:335 - Generated code: D:\Embedded\KLEBOT\GIT\Software\Klebot\Core\Inc\stm32f1xx_hal_conf.h
2023-12-28 17:24:50,503 [INFO] CodeEngine:255 - oldGeneratedFile, D:\Embedded\KLEBOT\GIT\Software\Klebot\Core\Inc\main.h_save
2023-12-28 17:24:50,687 [INFO] CodeEngine:279 - Generated code: D:\Embedded\KLEBOT\GIT\Software\Klebot\Core\Inc\main.h
2023-12-28 17:24:50,717 [INFO] CodeEngine:255 - oldGeneratedFile, D:\Embedded\KLEBOT\GIT\Software\Klebot\Core\Src\main.c_save
2023-12-28 17:24:50,827 [INFO] CodeEngine:279 - Generated code: D:\Embedded\KLEBOT\GIT\Software\Klebot\Core\Src\main.c
2023-12-28 17:24:51,330 [INFO] ProjectBuilder:3076 - Time for Copy HAL[1] : 167mS.
2023-12-28 17:24:51,335 [INFO] ProjectBuilder:4485 - Project Generator version: 4.2.0-B44
2023-12-28 17:24:51,666 [INFO] ConfigFileManager:1495 - The Die is : DIE418
2023-12-28 17:24:53,444 [INFO] ProjectBuilder:4747 - Time for Generating toolchain IDE Files: 2108mS.
2023-12-28 17:24:53,445 [INFO] ProjectBuilder:2947 - Time for Copy CMSIS : 1mS.
2023-12-28 17:24:53,450 [INFO] ProjectBuilder:2947 - Time for Copy CMSIS : 1mS.
2023-12-28 18:16:48,197 [INFO] LogOutputStream:77 - [STDOUT_REDIRECT] StartTraceHandler.execute(), success : Collect=false
2023-12-28 18:51:56,820 [INFO] UtilMem:75 - End SaveConfig() Used Memory: 540948576 Bytes (1073741824)
2023-12-28 18:51:57,125 [INFO] BlockDiagram:2759 - set Specific Code input for plugin: SPI
2023-12-28 18:51:57,125 [INFO] BlockDiagram:2759 - set Specific Code input for plugin: NVIC
2023-12-28 18:51:57,125 [INFO] BlockDiagram:2759 - set Specific Code input for plugin: USART
2023-12-28 18:51:57,125 [INFO] BlockDiagram:2759 - set Specific Code input for plugin: TIM6_7F1
2023-12-28 18:51:57,125 [INFO] BlockDiagram:2759 - set Specific Code input for plugin: TIM1_8F1
2023-12-28 18:51:57,125 [INFO] BlockDiagram:2759 - set Specific Code input for plugin: TIM1_8F1
2023-12-28 18:51:57,125 [INFO] BlockDiagram:2759 - set Specific Code input for plugin: TIM1_8F1
2023-12-28 18:51:57,125 [INFO] BlockDiagram:2759 - set Specific Code input for plugin: SYS
2023-12-28 18:51:57,125 [INFO] BlockDiagram:2759 - set Specific Code input for plugin: GPIO
2023-12-28 18:51:57,125 [INFO] BlockDiagram:2759 - set Specific Code input for plugin: RCC
2023-12-28 18:51:57,125 [INFO] BlockDiagram:2759 - set Specific Code input for plugin: I2C
2023-12-28 18:51:57,127 [INFO] CodeGenerator:807 - code generatio: config db path: D:\Program Files (x86)\STM32CubeIDE_1.11.2\STM32CubeIDE\plugins\com.st.stm32cube.common.mx_6.10.0.202311202037\\db\
2023-12-28 18:51:57,128 [WARN] IP:2119 - I2C_Coeff_DF not found: check if there is a RefParameter without a condition.
2023-12-28 18:51:57,128 [WARN] IP:2119 - Analog_Filter not found: check if there is a RefParameter without a condition.
2023-12-28 18:51:57,232 [INFO] CodeEngine:255 - oldGeneratedFile, D:\Embedded\KLEBOT\GIT\Software\Klebot\MXTmpFiles\license.tmp_save
2023-12-28 18:51:57,322 [INFO] CodeEngine:279 - Generated code: D:\Embedded\KLEBOT\GIT\Software\Klebot\MXTmpFiles\license.tmp
2023-12-28 18:51:57,373 [INFO] CodeEngine:255 - oldGeneratedFile, D:\Embedded\KLEBOT\GIT\Software\Klebot\Core\Src\gpio.c_save
2023-12-28 18:51:57,477 [INFO] CodeEngine:279 - Generated code: D:\Embedded\KLEBOT\GIT\Software\Klebot\Core\Src\gpio.c
2023-12-28 18:51:57,485 [INFO] CodeEngine:255 - oldGeneratedFile, D:\Embedded\KLEBOT\GIT\Software\Klebot\Core\Inc\gpio.h_save
2023-12-28 18:51:57,563 [INFO] CodeEngine:279 - Generated code: D:\Embedded\KLEBOT\GIT\Software\Klebot\Core\Inc\gpio.h
2023-12-28 18:51:57,861 [INFO] CodeEngine:255 - oldGeneratedFile, D:\Embedded\KLEBOT\GIT\Software\Klebot\Core\Src\i2c.c_save
2023-12-28 18:51:57,982 [INFO] CodeEngine:279 - Generated code: D:\Embedded\KLEBOT\GIT\Software\Klebot\Core\Src\i2c.c
2023-12-28 18:51:58,001 [INFO] CodeEngine:255 - oldGeneratedFile, D:\Embedded\KLEBOT\GIT\Software\Klebot\Core\Inc\i2c.h_save
2023-12-28 18:51:58,055 [INFO] CodeEngine:279 - Generated code: D:\Embedded\KLEBOT\GIT\Software\Klebot\Core\Inc\i2c.h
2023-12-28 18:51:58,077 [INFO] CodeEngine:255 - oldGeneratedFile, D:\Embedded\KLEBOT\GIT\Software\Klebot\Core\Src\spi.c_save
2023-12-28 18:51:58,151 [INFO] CodeEngine:279 - Generated code: D:\Embedded\KLEBOT\GIT\Software\Klebot\Core\Src\spi.c
2023-12-28 18:51:58,159 [INFO] CodeEngine:255 - oldGeneratedFile, D:\Embedded\KLEBOT\GIT\Software\Klebot\Core\Inc\spi.h_save
2023-12-28 18:51:58,227 [INFO] CodeEngine:279 - Generated code: D:\Embedded\KLEBOT\GIT\Software\Klebot\Core\Inc\spi.h
2023-12-28 18:51:58,246 [INFO] CodeEngine:255 - oldGeneratedFile, D:\Embedded\KLEBOT\GIT\Software\Klebot\Core\Src\tim.c_save
2023-12-28 18:51:58,351 [INFO] CodeEngine:279 - Generated code: D:\Embedded\KLEBOT\GIT\Software\Klebot\Core\Src\tim.c
2023-12-28 18:51:58,357 [INFO] CodeEngine:255 - oldGeneratedFile, D:\Embedded\KLEBOT\GIT\Software\Klebot\Core\Inc\tim.h_save
2023-12-28 18:51:58,418 [INFO] CodeEngine:279 - Generated code: D:\Embedded\KLEBOT\GIT\Software\Klebot\Core\Inc\tim.h
2023-12-28 18:51:58,436 [INFO] CodeEngine:255 - oldGeneratedFile, D:\Embedded\KLEBOT\GIT\Software\Klebot\Core\Src\usart.c_save
2023-12-28 18:51:58,511 [INFO] CodeEngine:279 - Generated code: D:\Embedded\KLEBOT\GIT\Software\Klebot\Core\Src\usart.c
2023-12-28 18:51:58,517 [INFO] CodeEngine:255 - oldGeneratedFile, D:\Embedded\KLEBOT\GIT\Software\Klebot\Core\Inc\usart.h_save
2023-12-28 18:51:58,581 [INFO] CodeEngine:279 - Generated code: D:\Embedded\KLEBOT\GIT\Software\Klebot\Core\Inc\usart.h
2023-12-28 18:51:58,600 [INFO] CodeEngine:255 - oldGeneratedFile, D:\Embedded\KLEBOT\GIT\Software\Klebot\Core\Src\stm32f1xx_it.c_save
2023-12-28 18:51:58,757 [INFO] CodeEngine:279 - Generated code: D:\Embedded\KLEBOT\GIT\Software\Klebot\Core\Src\stm32f1xx_it.c
2023-12-28 18:51:58,772 [INFO] CodeEngine:255 - oldGeneratedFile, D:\Embedded\KLEBOT\GIT\Software\Klebot\Core\Inc\stm32f1xx_it.h_save
2023-12-28 18:51:58,829 [INFO] CodeEngine:279 - Generated code: D:\Embedded\KLEBOT\GIT\Software\Klebot\Core\Inc\stm32f1xx_it.h
2023-12-28 18:51:58,846 [INFO] CodeEngine:255 - oldGeneratedFile, D:\Embedded\KLEBOT\GIT\Software\Klebot\Core\Src\stm32f1xx_hal_msp.c_save
2023-12-28 18:51:58,918 [INFO] CodeEngine:279 - Generated code: D:\Embedded\KLEBOT\GIT\Software\Klebot\Core\Src\stm32f1xx_hal_msp.c
2023-12-28 18:51:58,921 [INFO] CodeEngine:255 - oldGeneratedFile, D:\Embedded\KLEBOT\GIT\Software\Klebot\MXTmpFiles\system.tmp_save
2023-12-28 18:51:58,974 [INFO] CodeEngine:279 - Generated code: D:\Embedded\KLEBOT\GIT\Software\Klebot\MXTmpFiles\system.tmp
2023-12-28 18:51:58,994 [INFO] CodeEngine:311 - oldGeneratedFile, D:\Embedded\KLEBOT\GIT\Software\Klebot\Core\Inc\stm32f1xx_hal_conf.h_save
2023-12-28 18:51:59,083 [INFO] CodeEngine:335 - Generated code: D:\Embedded\KLEBOT\GIT\Software\Klebot\Core\Inc\stm32f1xx_hal_conf.h
2023-12-28 18:51:59,124 [INFO] CodeEngine:255 - oldGeneratedFile, D:\Embedded\KLEBOT\GIT\Software\Klebot\Core\Inc\main.h_save
2023-12-28 18:51:59,194 [INFO] CodeEngine:279 - Generated code: D:\Embedded\KLEBOT\GIT\Software\Klebot\Core\Inc\main.h
2023-12-28 18:51:59,211 [INFO] CodeEngine:255 - oldGeneratedFile, D:\Embedded\KLEBOT\GIT\Software\Klebot\Core\Src\main.c_save
2023-12-28 18:51:59,302 [INFO] CodeEngine:279 - Generated code: D:\Embedded\KLEBOT\GIT\Software\Klebot\Core\Src\main.c
2023-12-28 18:51:59,797 [INFO] ProjectBuilder:3076 - Time for Copy HAL[1] : 138mS.
2023-12-28 18:51:59,800 [INFO] ProjectBuilder:4485 - Project Generator version: 4.2.0-B44
2023-12-28 18:51:59,944 [INFO] ConfigFileManager:1495 - The Die is : DIE418
2023-12-28 18:52:01,230 [INFO] ProjectBuilder:4747 - Time for Generating toolchain IDE Files: 1429mS.
2023-12-28 18:52:01,231 [INFO] ProjectBuilder:2947 - Time for Copy CMSIS : 1mS.
2023-12-28 18:52:01,235 [INFO] ProjectBuilder:2947 - Time for Copy CMSIS : 0mS.
2023-12-28 18:56:11,453 [INFO] NvicIntPanel:101 - NVIC parent = com.st.microxplorer.plugins.ip.nvic.MultiNvicIntPanel[,0,0,0x0,invalid,layout=javax.swing.BoxLayout,alignmentX=0.0,alignmentY=0.0,border=,flags=9,maximumSize=,minimumSize=,preferredSize=]
2023-12-28 18:56:53,602 [INFO] UtilMem:75 - End SaveConfig() Used Memory: 439612320 Bytes (1073741824)
2023-12-28 18:57:01,053 [INFO] UtilMem:75 - End SaveConfig() Used Memory: 531672144 Bytes (1073741824)
2023-12-28 18:57:01,279 [INFO] UtilMem:75 - End SaveConfig() Used Memory: 592684128 Bytes (1073741824)
2023-12-28 18:57:01,473 [INFO] BlockDiagram:2759 - set Specific Code input for plugin: SPI
2023-12-28 18:57:01,473 [INFO] BlockDiagram:2759 - set Specific Code input for plugin: NVIC
2023-12-28 18:57:01,473 [INFO] BlockDiagram:2759 - set Specific Code input for plugin: USART
2023-12-28 18:57:01,473 [INFO] BlockDiagram:2759 - set Specific Code input for plugin: TIM6_7F1
2023-12-28 18:57:01,473 [INFO] BlockDiagram:2759 - set Specific Code input for plugin: TIM1_8F1
2023-12-28 18:57:01,473 [INFO] BlockDiagram:2759 - set Specific Code input for plugin: TIM1_8F1
2023-12-28 18:57:01,473 [INFO] BlockDiagram:2759 - set Specific Code input for plugin: TIM1_8F1
2023-12-28 18:57:01,473 [INFO] BlockDiagram:2759 - set Specific Code input for plugin: SYS
2023-12-28 18:57:01,473 [INFO] BlockDiagram:2759 - set Specific Code input for plugin: GPIO
2023-12-28 18:57:01,474 [INFO] BlockDiagram:2759 - set Specific Code input for plugin: RCC
2023-12-28 18:57:01,474 [INFO] BlockDiagram:2759 - set Specific Code input for plugin: I2C
2023-12-28 18:57:01,474 [INFO] CodeGenerator:807 - code generatio: config db path: D:\Program Files (x86)\STM32CubeIDE_1.11.2\STM32CubeIDE\plugins\com.st.stm32cube.common.mx_6.10.0.202311202037\\db\
2023-12-28 18:57:01,476 [WARN] IP:2119 - I2C_Coeff_DF not found: check if there is a RefParameter without a condition.
2023-12-28 18:57:01,476 [WARN] IP:2119 - Analog_Filter not found: check if there is a RefParameter without a condition.
2023-12-28 18:57:01,589 [INFO] CodeEngine:255 - oldGeneratedFile, D:\Embedded\KLEBOT\GIT\Software\Klebot\MXTmpFiles\license.tmp_save
2023-12-28 18:57:01,657 [INFO] CodeEngine:279 - Generated code: D:\Embedded\KLEBOT\GIT\Software\Klebot\MXTmpFiles\license.tmp
2023-12-28 18:57:01,682 [INFO] CodeEngine:255 - oldGeneratedFile, D:\Embedded\KLEBOT\GIT\Software\Klebot\Core\Src\gpio.c_save
2023-12-28 18:57:01,748 [INFO] CodeEngine:279 - Generated code: D:\Embedded\KLEBOT\GIT\Software\Klebot\Core\Src\gpio.c
2023-12-28 18:57:01,751 [INFO] CodeEngine:255 - oldGeneratedFile, D:\Embedded\KLEBOT\GIT\Software\Klebot\Core\Inc\gpio.h_save
2023-12-28 18:57:01,797 [INFO] CodeEngine:279 - Generated code: D:\Embedded\KLEBOT\GIT\Software\Klebot\Core\Inc\gpio.h
2023-12-28 18:57:01,929 [INFO] CodeEngine:255 - oldGeneratedFile, D:\Embedded\KLEBOT\GIT\Software\Klebot\Core\Src\i2c.c_save
2023-12-28 18:57:01,992 [INFO] CodeEngine:279 - Generated code: D:\Embedded\KLEBOT\GIT\Software\Klebot\Core\Src\i2c.c
2023-12-28 18:57:02,000 [INFO] CodeEngine:255 - oldGeneratedFile, D:\Embedded\KLEBOT\GIT\Software\Klebot\Core\Inc\i2c.h_save
2023-12-28 18:57:02,049 [INFO] CodeEngine:279 - Generated code: D:\Embedded\KLEBOT\GIT\Software\Klebot\Core\Inc\i2c.h
2023-12-28 18:57:02,062 [INFO] CodeEngine:255 - oldGeneratedFile, D:\Embedded\KLEBOT\GIT\Software\Klebot\Core\Src\spi.c_save
2023-12-28 18:57:02,123 [INFO] CodeEngine:279 - Generated code: D:\Embedded\KLEBOT\GIT\Software\Klebot\Core\Src\spi.c
2023-12-28 18:57:02,128 [INFO] CodeEngine:255 - oldGeneratedFile, D:\Embedded\KLEBOT\GIT\Software\Klebot\Core\Inc\spi.h_save
2023-12-28 18:57:02,174 [INFO] CodeEngine:279 - Generated code: D:\Embedded\KLEBOT\GIT\Software\Klebot\Core\Inc\spi.h
2023-12-28 18:57:02,189 [INFO] CodeEngine:255 - oldGeneratedFile, D:\Embedded\KLEBOT\GIT\Software\Klebot\Core\Src\tim.c_save
2023-12-28 18:57:02,326 [INFO] CodeEngine:279 - Generated code: D:\Embedded\KLEBOT\GIT\Software\Klebot\Core\Src\tim.c
2023-12-28 18:57:02,336 [INFO] CodeEngine:255 - oldGeneratedFile, D:\Embedded\KLEBOT\GIT\Software\Klebot\Core\Inc\tim.h_save
2023-12-28 18:57:02,383 [INFO] CodeEngine:279 - Generated code: D:\Embedded\KLEBOT\GIT\Software\Klebot\Core\Inc\tim.h
2023-12-28 18:57:02,398 [INFO] CodeEngine:255 - oldGeneratedFile, D:\Embedded\KLEBOT\GIT\Software\Klebot\Core\Src\usart.c_save
2023-12-28 18:57:02,459 [INFO] CodeEngine:279 - Generated code: D:\Embedded\KLEBOT\GIT\Software\Klebot\Core\Src\usart.c
2023-12-28 18:57:02,464 [INFO] CodeEngine:255 - oldGeneratedFile, D:\Embedded\KLEBOT\GIT\Software\Klebot\Core\Inc\usart.h_save
2023-12-28 18:57:02,509 [INFO] CodeEngine:279 - Generated code: D:\Embedded\KLEBOT\GIT\Software\Klebot\Core\Inc\usart.h
2023-12-28 18:57:02,525 [INFO] CodeEngine:255 - oldGeneratedFile, D:\Embedded\KLEBOT\GIT\Software\Klebot\Core\Src\stm32f1xx_it.c_save
2023-12-28 18:57:02,590 [INFO] CodeEngine:279 - Generated code: D:\Embedded\KLEBOT\GIT\Software\Klebot\Core\Src\stm32f1xx_it.c
2023-12-28 18:57:02,594 [INFO] CodeEngine:255 - oldGeneratedFile, D:\Embedded\KLEBOT\GIT\Software\Klebot\Core\Inc\stm32f1xx_it.h_save
2023-12-28 18:57:02,640 [INFO] CodeEngine:279 - Generated code: D:\Embedded\KLEBOT\GIT\Software\Klebot\Core\Inc\stm32f1xx_it.h
2023-12-28 18:57:02,653 [INFO] CodeEngine:255 - oldGeneratedFile, D:\Embedded\KLEBOT\GIT\Software\Klebot\Core\Src\stm32f1xx_hal_msp.c_save
2023-12-28 18:57:02,715 [INFO] CodeEngine:279 - Generated code: D:\Embedded\KLEBOT\GIT\Software\Klebot\Core\Src\stm32f1xx_hal_msp.c
2023-12-28 18:57:02,719 [INFO] CodeEngine:255 - oldGeneratedFile, D:\Embedded\KLEBOT\GIT\Software\Klebot\MXTmpFiles\system.tmp_save
2023-12-28 18:57:02,761 [INFO] CodeEngine:279 - Generated code: D:\Embedded\KLEBOT\GIT\Software\Klebot\MXTmpFiles\system.tmp
2023-12-28 18:57:02,773 [INFO] CodeEngine:311 - oldGeneratedFile, D:\Embedded\KLEBOT\GIT\Software\Klebot\Core\Inc\stm32f1xx_hal_conf.h_save
2023-12-28 18:57:02,844 [INFO] CodeEngine:335 - Generated code: D:\Embedded\KLEBOT\GIT\Software\Klebot\Core\Inc\stm32f1xx_hal_conf.h
2023-12-28 18:57:02,870 [INFO] CodeEngine:255 - oldGeneratedFile, D:\Embedded\KLEBOT\GIT\Software\Klebot\Core\Inc\main.h_save
2023-12-28 18:57:02,925 [INFO] CodeEngine:279 - Generated code: D:\Embedded\KLEBOT\GIT\Software\Klebot\Core\Inc\main.h
2023-12-28 18:57:02,934 [INFO] CodeEngine:255 - oldGeneratedFile, D:\Embedded\KLEBOT\GIT\Software\Klebot\Core\Src\main.c_save
2023-12-28 18:57:02,996 [INFO] CodeEngine:279 - Generated code: D:\Embedded\KLEBOT\GIT\Software\Klebot\Core\Src\main.c
2023-12-28 18:57:03,339 [INFO] ProjectBuilder:3076 - Time for Copy HAL[1] : 102mS.
2023-12-28 18:57:03,343 [INFO] ProjectBuilder:4485 - Project Generator version: 4.2.0-B44
2023-12-28 18:57:03,460 [INFO] ConfigFileManager:1495 - The Die is : DIE418
2023-12-28 18:57:04,420 [INFO] ProjectBuilder:4747 - Time for Generating toolchain IDE Files: 1077mS.
2023-12-28 18:57:04,421 [INFO] ProjectBuilder:2947 - Time for Copy CMSIS : 0mS.
2023-12-28 18:57:04,422 [INFO] ProjectBuilder:2947 - Time for Copy CMSIS : 0mS.
2023-12-28 21:48:20,061 [ERROR] LogOutputStream:75 - [STDERR_REDIRECT] 
2023-12-28 21:48:20,061 [ERROR] LogOutputStream:75 - [STDERR_REDIRECT] 
