2024-03-12 16:30:06,039 [INFO] Activator:176 - 


2024-03-12 16:30:06,043 [INFO] Activator:177 - !SESSION log4j initialized
2024-03-12 16:30:13,454 [INFO] LogOutputStream:77 - [STDOUT_REDIRECT] 
2024-03-12 16:30:14,293 [INFO] ApplicationProperties:184 - Using Application install path: D:\Program Files (x86)\STM32CubeIDE_1.11.2\STM32CubeIDE\plugins\com.st.stm32cube.common.mx_6.10.0.202311202037
2024-03-12 16:30:14,308 [INFO] DbMcusXml:78 - Set database path to: D:\Program Files (x86)\STM32CubeIDE_1.11.2\STM32CubeIDE\plugins\com.st.stm32cube.common.mx_6.10.0.202311202037\\db\/mcu/
2024-03-12 16:30:14,308 [INFO] ApiDb:274 - Set plugin database path to: D:\Program Files (x86)\STM32CubeIDE_1.11.2\STM32CubeIDE\plugins\com.st.stm32cube.common.mx_6.10.0.202311202037\\db\/plugins/boardmanager/
2024-03-12 16:30:14,309 [WARN] ApiDb:259 - Overriding images path with different value:  => D:\Program Files (x86)\STM32CubeIDE_1.11.2\STM32CubeIDE\plugins\com.st.stm32cube.common.mx_6.10.0.202311202037\\db\/plugins/mcufinder/images/
2024-03-12 16:30:14,316 [INFO] ApiDb:250 - Set database path to: C:\Users\miqix\.stmcufinder\plugins\mcufinder//mcu/
2024-03-12 16:30:14,317 [INFO] DbMcusAds:125 - Set database path to: C:\Users\miqix\.stmcufinder\plugins\mcufinder//mcu/
2024-03-12 16:30:14,318 [INFO] CrossReferenceDbSqlite:203 - Set database path to: C:\Users\miqix\.stmcufinder\plugins\mcufinder//mcu/cs/
2024-03-12 16:30:14,413 [INFO] RulesReader:64 - Compatibility file has been processed (297 Rules)
2024-03-12 16:30:14,486 [INFO] DbMcusXml:78 - Set database path to: D:\Program Files (x86)\STM32CubeIDE_1.11.2\STM32CubeIDE\plugins\com.st.stm32cube.common.mx_6.10.0.202311202037\\db\/mcu/
2024-03-12 16:30:14,486 [INFO] ApiDb:274 - Set plugin database path to: D:\Program Files (x86)\STM32CubeIDE_1.11.2\STM32CubeIDE\plugins\com.st.stm32cube.common.mx_6.10.0.202311202037\\db\/plugins/boardmanager/
2024-03-12 16:30:14,486 [INFO] ApiDb:261 - Set plugin images path to: D:\Program Files (x86)\STM32CubeIDE_1.11.2\STM32CubeIDE\plugins\com.st.stm32cube.common.mx_6.10.0.202311202037\\db\/plugins/mcufinder/images/
2024-03-12 16:30:14,486 [WARN] DbFile:41 - Overriding database path with different value: C:\Users\miqix\.stmcufinder\plugins\mcufinder/ => C:\Users\miqix\.stmcufinder\plugins\mcufinder
2024-03-12 16:30:14,486 [INFO] ApiDb:250 - Set database path to: C:\Users\miqix\.stmcufinder\plugins\mcufinder//mcu/
2024-03-12 16:30:14,486 [WARN] DbFile:41 - Overriding database path with different value: C:\Users\miqix\.stmcufinder\plugins\mcufinder/ => C:\Users\miqix\.stmcufinder\plugins\mcufinder
2024-03-12 16:30:14,486 [INFO] DbMcusAds:125 - Set database path to: C:\Users\miqix\.stmcufinder\plugins\mcufinder//mcu/
2024-03-12 16:30:14,486 [WARN] DbFile:41 - Overriding database path with different value: C:\Users\miqix\.stmcufinder\plugins\mcufinder/ => C:\Users\miqix\.stmcufinder\plugins\mcufinder
2024-03-12 16:30:14,486 [WARN] DbFile:41 - Overriding database path with different value: C:\Users\miqix\.stmcufinder\plugins\mcufinder/ => C:\Users\miqix\.stmcufinder\plugins\mcufinder
2024-03-12 16:30:14,486 [INFO] CrossReferenceDbSqlite:203 - Set database path to: C:\Users\miqix\.stmcufinder\plugins\mcufinder//mcu/cs/
2024-03-12 16:30:14,551 [INFO] MainPanel:264 - HeapMemory: 268435456
2024-03-12 16:30:14,627 [INFO] DbMcusXml:78 - Set database path to: D:\Program Files (x86)\STM32CubeIDE_1.11.2\STM32CubeIDE\plugins\com.st.stm32cube.common.mx_6.10.0.202311202037\\db\/mcu/
2024-03-12 16:30:14,627 [INFO] ApiDb:274 - Set plugin database path to: D:\Program Files (x86)\STM32CubeIDE_1.11.2\STM32CubeIDE\plugins\com.st.stm32cube.common.mx_6.10.0.202311202037\\db\/plugins/boardmanager/
2024-03-12 16:30:14,627 [INFO] ApiDb:261 - Set plugin images path to: D:\Program Files (x86)\STM32CubeIDE_1.11.2\STM32CubeIDE\plugins\com.st.stm32cube.common.mx_6.10.0.202311202037\\db\/plugins/mcufinder/images/
2024-03-12 16:30:14,629 [WARN] DbFile:41 - Overriding database path with different value: C:\Users\miqix\.stmcufinder\plugins\mcufinder/ => C:\Users\miqix\.stmcufinder\plugins\mcufinder
2024-03-12 16:30:14,629 [INFO] ApiDb:250 - Set database path to: C:\Users\miqix\.stmcufinder\plugins\mcufinder//mcu/
2024-03-12 16:30:14,629 [WARN] DbFile:41 - Overriding database path with different value: C:\Users\miqix\.stmcufinder\plugins\mcufinder/ => C:\Users\miqix\.stmcufinder\plugins\mcufinder
2024-03-12 16:30:14,629 [INFO] DbMcusAds:125 - Set database path to: C:\Users\miqix\.stmcufinder\plugins\mcufinder//mcu/
2024-03-12 16:30:14,629 [WARN] DbFile:41 - Overriding database path with different value: C:\Users\miqix\.stmcufinder\plugins\mcufinder/ => C:\Users\miqix\.stmcufinder\plugins\mcufinder
2024-03-12 16:30:14,629 [WARN] DbFile:41 - Overriding database path with different value: C:\Users\miqix\.stmcufinder\plugins\mcufinder/ => C:\Users\miqix\.stmcufinder\plugins\mcufinder
2024-03-12 16:30:14,629 [INFO] CrossReferenceDbSqlite:203 - Set database path to: C:\Users\miqix\.stmcufinder\plugins\mcufinder//mcu/cs/
2024-03-12 16:30:14,645 [INFO] ApplicationProperties:184 - Using Application install path: D:\Program Files (x86)\STM32CubeIDE_1.11.2\STM32CubeIDE\plugins\com.st.stm32cube.common.mx_6.10.0.202311202037
2024-03-12 16:30:14,646 [INFO] PluginManage:196 - Search for loadable plugins [exclusion list=, ]
2024-03-12 16:30:14,648 [INFO] PluginManage:310 - Check plugin analytics
2024-03-12 16:30:14,782 [INFO] AnalyticsPlugin:253 - Accepted Software Licenses: 
2024-03-12 16:30:14,783 [INFO] AnalyticsPlugin:255 - Accepted CMSIS Pack Licenses: 
2024-03-12 16:30:14,783 [INFO] AnalyticsPlugin:257 - Accepted Firmware Licenses: 
2024-03-12 16:30:14,784 [INFO] PluginManage:359 - Loaded plugin analytics (category:tool,tabindex:-1)
2024-03-12 16:30:14,786 [INFO] PluginManage:310 - Check plugin cadmodel
2024-03-12 16:30:14,798 [INFO] CADModel:105 - Init CAD model plugin
2024-03-12 16:30:14,798 [INFO] PluginManage:359 - Loaded plugin cadmodel (category:power,tabindex:5)
2024-03-12 16:30:14,798 [INFO] PluginManage:310 - Check plugin clock
2024-03-12 16:30:14,816 [INFO] PluginManage:359 - Loaded plugin clock (category:base,tabindex:2)
2024-03-12 16:30:14,816 [INFO] PluginManage:310 - Check plugin ddr
2024-03-12 16:30:14,818 [INFO] PluginManage:359 - Loaded plugin ddr (category:tool,tabindex:6)
2024-03-12 16:30:14,818 [INFO] PluginManage:310 - Check plugin filemanager
2024-03-12 16:30:14,938 [INFO] PluginManage:359 - Loaded plugin filemanager (category:base,tabindex:10)
2024-03-12 16:30:14,938 [INFO] PluginManage:310 - Check plugin ipmanager
2024-03-12 16:30:14,945 [INFO] PluginManage:359 - Loaded plugin ipmanager (category:base,tabindex:5)
2024-03-12 16:30:14,945 [INFO] PluginManage:310 - Check plugin lpbam
2024-03-12 16:30:14,959 [INFO] PluginManage:359 - Loaded plugin lpbam (category:base,tabindex:0)
2024-03-12 16:30:14,959 [INFO] PluginManage:310 - Check plugin memorymap
2024-03-12 16:30:14,981 [INFO] PluginManage:359 - Loaded plugin memorymap (category:base,tabindex:4)
2024-03-12 16:30:14,982 [INFO] PluginManage:310 - Check plugin pinoutandconfiguration
2024-03-12 16:30:14,995 [INFO] PluginManage:359 - Loaded plugin pinoutandconfiguration (category:base,tabindex:1)
2024-03-12 16:30:14,996 [INFO] PluginManage:310 - Check plugin pinoutconfig
2024-03-12 16:30:15,070 [WARN] SupportedApi:132 - Cannot load RTOS API schema: s4s-elt-must-match.1: The content of 'definitions' must match (annotation?, (simpleType | complexType)?, (unique | key | keyref)*)). A problem was found starting at: attribute.
2024-03-12 16:30:15,181 [INFO] PluginManage:359 - Loaded plugin pinoutconfig (category:base,tabindex:0)
2024-03-12 16:30:15,182 [INFO] PluginManage:310 - Check plugin power
2024-03-12 16:30:15,197 [INFO] PluginManage:359 - Loaded plugin power (category:power,tabindex:4)
2024-03-12 16:30:15,197 [INFO] PluginManage:310 - Check plugin projectmanager
2024-03-12 16:30:15,209 [INFO] PluginManage:359 - Loaded plugin projectmanager (category:projectmanager,tabindex:3)
2024-03-12 16:30:15,210 [INFO] PluginManage:310 - Check plugin thirdparty
2024-03-12 16:30:15,438 [INFO] PluginManage:359 - Loaded plugin thirdparty (category:base,tabindex:-1)
2024-03-12 16:30:15,438 [WARN] IntegrityCheckThread:84 - waiting for thirdparty lock release [integrity check]
2024-03-12 16:30:15,439 [INFO] PluginManage:310 - Check plugin tools
2024-03-12 16:30:15,439 [INFO] IntegrityCheckThread:86 - entering critical section [integrity check]
2024-03-12 16:30:15,439 [INFO] ThirdPartyUpdaterWithRetryManager:70 - Updater plugin not ready yet. [1/15]
2024-03-12 16:30:15,462 [INFO] PluginManage:359 - Loaded plugin tools (category:base,tabindex:7)
2024-03-12 16:30:15,462 [INFO] PluginManage:310 - Check plugin tutovideos
2024-03-12 16:30:15,627 [INFO] PluginManage:359 - Loaded plugin tutovideos (category:base,tabindex:-1)
2024-03-12 16:30:15,627 [INFO] PluginManage:310 - Check plugin updater
2024-03-12 16:30:15,636 [INFO] PluginManage:359 - Loaded plugin updater (category:base,tabindex:12)
2024-03-12 16:30:15,636 [INFO] PluginManage:310 - Check plugin userauth
2024-03-12 16:30:15,640 [INFO] UserAuth:114 - Init User Auth plugin
2024-03-12 16:30:15,640 [INFO] PluginManage:359 - Loaded plugin userauth (category:base,tabindex:14)
2024-03-12 16:30:15,641 [INFO] PluginManage:283 - PluginManage : Loaded plugins [17]
2024-03-12 16:30:15,814 [INFO] PinOutPanel:1499 - setPackage(No Configuration,No Configuration)
2024-03-12 16:30:15,876 [INFO] CADModel:165 - CPN selected for project level
2024-03-12 16:30:15,876 [INFO] CADModel:114 - Register for checkConnection events
2024-03-12 16:30:15,897 [INFO] IPUIPlugin:80 - create IPUIPlugin
2024-03-12 16:30:15,897 [INFO] PluginManager:220 - loadIPPluginJar : add adc
2024-03-12 16:30:15,922 [INFO] IPUIPlugin:80 - create IPUIPlugin
2024-03-12 16:30:15,922 [INFO] PluginManager:220 - loadIPPluginJar : add aes
2024-03-12 16:30:15,951 [INFO] IPUIPlugin:80 - create IPUIPlugin
2024-03-12 16:30:15,951 [INFO] PluginManager:220 - loadIPPluginJar : add can
2024-03-12 16:30:15,968 [INFO] IPUIPlugin:80 - create IPUIPlugin
2024-03-12 16:30:15,968 [INFO] PluginManager:220 - loadIPPluginJar : add comp
2024-03-12 16:30:15,991 [INFO] IPUIPlugin:80 - create IPUIPlugin
2024-03-12 16:30:15,991 [INFO] PluginManager:220 - loadIPPluginJar : add cryp
2024-03-12 16:30:16,011 [INFO] IPUIPlugin:80 - create IPUIPlugin
2024-03-12 16:30:16,011 [INFO] PluginManager:220 - loadIPPluginJar : add dfsdm
2024-03-12 16:30:16,022 [INFO] IPUIPlugin:80 - create IPUIPlugin
2024-03-12 16:30:16,022 [INFO] PluginManager:220 - loadIPPluginJar : add dma
2024-03-12 16:30:16,053 [INFO] IPUIPlugin:80 - create IPUIPlugin
2024-03-12 16:30:16,053 [INFO] PluginManager:220 - loadIPPluginJar : add dma3
2024-03-12 16:30:16,067 [INFO] IPUIPlugin:80 - create IPUIPlugin
2024-03-12 16:30:16,067 [INFO] PluginManager:220 - loadIPPluginJar : add fatfs
2024-03-12 16:30:16,098 [INFO] IPUIPlugin:80 - create IPUIPlugin
2024-03-12 16:30:16,098 [INFO] PluginManager:220 - loadIPPluginJar : add fmc
2024-03-12 16:30:16,110 [INFO] IPUIPlugin:80 - create IPUIPlugin
2024-03-12 16:30:16,110 [INFO] PluginManager:220 - loadIPPluginJar : add freertos
2024-03-12 16:30:16,124 [INFO] IPUIPlugin:80 - create IPUIPlugin
2024-03-12 16:30:16,125 [INFO] PluginManager:220 - loadIPPluginJar : add genericplugin
2024-03-12 16:30:16,182 [INFO] IPUIPlugin:80 - create IPUIPlugin
2024-03-12 16:30:16,183 [INFO] PluginManager:220 - loadIPPluginJar : add gfxmmu
2024-03-12 16:30:16,267 [INFO] IPUIPlugin:80 - create IPUIPlugin
2024-03-12 16:30:16,267 [INFO] PluginManager:220 - loadIPPluginJar : add gic
2024-03-12 16:30:16,276 [INFO] IPUIPlugin:80 - create IPUIPlugin
2024-03-12 16:30:16,277 [INFO] PluginManager:220 - loadIPPluginJar : add gpio
2024-03-12 16:30:16,341 [INFO] IPUIPlugin:80 - create IPUIPlugin
2024-03-12 16:30:16,341 [INFO] PluginManager:220 - loadIPPluginJar : add gtzc
2024-03-12 16:30:16,363 [INFO] IPUIPlugin:80 - create IPUIPlugin
2024-03-12 16:30:16,363 [INFO] PluginManager:220 - loadIPPluginJar : add hash
2024-03-12 16:30:16,397 [INFO] IPUIPlugin:80 - create IPUIPlugin
2024-03-12 16:30:16,398 [INFO] PluginManager:220 - loadIPPluginJar : add i2c
2024-03-12 16:30:16,423 [INFO] IPUIPlugin:80 - create IPUIPlugin
2024-03-12 16:30:16,423 [INFO] PluginManager:220 - loadIPPluginJar : add i2s
2024-03-12 16:30:16,452 [INFO] IPUIPlugin:80 - create IPUIPlugin
2024-03-12 16:30:16,452 [INFO] PluginManager:220 - loadIPPluginJar : add i3c
2024-03-12 16:30:16,524 [INFO] IPUIPlugin:80 - create IPUIPlugin
2024-03-12 16:30:16,524 [INFO] PluginManager:220 - loadIPPluginJar : add ipddr
2024-03-12 16:30:16,585 [INFO] IPUIPlugin:80 - create IPUIPlugin
2024-03-12 16:30:16,585 [INFO] PluginManager:220 - loadIPPluginJar : add linkedlist
2024-03-12 16:30:16,609 [INFO] IPUIPlugin:80 - create IPUIPlugin
2024-03-12 16:30:16,609 [INFO] PluginManager:220 - loadIPPluginJar : add lorawan
2024-03-12 16:30:16,634 [INFO] IPUIPlugin:80 - create IPUIPlugin
2024-03-12 16:30:16,634 [INFO] PluginManager:220 - loadIPPluginJar : add ltdc
2024-03-12 16:30:16,645 [INFO] IPUIPlugin:80 - create IPUIPlugin
2024-03-12 16:30:16,646 [INFO] PluginManager:220 - loadIPPluginJar : add mdma
2024-03-12 16:30:16,654 [INFO] IPUIPlugin:80 - create IPUIPlugin
2024-03-12 16:30:16,654 [INFO] PluginManager:220 - loadIPPluginJar : add nvic
2024-03-12 16:30:16,678 [INFO] IPUIPlugin:80 - create IPUIPlugin
2024-03-12 16:30:16,679 [INFO] PluginManager:220 - loadIPPluginJar : add opamp
2024-03-12 16:30:16,717 [INFO] IPUIPlugin:80 - create IPUIPlugin
2024-03-12 16:30:16,717 [INFO] PluginManager:220 - loadIPPluginJar : add openamp
2024-03-12 16:30:16,746 [INFO] IPUIPlugin:80 - create IPUIPlugin
2024-03-12 16:30:16,746 [INFO] PluginManager:220 - loadIPPluginJar : add pdm2pcm
2024-03-12 16:30:16,757 [INFO] IPUIPlugin:80 - create IPUIPlugin
2024-03-12 16:30:16,759 [INFO] PluginManager:220 - loadIPPluginJar : add plateformsettings
2024-03-12 16:30:16,774 [INFO] IPUIPlugin:80 - create IPUIPlugin
2024-03-12 16:30:16,774 [INFO] PluginManager:220 - loadIPPluginJar : add quadspi
2024-03-12 16:30:16,783 [INFO] IPUIPlugin:80 - create IPUIPlugin
2024-03-12 16:30:16,783 [INFO] PluginManager:220 - loadIPPluginJar : add resmgrutility
2024-03-12 16:30:16,818 [INFO] IPUIPlugin:80 - create IPUIPlugin
2024-03-12 16:30:16,818 [INFO] PluginManager:220 - loadIPPluginJar : add sai
2024-03-12 16:30:16,842 [INFO] IPUIPlugin:80 - create IPUIPlugin
2024-03-12 16:30:16,844 [INFO] PluginManager:220 - loadIPPluginJar : add spi
2024-03-12 16:30:16,890 [INFO] IPUIPlugin:80 - create IPUIPlugin
2024-03-12 16:30:16,890 [INFO] PluginManager:220 - loadIPPluginJar : add stm32_wpan
2024-03-12 16:30:16,906 [INFO] IPUIPlugin:80 - create IPUIPlugin
2024-03-12 16:30:16,906 [INFO] PluginManager:220 - loadIPPluginJar : add tim
2024-03-12 16:30:16,943 [INFO] IPUIPlugin:80 - create IPUIPlugin
2024-03-12 16:30:16,943 [INFO] PluginManager:220 - loadIPPluginJar : add touchsensing
2024-03-12 16:30:16,958 [INFO] IPUIPlugin:80 - create IPUIPlugin
2024-03-12 16:30:16,958 [INFO] PluginManager:220 - loadIPPluginJar : add tracer_emb
2024-03-12 16:30:16,973 [INFO] IPUIPlugin:80 - create IPUIPlugin
2024-03-12 16:30:16,974 [INFO] PluginManager:220 - loadIPPluginJar : add ts
2024-03-12 16:30:16,989 [INFO] IPUIPlugin:80 - create IPUIPlugin
2024-03-12 16:30:16,989 [INFO] PluginManager:220 - loadIPPluginJar : add tsc
2024-03-12 16:30:17,005 [INFO] IPUIPlugin:80 - create IPUIPlugin
2024-03-12 16:30:17,006 [INFO] PluginManager:220 - loadIPPluginJar : add ucpd
2024-03-12 16:30:17,035 [INFO] IPUIPlugin:80 - create IPUIPlugin
2024-03-12 16:30:17,035 [INFO] PluginManager:220 - loadIPPluginJar : add usart
2024-03-12 16:30:17,065 [INFO] IPUIPlugin:80 - create IPUIPlugin
2024-03-12 16:30:17,065 [INFO] PluginManager:220 - loadIPPluginJar : add usbx
2024-03-12 16:30:17,182 [INFO] CADModel:165 - CPN selected for project level
2024-03-12 16:30:17,182 [INFO] CADModel:114 - Register for checkConnection events
2024-03-12 16:30:17,182 [FATAL] Updater:308 - Updater called before beeing initialized
2024-03-12 16:30:17,182 [ERROR] CADModel:125 - Updater not yet initialized, retry later 
2024-03-12 16:30:17,293 [INFO] CADModel:165 - CPN selected for project level
2024-03-12 16:30:17,293 [INFO] CADModel:114 - Register for checkConnection events
2024-03-12 16:30:17,293 [FATAL] Updater:308 - Updater called before beeing initialized
2024-03-12 16:30:17,293 [ERROR] CADModel:125 - Updater not yet initialized, retry later 
2024-03-12 16:30:17,296 [FATAL] Updater:308 - Updater called before beeing initialized
2024-03-12 16:30:17,375 [FATAL] Updater:308 - Updater called before beeing initialized
2024-03-12 16:30:17,383 [INFO] DbMcusAds:53 - JSON generation date=Wed Nov 29 11:52:27 CET 2023 (1701255147349)
2024-03-12 16:30:17,383 [FATAL] Updater:308 - Updater called before beeing initialized
2024-03-12 16:30:17,446 [WARN] DetailPanel:346 - Failed to get advertising image, set to default
2024-03-12 16:30:17,523 [FATAL] Updater:308 - Updater called before beeing initialized
2024-03-12 16:30:17,525 [FATAL] Updater:308 - Updater called before beeing initialized
2024-03-12 16:30:17,525 [FATAL] Updater:308 - Updater called before beeing initialized
2024-03-12 16:30:17,525 [WARN] DetailPanel:346 - Failed to get advertising image, set to default
2024-03-12 16:30:17,526 [FATAL] Updater:308 - Updater called before beeing initialized
2024-03-12 16:30:17,572 [ERROR] Updater:1120 - MainUpdater not yet initialized. External WinMGr cannot be set.
2024-03-12 16:30:17,580 [INFO] Updater:1056 - Updater Version found : 6.10.0
2024-03-12 16:30:17,597 [INFO] ApplicationProperties:184 - Using Application install path: D:\Program Files (x86)\STM32CubeIDE_1.11.2\STM32CubeIDE\plugins\com.st.stm32cube.common.mx_6.10.0.202311202037
2024-03-12 16:30:18,441 [INFO] ThirdPartyUpdaterWithRetryManager:70 - Updater plugin not ready yet. [2/15]
2024-03-12 16:30:19,170 [ERROR] LogOutputStream:75 - [STDERR_REDIRECT] Mar 12, 2024 4:30:19 PM java.util.prefs.WindowsPreferences <init>
2024-03-12 16:30:19,171 [ERROR] LogOutputStream:75 - [STDERR_REDIRECT] WARNING: Could not open/create prefs root node Software\JavaSoft\Prefs at root 0xffffffff80000002. Windows RegCreateKeyEx(...) returned error code 5.
2024-03-12 16:30:19,171 [ERROR] LogOutputStream:75 - [STDERR_REDIRECT] 
2024-03-12 16:30:19,489 [INFO] MainUpdater:2873 - connection check result : 10
2024-03-12 16:30:19,489 [INFO] MainUpdater:290 - Updater Check For Update Now.
2024-03-12 16:30:19,489 [INFO] MicroXplorer:498 - Change Database Version : DB.6.0.100
2024-03-12 16:30:19,501 [INFO] McuFinderGlobals:63 - Set McuFinder mode to 2 (CubeIDE integrated)
2024-03-12 16:30:19,512 [INFO] UserAuth:404 - Internet connection configuration mode: 1
2024-03-12 16:30:19,535 [INFO] JxBrowserEngine:152 - Initiate JxBrowser Engine with user profile folder
2024-03-12 16:30:19,666 [INFO] CheckServerUpdateThread:120 - End of CheckServer Thread
2024-03-12 16:30:21,669 [WARN] PackLoader:240 - Cannot read IP mode file for STMicroelectronics.X-CUBE-SMBUS.2.1.0
2024-03-12 16:30:21,688 [WARN] PackLoader:240 - Cannot read IP mode file for STMicroelectronics.X-CUBE-TOUCHGFX.4.23.0
2024-03-12 16:30:21,737 [WARN] PackLoader:240 - Cannot read IP mode file for STMicroelectronics.X-CUBE-AZRTOS-F7.1.1.0
2024-03-12 16:30:21,754 [ERROR] RealEvaluatedCondition:428 - Found unsupported composite condition: GROUP='STM32_MetaDataManager' CLASS='Data Exchange'
2024-03-12 16:30:21,754 [ERROR] RealEvaluatedCondition:428 - Found unsupported composite condition: GROUP='STM32_MetaDataManager' CLASS='Data Exchange'
2024-03-12 16:30:21,755 [WARN] PackLoader:240 - Cannot read IP mode file for STMicroelectronics.FP-SNS-MOTENV1.4.3.0
2024-03-12 16:30:21,769 [WARN] PackLoader:240 - Cannot read IP mode file for STMicroelectronics.FP-SNS-MOTENV1.4.3.2
2024-03-12 16:30:21,781 [WARN] PackLoader:240 - Cannot read IP mode file for STMicroelectronics.FP-SNS-FLIGHT1.5.0.0
2024-03-12 16:30:21,795 [ERROR] RealEvaluatedCondition:428 - Found unsupported composite condition: CLASS='Data Exchange' GROUP='STM32_MetaDataManager'
2024-03-12 16:30:21,795 [ERROR] RealEvaluatedCondition:428 - Found unsupported composite condition: CLASS='Data Exchange' GROUP='STM32_MetaDataManager'
2024-03-12 16:30:21,796 [WARN] PackLoader:240 - Cannot read IP mode file for STMicroelectronics.FP-SNS-MOTENV1.4.3.1
2024-03-12 16:30:21,809 [WARN] PackLoader:240 - Cannot read IP mode file for STMicroelectronics.FP-SNS-FLIGHT1.5.0.1
2024-03-12 16:30:21,828 [WARN] PackLoader:240 - Cannot read IP mode file for STMicroelectronics.X-CUBE-BLE1.6.2.4
2024-03-12 16:30:21,838 [WARN] PackLoader:240 - Cannot read IP mode file for STMicroelectronics.FP-SNS-FLIGHT1.5.0.2
2024-03-12 16:30:21,854 [WARN] PackLoader:240 - Cannot read IP mode file for STMicroelectronics.X-CUBE-DISPLAY.3.0.0
2024-03-12 16:30:21,867 [WARN] PackLoader:240 - Cannot read IP mode file for STMicroelectronics.X-CUBE-BLE1.7.0.0
2024-03-12 16:30:21,879 [INFO] WebApp:161 - Instantiating new browser for Auth
2024-03-12 16:30:21,880 [WARN] PackLoader:240 - Cannot read IP mode file for STMicroelectronics.X-CUBE-TOUCHGFX.4.22.0
2024-03-12 16:30:21,891 [WARN] PackLoader:240 - Cannot read IP mode file for STMicroelectronics.X-CUBE-TOUCHGFX.4.22.1
2024-03-12 16:30:21,911 [WARN] PackLoader:240 - Cannot read IP mode file for STMicroelectronics.X-CUBE-BLEMGR.3.1.0
2024-03-12 16:30:21,929 [WARN] PackLoader:240 - Cannot read IP mode file for STMicroelectronics.FP-SNS-SMARTAG2.1.2.0
2024-03-12 16:30:21,953 [INFO] LogOutputStream:77 - [STDOUT_REDIRECT] 1 : Invalid condition id : UX_CORESTACK_Condition cause : null
2024-03-12 16:30:21,953 [INFO] LogOutputStream:77 - [STDOUT_REDIRECT] 1 : Invalid condition id : UX_CORESTACK_Condition cause : null
2024-03-12 16:30:21,954 [INFO] LogOutputStream:77 - [STDOUT_REDIRECT] 1 : Invalid condition id : UX_CORESTACK_Condition cause : null
2024-03-12 16:30:21,956 [INFO] LogOutputStream:77 - [STDOUT_REDIRECT] 1 : Invalid condition id : UX_CORESTACK_Condition cause : null
2024-03-12 16:30:21,957 [INFO] LogOutputStream:77 - [STDOUT_REDIRECT] 1 : Invalid condition id : UX_CORESTACK_Condition cause : null
2024-03-12 16:30:21,959 [WARN] PackLoader:240 - Cannot read IP mode file for STMicroelectronics.X-CUBE-AZRTOS-WL.2.0.0
2024-03-12 16:30:21,978 [WARN] PackLoader:240 - Cannot read IP mode file for WES.I-CUBE-Cesium.1.3.0
2024-03-12 16:30:21,994 [WARN] PackLoader:240 - Cannot read IP mode file for STMicroelectronics.X-CUBE-BLE2.3.3.0
2024-03-12 16:30:22,015 [WARN] PackLoader:240 - Cannot read IP mode file for STMicroelectronics.X-CUBE-TOF1.3.2.0
2024-03-12 16:30:22,036 [WARN] PackLoader:240 - Cannot read IP mode file for STMicroelectronics.X-CUBE-TOUCHGFX.4.21.1
2024-03-12 16:30:22,048 [WARN] PackLoader:240 - Cannot read IP mode file for STMicroelectronics.X-CUBE-TOUCHGFX.4.21.3
2024-03-12 16:30:22,059 [WARN] PackLoader:240 - Cannot read IP mode file for STMicroelectronics.X-CUBE-TOUCHGFX.4.21.4
2024-03-12 16:30:22,113 [WARN] PackLoader:240 - Cannot read IP mode file for STMicroelectronics.X-CUBE-MEMS1.9.4.0
2024-03-12 16:30:22,237 [WARN] PackLoader:240 - Cannot read IP mode file for STMicroelectronics.X-CUBE-AI.7.3.0
2024-03-12 16:30:22,250 [WARN] PackLoader:240 - Cannot read IP mode file for STMicroelectronics.X-CUBE-ALGOBUILD.1.3.0
2024-03-12 16:30:22,274 [WARN] PackLoader:240 - Cannot read IP mode file for STMicroelectronics.X-CUBE-AZRTOS-G0.1.1.0
2024-03-12 16:30:22,290 [WARN] PackLoader:240 - Cannot read IP mode file for STMicroelectronics.X-CUBE-NFC4.3.0.0
2024-03-12 16:30:22,310 [WARN] PackLoader:240 - Cannot read IP mode file for STMicroelectronics.X-CUBE-BLEMGR.3.0.0
2024-03-12 16:30:22,336 [WARN] PackLoader:240 - Cannot read IP mode file for STMicroelectronics.X-CUBE-BLEMGR.1.3.0
2024-03-12 16:30:22,353 [WARN] PackLoader:240 - Cannot read IP mode file for STMicroelectronics.FP-ATR-SIGFOX1.3.2.0
2024-03-12 16:30:22,369 [WARN] PackLoader:240 - Cannot read IP mode file for STMicroelectronics.X-CUBE-EEPRMA1.5.1.0
2024-03-12 16:30:22,459 [WARN] PackLoader:240 - Cannot read IP mode file for STMicroelectronics.X-CUBE-MEMS1.9.5.0
2024-03-12 16:30:22,605 [WARN] PackLoader:240 - Cannot read IP mode file for SEGGER.I-CUBE-embOS.1.3.1
2024-03-12 16:30:22,605 [INFO] WebApp:780 - Register for checkConnection events
2024-03-12 16:30:22,606 [INFO] WebApp:414 - Apply proxy settings
2024-03-12 16:30:22,606 [INFO] WebApp:499 - Chromium requires no authentication
2024-03-12 16:30:22,616 [INFO] WebApp:442 - Direct internet connection detected
2024-03-12 16:30:22,640 [WARN] PackLoader:240 - Cannot read IP mode file for STMicroelectronics.X-CUBE-GNSS1.6.0.0
2024-03-12 16:30:22,663 [WARN] PackLoader:240 - Cannot read IP mode file for STMicroelectronics.X-CUBE-AZRTOS-F4.1.1.0
2024-03-12 16:30:22,684 [WARN] PackLoader:240 - Cannot read IP mode file for STMicroelectronics.X-CUBE-AZRTOS-L5.2.0.0
2024-03-12 16:30:22,734 [WARN] PackLoader:240 - Cannot read IP mode file for STMicroelectronics.X-CUBE-MEMS1.9.6.0
2024-03-12 16:30:22,838 [INFO] WebApp:192 - Starting web application
2024-03-12 16:30:22,838 [INFO] WebApp:544 - Web application path used D:\Program Files (x86)\STM32CubeIDE_1.11.2\STM32CubeIDE\plugins\com.st.stm32cube.common.mx_6.10.0.202311202037\db\plugins\mcufinder\reactClient1\index.html
2024-03-12 16:30:22,859 [WARN] PackLoader:240 - Cannot read IP mode file for STMicroelectronics.X-CUBE-EEPRMA1.4.2.0
2024-03-12 16:30:22,870 [WARN] PackLoader:240 - Cannot read IP mode file for ITTIA_DB.I-CUBE-ITTIADB.8.8.0
2024-03-12 16:30:22,884 [WARN] PackLoader:240 - Cannot read IP mode file for emotas.I-CUBE-CANOPEN.1.1.3
2024-03-12 16:30:22,898 [WARN] PackLoader:240 - Cannot read IP mode file for STMicroelectronics.X-CUBE-BLEMGR.2.0.0
2024-03-12 16:30:22,926 [WARN] ConditionMgr:438 - getConditionDescription Invalid condition id : UX DEVICE CLASS RTOS Condition cause : null
2024-03-12 16:30:22,926 [WARN] ConditionMgr:438 - getConditionDescription Invalid condition id : UX DEVICE CLASS RTOS Condition cause : null
2024-03-12 16:30:22,929 [WARN] PackLoader:240 - Cannot read IP mode file for STMicroelectronics.X-CUBE-AZRTOS-H7.3.1.0
2024-03-12 16:30:22,930 [WARN] ConditionMgr:1039 - genDependencies : Invalid condition id : UX DEVICE CLASS RTOS Condition cause : null
2024-03-12 16:30:22,930 [WARN] ConditionMgr:1039 - genDependencies : Invalid condition id : UX DEVICE CLASS RTOS Condition cause : null
2024-03-12 16:30:22,931 [WARN] ConditionMgr:1039 - genDependencies : Invalid condition id : UX DEVICE CLASS RTOS Condition cause : null
2024-03-12 16:30:22,931 [WARN] ConditionMgr:1039 - genDependencies : Invalid condition id : UX DEVICE CLASS RTOS Condition cause : null
2024-03-12 16:30:22,931 [WARN] ConditionMgr:1039 - genDependencies : Invalid condition id : UX DEVICE CLASS RTOS Condition cause : null
2024-03-12 16:30:22,944 [WARN] PackLoader:240 - Cannot read IP mode file for wolfSSL.I-CUBE-wolfSSL.5.5.4
2024-03-12 16:30:22,956 [WARN] PackLoader:240 - Cannot read IP mode file for STMicroelectronics.X-CUBE-NFC7.1.0.1
2024-03-12 16:30:22,970 [WARN] PackLoader:240 - Cannot read IP mode file for STMicroelectronics.X-CUBE-NFC7.1.0.0
2024-03-12 16:30:22,987 [WARN] PackLoader:240 - Cannot read IP mode file for STMicroelectronics.X-CUBE-NFC6.3.0.0
2024-03-12 16:30:23,002 [WARN] PackLoader:240 - Cannot read IP mode file for STMicroelectronics.X-CUBE-EEPRMA1.4.1.0
2024-03-12 16:30:23,013 [WARN] PackLoader:240 - Cannot read IP mode file for STMicroelectronics.X-CUBE-AI.8.1.0
2024-03-12 16:30:23,037 [WARN] ConditionMgr:438 - getConditionDescription Invalid condition id : LAN8742 Phy interface Condition cause : null
2024-03-12 16:30:23,038 [WARN] PackLoader:240 - Cannot read IP mode file for STMicroelectronics.X-CUBE-AZRTOS-L4.2.0.0
2024-03-12 16:30:23,039 [WARN] ConditionMgr:1039 - genDependencies : Invalid condition id : LAN8742 Phy interface Condition cause : null
2024-03-12 16:30:23,039 [WARN] ConditionMgr:1039 - genDependencies : Invalid condition id : LAN8742 Phy interface Condition cause : null
2024-03-12 16:30:23,041 [WARN] ConditionMgr:1039 - genDependencies : Invalid condition id : LAN8742 Phy interface Condition cause : null
2024-03-12 16:30:23,053 [WARN] PackLoader:240 - Cannot read IP mode file for STMicroelectronics.X-CUBE-SFXS2LP1.4.0.0
2024-03-12 16:30:23,079 [WARN] PackLoader:240 - Cannot read IP mode file for STMicroelectronics.X-CUBE-AZRTOS-H7.3.0.0
2024-03-12 16:30:23,094 [WARN] PackLoader:240 - Cannot read IP mode file for STMicroelectronics.X-CUBE-ISPU.1.1.0
2024-03-12 16:30:23,109 [WARN] PackLoader:240 - Cannot read IP mode file for RoweBots.I-CUBE-UNISONRTOS.5.5.0-4
2024-03-12 16:30:23,119 [WARN] PackLoader:240 - Cannot read IP mode file for STMicroelectronics.X-CUBE-AI.8.0.0
2024-03-12 16:30:23,140 [WARN] ConditionMgr:438 - getConditionDescription Invalid condition id : UX DEVICE CLASS RTOS Condition cause : null
2024-03-12 16:30:23,140 [WARN] ConditionMgr:438 - getConditionDescription Invalid condition id : UX DEVICE CLASS RTOS Condition cause : null
2024-03-12 16:30:23,142 [WARN] PackLoader:240 - Cannot read IP mode file for STMicroelectronics.X-CUBE-AZRTOS-WB.2.0.0
2024-03-12 16:30:23,144 [WARN] ConditionMgr:1039 - genDependencies : Invalid condition id : UX DEVICE CLASS RTOS Condition cause : null
2024-03-12 16:30:23,144 [WARN] ConditionMgr:1039 - genDependencies : Invalid condition id : UX DEVICE CLASS RTOS Condition cause : null
2024-03-12 16:30:23,144 [WARN] ConditionMgr:1039 - genDependencies : Invalid condition id : UX DEVICE CLASS RTOS Condition cause : null
2024-03-12 16:30:23,145 [WARN] ConditionMgr:1039 - genDependencies : Invalid condition id : UX DEVICE CLASS RTOS Condition cause : null
2024-03-12 16:30:23,145 [WARN] ConditionMgr:1039 - genDependencies : Invalid condition id : UX DEVICE CLASS RTOS Condition cause : null
2024-03-12 16:30:23,158 [WARN] PackLoader:240 - Cannot read IP mode file for STMicroelectronics.X-CUBE-FREERTOS.1.0.0
2024-03-12 16:30:23,168 [WARN] PackLoader:240 - Cannot read IP mode file for STMicroelectronics.X-CUBE-FREERTOS.1.0.1
2024-03-12 16:30:23,189 [WARN] PackLoader:240 - Cannot read IP mode file for STMicroelectronics.X-CUBE-AZRTOS-L5.1.1.0
2024-03-12 16:30:23,203 [WARN] PackLoader:240 - Cannot read IP mode file for STMicroelectronics.X-CUBE-AI.8.0.1
2024-03-12 16:30:23,222 [WARN] PackLoader:240 - Cannot read IP mode file for STMicroelectronics.X-CUBE-SUBG2.5.0.0
2024-03-12 16:30:23,242 [WARN] PackLoader:240 - Cannot read IP mode file for STMicroelectronics.X-CUBE-TOF1.3.3.1
2024-03-12 16:30:23,272 [WARN] PackLoader:240 - Cannot read IP mode file for STMicroelectronics.X-CUBE-AZRTOS-G4.2.0.0
2024-03-12 16:30:23,290 [WARN] PackLoader:240 - Cannot read IP mode file for STMicroelectronics.X-CUBE-TOF1.3.3.0
2024-03-12 16:30:23,307 [WARN] PackLoader:240 - Cannot read IP mode file for STMicroelectronics.FP-ATR-ASTRA1.1.1.1
2024-03-12 16:30:23,326 [WARN] PackLoader:240 - Cannot read IP mode file for Infineon.AIROC-Wi-Fi-Bluetooth-STM32.1.5.1
2024-03-12 16:30:23,340 [WARN] PackLoader:240 - Cannot read IP mode file for STMicroelectronics.FP-SNS-MOTENVWB1.1.3.0
2024-03-12 16:30:23,351 [WARN] PackLoader:240 - Cannot read IP mode file for STMicroelectronics.FP-SNS-MOTENVWB1.1.3.1
2024-03-12 16:30:23,370 [WARN] PackLoader:240 - Cannot read IP mode file for STMicroelectronics.X-CUBE-AZRTOS-G4.1.0.0
2024-03-12 16:30:23,397 [WARN] PackLoader:240 - Cannot read IP mode file for STMicroelectronics.X-CUBE-AZRTOS-L4.1.0.0
2024-03-12 16:30:23,410 [WARN] PackLoader:240 - Cannot read IP mode file for STMicroelectronics.X-CUBE-ISPU.2.0.0
2024-03-12 16:30:23,453 [WARN] PackLoader:240 - Cannot read IP mode file for STMicroelectronics.X-CUBE-MEMS1.10.0.0
2024-03-12 16:30:23,531 [WARN] PackLoader:240 - Cannot read IP mode file for STMicroelectronics.X-CUBE-FREERTOS.1.1.0
2024-03-12 16:30:23,549 [WARN] PackLoader:240 - Cannot read IP mode file for STMicroelectronics.X-CUBE-AZRTOS-WL.1.0.0
2024-03-12 16:30:23,567 [WARN] PackLoader:240 - Cannot read IP mode file for portGmbH.I-Cube-SoM-uGOAL.1.1.0
2024-03-12 16:30:23,580 [WARN] PackLoader:240 - Cannot read IP mode file for STMicroelectronics.X-CUBE-ALS.1.0.1
2024-03-12 16:30:23,600 [WARN] PackLoader:240 - Cannot read IP mode file for STMicroelectronics.X-CUBE-AZRTOS-WB.1.1.0
2024-03-12 16:30:23,610 [WARN] PackLoader:240 - Cannot read IP mode file for STMicroelectronics.FP-ATR-ASTRA1.2.0.0
2024-03-12 16:30:23,626 [WARN] PackLoader:240 - Cannot read IP mode file for STMicroelectronics.X-CUBE-TOF1.3.4.0
2024-03-12 16:30:23,650 [WARN] PackLoader:240 - Cannot read IP mode file for STMicroelectronics.X-CUBE-TOF1.3.4.1
2024-03-12 16:30:23,684 [WARN] PackLoader:240 - Cannot read IP mode file for STMicroelectronics.X-CUBE-AZRTOS-H7.3.2.0
2024-03-12 16:30:23,687 [INFO] ThirdParty:978 - Integrity check success = true
2024-03-12 16:30:23,687 [INFO] IntegrityCheckThread:100 - exiting critical section [integrity check]
2024-03-12 16:30:23,687 [INFO] IntegrityCheckThread:103 - End integrity checks thread
2024-03-12 16:30:43,499 [ERROR] LogOutputStream:75 - [STDERR_REDIRECT] SLF4J: Failed to load class "org.slf4j.impl.StaticLoggerBinder".
2024-03-12 16:30:43,500 [ERROR] LogOutputStream:75 - [STDERR_REDIRECT] SLF4J: Defaulting to no-operation (NOP) logger implementation
2024-03-12 16:30:43,501 [ERROR] LogOutputStream:75 - [STDERR_REDIRECT] SLF4J: See http://www.slf4j.org/codes.html#StaticLoggerBinder for further details.
2024-03-12 17:39:37,788 [ERROR] LogOutputStream:75 - [STDERR_REDIRECT] 
