2023-12-01 12:57:34,897 [INFO] Activator:176 - 


2023-12-01 12:57:34,902 [INFO] Activator:177 - !SESSION log4j initialized
2023-12-01 12:57:39,764 [INFO] LogOutputStream:77 - [STDOUT_REDIRECT] 
2023-12-01 12:57:42,935 [INFO] ApplicationProperties:184 - Using Application install path: D:\Program Files (x86)\STM32CubeIDE_1.11.2\STM32CubeIDE\plugins\com.st.stm32cube.common.mx_6.9.2.202309101412
2023-12-01 12:57:42,949 [INFO] DbMcusXml:78 - Set database path to: D:\Program Files (x86)\STM32CubeIDE_1.11.2\STM32CubeIDE\plugins\com.st.stm32cube.common.mx_6.9.2.202309101412\\db\/mcu/
2023-12-01 12:57:42,950 [INFO] ApiDb:274 - Set plugin database path to: D:\Program Files (x86)\STM32CubeIDE_1.11.2\STM32CubeIDE\plugins\com.st.stm32cube.common.mx_6.9.2.202309101412\\db\/plugins/boardmanager/
2023-12-01 12:57:42,950 [WARN] ApiDb:259 - Overriding images path with different value:  => D:\Program Files (x86)\STM32CubeIDE_1.11.2\STM32CubeIDE\plugins\com.st.stm32cube.common.mx_6.9.2.202309101412\\db\/plugins/mcufinder/images/
2023-12-01 12:57:42,962 [INFO] ApiDb:250 - Set database path to: C:\Users\miqix\.stmcufinder\plugins\mcufinder//mcu/
2023-12-01 12:57:42,963 [INFO] DbMcusAds:125 - Set database path to: C:\Users\miqix\.stmcufinder\plugins\mcufinder//mcu/
2023-12-01 12:57:42,964 [INFO] CrossReferenceDbSqlite:203 - Set database path to: C:\Users\miqix\.stmcufinder\plugins\mcufinder//mcu/cs/
2023-12-01 12:57:43,067 [INFO] RulesReader:64 - Compatibility file has been processed (293 Rules)
2023-12-01 12:57:43,138 [INFO] DbMcusXml:78 - Set database path to: D:\Program Files (x86)\STM32CubeIDE_1.11.2\STM32CubeIDE\plugins\com.st.stm32cube.common.mx_6.9.2.202309101412\\db\/mcu/
2023-12-01 12:57:43,138 [INFO] ApiDb:274 - Set plugin database path to: D:\Program Files (x86)\STM32CubeIDE_1.11.2\STM32CubeIDE\plugins\com.st.stm32cube.common.mx_6.9.2.202309101412\\db\/plugins/boardmanager/
2023-12-01 12:57:43,138 [INFO] ApiDb:261 - Set plugin images path to: D:\Program Files (x86)\STM32CubeIDE_1.11.2\STM32CubeIDE\plugins\com.st.stm32cube.common.mx_6.9.2.202309101412\\db\/plugins/mcufinder/images/
2023-12-01 12:57:43,139 [WARN] DbFile:41 - Overriding database path with different value: C:\Users\miqix\.stmcufinder\plugins\mcufinder/ => C:\Users\miqix\.stmcufinder\plugins\mcufinder
2023-12-01 12:57:43,139 [INFO] ApiDb:250 - Set database path to: C:\Users\miqix\.stmcufinder\plugins\mcufinder//mcu/
2023-12-01 12:57:43,139 [WARN] DbFile:41 - Overriding database path with different value: C:\Users\miqix\.stmcufinder\plugins\mcufinder/ => C:\Users\miqix\.stmcufinder\plugins\mcufinder
2023-12-01 12:57:43,139 [INFO] DbMcusAds:125 - Set database path to: C:\Users\miqix\.stmcufinder\plugins\mcufinder//mcu/
2023-12-01 12:57:43,139 [WARN] DbFile:41 - Overriding database path with different value: C:\Users\miqix\.stmcufinder\plugins\mcufinder/ => C:\Users\miqix\.stmcufinder\plugins\mcufinder
2023-12-01 12:57:43,139 [WARN] DbFile:41 - Overriding database path with different value: C:\Users\miqix\.stmcufinder\plugins\mcufinder/ => C:\Users\miqix\.stmcufinder\plugins\mcufinder
2023-12-01 12:57:43,139 [INFO] CrossReferenceDbSqlite:203 - Set database path to: C:\Users\miqix\.stmcufinder\plugins\mcufinder//mcu/cs/
2023-12-01 12:57:43,204 [INFO] MainPanel:262 - HeapMemory: 268435456
2023-12-01 12:57:43,287 [INFO] DbMcusXml:78 - Set database path to: D:\Program Files (x86)\STM32CubeIDE_1.11.2\STM32CubeIDE\plugins\com.st.stm32cube.common.mx_6.9.2.202309101412\\db\/mcu/
2023-12-01 12:57:43,287 [INFO] ApiDb:274 - Set plugin database path to: D:\Program Files (x86)\STM32CubeIDE_1.11.2\STM32CubeIDE\plugins\com.st.stm32cube.common.mx_6.9.2.202309101412\\db\/plugins/boardmanager/
2023-12-01 12:57:43,287 [INFO] ApiDb:261 - Set plugin images path to: D:\Program Files (x86)\STM32CubeIDE_1.11.2\STM32CubeIDE\plugins\com.st.stm32cube.common.mx_6.9.2.202309101412\\db\/plugins/mcufinder/images/
2023-12-01 12:57:43,287 [WARN] DbFile:41 - Overriding database path with different value: C:\Users\miqix\.stmcufinder\plugins\mcufinder/ => C:\Users\miqix\.stmcufinder\plugins\mcufinder
2023-12-01 12:57:43,288 [INFO] ApiDb:250 - Set database path to: C:\Users\miqix\.stmcufinder\plugins\mcufinder//mcu/
2023-12-01 12:57:43,288 [WARN] DbFile:41 - Overriding database path with different value: C:\Users\miqix\.stmcufinder\plugins\mcufinder/ => C:\Users\miqix\.stmcufinder\plugins\mcufinder
2023-12-01 12:57:43,288 [INFO] DbMcusAds:125 - Set database path to: C:\Users\miqix\.stmcufinder\plugins\mcufinder//mcu/
2023-12-01 12:57:43,288 [WARN] DbFile:41 - Overriding database path with different value: C:\Users\miqix\.stmcufinder\plugins\mcufinder/ => C:\Users\miqix\.stmcufinder\plugins\mcufinder
2023-12-01 12:57:43,288 [WARN] DbFile:41 - Overriding database path with different value: C:\Users\miqix\.stmcufinder\plugins\mcufinder/ => C:\Users\miqix\.stmcufinder\plugins\mcufinder
2023-12-01 12:57:43,288 [INFO] CrossReferenceDbSqlite:203 - Set database path to: C:\Users\miqix\.stmcufinder\plugins\mcufinder//mcu/cs/
2023-12-01 12:57:43,306 [INFO] ApplicationProperties:184 - Using Application install path: D:\Program Files (x86)\STM32CubeIDE_1.11.2\STM32CubeIDE\plugins\com.st.stm32cube.common.mx_6.9.2.202309101412
2023-12-01 12:57:43,307 [INFO] PluginManage:196 - Search for loadable plugins [exclusion list=, ]
2023-12-01 12:57:43,308 [INFO] PluginManage:310 - Check plugin analytics
2023-12-01 12:57:43,439 [INFO] AnalyticsPlugin:253 - Accepted Software Licenses: 
2023-12-01 12:57:43,439 [INFO] AnalyticsPlugin:255 - Accepted CMSIS Pack Licenses: 
2023-12-01 12:57:43,440 [INFO] AnalyticsPlugin:257 - Accepted Firmware Licenses: 
2023-12-01 12:57:43,442 [INFO] PluginManage:359 - Loaded plugin analytics (category:tool,tabindex:-1)
2023-12-01 12:57:43,442 [INFO] PluginManage:310 - Check plugin cadmodel
2023-12-01 12:57:43,454 [INFO] CADModel:105 - Init CAD model plugin
2023-12-01 12:57:43,454 [INFO] PluginManage:359 - Loaded plugin cadmodel (category:power,tabindex:5)
2023-12-01 12:57:43,454 [INFO] PluginManage:310 - Check plugin clock
2023-12-01 12:57:43,470 [INFO] PluginManage:359 - Loaded plugin clock (category:base,tabindex:2)
2023-12-01 12:57:43,470 [INFO] PluginManage:310 - Check plugin ddr
2023-12-01 12:57:43,472 [INFO] PluginManage:359 - Loaded plugin ddr (category:tool,tabindex:6)
2023-12-01 12:57:43,472 [INFO] PluginManage:310 - Check plugin filemanager
2023-12-01 12:57:43,585 [INFO] PluginManage:359 - Loaded plugin filemanager (category:base,tabindex:10)
2023-12-01 12:57:43,585 [INFO] PluginManage:310 - Check plugin ipmanager
2023-12-01 12:57:43,593 [INFO] PluginManage:359 - Loaded plugin ipmanager (category:base,tabindex:5)
2023-12-01 12:57:43,593 [INFO] PluginManage:310 - Check plugin lpbam
2023-12-01 12:57:43,607 [INFO] PluginManage:359 - Loaded plugin lpbam (category:base,tabindex:0)
2023-12-01 12:57:43,607 [INFO] PluginManage:310 - Check plugin memorymap
2023-12-01 12:57:43,626 [INFO] PluginManage:359 - Loaded plugin memorymap (category:base,tabindex:4)
2023-12-01 12:57:43,626 [INFO] PluginManage:310 - Check plugin pinoutandconfiguration
2023-12-01 12:57:43,640 [INFO] PluginManage:359 - Loaded plugin pinoutandconfiguration (category:base,tabindex:1)
2023-12-01 12:57:43,640 [INFO] PluginManage:310 - Check plugin pinoutconfig
2023-12-01 12:57:43,714 [WARN] SupportedApi:132 - Cannot load RTOS API schema: s4s-elt-must-match.1: The content of 'definitions' must match (annotation?, (simpleType | complexType)?, (unique | key | keyref)*)). A problem was found starting at: attribute.
2023-12-01 12:57:43,823 [INFO] PluginManage:359 - Loaded plugin pinoutconfig (category:base,tabindex:0)
2023-12-01 12:57:43,823 [INFO] PluginManage:310 - Check plugin power
2023-12-01 12:57:43,839 [INFO] PluginManage:359 - Loaded plugin power (category:power,tabindex:4)
2023-12-01 12:57:43,840 [INFO] PluginManage:310 - Check plugin projectmanager
2023-12-01 12:57:43,850 [INFO] PluginManage:359 - Loaded plugin projectmanager (category:projectmanager,tabindex:3)
2023-12-01 12:57:43,850 [INFO] PluginManage:310 - Check plugin thirdparty
2023-12-01 12:57:44,069 [INFO] PluginManage:359 - Loaded plugin thirdparty (category:base,tabindex:-1)
2023-12-01 12:57:44,069 [INFO] PluginManage:310 - Check plugin tools
2023-12-01 12:57:44,069 [WARN] IntegrityCheckThread:84 - waiting for thirdparty lock release [integrity check]
2023-12-01 12:57:44,069 [INFO] IntegrityCheckThread:86 - entering critical section [integrity check]
2023-12-01 12:57:44,070 [INFO] ThirdPartyUpdaterWithRetryManager:70 - Updater plugin not ready yet. [1/15]
2023-12-01 12:57:44,095 [INFO] PluginManage:359 - Loaded plugin tools (category:base,tabindex:7)
2023-12-01 12:57:44,095 [INFO] PluginManage:310 - Check plugin tutovideos
2023-12-01 12:57:44,260 [INFO] PluginManage:359 - Loaded plugin tutovideos (category:base,tabindex:-1)
2023-12-01 12:57:44,260 [INFO] PluginManage:310 - Check plugin updater
2023-12-01 12:57:44,269 [INFO] PluginManage:359 - Loaded plugin updater (category:base,tabindex:12)
2023-12-01 12:57:44,269 [INFO] PluginManage:310 - Check plugin userauth
2023-12-01 12:57:44,273 [INFO] UserAuth:113 - Init User Auth plugin
2023-12-01 12:57:44,273 [INFO] PluginManage:359 - Loaded plugin userauth (category:base,tabindex:14)
2023-12-01 12:57:44,274 [INFO] PluginManage:283 - PluginManage : Loaded plugins [17]
2023-12-01 12:57:44,455 [INFO] PinOutPanel:1499 - setPackage(No Configuration,No Configuration)
2023-12-01 12:57:44,540 [INFO] CADModel:165 - CPN selected for project level
2023-12-01 12:57:44,540 [INFO] CADModel:114 - Register for checkConnection events
2023-12-01 12:57:44,562 [INFO] IPUIPlugin:80 - create IPUIPlugin
2023-12-01 12:57:44,562 [INFO] PluginManager:220 - loadIPPluginJar : add adc
2023-12-01 12:57:44,587 [INFO] IPUIPlugin:80 - create IPUIPlugin
2023-12-01 12:57:44,587 [INFO] PluginManager:220 - loadIPPluginJar : add aes
2023-12-01 12:57:44,614 [INFO] IPUIPlugin:80 - create IPUIPlugin
2023-12-01 12:57:44,614 [INFO] PluginManager:220 - loadIPPluginJar : add can
2023-12-01 12:57:44,631 [INFO] IPUIPlugin:80 - create IPUIPlugin
2023-12-01 12:57:44,631 [INFO] PluginManager:220 - loadIPPluginJar : add comp
2023-12-01 12:57:44,654 [INFO] IPUIPlugin:80 - create IPUIPlugin
2023-12-01 12:57:44,654 [INFO] PluginManager:220 - loadIPPluginJar : add cryp
2023-12-01 12:57:44,674 [INFO] IPUIPlugin:80 - create IPUIPlugin
2023-12-01 12:57:44,675 [INFO] PluginManager:220 - loadIPPluginJar : add dfsdm
2023-12-01 12:57:44,685 [INFO] IPUIPlugin:80 - create IPUIPlugin
2023-12-01 12:57:44,686 [INFO] PluginManager:220 - loadIPPluginJar : add dma
2023-12-01 12:57:44,716 [INFO] IPUIPlugin:80 - create IPUIPlugin
2023-12-01 12:57:44,716 [INFO] PluginManager:220 - loadIPPluginJar : add dma3
2023-12-01 12:57:44,730 [INFO] IPUIPlugin:80 - create IPUIPlugin
2023-12-01 12:57:44,730 [INFO] PluginManager:220 - loadIPPluginJar : add fatfs
2023-12-01 12:57:44,763 [INFO] IPUIPlugin:80 - create IPUIPlugin
2023-12-01 12:57:44,763 [INFO] PluginManager:220 - loadIPPluginJar : add fmc
2023-12-01 12:57:44,776 [INFO] IPUIPlugin:80 - create IPUIPlugin
2023-12-01 12:57:44,776 [INFO] PluginManager:220 - loadIPPluginJar : add freertos
2023-12-01 12:57:44,792 [INFO] IPUIPlugin:80 - create IPUIPlugin
2023-12-01 12:57:44,792 [INFO] PluginManager:220 - loadIPPluginJar : add genericplugin
2023-12-01 12:57:44,855 [INFO] IPUIPlugin:80 - create IPUIPlugin
2023-12-01 12:57:44,855 [INFO] PluginManager:220 - loadIPPluginJar : add gfxmmu
2023-12-01 12:57:44,939 [INFO] IPUIPlugin:80 - create IPUIPlugin
2023-12-01 12:57:44,939 [INFO] PluginManager:220 - loadIPPluginJar : add gic
2023-12-01 12:57:44,951 [INFO] IPUIPlugin:80 - create IPUIPlugin
2023-12-01 12:57:44,951 [INFO] PluginManager:220 - loadIPPluginJar : add gpio
2023-12-01 12:57:45,012 [INFO] IPUIPlugin:80 - create IPUIPlugin
2023-12-01 12:57:45,012 [INFO] PluginManager:220 - loadIPPluginJar : add gtzc
2023-12-01 12:57:45,033 [INFO] IPUIPlugin:80 - create IPUIPlugin
2023-12-01 12:57:45,033 [INFO] PluginManager:220 - loadIPPluginJar : add hash
2023-12-01 12:57:45,067 [INFO] IPUIPlugin:80 - create IPUIPlugin
2023-12-01 12:57:45,067 [INFO] PluginManager:220 - loadIPPluginJar : add i2c
2023-12-01 12:57:45,093 [INFO] IPUIPlugin:80 - create IPUIPlugin
2023-12-01 12:57:45,094 [INFO] PluginManager:220 - loadIPPluginJar : add i2s
2023-12-01 12:57:45,121 [INFO] IPUIPlugin:80 - create IPUIPlugin
2023-12-01 12:57:45,121 [INFO] PluginManager:220 - loadIPPluginJar : add i3c
2023-12-01 12:57:45,194 [INFO] IPUIPlugin:80 - create IPUIPlugin
2023-12-01 12:57:45,194 [INFO] PluginManager:220 - loadIPPluginJar : add ipddr
2023-12-01 12:57:45,255 [INFO] IPUIPlugin:80 - create IPUIPlugin
2023-12-01 12:57:45,255 [INFO] PluginManager:220 - loadIPPluginJar : add linkedlist
2023-12-01 12:57:45,279 [INFO] IPUIPlugin:80 - create IPUIPlugin
2023-12-01 12:57:45,279 [INFO] PluginManager:220 - loadIPPluginJar : add lorawan
2023-12-01 12:57:45,304 [INFO] IPUIPlugin:80 - create IPUIPlugin
2023-12-01 12:57:45,305 [INFO] PluginManager:220 - loadIPPluginJar : add ltdc
2023-12-01 12:57:45,317 [INFO] IPUIPlugin:80 - create IPUIPlugin
2023-12-01 12:57:45,317 [INFO] PluginManager:220 - loadIPPluginJar : add mdma
2023-12-01 12:57:45,326 [INFO] IPUIPlugin:80 - create IPUIPlugin
2023-12-01 12:57:45,326 [INFO] PluginManager:220 - loadIPPluginJar : add nvic
2023-12-01 12:57:45,351 [INFO] IPUIPlugin:80 - create IPUIPlugin
2023-12-01 12:57:45,351 [INFO] PluginManager:220 - loadIPPluginJar : add opamp
2023-12-01 12:57:45,391 [INFO] IPUIPlugin:80 - create IPUIPlugin
2023-12-01 12:57:45,392 [INFO] PluginManager:220 - loadIPPluginJar : add openamp
2023-12-01 12:57:45,421 [INFO] IPUIPlugin:80 - create IPUIPlugin
2023-12-01 12:57:45,421 [INFO] PluginManager:220 - loadIPPluginJar : add pdm2pcm
2023-12-01 12:57:45,432 [INFO] IPUIPlugin:80 - create IPUIPlugin
2023-12-01 12:57:45,434 [INFO] PluginManager:220 - loadIPPluginJar : add plateformsettings
2023-12-01 12:57:45,450 [INFO] IPUIPlugin:80 - create IPUIPlugin
2023-12-01 12:57:45,451 [INFO] PluginManager:220 - loadIPPluginJar : add quadspi
2023-12-01 12:57:45,460 [INFO] IPUIPlugin:80 - create IPUIPlugin
2023-12-01 12:57:45,460 [INFO] PluginManager:220 - loadIPPluginJar : add resmgrutility
2023-12-01 12:57:45,494 [INFO] IPUIPlugin:80 - create IPUIPlugin
2023-12-01 12:57:45,494 [INFO] PluginManager:220 - loadIPPluginJar : add sai
2023-12-01 12:57:45,519 [INFO] IPUIPlugin:80 - create IPUIPlugin
2023-12-01 12:57:45,519 [INFO] PluginManager:220 - loadIPPluginJar : add spi
2023-12-01 12:57:45,558 [INFO] IPUIPlugin:80 - create IPUIPlugin
2023-12-01 12:57:45,558 [INFO] PluginManager:220 - loadIPPluginJar : add stm32_wpan
2023-12-01 12:57:45,575 [INFO] IPUIPlugin:80 - create IPUIPlugin
2023-12-01 12:57:45,575 [INFO] PluginManager:220 - loadIPPluginJar : add tim
2023-12-01 12:57:45,611 [INFO] IPUIPlugin:80 - create IPUIPlugin
2023-12-01 12:57:45,611 [INFO] PluginManager:220 - loadIPPluginJar : add touchsensing
2023-12-01 12:57:45,628 [INFO] IPUIPlugin:80 - create IPUIPlugin
2023-12-01 12:57:45,628 [INFO] PluginManager:220 - loadIPPluginJar : add tracer_emb
2023-12-01 12:57:45,644 [INFO] IPUIPlugin:80 - create IPUIPlugin
2023-12-01 12:57:45,644 [INFO] PluginManager:220 - loadIPPluginJar : add ts
2023-12-01 12:57:45,659 [INFO] IPUIPlugin:80 - create IPUIPlugin
2023-12-01 12:57:45,659 [INFO] PluginManager:220 - loadIPPluginJar : add tsc
2023-12-01 12:57:45,675 [INFO] IPUIPlugin:80 - create IPUIPlugin
2023-12-01 12:57:45,675 [INFO] PluginManager:220 - loadIPPluginJar : add ucpd
2023-12-01 12:57:45,705 [INFO] IPUIPlugin:80 - create IPUIPlugin
2023-12-01 12:57:45,706 [INFO] PluginManager:220 - loadIPPluginJar : add usart
2023-12-01 12:57:45,736 [INFO] IPUIPlugin:80 - create IPUIPlugin
2023-12-01 12:57:45,737 [INFO] PluginManager:220 - loadIPPluginJar : add usbx
2023-12-01 12:57:45,848 [INFO] CADModel:165 - CPN selected for project level
2023-12-01 12:57:45,848 [INFO] CADModel:114 - Register for checkConnection events
2023-12-01 12:57:45,848 [FATAL] Updater:308 - Updater called before beeing initialized
2023-12-01 12:57:45,848 [ERROR] CADModel:125 - Updater not yet initialized, retry later 
2023-12-01 12:57:45,963 [INFO] CADModel:165 - CPN selected for project level
2023-12-01 12:57:45,963 [INFO] CADModel:114 - Register for checkConnection events
2023-12-01 12:57:45,963 [FATAL] Updater:308 - Updater called before beeing initialized
2023-12-01 12:57:45,963 [ERROR] CADModel:125 - Updater not yet initialized, retry later 
2023-12-01 12:57:45,966 [FATAL] Updater:308 - Updater called before beeing initialized
2023-12-01 12:57:46,044 [FATAL] Updater:308 - Updater called before beeing initialized
2023-12-01 12:57:46,054 [INFO] DbMcusAds:53 - JSON generation date=Tue Mar 07 09:50:55 CET 2023 (1678179055335)
2023-12-01 12:57:46,054 [FATAL] Updater:308 - Updater called before beeing initialized
2023-12-01 12:57:46,117 [WARN] DetailPanel:346 - Failed to get advertising image, set to default
2023-12-01 12:57:46,198 [FATAL] Updater:308 - Updater called before beeing initialized
2023-12-01 12:57:46,199 [FATAL] Updater:308 - Updater called before beeing initialized
2023-12-01 12:57:46,199 [FATAL] Updater:308 - Updater called before beeing initialized
2023-12-01 12:57:46,199 [WARN] DetailPanel:346 - Failed to get advertising image, set to default
2023-12-01 12:57:46,200 [FATAL] Updater:308 - Updater called before beeing initialized
2023-12-01 12:57:46,243 [ERROR] Updater:1120 - MainUpdater not yet initialized. External WinMGr cannot be set.
2023-12-01 12:57:46,250 [INFO] Updater:1056 - Updater Version found : 6.9.2
2023-12-01 12:57:46,265 [INFO] ApplicationProperties:184 - Using Application install path: D:\Program Files (x86)\STM32CubeIDE_1.11.2\STM32CubeIDE\plugins\com.st.stm32cube.common.mx_6.9.2.202309101412
2023-12-01 12:57:46,485 [INFO] MainUpdater:2868 - connection check result : 10
2023-12-01 12:57:46,485 [INFO] MainUpdater:285 - Updater Check For Update Now.
2023-12-01 12:57:46,485 [INFO] MicroXplorer:498 - Change Database Version : DB.6.0.92
2023-12-01 12:57:46,497 [INFO] McuFinderGlobals:63 - Set McuFinder mode to 2 (CubeIDE integrated)
2023-12-01 12:57:46,497 [INFO] UserAuth:179 - activating auth plugin
2023-12-01 12:57:46,500 [INFO] UserAuth:393 - Internet connection configuration mode: 1
2023-12-01 12:57:46,520 [INFO] JxBrowserEngine:151 - Initiate JxBrowser Engine with user profile folder
2023-12-01 12:57:46,656 [INFO] CheckServerUpdateThread:120 - End of CheckServer Thread
2023-12-01 12:57:47,233 [WARN] PackLoader:240 - Cannot read IP mode file for STMicroelectronics.X-CUBE-SMBUS.2.1.0
2023-12-01 12:57:47,265 [WARN] PackLoader:240 - Cannot read IP mode file for STMicroelectronics.X-CUBE-AZRTOS-F7.1.1.0
2023-12-01 12:57:47,278 [ERROR] RealEvaluatedCondition:428 - Found unsupported composite condition: CLASS='Data Exchange' GROUP='STM32_MetaDataManager'
2023-12-01 12:57:47,278 [ERROR] RealEvaluatedCondition:428 - Found unsupported composite condition: GROUP='STM32_MetaDataManager' CLASS='Data Exchange'
2023-12-01 12:57:47,280 [WARN] PackLoader:240 - Cannot read IP mode file for STMicroelectronics.FP-SNS-MOTENV1.4.3.0
2023-12-01 12:57:47,291 [WARN] PackLoader:240 - Cannot read IP mode file for STMicroelectronics.FP-SNS-MOTENV1.4.3.2
2023-12-01 12:57:47,309 [WARN] PackLoader:240 - Cannot read IP mode file for STMicroelectronics.FP-SNS-FLIGHT1.5.0.0
2023-12-01 12:57:47,320 [ERROR] RealEvaluatedCondition:428 - Found unsupported composite condition: CLASS='Data Exchange' GROUP='STM32_MetaDataManager'
2023-12-01 12:57:47,320 [ERROR] RealEvaluatedCondition:428 - Found unsupported composite condition: GROUP='STM32_MetaDataManager' CLASS='Data Exchange'
2023-12-01 12:57:47,321 [WARN] PackLoader:240 - Cannot read IP mode file for STMicroelectronics.FP-SNS-MOTENV1.4.3.1
2023-12-01 12:57:47,332 [WARN] PackLoader:240 - Cannot read IP mode file for STMicroelectronics.FP-SNS-FLIGHT1.5.0.1
2023-12-01 12:57:47,344 [WARN] PackLoader:240 - Cannot read IP mode file for STMicroelectronics.X-CUBE-BLE1.6.2.4
2023-12-01 12:57:47,354 [WARN] PackLoader:240 - Cannot read IP mode file for STMicroelectronics.FP-SNS-FLIGHT1.5.0.2
2023-12-01 12:57:47,366 [WARN] PackLoader:240 - Cannot read IP mode file for STMicroelectronics.X-CUBE-DISPLAY.3.0.0
2023-12-01 12:57:47,381 [WARN] PackLoader:240 - Cannot read IP mode file for STMicroelectronics.X-CUBE-BLE1.7.0.0
2023-12-01 12:57:47,391 [WARN] PackLoader:240 - Cannot read IP mode file for STMicroelectronics.X-CUBE-TOUCHGFX.4.22.0
2023-12-01 12:57:47,398 [WARN] PackLoader:240 - Cannot read IP mode file for STMicroelectronics.X-CUBE-TOUCHGFX.4.22.1
2023-12-01 12:57:47,406 [WARN] PackLoader:240 - Cannot read IP mode file for STMicroelectronics.FP-SNS-SMARTAG2.1.2.0
2023-12-01 12:57:47,421 [INFO] LogOutputStream:77 - [STDOUT_REDIRECT] 1 : Invalid condition id : UX_CORESTACK_Condition cause : null
2023-12-01 12:57:47,421 [INFO] LogOutputStream:77 - [STDOUT_REDIRECT] 1 : Invalid condition id : UX_CORESTACK_Condition cause : null
2023-12-01 12:57:47,422 [INFO] LogOutputStream:77 - [STDOUT_REDIRECT] 1 : Invalid condition id : UX_CORESTACK_Condition cause : null
2023-12-01 12:57:47,423 [INFO] LogOutputStream:77 - [STDOUT_REDIRECT] 1 : Invalid condition id : UX_CORESTACK_Condition cause : null
2023-12-01 12:57:47,424 [INFO] LogOutputStream:77 - [STDOUT_REDIRECT] 1 : Invalid condition id : UX_CORESTACK_Condition cause : null
2023-12-01 12:57:47,426 [WARN] PackLoader:240 - Cannot read IP mode file for STMicroelectronics.X-CUBE-AZRTOS-WL.2.0.0
2023-12-01 12:57:47,439 [WARN] PackLoader:240 - Cannot read IP mode file for WES.I-CUBE-Cesium.1.3.0
2023-12-01 12:57:47,447 [WARN] PackLoader:240 - Cannot read IP mode file for STMicroelectronics.X-CUBE-BLE2.3.3.0
2023-12-01 12:57:47,463 [WARN] PackLoader:240 - Cannot read IP mode file for STMicroelectronics.X-CUBE-TOF1.3.2.0
2023-12-01 12:57:47,477 [WARN] PackLoader:240 - Cannot read IP mode file for STMicroelectronics.X-CUBE-TOUCHGFX.4.21.1
2023-12-01 12:57:47,485 [WARN] PackLoader:240 - Cannot read IP mode file for STMicroelectronics.X-CUBE-TOUCHGFX.4.21.3
2023-12-01 12:57:47,495 [WARN] PackLoader:240 - Cannot read IP mode file for STMicroelectronics.X-CUBE-TOUCHGFX.4.21.4
2023-12-01 12:57:47,530 [WARN] PackLoader:240 - Cannot read IP mode file for STMicroelectronics.X-CUBE-MEMS1.9.4.0
2023-12-01 12:57:47,633 [WARN] PackLoader:240 - Cannot read IP mode file for STMicroelectronics.X-CUBE-AI.7.3.0
2023-12-01 12:57:47,649 [WARN] PackLoader:240 - Cannot read IP mode file for STMicroelectronics.X-CUBE-ALGOBUILD.1.3.0
2023-12-01 12:57:47,681 [WARN] PackLoader:240 - Cannot read IP mode file for STMicroelectronics.X-CUBE-AZRTOS-G0.1.1.0
2023-12-01 12:57:47,702 [WARN] PackLoader:240 - Cannot read IP mode file for STMicroelectronics.X-CUBE-NFC4.3.0.0
2023-12-01 12:57:47,716 [WARN] PackLoader:240 - Cannot read IP mode file for STMicroelectronics.X-CUBE-BLEMGR.3.0.0
2023-12-01 12:57:47,734 [WARN] PackLoader:240 - Cannot read IP mode file for STMicroelectronics.X-CUBE-BLEMGR.1.3.0
2023-12-01 12:57:47,746 [WARN] PackLoader:240 - Cannot read IP mode file for STMicroelectronics.FP-ATR-SIGFOX1.3.2.0
2023-12-01 12:57:47,792 [WARN] PackLoader:240 - Cannot read IP mode file for STMicroelectronics.X-CUBE-MEMS1.9.5.0
2023-12-01 12:57:47,886 [WARN] PackLoader:240 - Cannot read IP mode file for SEGGER.I-CUBE-embOS.1.3.1
2023-12-01 12:57:47,923 [WARN] PackLoader:240 - Cannot read IP mode file for STMicroelectronics.X-CUBE-GNSS1.6.0.0
2023-12-01 12:57:47,950 [WARN] PackLoader:240 - Cannot read IP mode file for STMicroelectronics.X-CUBE-AZRTOS-F4.1.1.0
2023-12-01 12:57:47,994 [WARN] PackLoader:240 - Cannot read IP mode file for STMicroelectronics.X-CUBE-AZRTOS-L5.2.0.0
2023-12-01 12:57:48,040 [WARN] PackLoader:240 - Cannot read IP mode file for STMicroelectronics.X-CUBE-MEMS1.9.6.0
2023-12-01 12:57:48,152 [WARN] PackLoader:240 - Cannot read IP mode file for STMicroelectronics.X-CUBE-EEPRMA1.4.2.0
2023-12-01 12:57:48,163 [WARN] PackLoader:240 - Cannot read IP mode file for ITTIA_DB.I-CUBE-ITTIADB.8.8.0
2023-12-01 12:57:48,173 [WARN] PackLoader:240 - Cannot read IP mode file for emotas.I-CUBE-CANOPEN.1.1.3
2023-12-01 12:57:48,188 [WARN] PackLoader:240 - Cannot read IP mode file for STMicroelectronics.X-CUBE-BLEMGR.2.0.0
2023-12-01 12:57:48,212 [WARN] ConditionMgr:438 - getConditionDescription Invalid condition id : UX DEVICE CLASS RTOS Condition cause : null
2023-12-01 12:57:48,213 [WARN] ConditionMgr:438 - getConditionDescription Invalid condition id : UX DEVICE CLASS RTOS Condition cause : null
2023-12-01 12:57:48,215 [WARN] PackLoader:240 - Cannot read IP mode file for STMicroelectronics.X-CUBE-AZRTOS-H7.3.1.0
2023-12-01 12:57:48,216 [WARN] ConditionMgr:1039 - genDependencies : Invalid condition id : UX DEVICE CLASS RTOS Condition cause : null
2023-12-01 12:57:48,216 [WARN] ConditionMgr:1039 - genDependencies : Invalid condition id : UX DEVICE CLASS RTOS Condition cause : null
2023-12-01 12:57:48,216 [WARN] ConditionMgr:1039 - genDependencies : Invalid condition id : UX DEVICE CLASS RTOS Condition cause : null
2023-12-01 12:57:48,216 [WARN] ConditionMgr:1039 - genDependencies : Invalid condition id : UX DEVICE CLASS RTOS Condition cause : null
2023-12-01 12:57:48,216 [WARN] ConditionMgr:1039 - genDependencies : Invalid condition id : UX DEVICE CLASS RTOS Condition cause : null
2023-12-01 12:57:48,247 [WARN] PackLoader:240 - Cannot read IP mode file for wolfSSL.I-CUBE-wolfSSL.5.5.4
2023-12-01 12:57:48,275 [WARN] PackLoader:240 - Cannot read IP mode file for STMicroelectronics.X-CUBE-NFC7.1.0.1
2023-12-01 12:57:48,286 [WARN] PackLoader:240 - Cannot read IP mode file for STMicroelectronics.X-CUBE-NFC7.1.0.0
2023-12-01 12:57:48,297 [WARN] PackLoader:240 - Cannot read IP mode file for STMicroelectronics.X-CUBE-NFC6.3.0.0
2023-12-01 12:57:48,311 [WARN] PackLoader:240 - Cannot read IP mode file for STMicroelectronics.X-CUBE-EEPRMA1.4.1.0
2023-12-01 12:57:48,321 [WARN] PackLoader:240 - Cannot read IP mode file for STMicroelectronics.X-CUBE-AI.8.1.0
2023-12-01 12:57:48,345 [WARN] ConditionMgr:438 - getConditionDescription Invalid condition id : LAN8742 Phy interface Condition cause : null
2023-12-01 12:57:48,345 [WARN] PackLoader:240 - Cannot read IP mode file for STMicroelectronics.X-CUBE-AZRTOS-L4.2.0.0
2023-12-01 12:57:48,346 [WARN] ConditionMgr:1039 - genDependencies : Invalid condition id : LAN8742 Phy interface Condition cause : null
2023-12-01 12:57:48,346 [WARN] ConditionMgr:1039 - genDependencies : Invalid condition id : LAN8742 Phy interface Condition cause : null
2023-12-01 12:57:48,346 [WARN] ConditionMgr:1039 - genDependencies : Invalid condition id : LAN8742 Phy interface Condition cause : null
2023-12-01 12:57:48,358 [WARN] PackLoader:240 - Cannot read IP mode file for STMicroelectronics.X-CUBE-SFXS2LP1.4.0.0
2023-12-01 12:57:48,389 [WARN] PackLoader:240 - Cannot read IP mode file for STMicroelectronics.X-CUBE-AZRTOS-H7.3.0.0
2023-12-01 12:57:48,405 [WARN] PackLoader:240 - Cannot read IP mode file for STMicroelectronics.X-CUBE-ISPU.1.1.0
2023-12-01 12:57:48,422 [WARN] PackLoader:240 - Cannot read IP mode file for RoweBots.I-CUBE-UNISONRTOS.5.5.0-4
2023-12-01 12:57:48,440 [WARN] PackLoader:240 - Cannot read IP mode file for STMicroelectronics.X-CUBE-AI.8.0.0
2023-12-01 12:57:48,469 [WARN] ConditionMgr:438 - getConditionDescription Invalid condition id : UX DEVICE CLASS RTOS Condition cause : null
2023-12-01 12:57:48,469 [WARN] ConditionMgr:438 - getConditionDescription Invalid condition id : UX DEVICE CLASS RTOS Condition cause : null
2023-12-01 12:57:48,472 [WARN] PackLoader:240 - Cannot read IP mode file for STMicroelectronics.X-CUBE-AZRTOS-WB.2.0.0
2023-12-01 12:57:48,473 [WARN] ConditionMgr:1039 - genDependencies : Invalid condition id : UX DEVICE CLASS RTOS Condition cause : null
2023-12-01 12:57:48,473 [WARN] ConditionMgr:1039 - genDependencies : Invalid condition id : UX DEVICE CLASS RTOS Condition cause : null
2023-12-01 12:57:48,473 [WARN] ConditionMgr:1039 - genDependencies : Invalid condition id : UX DEVICE CLASS RTOS Condition cause : null
2023-12-01 12:57:48,473 [WARN] ConditionMgr:1039 - genDependencies : Invalid condition id : UX DEVICE CLASS RTOS Condition cause : null
2023-12-01 12:57:48,473 [WARN] ConditionMgr:1039 - genDependencies : Invalid condition id : UX DEVICE CLASS RTOS Condition cause : null
2023-12-01 12:57:48,487 [WARN] PackLoader:240 - Cannot read IP mode file for STMicroelectronics.X-CUBE-FREERTOS.1.0.0
2023-12-01 12:57:48,499 [WARN] PackLoader:240 - Cannot read IP mode file for STMicroelectronics.X-CUBE-FREERTOS.1.0.1
2023-12-01 12:57:48,523 [WARN] PackLoader:240 - Cannot read IP mode file for STMicroelectronics.X-CUBE-AZRTOS-L5.1.1.0
2023-12-01 12:57:48,536 [WARN] PackLoader:240 - Cannot read IP mode file for STMicroelectronics.X-CUBE-AI.8.0.1
2023-12-01 12:57:48,563 [WARN] PackLoader:240 - Cannot read IP mode file for STMicroelectronics.X-CUBE-SUBG2.5.0.0
2023-12-01 12:57:48,591 [WARN] PackLoader:240 - Cannot read IP mode file for STMicroelectronics.X-CUBE-TOF1.3.3.1
2023-12-01 12:57:48,630 [WARN] PackLoader:240 - Cannot read IP mode file for STMicroelectronics.X-CUBE-AZRTOS-G4.2.0.0
2023-12-01 12:57:48,652 [WARN] PackLoader:240 - Cannot read IP mode file for STMicroelectronics.X-CUBE-TOF1.3.3.0
2023-12-01 12:57:48,666 [WARN] PackLoader:240 - Cannot read IP mode file for STMicroelectronics.FP-ATR-ASTRA1.1.1.1
2023-12-01 12:57:48,684 [WARN] PackLoader:240 - Cannot read IP mode file for Infineon.AIROC-Wi-Fi-Bluetooth-STM32.1.5.1
2023-12-01 12:57:48,699 [WARN] PackLoader:240 - Cannot read IP mode file for STMicroelectronics.FP-SNS-MOTENVWB1.1.3.0
2023-12-01 12:57:48,719 [WARN] PackLoader:240 - Cannot read IP mode file for STMicroelectronics.X-CUBE-AZRTOS-G4.1.0.0
2023-12-01 12:57:48,742 [WARN] PackLoader:240 - Cannot read IP mode file for STMicroelectronics.X-CUBE-AZRTOS-L4.1.0.0
2023-12-01 12:57:48,754 [INFO] WebApp:157 - Instantiating new browser for Auth
2023-12-01 12:57:48,795 [WARN] PackLoader:240 - Cannot read IP mode file for STMicroelectronics.X-CUBE-MEMS1.10.0.0
2023-12-01 12:57:48,953 [WARN] PackLoader:240 - Cannot read IP mode file for STMicroelectronics.X-CUBE-FREERTOS.1.1.0
2023-12-01 12:57:48,978 [WARN] PackLoader:240 - Cannot read IP mode file for STMicroelectronics.X-CUBE-AZRTOS-WL.1.0.0
2023-12-01 12:57:48,995 [WARN] PackLoader:240 - Cannot read IP mode file for portGmbH.I-Cube-SoM-uGOAL.1.1.0
2023-12-01 12:57:49,007 [WARN] PackLoader:240 - Cannot read IP mode file for STMicroelectronics.X-CUBE-ALS.1.0.1
2023-12-01 12:57:49,038 [WARN] PackLoader:240 - Cannot read IP mode file for STMicroelectronics.X-CUBE-AZRTOS-WB.1.1.0
2023-12-01 12:57:49,053 [WARN] PackLoader:240 - Cannot read IP mode file for STMicroelectronics.FP-ATR-ASTRA1.2.0.0
2023-12-01 12:57:49,080 [WARN] PackLoader:240 - Cannot read IP mode file for STMicroelectronics.X-CUBE-TOF1.3.4.0
2023-12-01 12:57:49,093 [INFO] ThirdParty:978 - Integrity check success = true
2023-12-01 12:57:49,094 [INFO] IntegrityCheckThread:100 - exiting critical section [integrity check]
2023-12-01 12:57:49,094 [INFO] IntegrityCheckThread:103 - End integrity checks thread
2023-12-01 12:57:49,394 [INFO] WebApp:753 - Register for checkConnection events
2023-12-01 12:57:49,394 [INFO] WebApp:390 - Apply proxy settings
2023-12-01 12:57:49,394 [INFO] WebApp:475 - Chromium requires no authentication
2023-12-01 12:57:49,402 [INFO] WebApp:418 - Direct internet connection detected
2023-12-01 12:57:49,545 [INFO] WebApp:188 - Starting web application
2023-12-01 12:57:49,545 [INFO] WebApp:520 - Web application path used D:\Program Files (x86)\STM32CubeIDE_1.11.2\STM32CubeIDE\plugins\com.st.stm32cube.common.mx_6.9.2.202309101412\db\plugins\mcufinder\reactClient1\index.html
2023-12-01 12:58:10,467 [ERROR] LogOutputStream:75 - [STDERR_REDIRECT] SLF4J: Failed to load class "org.slf4j.impl.StaticLoggerBinder".
2023-12-01 12:58:10,467 [ERROR] LogOutputStream:75 - [STDERR_REDIRECT] SLF4J: Defaulting to no-operation (NOP) logger implementation
2023-12-01 12:58:10,468 [ERROR] LogOutputStream:75 - [STDERR_REDIRECT] SLF4J: See http://www.slf4j.org/codes.html#StaticLoggerBinder for further details.
2023-12-01 18:41:40,017 [ERROR] LogOutputStream:75 - [STDERR_REDIRECT] 
