2023-11-30 17:40:28,372 [INFO] Activator:176 - 


2023-11-30 17:40:28,377 [INFO] Activator:177 - !SESSION log4j initialized
2023-11-30 17:40:33,130 [INFO] LogOutputStream:77 - [STDOUT_REDIRECT] 
2023-11-30 17:40:36,335 [INFO] ApplicationProperties:184 - Using Application install path: D:\Program Files (x86)\STM32CubeIDE_1.11.2\STM32CubeIDE\plugins\com.st.stm32cube.common.mx_6.9.2.202309101412
2023-11-30 17:40:36,351 [INFO] DbMcusXml:78 - Set database path to: D:\Program Files (x86)\STM32CubeIDE_1.11.2\STM32CubeIDE\plugins\com.st.stm32cube.common.mx_6.9.2.202309101412\\db\/mcu/
2023-11-30 17:40:36,351 [INFO] ApiDb:274 - Set plugin database path to: D:\Program Files (x86)\STM32CubeIDE_1.11.2\STM32CubeIDE\plugins\com.st.stm32cube.common.mx_6.9.2.202309101412\\db\/plugins/boardmanager/
2023-11-30 17:40:36,351 [WARN] ApiDb:259 - Overriding images path with different value:  => D:\Program Files (x86)\STM32CubeIDE_1.11.2\STM32CubeIDE\plugins\com.st.stm32cube.common.mx_6.9.2.202309101412\\db\/plugins/mcufinder/images/
2023-11-30 17:40:36,361 [INFO] ApiDb:250 - Set database path to: C:\Users\miqix\.stmcufinder\plugins\mcufinder//mcu/
2023-11-30 17:40:36,362 [INFO] DbMcusAds:125 - Set database path to: C:\Users\miqix\.stmcufinder\plugins\mcufinder//mcu/
2023-11-30 17:40:36,363 [INFO] CrossReferenceDbSqlite:203 - Set database path to: C:\Users\miqix\.stmcufinder\plugins\mcufinder//mcu/cs/
2023-11-30 17:40:36,465 [INFO] RulesReader:64 - Compatibility file has been processed (293 Rules)
2023-11-30 17:40:36,536 [INFO] DbMcusXml:78 - Set database path to: D:\Program Files (x86)\STM32CubeIDE_1.11.2\STM32CubeIDE\plugins\com.st.stm32cube.common.mx_6.9.2.202309101412\\db\/mcu/
2023-11-30 17:40:36,536 [INFO] ApiDb:274 - Set plugin database path to: D:\Program Files (x86)\STM32CubeIDE_1.11.2\STM32CubeIDE\plugins\com.st.stm32cube.common.mx_6.9.2.202309101412\\db\/plugins/boardmanager/
2023-11-30 17:40:36,536 [INFO] ApiDb:261 - Set plugin images path to: D:\Program Files (x86)\STM32CubeIDE_1.11.2\STM32CubeIDE\plugins\com.st.stm32cube.common.mx_6.9.2.202309101412\\db\/plugins/mcufinder/images/
2023-11-30 17:40:36,536 [WARN] DbFile:41 - Overriding database path with different value: C:\Users\miqix\.stmcufinder\plugins\mcufinder/ => C:\Users\miqix\.stmcufinder\plugins\mcufinder
2023-11-30 17:40:36,536 [INFO] ApiDb:250 - Set database path to: C:\Users\miqix\.stmcufinder\plugins\mcufinder//mcu/
2023-11-30 17:40:36,536 [WARN] DbFile:41 - Overriding database path with different value: C:\Users\miqix\.stmcufinder\plugins\mcufinder/ => C:\Users\miqix\.stmcufinder\plugins\mcufinder
2023-11-30 17:40:36,536 [INFO] DbMcusAds:125 - Set database path to: C:\Users\miqix\.stmcufinder\plugins\mcufinder//mcu/
2023-11-30 17:40:36,536 [WARN] DbFile:41 - Overriding database path with different value: C:\Users\miqix\.stmcufinder\plugins\mcufinder/ => C:\Users\miqix\.stmcufinder\plugins\mcufinder
2023-11-30 17:40:36,536 [WARN] DbFile:41 - Overriding database path with different value: C:\Users\miqix\.stmcufinder\plugins\mcufinder/ => C:\Users\miqix\.stmcufinder\plugins\mcufinder
2023-11-30 17:40:36,537 [INFO] CrossReferenceDbSqlite:203 - Set database path to: C:\Users\miqix\.stmcufinder\plugins\mcufinder//mcu/cs/
2023-11-30 17:40:36,602 [INFO] MainPanel:262 - HeapMemory: 268435456
2023-11-30 17:40:36,680 [INFO] DbMcusXml:78 - Set database path to: D:\Program Files (x86)\STM32CubeIDE_1.11.2\STM32CubeIDE\plugins\com.st.stm32cube.common.mx_6.9.2.202309101412\\db\/mcu/
2023-11-30 17:40:36,680 [INFO] ApiDb:274 - Set plugin database path to: D:\Program Files (x86)\STM32CubeIDE_1.11.2\STM32CubeIDE\plugins\com.st.stm32cube.common.mx_6.9.2.202309101412\\db\/plugins/boardmanager/
2023-11-30 17:40:36,680 [INFO] ApiDb:261 - Set plugin images path to: D:\Program Files (x86)\STM32CubeIDE_1.11.2\STM32CubeIDE\plugins\com.st.stm32cube.common.mx_6.9.2.202309101412\\db\/plugins/mcufinder/images/
2023-11-30 17:40:36,680 [WARN] DbFile:41 - Overriding database path with different value: C:\Users\miqix\.stmcufinder\plugins\mcufinder/ => C:\Users\miqix\.stmcufinder\plugins\mcufinder
2023-11-30 17:40:36,680 [INFO] ApiDb:250 - Set database path to: C:\Users\miqix\.stmcufinder\plugins\mcufinder//mcu/
2023-11-30 17:40:36,680 [WARN] DbFile:41 - Overriding database path with different value: C:\Users\miqix\.stmcufinder\plugins\mcufinder/ => C:\Users\miqix\.stmcufinder\plugins\mcufinder
2023-11-30 17:40:36,680 [INFO] DbMcusAds:125 - Set database path to: C:\Users\miqix\.stmcufinder\plugins\mcufinder//mcu/
2023-11-30 17:40:36,680 [WARN] DbFile:41 - Overriding database path with different value: C:\Users\miqix\.stmcufinder\plugins\mcufinder/ => C:\Users\miqix\.stmcufinder\plugins\mcufinder
2023-11-30 17:40:36,681 [WARN] DbFile:41 - Overriding database path with different value: C:\Users\miqix\.stmcufinder\plugins\mcufinder/ => C:\Users\miqix\.stmcufinder\plugins\mcufinder
2023-11-30 17:40:36,681 [INFO] CrossReferenceDbSqlite:203 - Set database path to: C:\Users\miqix\.stmcufinder\plugins\mcufinder//mcu/cs/
2023-11-30 17:40:36,697 [INFO] ApplicationProperties:184 - Using Application install path: D:\Program Files (x86)\STM32CubeIDE_1.11.2\STM32CubeIDE\plugins\com.st.stm32cube.common.mx_6.9.2.202309101412
2023-11-30 17:40:36,698 [INFO] PluginManage:196 - Search for loadable plugins [exclusion list=, ]
2023-11-30 17:40:36,700 [INFO] PluginManage:310 - Check plugin analytics
2023-11-30 17:40:36,842 [INFO] AnalyticsPlugin:253 - Accepted Software Licenses: 
2023-11-30 17:40:36,842 [INFO] AnalyticsPlugin:255 - Accepted CMSIS Pack Licenses: 
2023-11-30 17:40:36,842 [INFO] AnalyticsPlugin:257 - Accepted Firmware Licenses: 
2023-11-30 17:40:36,844 [INFO] PluginManage:359 - Loaded plugin analytics (category:tool,tabindex:-1)
2023-11-30 17:40:36,845 [INFO] PluginManage:310 - Check plugin cadmodel
2023-11-30 17:40:36,857 [INFO] CADModel:105 - Init CAD model plugin
2023-11-30 17:40:36,857 [INFO] PluginManage:359 - Loaded plugin cadmodel (category:power,tabindex:5)
2023-11-30 17:40:36,857 [INFO] PluginManage:310 - Check plugin clock
2023-11-30 17:40:36,873 [INFO] PluginManage:359 - Loaded plugin clock (category:base,tabindex:2)
2023-11-30 17:40:36,873 [INFO] PluginManage:310 - Check plugin ddr
2023-11-30 17:40:36,875 [INFO] PluginManage:359 - Loaded plugin ddr (category:tool,tabindex:6)
2023-11-30 17:40:36,875 [INFO] PluginManage:310 - Check plugin filemanager
2023-11-30 17:40:36,990 [INFO] PluginManage:359 - Loaded plugin filemanager (category:base,tabindex:10)
2023-11-30 17:40:36,991 [INFO] PluginManage:310 - Check plugin ipmanager
2023-11-30 17:40:36,997 [INFO] PluginManage:359 - Loaded plugin ipmanager (category:base,tabindex:5)
2023-11-30 17:40:36,997 [INFO] PluginManage:310 - Check plugin lpbam
2023-11-30 17:40:37,011 [INFO] PluginManage:359 - Loaded plugin lpbam (category:base,tabindex:0)
2023-11-30 17:40:37,011 [INFO] PluginManage:310 - Check plugin memorymap
2023-11-30 17:40:37,033 [INFO] PluginManage:359 - Loaded plugin memorymap (category:base,tabindex:4)
2023-11-30 17:40:37,033 [INFO] PluginManage:310 - Check plugin pinoutandconfiguration
2023-11-30 17:40:37,048 [INFO] PluginManage:359 - Loaded plugin pinoutandconfiguration (category:base,tabindex:1)
2023-11-30 17:40:37,048 [INFO] PluginManage:310 - Check plugin pinoutconfig
2023-11-30 17:40:37,121 [WARN] SupportedApi:132 - Cannot load RTOS API schema: s4s-elt-must-match.1: The content of 'definitions' must match (annotation?, (simpleType | complexType)?, (unique | key | keyref)*)). A problem was found starting at: attribute.
2023-11-30 17:40:37,227 [INFO] PluginManage:359 - Loaded plugin pinoutconfig (category:base,tabindex:0)
2023-11-30 17:40:37,227 [INFO] PluginManage:310 - Check plugin power
2023-11-30 17:40:37,243 [INFO] PluginManage:359 - Loaded plugin power (category:power,tabindex:4)
2023-11-30 17:40:37,243 [INFO] PluginManage:310 - Check plugin projectmanager
2023-11-30 17:40:37,253 [INFO] PluginManage:359 - Loaded plugin projectmanager (category:projectmanager,tabindex:3)
2023-11-30 17:40:37,253 [INFO] PluginManage:310 - Check plugin thirdparty
2023-11-30 17:40:37,479 [INFO] PluginManage:359 - Loaded plugin thirdparty (category:base,tabindex:-1)
2023-11-30 17:40:37,479 [INFO] PluginManage:310 - Check plugin tools
2023-11-30 17:40:37,479 [WARN] IntegrityCheckThread:84 - waiting for thirdparty lock release [integrity check]
2023-11-30 17:40:37,479 [INFO] IntegrityCheckThread:86 - entering critical section [integrity check]
2023-11-30 17:40:37,479 [INFO] ThirdPartyUpdaterWithRetryManager:70 - Updater plugin not ready yet. [1/15]
2023-11-30 17:40:37,504 [INFO] PluginManage:359 - Loaded plugin tools (category:base,tabindex:7)
2023-11-30 17:40:37,504 [INFO] PluginManage:310 - Check plugin tutovideos
2023-11-30 17:40:37,670 [INFO] PluginManage:359 - Loaded plugin tutovideos (category:base,tabindex:-1)
2023-11-30 17:40:37,670 [INFO] PluginManage:310 - Check plugin updater
2023-11-30 17:40:37,679 [INFO] PluginManage:359 - Loaded plugin updater (category:base,tabindex:12)
2023-11-30 17:40:37,679 [INFO] PluginManage:310 - Check plugin userauth
2023-11-30 17:40:37,684 [INFO] UserAuth:113 - Init User Auth plugin
2023-11-30 17:40:37,684 [INFO] PluginManage:359 - Loaded plugin userauth (category:base,tabindex:14)
2023-11-30 17:40:37,684 [INFO] PluginManage:283 - PluginManage : Loaded plugins [17]
2023-11-30 17:40:37,862 [INFO] PinOutPanel:1499 - setPackage(No Configuration,No Configuration)
2023-11-30 17:40:37,948 [INFO] CADModel:165 - CPN selected for project level
2023-11-30 17:40:37,948 [INFO] CADModel:114 - Register for checkConnection events
2023-11-30 17:40:37,970 [INFO] IPUIPlugin:80 - create IPUIPlugin
2023-11-30 17:40:37,970 [INFO] PluginManager:220 - loadIPPluginJar : add adc
2023-11-30 17:40:37,997 [INFO] IPUIPlugin:80 - create IPUIPlugin
2023-11-30 17:40:37,998 [INFO] PluginManager:220 - loadIPPluginJar : add aes
2023-11-30 17:40:38,026 [INFO] IPUIPlugin:80 - create IPUIPlugin
2023-11-30 17:40:38,026 [INFO] PluginManager:220 - loadIPPluginJar : add can
2023-11-30 17:40:38,044 [INFO] IPUIPlugin:80 - create IPUIPlugin
2023-11-30 17:40:38,044 [INFO] PluginManager:220 - loadIPPluginJar : add comp
2023-11-30 17:40:38,071 [INFO] IPUIPlugin:80 - create IPUIPlugin
2023-11-30 17:40:38,071 [INFO] PluginManager:220 - loadIPPluginJar : add cryp
2023-11-30 17:40:38,094 [INFO] IPUIPlugin:80 - create IPUIPlugin
2023-11-30 17:40:38,094 [INFO] PluginManager:220 - loadIPPluginJar : add dfsdm
2023-11-30 17:40:38,106 [INFO] IPUIPlugin:80 - create IPUIPlugin
2023-11-30 17:40:38,107 [INFO] PluginManager:220 - loadIPPluginJar : add dma
2023-11-30 17:40:38,137 [INFO] IPUIPlugin:80 - create IPUIPlugin
2023-11-30 17:40:38,137 [INFO] PluginManager:220 - loadIPPluginJar : add dma3
2023-11-30 17:40:38,152 [INFO] IPUIPlugin:80 - create IPUIPlugin
2023-11-30 17:40:38,152 [INFO] PluginManager:220 - loadIPPluginJar : add fatfs
2023-11-30 17:40:38,185 [INFO] IPUIPlugin:80 - create IPUIPlugin
2023-11-30 17:40:38,185 [INFO] PluginManager:220 - loadIPPluginJar : add fmc
2023-11-30 17:40:38,198 [INFO] IPUIPlugin:80 - create IPUIPlugin
2023-11-30 17:40:38,198 [INFO] PluginManager:220 - loadIPPluginJar : add freertos
2023-11-30 17:40:38,214 [INFO] IPUIPlugin:80 - create IPUIPlugin
2023-11-30 17:40:38,214 [INFO] PluginManager:220 - loadIPPluginJar : add genericplugin
2023-11-30 17:40:38,277 [INFO] IPUIPlugin:80 - create IPUIPlugin
2023-11-30 17:40:38,277 [INFO] PluginManager:220 - loadIPPluginJar : add gfxmmu
2023-11-30 17:40:38,372 [INFO] IPUIPlugin:80 - create IPUIPlugin
2023-11-30 17:40:38,372 [INFO] PluginManager:220 - loadIPPluginJar : add gic
2023-11-30 17:40:38,382 [INFO] IPUIPlugin:80 - create IPUIPlugin
2023-11-30 17:40:38,383 [INFO] PluginManager:220 - loadIPPluginJar : add gpio
2023-11-30 17:40:38,446 [INFO] IPUIPlugin:80 - create IPUIPlugin
2023-11-30 17:40:38,446 [INFO] PluginManager:220 - loadIPPluginJar : add gtzc
2023-11-30 17:40:38,469 [INFO] IPUIPlugin:80 - create IPUIPlugin
2023-11-30 17:40:38,469 [INFO] PluginManager:220 - loadIPPluginJar : add hash
2023-11-30 17:40:38,505 [INFO] IPUIPlugin:80 - create IPUIPlugin
2023-11-30 17:40:38,506 [INFO] PluginManager:220 - loadIPPluginJar : add i2c
2023-11-30 17:40:38,535 [INFO] IPUIPlugin:80 - create IPUIPlugin
2023-11-30 17:40:38,535 [INFO] PluginManager:220 - loadIPPluginJar : add i2s
2023-11-30 17:40:38,569 [INFO] IPUIPlugin:80 - create IPUIPlugin
2023-11-30 17:40:38,569 [INFO] PluginManager:220 - loadIPPluginJar : add i3c
2023-11-30 17:40:38,663 [INFO] IPUIPlugin:80 - create IPUIPlugin
2023-11-30 17:40:38,665 [INFO] PluginManager:220 - loadIPPluginJar : add ipddr
2023-11-30 17:40:38,762 [INFO] IPUIPlugin:80 - create IPUIPlugin
2023-11-30 17:40:38,762 [INFO] PluginManager:220 - loadIPPluginJar : add linkedlist
2023-11-30 17:40:38,793 [INFO] IPUIPlugin:80 - create IPUIPlugin
2023-11-30 17:40:38,794 [INFO] PluginManager:220 - loadIPPluginJar : add lorawan
2023-11-30 17:40:38,835 [INFO] IPUIPlugin:80 - create IPUIPlugin
2023-11-30 17:40:38,835 [INFO] PluginManager:220 - loadIPPluginJar : add ltdc
2023-11-30 17:40:38,848 [INFO] IPUIPlugin:80 - create IPUIPlugin
2023-11-30 17:40:38,849 [INFO] PluginManager:220 - loadIPPluginJar : add mdma
2023-11-30 17:40:38,860 [INFO] IPUIPlugin:80 - create IPUIPlugin
2023-11-30 17:40:38,860 [INFO] PluginManager:220 - loadIPPluginJar : add nvic
2023-11-30 17:40:38,889 [INFO] IPUIPlugin:80 - create IPUIPlugin
2023-11-30 17:40:38,889 [INFO] PluginManager:220 - loadIPPluginJar : add opamp
2023-11-30 17:40:38,933 [INFO] IPUIPlugin:80 - create IPUIPlugin
2023-11-30 17:40:38,933 [INFO] PluginManager:220 - loadIPPluginJar : add openamp
2023-11-30 17:40:38,964 [INFO] IPUIPlugin:80 - create IPUIPlugin
2023-11-30 17:40:38,964 [INFO] PluginManager:220 - loadIPPluginJar : add pdm2pcm
2023-11-30 17:40:38,977 [INFO] IPUIPlugin:80 - create IPUIPlugin
2023-11-30 17:40:38,980 [INFO] PluginManager:220 - loadIPPluginJar : add plateformsettings
2023-11-30 17:40:38,998 [INFO] IPUIPlugin:80 - create IPUIPlugin
2023-11-30 17:40:38,998 [INFO] PluginManager:220 - loadIPPluginJar : add quadspi
2023-11-30 17:40:39,010 [INFO] IPUIPlugin:80 - create IPUIPlugin
2023-11-30 17:40:39,010 [INFO] PluginManager:220 - loadIPPluginJar : add resmgrutility
2023-11-30 17:40:39,046 [INFO] IPUIPlugin:80 - create IPUIPlugin
2023-11-30 17:40:39,046 [INFO] PluginManager:220 - loadIPPluginJar : add sai
2023-11-30 17:40:39,071 [INFO] IPUIPlugin:80 - create IPUIPlugin
2023-11-30 17:40:39,071 [INFO] PluginManager:220 - loadIPPluginJar : add spi
2023-11-30 17:40:39,124 [INFO] IPUIPlugin:80 - create IPUIPlugin
2023-11-30 17:40:39,124 [INFO] PluginManager:220 - loadIPPluginJar : add stm32_wpan
2023-11-30 17:40:39,146 [INFO] IPUIPlugin:80 - create IPUIPlugin
2023-11-30 17:40:39,146 [INFO] PluginManager:220 - loadIPPluginJar : add tim
2023-11-30 17:40:39,201 [INFO] IPUIPlugin:80 - create IPUIPlugin
2023-11-30 17:40:39,201 [INFO] PluginManager:220 - loadIPPluginJar : add touchsensing
2023-11-30 17:40:39,220 [INFO] IPUIPlugin:80 - create IPUIPlugin
2023-11-30 17:40:39,221 [INFO] PluginManager:220 - loadIPPluginJar : add tracer_emb
2023-11-30 17:40:39,240 [INFO] IPUIPlugin:80 - create IPUIPlugin
2023-11-30 17:40:39,240 [INFO] PluginManager:220 - loadIPPluginJar : add ts
2023-11-30 17:40:39,257 [INFO] IPUIPlugin:80 - create IPUIPlugin
2023-11-30 17:40:39,257 [INFO] PluginManager:220 - loadIPPluginJar : add tsc
2023-11-30 17:40:39,273 [INFO] IPUIPlugin:80 - create IPUIPlugin
2023-11-30 17:40:39,273 [INFO] PluginManager:220 - loadIPPluginJar : add ucpd
2023-11-30 17:40:39,304 [INFO] IPUIPlugin:80 - create IPUIPlugin
2023-11-30 17:40:39,304 [INFO] PluginManager:220 - loadIPPluginJar : add usart
2023-11-30 17:40:39,335 [INFO] IPUIPlugin:80 - create IPUIPlugin
2023-11-30 17:40:39,335 [INFO] PluginManager:220 - loadIPPluginJar : add usbx
2023-11-30 17:40:39,446 [INFO] CADModel:165 - CPN selected for project level
2023-11-30 17:40:39,446 [INFO] CADModel:114 - Register for checkConnection events
2023-11-30 17:40:39,446 [FATAL] Updater:308 - Updater called before beeing initialized
2023-11-30 17:40:39,446 [ERROR] CADModel:125 - Updater not yet initialized, retry later 
2023-11-30 17:40:39,559 [INFO] CADModel:165 - CPN selected for project level
2023-11-30 17:40:39,559 [INFO] CADModel:114 - Register for checkConnection events
2023-11-30 17:40:39,559 [FATAL] Updater:308 - Updater called before beeing initialized
2023-11-30 17:40:39,559 [ERROR] CADModel:125 - Updater not yet initialized, retry later 
2023-11-30 17:40:39,562 [FATAL] Updater:308 - Updater called before beeing initialized
2023-11-30 17:40:39,644 [FATAL] Updater:308 - Updater called before beeing initialized
2023-11-30 17:40:39,654 [INFO] DbMcusAds:53 - JSON generation date=Tue Mar 07 09:50:55 CET 2023 (1678179055335)
2023-11-30 17:40:39,655 [FATAL] Updater:308 - Updater called before beeing initialized
2023-11-30 17:40:39,721 [WARN] DetailPanel:346 - Failed to get advertising image, set to default
2023-11-30 17:40:39,802 [FATAL] Updater:308 - Updater called before beeing initialized
2023-11-30 17:40:39,805 [FATAL] Updater:308 - Updater called before beeing initialized
2023-11-30 17:40:39,805 [FATAL] Updater:308 - Updater called before beeing initialized
2023-11-30 17:40:39,805 [WARN] DetailPanel:346 - Failed to get advertising image, set to default
2023-11-30 17:40:39,805 [FATAL] Updater:308 - Updater called before beeing initialized
2023-11-30 17:40:39,848 [ERROR] Updater:1120 - MainUpdater not yet initialized. External WinMGr cannot be set.
2023-11-30 17:40:39,856 [INFO] Updater:1056 - Updater Version found : 6.9.2
2023-11-30 17:40:39,873 [INFO] ApplicationProperties:184 - Using Application install path: D:\Program Files (x86)\STM32CubeIDE_1.11.2\STM32CubeIDE\plugins\com.st.stm32cube.common.mx_6.9.2.202309101412
2023-11-30 17:40:40,097 [INFO] MainUpdater:2868 - connection check result : 10
2023-11-30 17:40:40,097 [INFO] MainUpdater:285 - Updater Check For Update Now.
2023-11-30 17:40:40,098 [INFO] MicroXplorer:498 - Change Database Version : DB.6.0.92
2023-11-30 17:40:40,110 [INFO] McuFinderGlobals:63 - Set McuFinder mode to 2 (CubeIDE integrated)
2023-11-30 17:40:40,110 [INFO] UserAuth:179 - activating auth plugin
2023-11-30 17:40:40,113 [INFO] UserAuth:393 - Internet connection configuration mode: 1
2023-11-30 17:40:40,134 [INFO] JxBrowserEngine:151 - Initiate JxBrowser Engine with user profile folder
2023-11-30 17:40:40,277 [INFO] CheckServerUpdateThread:120 - End of CheckServer Thread
2023-11-30 17:40:40,643 [WARN] PackLoader:240 - Cannot read IP mode file for STMicroelectronics.X-CUBE-SMBUS.2.1.0
2023-11-30 17:40:40,675 [WARN] PackLoader:240 - Cannot read IP mode file for STMicroelectronics.X-CUBE-AZRTOS-F7.1.1.0
2023-11-30 17:40:40,689 [ERROR] RealEvaluatedCondition:428 - Found unsupported composite condition: GROUP='STM32_MetaDataManager' CLASS='Data Exchange'
2023-11-30 17:40:40,689 [ERROR] RealEvaluatedCondition:428 - Found unsupported composite condition: GROUP='STM32_MetaDataManager' CLASS='Data Exchange'
2023-11-30 17:40:40,690 [WARN] PackLoader:240 - Cannot read IP mode file for STMicroelectronics.FP-SNS-MOTENV1.4.3.0
2023-11-30 17:40:40,700 [WARN] PackLoader:240 - Cannot read IP mode file for STMicroelectronics.FP-SNS-MOTENV1.4.3.2
2023-11-30 17:40:40,711 [WARN] PackLoader:240 - Cannot read IP mode file for STMicroelectronics.FP-SNS-FLIGHT1.5.0.0
2023-11-30 17:40:40,721 [ERROR] RealEvaluatedCondition:428 - Found unsupported composite condition: GROUP='STM32_MetaDataManager' CLASS='Data Exchange'
2023-11-30 17:40:40,721 [ERROR] RealEvaluatedCondition:428 - Found unsupported composite condition: CLASS='Data Exchange' GROUP='STM32_MetaDataManager'
2023-11-30 17:40:40,722 [WARN] PackLoader:240 - Cannot read IP mode file for STMicroelectronics.FP-SNS-MOTENV1.4.3.1
2023-11-30 17:40:40,733 [WARN] PackLoader:240 - Cannot read IP mode file for STMicroelectronics.FP-SNS-FLIGHT1.5.0.1
2023-11-30 17:40:40,745 [WARN] PackLoader:240 - Cannot read IP mode file for STMicroelectronics.X-CUBE-BLE1.6.2.4
2023-11-30 17:40:40,754 [WARN] PackLoader:240 - Cannot read IP mode file for STMicroelectronics.FP-SNS-FLIGHT1.5.0.2
2023-11-30 17:40:40,767 [WARN] PackLoader:240 - Cannot read IP mode file for STMicroelectronics.X-CUBE-DISPLAY.3.0.0
2023-11-30 17:40:40,778 [WARN] PackLoader:240 - Cannot read IP mode file for STMicroelectronics.X-CUBE-BLE1.7.0.0
2023-11-30 17:40:40,789 [WARN] PackLoader:240 - Cannot read IP mode file for STMicroelectronics.X-CUBE-TOUCHGFX.4.22.0
2023-11-30 17:40:40,797 [WARN] PackLoader:240 - Cannot read IP mode file for STMicroelectronics.X-CUBE-TOUCHGFX.4.22.1
2023-11-30 17:40:40,807 [WARN] PackLoader:240 - Cannot read IP mode file for STMicroelectronics.FP-SNS-SMARTAG2.1.2.0
2023-11-30 17:40:40,822 [INFO] LogOutputStream:77 - [STDOUT_REDIRECT] 1 : Invalid condition id : UX_CORESTACK_Condition cause : null
2023-11-30 17:40:40,822 [INFO] LogOutputStream:77 - [STDOUT_REDIRECT] 1 : Invalid condition id : UX_CORESTACK_Condition cause : null
2023-11-30 17:40:40,823 [INFO] LogOutputStream:77 - [STDOUT_REDIRECT] 1 : Invalid condition id : UX_CORESTACK_Condition cause : null
2023-11-30 17:40:40,824 [INFO] LogOutputStream:77 - [STDOUT_REDIRECT] 1 : Invalid condition id : UX_CORESTACK_Condition cause : null
2023-11-30 17:40:40,825 [INFO] LogOutputStream:77 - [STDOUT_REDIRECT] 1 : Invalid condition id : UX_CORESTACK_Condition cause : null
2023-11-30 17:40:40,826 [WARN] PackLoader:240 - Cannot read IP mode file for STMicroelectronics.X-CUBE-AZRTOS-WL.2.0.0
2023-11-30 17:40:40,839 [WARN] PackLoader:240 - Cannot read IP mode file for WES.I-CUBE-Cesium.1.3.0
2023-11-30 17:40:40,850 [WARN] PackLoader:240 - Cannot read IP mode file for STMicroelectronics.X-CUBE-BLE2.3.3.0
2023-11-30 17:40:40,865 [WARN] PackLoader:240 - Cannot read IP mode file for STMicroelectronics.X-CUBE-TOF1.3.2.0
2023-11-30 17:40:40,879 [WARN] PackLoader:240 - Cannot read IP mode file for STMicroelectronics.X-CUBE-TOUCHGFX.4.21.1
2023-11-30 17:40:40,888 [WARN] PackLoader:240 - Cannot read IP mode file for STMicroelectronics.X-CUBE-TOUCHGFX.4.21.3
2023-11-30 17:40:40,897 [WARN] PackLoader:240 - Cannot read IP mode file for STMicroelectronics.X-CUBE-TOUCHGFX.4.21.4
2023-11-30 17:40:40,936 [WARN] PackLoader:240 - Cannot read IP mode file for STMicroelectronics.X-CUBE-MEMS1.9.4.0
2023-11-30 17:40:41,034 [WARN] PackLoader:240 - Cannot read IP mode file for STMicroelectronics.X-CUBE-AI.7.3.0
2023-11-30 17:40:41,045 [WARN] PackLoader:240 - Cannot read IP mode file for STMicroelectronics.X-CUBE-ALGOBUILD.1.3.0
2023-11-30 17:40:41,068 [WARN] PackLoader:240 - Cannot read IP mode file for STMicroelectronics.X-CUBE-AZRTOS-G0.1.1.0
2023-11-30 17:40:41,080 [WARN] PackLoader:240 - Cannot read IP mode file for STMicroelectronics.X-CUBE-NFC4.3.0.0
2023-11-30 17:40:41,092 [WARN] PackLoader:240 - Cannot read IP mode file for STMicroelectronics.X-CUBE-BLEMGR.3.0.0
2023-11-30 17:40:41,105 [WARN] PackLoader:240 - Cannot read IP mode file for STMicroelectronics.X-CUBE-BLEMGR.1.3.0
2023-11-30 17:40:41,116 [WARN] PackLoader:240 - Cannot read IP mode file for STMicroelectronics.FP-ATR-SIGFOX1.3.2.0
2023-11-30 17:40:41,154 [WARN] PackLoader:240 - Cannot read IP mode file for STMicroelectronics.X-CUBE-MEMS1.9.5.0
2023-11-30 17:40:41,276 [WARN] PackLoader:240 - Cannot read IP mode file for SEGGER.I-CUBE-embOS.1.3.1
2023-11-30 17:40:41,334 [WARN] PackLoader:240 - Cannot read IP mode file for STMicroelectronics.X-CUBE-GNSS1.6.0.0
2023-11-30 17:40:41,357 [WARN] PackLoader:240 - Cannot read IP mode file for STMicroelectronics.X-CUBE-AZRTOS-F4.1.1.0
2023-11-30 17:40:41,379 [WARN] PackLoader:240 - Cannot read IP mode file for STMicroelectronics.X-CUBE-AZRTOS-L5.2.0.0
2023-11-30 17:40:41,416 [WARN] PackLoader:240 - Cannot read IP mode file for STMicroelectronics.X-CUBE-MEMS1.9.6.0
2023-11-30 17:40:41,509 [WARN] PackLoader:240 - Cannot read IP mode file for STMicroelectronics.X-CUBE-EEPRMA1.4.2.0
2023-11-30 17:40:41,523 [WARN] PackLoader:240 - Cannot read IP mode file for ITTIA_DB.I-CUBE-ITTIADB.8.8.0
2023-11-30 17:40:41,541 [WARN] PackLoader:240 - Cannot read IP mode file for emotas.I-CUBE-CANOPEN.1.1.3
2023-11-30 17:40:41,558 [WARN] PackLoader:240 - Cannot read IP mode file for STMicroelectronics.X-CUBE-BLEMGR.2.0.0
2023-11-30 17:40:41,580 [WARN] ConditionMgr:438 - getConditionDescription Invalid condition id : UX DEVICE CLASS RTOS Condition cause : null
2023-11-30 17:40:41,580 [WARN] ConditionMgr:438 - getConditionDescription Invalid condition id : UX DEVICE CLASS RTOS Condition cause : null
2023-11-30 17:40:41,582 [WARN] PackLoader:240 - Cannot read IP mode file for STMicroelectronics.X-CUBE-AZRTOS-H7.3.1.0
2023-11-30 17:40:41,582 [WARN] ConditionMgr:1039 - genDependencies : Invalid condition id : UX DEVICE CLASS RTOS Condition cause : null
2023-11-30 17:40:41,582 [WARN] ConditionMgr:1039 - genDependencies : Invalid condition id : UX DEVICE CLASS RTOS Condition cause : null
2023-11-30 17:40:41,584 [WARN] ConditionMgr:1039 - genDependencies : Invalid condition id : UX DEVICE CLASS RTOS Condition cause : null
2023-11-30 17:40:41,584 [WARN] ConditionMgr:1039 - genDependencies : Invalid condition id : UX DEVICE CLASS RTOS Condition cause : null
2023-11-30 17:40:41,584 [WARN] ConditionMgr:1039 - genDependencies : Invalid condition id : UX DEVICE CLASS RTOS Condition cause : null
2023-11-30 17:40:41,593 [WARN] PackLoader:240 - Cannot read IP mode file for wolfSSL.I-CUBE-wolfSSL.5.5.4
2023-11-30 17:40:41,603 [WARN] PackLoader:240 - Cannot read IP mode file for STMicroelectronics.X-CUBE-NFC7.1.0.1
2023-11-30 17:40:41,612 [WARN] PackLoader:240 - Cannot read IP mode file for STMicroelectronics.X-CUBE-NFC7.1.0.0
2023-11-30 17:40:41,625 [WARN] PackLoader:240 - Cannot read IP mode file for STMicroelectronics.X-CUBE-NFC6.3.0.0
2023-11-30 17:40:41,634 [WARN] PackLoader:240 - Cannot read IP mode file for STMicroelectronics.X-CUBE-EEPRMA1.4.1.0
2023-11-30 17:40:41,644 [WARN] PackLoader:240 - Cannot read IP mode file for STMicroelectronics.X-CUBE-AI.8.1.0
2023-11-30 17:40:41,664 [WARN] ConditionMgr:438 - getConditionDescription Invalid condition id : LAN8742 Phy interface Condition cause : null
2023-11-30 17:40:41,664 [WARN] PackLoader:240 - Cannot read IP mode file for STMicroelectronics.X-CUBE-AZRTOS-L4.2.0.0
2023-11-30 17:40:41,665 [WARN] ConditionMgr:1039 - genDependencies : Invalid condition id : LAN8742 Phy interface Condition cause : null
2023-11-30 17:40:41,665 [WARN] ConditionMgr:1039 - genDependencies : Invalid condition id : LAN8742 Phy interface Condition cause : null
2023-11-30 17:40:41,665 [WARN] ConditionMgr:1039 - genDependencies : Invalid condition id : LAN8742 Phy interface Condition cause : null
2023-11-30 17:40:41,676 [WARN] PackLoader:240 - Cannot read IP mode file for STMicroelectronics.X-CUBE-SFXS2LP1.4.0.0
2023-11-30 17:40:41,698 [WARN] PackLoader:240 - Cannot read IP mode file for STMicroelectronics.X-CUBE-AZRTOS-H7.3.0.0
2023-11-30 17:40:41,712 [WARN] PackLoader:240 - Cannot read IP mode file for STMicroelectronics.X-CUBE-ISPU.1.1.0
2023-11-30 17:40:41,725 [WARN] PackLoader:240 - Cannot read IP mode file for RoweBots.I-CUBE-UNISONRTOS.5.5.0-4
2023-11-30 17:40:41,735 [WARN] PackLoader:240 - Cannot read IP mode file for STMicroelectronics.X-CUBE-AI.8.0.0
2023-11-30 17:40:41,754 [WARN] ConditionMgr:438 - getConditionDescription Invalid condition id : UX DEVICE CLASS RTOS Condition cause : null
2023-11-30 17:40:41,754 [WARN] ConditionMgr:438 - getConditionDescription Invalid condition id : UX DEVICE CLASS RTOS Condition cause : null
2023-11-30 17:40:41,758 [WARN] PackLoader:240 - Cannot read IP mode file for STMicroelectronics.X-CUBE-AZRTOS-WB.2.0.0
2023-11-30 17:40:41,759 [WARN] ConditionMgr:1039 - genDependencies : Invalid condition id : UX DEVICE CLASS RTOS Condition cause : null
2023-11-30 17:40:41,759 [WARN] ConditionMgr:1039 - genDependencies : Invalid condition id : UX DEVICE CLASS RTOS Condition cause : null
2023-11-30 17:40:41,759 [WARN] ConditionMgr:1039 - genDependencies : Invalid condition id : UX DEVICE CLASS RTOS Condition cause : null
2023-11-30 17:40:41,760 [WARN] ConditionMgr:1039 - genDependencies : Invalid condition id : UX DEVICE CLASS RTOS Condition cause : null
2023-11-30 17:40:41,760 [WARN] ConditionMgr:1039 - genDependencies : Invalid condition id : UX DEVICE CLASS RTOS Condition cause : null
2023-11-30 17:40:41,774 [WARN] PackLoader:240 - Cannot read IP mode file for STMicroelectronics.X-CUBE-FREERTOS.1.0.0
2023-11-30 17:40:41,785 [WARN] PackLoader:240 - Cannot read IP mode file for STMicroelectronics.X-CUBE-FREERTOS.1.0.1
2023-11-30 17:40:41,805 [WARN] PackLoader:240 - Cannot read IP mode file for STMicroelectronics.X-CUBE-AZRTOS-L5.1.1.0
2023-11-30 17:40:41,815 [WARN] PackLoader:240 - Cannot read IP mode file for STMicroelectronics.X-CUBE-AI.8.0.1
2023-11-30 17:40:41,830 [WARN] PackLoader:240 - Cannot read IP mode file for STMicroelectronics.X-CUBE-SUBG2.5.0.0
2023-11-30 17:40:41,865 [WARN] PackLoader:240 - Cannot read IP mode file for STMicroelectronics.X-CUBE-TOF1.3.3.1
2023-11-30 17:40:41,890 [WARN] PackLoader:240 - Cannot read IP mode file for STMicroelectronics.X-CUBE-AZRTOS-G4.2.0.0
2023-11-30 17:40:41,906 [WARN] PackLoader:240 - Cannot read IP mode file for STMicroelectronics.X-CUBE-TOF1.3.3.0
2023-11-30 17:40:41,919 [WARN] PackLoader:240 - Cannot read IP mode file for STMicroelectronics.FP-ATR-ASTRA1.1.1.1
2023-11-30 17:40:41,964 [WARN] PackLoader:240 - Cannot read IP mode file for Infineon.AIROC-Wi-Fi-Bluetooth-STM32.1.5.1
2023-11-30 17:40:41,988 [WARN] PackLoader:240 - Cannot read IP mode file for STMicroelectronics.FP-SNS-MOTENVWB1.1.3.0
2023-11-30 17:40:42,008 [WARN] PackLoader:240 - Cannot read IP mode file for STMicroelectronics.X-CUBE-AZRTOS-G4.1.0.0
2023-11-30 17:40:42,029 [WARN] PackLoader:240 - Cannot read IP mode file for STMicroelectronics.X-CUBE-AZRTOS-L4.1.0.0
2023-11-30 17:40:42,064 [WARN] PackLoader:240 - Cannot read IP mode file for STMicroelectronics.X-CUBE-MEMS1.10.0.0
2023-11-30 17:40:42,199 [WARN] PackLoader:240 - Cannot read IP mode file for STMicroelectronics.X-CUBE-FREERTOS.1.1.0
2023-11-30 17:40:42,217 [WARN] PackLoader:240 - Cannot read IP mode file for STMicroelectronics.X-CUBE-AZRTOS-WL.1.0.0
2023-11-30 17:40:42,232 [WARN] PackLoader:240 - Cannot read IP mode file for portGmbH.I-Cube-SoM-uGOAL.1.1.0
2023-11-30 17:40:42,252 [WARN] PackLoader:240 - Cannot read IP mode file for STMicroelectronics.X-CUBE-ALS.1.0.1
2023-11-30 17:40:42,287 [WARN] PackLoader:240 - Cannot read IP mode file for STMicroelectronics.X-CUBE-AZRTOS-WB.1.1.0
2023-11-30 17:40:42,302 [WARN] PackLoader:240 - Cannot read IP mode file for STMicroelectronics.FP-ATR-ASTRA1.2.0.0
2023-11-30 17:40:42,328 [WARN] PackLoader:240 - Cannot read IP mode file for STMicroelectronics.X-CUBE-TOF1.3.4.0
2023-11-30 17:40:42,342 [INFO] ThirdParty:978 - Integrity check success = true
2023-11-30 17:40:42,342 [INFO] IntegrityCheckThread:100 - exiting critical section [integrity check]
2023-11-30 17:40:42,342 [INFO] IntegrityCheckThread:103 - End integrity checks thread
2023-11-30 17:40:42,445 [INFO] WebApp:157 - Instantiating new browser for Auth
2023-11-30 17:40:42,975 [INFO] WebApp:753 - Register for checkConnection events
2023-11-30 17:40:42,976 [INFO] WebApp:390 - Apply proxy settings
2023-11-30 17:40:42,976 [INFO] WebApp:475 - Chromium requires no authentication
2023-11-30 17:40:42,983 [INFO] WebApp:418 - Direct internet connection detected
2023-11-30 17:40:43,122 [INFO] WebApp:188 - Starting web application
2023-11-30 17:40:43,122 [INFO] WebApp:520 - Web application path used D:\Program Files (x86)\STM32CubeIDE_1.11.2\STM32CubeIDE\plugins\com.st.stm32cube.common.mx_6.9.2.202309101412\db\plugins\mcufinder\reactClient1\index.html
2023-11-30 17:41:03,799 [ERROR] LogOutputStream:75 - [STDERR_REDIRECT] SLF4J: Failed to load class "org.slf4j.impl.StaticLoggerBinder".
2023-11-30 17:41:03,799 [ERROR] LogOutputStream:75 - [STDERR_REDIRECT] SLF4J: Defaulting to no-operation (NOP) logger implementation
2023-11-30 17:41:03,800 [ERROR] LogOutputStream:75 - [STDERR_REDIRECT] SLF4J: See http://www.slf4j.org/codes.html#StaticLoggerBinder for further details.
2023-11-30 18:58:20,813 [ERROR] LogOutputStream:75 - [STDERR_REDIRECT] 
