2023-12-09 11:51:08,164 [INFO] Activator:176 - 


2023-12-09 11:51:08,169 [INFO] Activator:177 - !SESSION log4j initialized
2023-12-09 11:51:13,507 [INFO] LogOutputStream:77 - [STDOUT_REDIRECT] 
2023-12-09 11:51:16,513 [INFO] ApplicationProperties:184 - Using Application install path: D:\Program Files (x86)\STM32CubeIDE_1.11.2\STM32CubeIDE\plugins\com.st.stm32cube.common.mx_6.9.2.202309101412
2023-12-09 11:51:16,527 [INFO] DbMcusXml:78 - Set database path to: D:\Program Files (x86)\STM32CubeIDE_1.11.2\STM32CubeIDE\plugins\com.st.stm32cube.common.mx_6.9.2.202309101412\\db\/mcu/
2023-12-09 11:51:16,527 [INFO] ApiDb:274 - Set plugin database path to: D:\Program Files (x86)\STM32CubeIDE_1.11.2\STM32CubeIDE\plugins\com.st.stm32cube.common.mx_6.9.2.202309101412\\db\/plugins/boardmanager/
2023-12-09 11:51:16,527 [WARN] ApiDb:259 - Overriding images path with different value:  => D:\Program Files (x86)\STM32CubeIDE_1.11.2\STM32CubeIDE\plugins\com.st.stm32cube.common.mx_6.9.2.202309101412\\db\/plugins/mcufinder/images/
2023-12-09 11:51:16,538 [INFO] ApiDb:250 - Set database path to: C:\Users\miqix\.stmcufinder\plugins\mcufinder//mcu/
2023-12-09 11:51:16,538 [INFO] DbMcusAds:125 - Set database path to: C:\Users\miqix\.stmcufinder\plugins\mcufinder//mcu/
2023-12-09 11:51:16,539 [INFO] CrossReferenceDbSqlite:203 - Set database path to: C:\Users\miqix\.stmcufinder\plugins\mcufinder//mcu/cs/
2023-12-09 11:51:16,630 [INFO] RulesReader:64 - Compatibility file has been processed (293 Rules)
2023-12-09 11:51:16,699 [INFO] DbMcusXml:78 - Set database path to: D:\Program Files (x86)\STM32CubeIDE_1.11.2\STM32CubeIDE\plugins\com.st.stm32cube.common.mx_6.9.2.202309101412\\db\/mcu/
2023-12-09 11:51:16,699 [INFO] ApiDb:274 - Set plugin database path to: D:\Program Files (x86)\STM32CubeIDE_1.11.2\STM32CubeIDE\plugins\com.st.stm32cube.common.mx_6.9.2.202309101412\\db\/plugins/boardmanager/
2023-12-09 11:51:16,699 [INFO] ApiDb:261 - Set plugin images path to: D:\Program Files (x86)\STM32CubeIDE_1.11.2\STM32CubeIDE\plugins\com.st.stm32cube.common.mx_6.9.2.202309101412\\db\/plugins/mcufinder/images/
2023-12-09 11:51:16,699 [WARN] DbFile:41 - Overriding database path with different value: C:\Users\miqix\.stmcufinder\plugins\mcufinder/ => C:\Users\miqix\.stmcufinder\plugins\mcufinder
2023-12-09 11:51:16,699 [INFO] ApiDb:250 - Set database path to: C:\Users\miqix\.stmcufinder\plugins\mcufinder//mcu/
2023-12-09 11:51:16,699 [WARN] DbFile:41 - Overriding database path with different value: C:\Users\miqix\.stmcufinder\plugins\mcufinder/ => C:\Users\miqix\.stmcufinder\plugins\mcufinder
2023-12-09 11:51:16,699 [INFO] DbMcusAds:125 - Set database path to: C:\Users\miqix\.stmcufinder\plugins\mcufinder//mcu/
2023-12-09 11:51:16,699 [WARN] DbFile:41 - Overriding database path with different value: C:\Users\miqix\.stmcufinder\plugins\mcufinder/ => C:\Users\miqix\.stmcufinder\plugins\mcufinder
2023-12-09 11:51:16,699 [WARN] DbFile:41 - Overriding database path with different value: C:\Users\miqix\.stmcufinder\plugins\mcufinder/ => C:\Users\miqix\.stmcufinder\plugins\mcufinder
2023-12-09 11:51:16,700 [INFO] CrossReferenceDbSqlite:203 - Set database path to: C:\Users\miqix\.stmcufinder\plugins\mcufinder//mcu/cs/
2023-12-09 11:51:16,764 [INFO] MainPanel:262 - HeapMemory: 268435456
2023-12-09 11:51:16,843 [INFO] DbMcusXml:78 - Set database path to: D:\Program Files (x86)\STM32CubeIDE_1.11.2\STM32CubeIDE\plugins\com.st.stm32cube.common.mx_6.9.2.202309101412\\db\/mcu/
2023-12-09 11:51:16,843 [INFO] ApiDb:274 - Set plugin database path to: D:\Program Files (x86)\STM32CubeIDE_1.11.2\STM32CubeIDE\plugins\com.st.stm32cube.common.mx_6.9.2.202309101412\\db\/plugins/boardmanager/
2023-12-09 11:51:16,843 [INFO] ApiDb:261 - Set plugin images path to: D:\Program Files (x86)\STM32CubeIDE_1.11.2\STM32CubeIDE\plugins\com.st.stm32cube.common.mx_6.9.2.202309101412\\db\/plugins/mcufinder/images/
2023-12-09 11:51:16,844 [WARN] DbFile:41 - Overriding database path with different value: C:\Users\miqix\.stmcufinder\plugins\mcufinder/ => C:\Users\miqix\.stmcufinder\plugins\mcufinder
2023-12-09 11:51:16,844 [INFO] ApiDb:250 - Set database path to: C:\Users\miqix\.stmcufinder\plugins\mcufinder//mcu/
2023-12-09 11:51:16,844 [WARN] DbFile:41 - Overriding database path with different value: C:\Users\miqix\.stmcufinder\plugins\mcufinder/ => C:\Users\miqix\.stmcufinder\plugins\mcufinder
2023-12-09 11:51:16,844 [INFO] DbMcusAds:125 - Set database path to: C:\Users\miqix\.stmcufinder\plugins\mcufinder//mcu/
2023-12-09 11:51:16,844 [WARN] DbFile:41 - Overriding database path with different value: C:\Users\miqix\.stmcufinder\plugins\mcufinder/ => C:\Users\miqix\.stmcufinder\plugins\mcufinder
2023-12-09 11:51:16,844 [WARN] DbFile:41 - Overriding database path with different value: C:\Users\miqix\.stmcufinder\plugins\mcufinder/ => C:\Users\miqix\.stmcufinder\plugins\mcufinder
2023-12-09 11:51:16,844 [INFO] CrossReferenceDbSqlite:203 - Set database path to: C:\Users\miqix\.stmcufinder\plugins\mcufinder//mcu/cs/
2023-12-09 11:51:16,861 [INFO] ApplicationProperties:184 - Using Application install path: D:\Program Files (x86)\STM32CubeIDE_1.11.2\STM32CubeIDE\plugins\com.st.stm32cube.common.mx_6.9.2.202309101412
2023-12-09 11:51:16,862 [INFO] PluginManage:196 - Search for loadable plugins [exclusion list=, ]
2023-12-09 11:51:16,863 [INFO] PluginManage:310 - Check plugin analytics
2023-12-09 11:51:17,028 [INFO] AnalyticsPlugin:253 - Accepted Software Licenses: 
2023-12-09 11:51:17,029 [INFO] AnalyticsPlugin:255 - Accepted CMSIS Pack Licenses: 
2023-12-09 11:51:17,029 [INFO] AnalyticsPlugin:257 - Accepted Firmware Licenses: 
2023-12-09 11:51:17,032 [INFO] PluginManage:359 - Loaded plugin analytics (category:tool,tabindex:-1)
2023-12-09 11:51:17,032 [INFO] PluginManage:310 - Check plugin cadmodel
2023-12-09 11:51:17,043 [INFO] CADModel:105 - Init CAD model plugin
2023-12-09 11:51:17,043 [INFO] PluginManage:359 - Loaded plugin cadmodel (category:power,tabindex:5)
2023-12-09 11:51:17,043 [INFO] PluginManage:310 - Check plugin clock
2023-12-09 11:51:17,063 [INFO] PluginManage:359 - Loaded plugin clock (category:base,tabindex:2)
2023-12-09 11:51:17,063 [INFO] PluginManage:310 - Check plugin ddr
2023-12-09 11:51:17,065 [INFO] PluginManage:359 - Loaded plugin ddr (category:tool,tabindex:6)
2023-12-09 11:51:17,065 [INFO] PluginManage:310 - Check plugin filemanager
2023-12-09 11:51:17,179 [INFO] PluginManage:359 - Loaded plugin filemanager (category:base,tabindex:10)
2023-12-09 11:51:17,179 [INFO] PluginManage:310 - Check plugin ipmanager
2023-12-09 11:51:17,185 [INFO] PluginManage:359 - Loaded plugin ipmanager (category:base,tabindex:5)
2023-12-09 11:51:17,185 [INFO] PluginManage:310 - Check plugin lpbam
2023-12-09 11:51:17,199 [INFO] PluginManage:359 - Loaded plugin lpbam (category:base,tabindex:0)
2023-12-09 11:51:17,199 [INFO] PluginManage:310 - Check plugin memorymap
2023-12-09 11:51:17,217 [INFO] PluginManage:359 - Loaded plugin memorymap (category:base,tabindex:4)
2023-12-09 11:51:17,217 [INFO] PluginManage:310 - Check plugin pinoutandconfiguration
2023-12-09 11:51:17,230 [INFO] PluginManage:359 - Loaded plugin pinoutandconfiguration (category:base,tabindex:1)
2023-12-09 11:51:17,230 [INFO] PluginManage:310 - Check plugin pinoutconfig
2023-12-09 11:51:17,303 [WARN] SupportedApi:132 - Cannot load RTOS API schema: s4s-elt-must-match.1: The content of 'definitions' must match (annotation?, (simpleType | complexType)?, (unique | key | keyref)*)). A problem was found starting at: attribute.
2023-12-09 11:51:17,413 [INFO] PluginManage:359 - Loaded plugin pinoutconfig (category:base,tabindex:0)
2023-12-09 11:51:17,414 [INFO] PluginManage:310 - Check plugin power
2023-12-09 11:51:17,429 [INFO] PluginManage:359 - Loaded plugin power (category:power,tabindex:4)
2023-12-09 11:51:17,429 [INFO] PluginManage:310 - Check plugin projectmanager
2023-12-09 11:51:17,440 [INFO] PluginManage:359 - Loaded plugin projectmanager (category:projectmanager,tabindex:3)
2023-12-09 11:51:17,440 [INFO] PluginManage:310 - Check plugin thirdparty
2023-12-09 11:51:17,676 [INFO] PluginManage:359 - Loaded plugin thirdparty (category:base,tabindex:-1)
2023-12-09 11:51:17,676 [INFO] PluginManage:310 - Check plugin tools
2023-12-09 11:51:17,676 [WARN] IntegrityCheckThread:84 - waiting for thirdparty lock release [integrity check]
2023-12-09 11:51:17,676 [INFO] IntegrityCheckThread:86 - entering critical section [integrity check]
2023-12-09 11:51:17,677 [INFO] ThirdPartyUpdaterWithRetryManager:70 - Updater plugin not ready yet. [1/15]
2023-12-09 11:51:17,707 [INFO] PluginManage:359 - Loaded plugin tools (category:base,tabindex:7)
2023-12-09 11:51:17,707 [INFO] PluginManage:310 - Check plugin tutovideos
2023-12-09 11:51:17,885 [INFO] PluginManage:359 - Loaded plugin tutovideos (category:base,tabindex:-1)
2023-12-09 11:51:17,885 [INFO] PluginManage:310 - Check plugin updater
2023-12-09 11:51:17,894 [INFO] PluginManage:359 - Loaded plugin updater (category:base,tabindex:12)
2023-12-09 11:51:17,894 [INFO] PluginManage:310 - Check plugin userauth
2023-12-09 11:51:17,899 [INFO] UserAuth:113 - Init User Auth plugin
2023-12-09 11:51:17,900 [INFO] PluginManage:359 - Loaded plugin userauth (category:base,tabindex:14)
2023-12-09 11:51:17,900 [INFO] PluginManage:283 - PluginManage : Loaded plugins [17]
2023-12-09 11:51:18,080 [INFO] PinOutPanel:1499 - setPackage(No Configuration,No Configuration)
2023-12-09 11:51:18,160 [INFO] CADModel:165 - CPN selected for project level
2023-12-09 11:51:18,161 [INFO] CADModel:114 - Register for checkConnection events
2023-12-09 11:51:18,182 [INFO] IPUIPlugin:80 - create IPUIPlugin
2023-12-09 11:51:18,182 [INFO] PluginManager:220 - loadIPPluginJar : add adc
2023-12-09 11:51:18,211 [INFO] IPUIPlugin:80 - create IPUIPlugin
2023-12-09 11:51:18,211 [INFO] PluginManager:220 - loadIPPluginJar : add aes
2023-12-09 11:51:18,242 [INFO] IPUIPlugin:80 - create IPUIPlugin
2023-12-09 11:51:18,242 [INFO] PluginManager:220 - loadIPPluginJar : add can
2023-12-09 11:51:18,257 [INFO] IPUIPlugin:80 - create IPUIPlugin
2023-12-09 11:51:18,257 [INFO] PluginManager:220 - loadIPPluginJar : add comp
2023-12-09 11:51:18,279 [INFO] IPUIPlugin:80 - create IPUIPlugin
2023-12-09 11:51:18,279 [INFO] PluginManager:220 - loadIPPluginJar : add cryp
2023-12-09 11:51:18,298 [INFO] IPUIPlugin:80 - create IPUIPlugin
2023-12-09 11:51:18,298 [INFO] PluginManager:220 - loadIPPluginJar : add dfsdm
2023-12-09 11:51:18,308 [INFO] IPUIPlugin:80 - create IPUIPlugin
2023-12-09 11:51:18,309 [INFO] PluginManager:220 - loadIPPluginJar : add dma
2023-12-09 11:51:18,336 [INFO] IPUIPlugin:80 - create IPUIPlugin
2023-12-09 11:51:18,337 [INFO] PluginManager:220 - loadIPPluginJar : add dma3
2023-12-09 11:51:18,350 [INFO] IPUIPlugin:80 - create IPUIPlugin
2023-12-09 11:51:18,350 [INFO] PluginManager:220 - loadIPPluginJar : add fatfs
2023-12-09 11:51:18,381 [INFO] IPUIPlugin:80 - create IPUIPlugin
2023-12-09 11:51:18,381 [INFO] PluginManager:220 - loadIPPluginJar : add fmc
2023-12-09 11:51:18,393 [INFO] IPUIPlugin:80 - create IPUIPlugin
2023-12-09 11:51:18,393 [INFO] PluginManager:220 - loadIPPluginJar : add freertos
2023-12-09 11:51:18,408 [INFO] IPUIPlugin:80 - create IPUIPlugin
2023-12-09 11:51:18,408 [INFO] PluginManager:220 - loadIPPluginJar : add genericplugin
2023-12-09 11:51:18,465 [INFO] IPUIPlugin:80 - create IPUIPlugin
2023-12-09 11:51:18,466 [INFO] PluginManager:220 - loadIPPluginJar : add gfxmmu
2023-12-09 11:51:18,546 [INFO] IPUIPlugin:80 - create IPUIPlugin
2023-12-09 11:51:18,546 [INFO] PluginManager:220 - loadIPPluginJar : add gic
2023-12-09 11:51:18,556 [INFO] IPUIPlugin:80 - create IPUIPlugin
2023-12-09 11:51:18,556 [INFO] PluginManager:220 - loadIPPluginJar : add gpio
2023-12-09 11:51:18,616 [INFO] IPUIPlugin:80 - create IPUIPlugin
2023-12-09 11:51:18,617 [INFO] PluginManager:220 - loadIPPluginJar : add gtzc
2023-12-09 11:51:18,637 [INFO] IPUIPlugin:80 - create IPUIPlugin
2023-12-09 11:51:18,637 [INFO] PluginManager:220 - loadIPPluginJar : add hash
2023-12-09 11:51:18,671 [INFO] IPUIPlugin:80 - create IPUIPlugin
2023-12-09 11:51:18,671 [INFO] PluginManager:220 - loadIPPluginJar : add i2c
2023-12-09 11:51:18,696 [INFO] IPUIPlugin:80 - create IPUIPlugin
2023-12-09 11:51:18,697 [INFO] PluginManager:220 - loadIPPluginJar : add i2s
2023-12-09 11:51:18,723 [INFO] IPUIPlugin:80 - create IPUIPlugin
2023-12-09 11:51:18,724 [INFO] PluginManager:220 - loadIPPluginJar : add i3c
2023-12-09 11:51:18,793 [INFO] IPUIPlugin:80 - create IPUIPlugin
2023-12-09 11:51:18,793 [INFO] PluginManager:220 - loadIPPluginJar : add ipddr
2023-12-09 11:51:18,853 [INFO] IPUIPlugin:80 - create IPUIPlugin
2023-12-09 11:51:18,854 [INFO] PluginManager:220 - loadIPPluginJar : add linkedlist
2023-12-09 11:51:18,876 [INFO] IPUIPlugin:80 - create IPUIPlugin
2023-12-09 11:51:18,876 [INFO] PluginManager:220 - loadIPPluginJar : add lorawan
2023-12-09 11:51:18,900 [INFO] IPUIPlugin:80 - create IPUIPlugin
2023-12-09 11:51:18,900 [INFO] PluginManager:220 - loadIPPluginJar : add ltdc
2023-12-09 11:51:18,910 [INFO] IPUIPlugin:80 - create IPUIPlugin
2023-12-09 11:51:18,911 [INFO] PluginManager:220 - loadIPPluginJar : add mdma
2023-12-09 11:51:18,919 [INFO] IPUIPlugin:80 - create IPUIPlugin
2023-12-09 11:51:18,919 [INFO] PluginManager:220 - loadIPPluginJar : add nvic
2023-12-09 11:51:18,943 [INFO] IPUIPlugin:80 - create IPUIPlugin
2023-12-09 11:51:18,943 [INFO] PluginManager:220 - loadIPPluginJar : add opamp
2023-12-09 11:51:18,981 [INFO] IPUIPlugin:80 - create IPUIPlugin
2023-12-09 11:51:18,981 [INFO] PluginManager:220 - loadIPPluginJar : add openamp
2023-12-09 11:51:19,009 [INFO] IPUIPlugin:80 - create IPUIPlugin
2023-12-09 11:51:19,009 [INFO] PluginManager:220 - loadIPPluginJar : add pdm2pcm
2023-12-09 11:51:19,019 [INFO] IPUIPlugin:80 - create IPUIPlugin
2023-12-09 11:51:19,020 [INFO] PluginManager:220 - loadIPPluginJar : add plateformsettings
2023-12-09 11:51:19,036 [INFO] IPUIPlugin:80 - create IPUIPlugin
2023-12-09 11:51:19,036 [INFO] PluginManager:220 - loadIPPluginJar : add quadspi
2023-12-09 11:51:19,045 [INFO] IPUIPlugin:80 - create IPUIPlugin
2023-12-09 11:51:19,045 [INFO] PluginManager:220 - loadIPPluginJar : add resmgrutility
2023-12-09 11:51:19,078 [INFO] IPUIPlugin:80 - create IPUIPlugin
2023-12-09 11:51:19,078 [INFO] PluginManager:220 - loadIPPluginJar : add sai
2023-12-09 11:51:19,104 [INFO] IPUIPlugin:80 - create IPUIPlugin
2023-12-09 11:51:19,104 [INFO] PluginManager:220 - loadIPPluginJar : add spi
2023-12-09 11:51:19,145 [INFO] IPUIPlugin:80 - create IPUIPlugin
2023-12-09 11:51:19,145 [INFO] PluginManager:220 - loadIPPluginJar : add stm32_wpan
2023-12-09 11:51:19,160 [INFO] IPUIPlugin:80 - create IPUIPlugin
2023-12-09 11:51:19,160 [INFO] PluginManager:220 - loadIPPluginJar : add tim
2023-12-09 11:51:19,196 [INFO] IPUIPlugin:80 - create IPUIPlugin
2023-12-09 11:51:19,197 [INFO] PluginManager:220 - loadIPPluginJar : add touchsensing
2023-12-09 11:51:19,212 [INFO] IPUIPlugin:80 - create IPUIPlugin
2023-12-09 11:51:19,212 [INFO] PluginManager:220 - loadIPPluginJar : add tracer_emb
2023-12-09 11:51:19,227 [INFO] IPUIPlugin:80 - create IPUIPlugin
2023-12-09 11:51:19,227 [INFO] PluginManager:220 - loadIPPluginJar : add ts
2023-12-09 11:51:19,241 [INFO] IPUIPlugin:80 - create IPUIPlugin
2023-12-09 11:51:19,242 [INFO] PluginManager:220 - loadIPPluginJar : add tsc
2023-12-09 11:51:19,256 [INFO] IPUIPlugin:80 - create IPUIPlugin
2023-12-09 11:51:19,256 [INFO] PluginManager:220 - loadIPPluginJar : add ucpd
2023-12-09 11:51:19,284 [INFO] IPUIPlugin:80 - create IPUIPlugin
2023-12-09 11:51:19,284 [INFO] PluginManager:220 - loadIPPluginJar : add usart
2023-12-09 11:51:19,312 [INFO] IPUIPlugin:80 - create IPUIPlugin
2023-12-09 11:51:19,312 [INFO] PluginManager:220 - loadIPPluginJar : add usbx
2023-12-09 11:51:19,422 [INFO] CADModel:165 - CPN selected for project level
2023-12-09 11:51:19,422 [INFO] CADModel:114 - Register for checkConnection events
2023-12-09 11:51:19,422 [FATAL] Updater:308 - Updater called before beeing initialized
2023-12-09 11:51:19,422 [ERROR] CADModel:125 - Updater not yet initialized, retry later 
2023-12-09 11:51:19,530 [INFO] CADModel:165 - CPN selected for project level
2023-12-09 11:51:19,530 [INFO] CADModel:114 - Register for checkConnection events
2023-12-09 11:51:19,530 [FATAL] Updater:308 - Updater called before beeing initialized
2023-12-09 11:51:19,530 [ERROR] CADModel:125 - Updater not yet initialized, retry later 
2023-12-09 11:51:19,533 [FATAL] Updater:308 - Updater called before beeing initialized
2023-12-09 11:51:19,612 [FATAL] Updater:308 - Updater called before beeing initialized
2023-12-09 11:51:19,621 [INFO] DbMcusAds:53 - JSON generation date=Tue Mar 07 09:50:55 CET 2023 (1678179055335)
2023-12-09 11:51:19,621 [FATAL] Updater:308 - Updater called before beeing initialized
2023-12-09 11:51:19,692 [WARN] DetailPanel:346 - Failed to get advertising image, set to default
2023-12-09 11:51:19,778 [FATAL] Updater:308 - Updater called before beeing initialized
2023-12-09 11:51:19,780 [FATAL] Updater:308 - Updater called before beeing initialized
2023-12-09 11:51:19,781 [FATAL] Updater:308 - Updater called before beeing initialized
2023-12-09 11:51:19,781 [WARN] DetailPanel:346 - Failed to get advertising image, set to default
2023-12-09 11:51:19,781 [FATAL] Updater:308 - Updater called before beeing initialized
2023-12-09 11:51:19,825 [ERROR] Updater:1120 - MainUpdater not yet initialized. External WinMGr cannot be set.
2023-12-09 11:51:19,833 [INFO] Updater:1056 - Updater Version found : 6.9.2
2023-12-09 11:51:19,850 [INFO] ApplicationProperties:184 - Using Application install path: D:\Program Files (x86)\STM32CubeIDE_1.11.2\STM32CubeIDE\plugins\com.st.stm32cube.common.mx_6.9.2.202309101412
2023-12-09 11:51:20,131 [INFO] MainUpdater:2868 - connection check result : 10
2023-12-09 11:51:20,131 [INFO] MainUpdater:3562 - Updater definition file requires update
2023-12-09 11:51:20,132 [INFO] MainUpdater:285 - Updater Check For Update Now.
2023-12-09 11:51:20,132 [INFO] MicroXplorer:498 - Change Database Version : DB.6.0.92
2023-12-09 11:51:20,146 [INFO] McuFinderGlobals:63 - Set McuFinder mode to 2 (CubeIDE integrated)
2023-12-09 11:51:20,146 [INFO] UserAuth:179 - activating auth plugin
2023-12-09 11:51:20,148 [INFO] UserAuth:393 - Internet connection configuration mode: 1
2023-12-09 11:51:20,166 [INFO] JxBrowserEngine:151 - Initiate JxBrowser Engine with user profile folder
2023-12-09 11:51:20,173 [INFO] ServerAccessManage:473 - Download File updaters.zip
2023-12-09 11:51:20,271 [INFO] FileExtend:240 - Unzip File : updaters.zip
2023-12-09 11:51:20,271 [INFO] FileExtend:255 - Standard Zip Deflate
2023-12-09 11:51:20,620 [INFO] ServerAccessManage:473 - Download File PacksControlFlags.xml
2023-12-09 11:51:20,677 [WARN] MainUpdater:1189 - Updater busy. Cannot search thirdparties
2023-12-09 11:51:20,677 [INFO] ThirdPartyUpdaterWithRetryManager:96 - Updater plugin is busy. [1/15]
2023-12-09 11:51:20,688 [INFO] ServerAccessManage:473 - Download File cubemx.pidx
2023-12-09 11:51:21,191 [INFO] ServerAccessManage:473 - Download File STMicroelectronics.X-CUBE-ISPU.pdsc
2023-12-09 11:51:21,658 [INFO] ServerAccessManage:473 - Download File STMicroelectronics.X-CUBE-AZRTOS-H7.pdsc
2023-12-09 11:51:22,258 [INFO] WebApp:157 - Instantiating new browser for Auth
2023-12-09 11:51:22,496 [WARN] PackLoader:240 - Cannot read IP mode file for STMicroelectronics.X-CUBE-ISPU.2.0.0
2023-12-09 11:51:22,527 [WARN] PackLoader:240 - Cannot read IP mode file for STMicroelectronics.X-CUBE-AZRTOS-H7.3.2.0
2023-12-09 11:51:22,531 [INFO] PopulateThirdPartyThread:66 - Ending populate Thread
2023-12-09 11:51:22,533 [INFO] ThirdParty:1030 - CMSIS Pack Vendor :STMicroelectronics X-CUBE-AZRTOS-H7 3.2.0
2023-12-09 11:51:22,533 [INFO] ThirdParty:1030 - CMSIS Pack Vendor :STMicroelectronics X-CUBE-ISPU 2.0.0
2023-12-09 11:51:22,533 [INFO] LoadServerUpdatesThread:373 - End of LoadServerUpdate Thread
2023-12-09 11:51:22,612 [INFO] CheckServerUpdateThread:120 - End of CheckServer Thread
2023-12-09 11:51:22,823 [INFO] WebApp:753 - Register for checkConnection events
2023-12-09 11:51:22,823 [INFO] WebApp:390 - Apply proxy settings
2023-12-09 11:51:22,823 [INFO] WebApp:475 - Chromium requires no authentication
2023-12-09 11:51:22,831 [INFO] WebApp:418 - Direct internet connection detected
2023-12-09 11:51:22,986 [INFO] WebApp:188 - Starting web application
2023-12-09 11:51:22,986 [INFO] WebApp:520 - Web application path used D:\Program Files (x86)\STM32CubeIDE_1.11.2\STM32CubeIDE\plugins\com.st.stm32cube.common.mx_6.9.2.202309101412\db\plugins\mcufinder\reactClient1\index.html
2023-12-09 11:51:23,828 [WARN] PackLoader:240 - Cannot read IP mode file for STMicroelectronics.X-CUBE-SMBUS.2.1.0
2023-12-09 11:51:23,853 [WARN] PackLoader:240 - Cannot read IP mode file for STMicroelectronics.X-CUBE-AZRTOS-F7.1.1.0
2023-12-09 11:51:23,867 [ERROR] RealEvaluatedCondition:428 - Found unsupported composite condition: GROUP='STM32_MetaDataManager' CLASS='Data Exchange'
2023-12-09 11:51:23,867 [ERROR] RealEvaluatedCondition:428 - Found unsupported composite condition: GROUP='STM32_MetaDataManager' CLASS='Data Exchange'
2023-12-09 11:51:23,868 [WARN] PackLoader:240 - Cannot read IP mode file for STMicroelectronics.FP-SNS-MOTENV1.4.3.0
2023-12-09 11:51:23,880 [WARN] PackLoader:240 - Cannot read IP mode file for STMicroelectronics.FP-SNS-MOTENV1.4.3.2
2023-12-09 11:51:23,889 [WARN] PackLoader:240 - Cannot read IP mode file for STMicroelectronics.FP-SNS-FLIGHT1.5.0.0
2023-12-09 11:51:23,899 [ERROR] RealEvaluatedCondition:428 - Found unsupported composite condition: GROUP='STM32_MetaDataManager' CLASS='Data Exchange'
2023-12-09 11:51:23,899 [ERROR] RealEvaluatedCondition:428 - Found unsupported composite condition: GROUP='STM32_MetaDataManager' CLASS='Data Exchange'
2023-12-09 11:51:23,900 [WARN] PackLoader:240 - Cannot read IP mode file for STMicroelectronics.FP-SNS-MOTENV1.4.3.1
2023-12-09 11:51:23,911 [WARN] PackLoader:240 - Cannot read IP mode file for STMicroelectronics.FP-SNS-FLIGHT1.5.0.1
2023-12-09 11:51:23,922 [WARN] PackLoader:240 - Cannot read IP mode file for STMicroelectronics.X-CUBE-BLE1.6.2.4
2023-12-09 11:51:23,926 [WARN] PackLoader:240 - Cannot read IP mode file for STMicroelectronics.FP-SNS-FLIGHT1.5.0.2
2023-12-09 11:51:23,938 [WARN] PackLoader:240 - Cannot read IP mode file for STMicroelectronics.X-CUBE-DISPLAY.3.0.0
2023-12-09 11:51:23,953 [WARN] PackLoader:240 - Cannot read IP mode file for STMicroelectronics.X-CUBE-BLE1.7.0.0
2023-12-09 11:51:23,963 [WARN] PackLoader:240 - Cannot read IP mode file for STMicroelectronics.X-CUBE-TOUCHGFX.4.22.0
2023-12-09 11:51:23,972 [WARN] PackLoader:240 - Cannot read IP mode file for STMicroelectronics.X-CUBE-TOUCHGFX.4.22.1
2023-12-09 11:51:23,982 [WARN] PackLoader:240 - Cannot read IP mode file for STMicroelectronics.FP-SNS-SMARTAG2.1.2.0
2023-12-09 11:51:23,998 [INFO] LogOutputStream:77 - [STDOUT_REDIRECT] 1 : Invalid condition id : UX_CORESTACK_Condition cause : null
2023-12-09 11:51:23,998 [INFO] LogOutputStream:77 - [STDOUT_REDIRECT] 1 : Invalid condition id : UX_CORESTACK_Condition cause : null
2023-12-09 11:51:23,999 [INFO] LogOutputStream:77 - [STDOUT_REDIRECT] 1 : Invalid condition id : UX_CORESTACK_Condition cause : null
2023-12-09 11:51:24,000 [INFO] LogOutputStream:77 - [STDOUT_REDIRECT] 1 : Invalid condition id : UX_CORESTACK_Condition cause : null
2023-12-09 11:51:24,002 [INFO] LogOutputStream:77 - [STDOUT_REDIRECT] 1 : Invalid condition id : UX_CORESTACK_Condition cause : null
2023-12-09 11:51:24,005 [WARN] PackLoader:240 - Cannot read IP mode file for STMicroelectronics.X-CUBE-AZRTOS-WL.2.0.0
2023-12-09 11:51:24,019 [WARN] PackLoader:240 - Cannot read IP mode file for WES.I-CUBE-Cesium.1.3.0
2023-12-09 11:51:24,029 [WARN] PackLoader:240 - Cannot read IP mode file for STMicroelectronics.X-CUBE-BLE2.3.3.0
2023-12-09 11:51:24,045 [WARN] PackLoader:240 - Cannot read IP mode file for STMicroelectronics.X-CUBE-TOF1.3.2.0
2023-12-09 11:51:24,059 [WARN] PackLoader:240 - Cannot read IP mode file for STMicroelectronics.X-CUBE-TOUCHGFX.4.21.1
2023-12-09 11:51:24,068 [WARN] PackLoader:240 - Cannot read IP mode file for STMicroelectronics.X-CUBE-TOUCHGFX.4.21.3
2023-12-09 11:51:24,078 [WARN] PackLoader:240 - Cannot read IP mode file for STMicroelectronics.X-CUBE-TOUCHGFX.4.21.4
2023-12-09 11:51:24,119 [WARN] PackLoader:240 - Cannot read IP mode file for STMicroelectronics.X-CUBE-MEMS1.9.4.0
2023-12-09 11:51:24,223 [WARN] PackLoader:240 - Cannot read IP mode file for STMicroelectronics.X-CUBE-AI.7.3.0
2023-12-09 11:51:24,235 [WARN] PackLoader:240 - Cannot read IP mode file for STMicroelectronics.X-CUBE-ALGOBUILD.1.3.0
2023-12-09 11:51:24,255 [WARN] PackLoader:240 - Cannot read IP mode file for STMicroelectronics.X-CUBE-AZRTOS-G0.1.1.0
2023-12-09 11:51:24,267 [WARN] PackLoader:240 - Cannot read IP mode file for STMicroelectronics.X-CUBE-NFC4.3.0.0
2023-12-09 11:51:24,279 [WARN] PackLoader:240 - Cannot read IP mode file for STMicroelectronics.X-CUBE-BLEMGR.3.0.0
2023-12-09 11:51:24,292 [WARN] PackLoader:240 - Cannot read IP mode file for STMicroelectronics.X-CUBE-BLEMGR.1.3.0
2023-12-09 11:51:24,297 [WARN] PackLoader:240 - Cannot read IP mode file for STMicroelectronics.FP-ATR-SIGFOX1.3.2.0
2023-12-09 11:51:24,337 [WARN] PackLoader:240 - Cannot read IP mode file for STMicroelectronics.X-CUBE-MEMS1.9.5.0
2023-12-09 11:51:24,421 [WARN] PackLoader:240 - Cannot read IP mode file for SEGGER.I-CUBE-embOS.1.3.1
2023-12-09 11:51:24,452 [WARN] PackLoader:240 - Cannot read IP mode file for STMicroelectronics.X-CUBE-GNSS1.6.0.0
2023-12-09 11:51:24,472 [WARN] PackLoader:240 - Cannot read IP mode file for STMicroelectronics.X-CUBE-AZRTOS-F4.1.1.0
2023-12-09 11:51:24,494 [WARN] PackLoader:240 - Cannot read IP mode file for STMicroelectronics.X-CUBE-AZRTOS-L5.2.0.0
2023-12-09 11:51:24,529 [WARN] PackLoader:240 - Cannot read IP mode file for STMicroelectronics.X-CUBE-MEMS1.9.6.0
2023-12-09 11:51:24,611 [WARN] PackLoader:240 - Cannot read IP mode file for STMicroelectronics.X-CUBE-EEPRMA1.4.2.0
2023-12-09 11:51:24,623 [WARN] PackLoader:240 - Cannot read IP mode file for ITTIA_DB.I-CUBE-ITTIADB.8.8.0
2023-12-09 11:51:24,634 [WARN] PackLoader:240 - Cannot read IP mode file for emotas.I-CUBE-CANOPEN.1.1.3
2023-12-09 11:51:24,645 [WARN] PackLoader:240 - Cannot read IP mode file for STMicroelectronics.X-CUBE-BLEMGR.2.0.0
2023-12-09 11:51:24,666 [WARN] ConditionMgr:438 - getConditionDescription Invalid condition id : UX DEVICE CLASS RTOS Condition cause : null
2023-12-09 11:51:24,666 [WARN] ConditionMgr:438 - getConditionDescription Invalid condition id : UX DEVICE CLASS RTOS Condition cause : null
2023-12-09 11:51:24,668 [WARN] PackLoader:240 - Cannot read IP mode file for STMicroelectronics.X-CUBE-AZRTOS-H7.3.1.0
2023-12-09 11:51:24,668 [WARN] ConditionMgr:1039 - genDependencies : Invalid condition id : UX DEVICE CLASS RTOS Condition cause : null
2023-12-09 11:51:24,668 [WARN] ConditionMgr:1039 - genDependencies : Invalid condition id : UX DEVICE CLASS RTOS Condition cause : null
2023-12-09 11:51:24,669 [WARN] ConditionMgr:1039 - genDependencies : Invalid condition id : UX DEVICE CLASS RTOS Condition cause : null
2023-12-09 11:51:24,669 [WARN] ConditionMgr:1039 - genDependencies : Invalid condition id : UX DEVICE CLASS RTOS Condition cause : null
2023-12-09 11:51:24,669 [WARN] ConditionMgr:1039 - genDependencies : Invalid condition id : UX DEVICE CLASS RTOS Condition cause : null
2023-12-09 11:51:24,679 [WARN] PackLoader:240 - Cannot read IP mode file for wolfSSL.I-CUBE-wolfSSL.5.5.4
2023-12-09 11:51:24,689 [WARN] PackLoader:240 - Cannot read IP mode file for STMicroelectronics.X-CUBE-NFC7.1.0.1
2023-12-09 11:51:24,698 [WARN] PackLoader:240 - Cannot read IP mode file for STMicroelectronics.X-CUBE-NFC7.1.0.0
2023-12-09 11:51:24,711 [WARN] PackLoader:240 - Cannot read IP mode file for STMicroelectronics.X-CUBE-NFC6.3.0.0
2023-12-09 11:51:24,721 [WARN] PackLoader:240 - Cannot read IP mode file for STMicroelectronics.X-CUBE-EEPRMA1.4.1.0
2023-12-09 11:51:24,731 [WARN] PackLoader:240 - Cannot read IP mode file for STMicroelectronics.X-CUBE-AI.8.1.0
2023-12-09 11:51:24,752 [WARN] ConditionMgr:438 - getConditionDescription Invalid condition id : LAN8742 Phy interface Condition cause : null
2023-12-09 11:51:24,752 [WARN] PackLoader:240 - Cannot read IP mode file for STMicroelectronics.X-CUBE-AZRTOS-L4.2.0.0
2023-12-09 11:51:24,753 [WARN] ConditionMgr:1039 - genDependencies : Invalid condition id : LAN8742 Phy interface Condition cause : null
2023-12-09 11:51:24,753 [WARN] ConditionMgr:1039 - genDependencies : Invalid condition id : LAN8742 Phy interface Condition cause : null
2023-12-09 11:51:24,753 [WARN] ConditionMgr:1039 - genDependencies : Invalid condition id : LAN8742 Phy interface Condition cause : null
2023-12-09 11:51:24,763 [WARN] PackLoader:240 - Cannot read IP mode file for STMicroelectronics.X-CUBE-SFXS2LP1.4.0.0
2023-12-09 11:51:24,787 [WARN] PackLoader:240 - Cannot read IP mode file for STMicroelectronics.X-CUBE-AZRTOS-H7.3.0.0
2023-12-09 11:51:24,797 [WARN] PackLoader:240 - Cannot read IP mode file for STMicroelectronics.X-CUBE-ISPU.1.1.0
2023-12-09 11:51:24,809 [WARN] PackLoader:240 - Cannot read IP mode file for RoweBots.I-CUBE-UNISONRTOS.5.5.0-4
2023-12-09 11:51:24,819 [WARN] PackLoader:240 - Cannot read IP mode file for STMicroelectronics.X-CUBE-AI.8.0.0
2023-12-09 11:51:24,837 [WARN] ConditionMgr:438 - getConditionDescription Invalid condition id : UX DEVICE CLASS RTOS Condition cause : null
2023-12-09 11:51:24,837 [WARN] ConditionMgr:438 - getConditionDescription Invalid condition id : UX DEVICE CLASS RTOS Condition cause : null
2023-12-09 11:51:24,838 [WARN] PackLoader:240 - Cannot read IP mode file for STMicroelectronics.X-CUBE-AZRTOS-WB.2.0.0
2023-12-09 11:51:24,838 [WARN] ConditionMgr:1039 - genDependencies : Invalid condition id : UX DEVICE CLASS RTOS Condition cause : null
2023-12-09 11:51:24,838 [WARN] ConditionMgr:1039 - genDependencies : Invalid condition id : UX DEVICE CLASS RTOS Condition cause : null
2023-12-09 11:51:24,838 [WARN] ConditionMgr:1039 - genDependencies : Invalid condition id : UX DEVICE CLASS RTOS Condition cause : null
2023-12-09 11:51:24,839 [WARN] ConditionMgr:1039 - genDependencies : Invalid condition id : UX DEVICE CLASS RTOS Condition cause : null
2023-12-09 11:51:24,839 [WARN] ConditionMgr:1039 - genDependencies : Invalid condition id : UX DEVICE CLASS RTOS Condition cause : null
2023-12-09 11:51:24,847 [WARN] PackLoader:240 - Cannot read IP mode file for STMicroelectronics.X-CUBE-FREERTOS.1.0.0
2023-12-09 11:51:24,857 [WARN] PackLoader:240 - Cannot read IP mode file for STMicroelectronics.X-CUBE-FREERTOS.1.0.1
2023-12-09 11:51:24,877 [WARN] PackLoader:240 - Cannot read IP mode file for STMicroelectronics.X-CUBE-AZRTOS-L5.1.1.0
2023-12-09 11:51:24,888 [WARN] PackLoader:240 - Cannot read IP mode file for STMicroelectronics.X-CUBE-AI.8.0.1
2023-12-09 11:51:24,902 [WARN] PackLoader:240 - Cannot read IP mode file for STMicroelectronics.X-CUBE-SUBG2.5.0.0
2023-12-09 11:51:24,917 [WARN] PackLoader:240 - Cannot read IP mode file for STMicroelectronics.X-CUBE-TOF1.3.3.1
2023-12-09 11:51:24,940 [WARN] PackLoader:240 - Cannot read IP mode file for STMicroelectronics.X-CUBE-AZRTOS-G4.2.0.0
2023-12-09 11:51:24,956 [WARN] PackLoader:240 - Cannot read IP mode file for STMicroelectronics.X-CUBE-TOF1.3.3.0
2023-12-09 11:51:24,969 [WARN] PackLoader:240 - Cannot read IP mode file for STMicroelectronics.FP-ATR-ASTRA1.1.1.1
2023-12-09 11:51:24,985 [WARN] PackLoader:240 - Cannot read IP mode file for Infineon.AIROC-Wi-Fi-Bluetooth-STM32.1.5.1
2023-12-09 11:51:24,996 [WARN] PackLoader:240 - Cannot read IP mode file for STMicroelectronics.FP-SNS-MOTENVWB1.1.3.0
2023-12-09 11:51:25,001 [WARN] PackLoader:240 - Cannot read IP mode file for STMicroelectronics.FP-SNS-MOTENVWB1.1.3.1
2023-12-09 11:51:25,015 [WARN] PackLoader:240 - Cannot read IP mode file for STMicroelectronics.X-CUBE-AZRTOS-G4.1.0.0
2023-12-09 11:51:25,034 [WARN] PackLoader:240 - Cannot read IP mode file for STMicroelectronics.X-CUBE-AZRTOS-L4.1.0.0
2023-12-09 11:51:25,038 [WARN] PackLoader:240 - Cannot read IP mode file for STMicroelectronics.X-CUBE-ISPU.2.0.0
2023-12-09 11:51:25,071 [WARN] PackLoader:240 - Cannot read IP mode file for STMicroelectronics.X-CUBE-MEMS1.10.0.0
2023-12-09 11:51:25,141 [WARN] PackLoader:240 - Cannot read IP mode file for STMicroelectronics.X-CUBE-FREERTOS.1.1.0
2023-12-09 11:51:25,154 [WARN] PackLoader:240 - Cannot read IP mode file for STMicroelectronics.X-CUBE-AZRTOS-WL.1.0.0
2023-12-09 11:51:25,166 [WARN] PackLoader:240 - Cannot read IP mode file for portGmbH.I-Cube-SoM-uGOAL.1.1.0
2023-12-09 11:51:25,176 [WARN] PackLoader:240 - Cannot read IP mode file for STMicroelectronics.X-CUBE-ALS.1.0.1
2023-12-09 11:51:25,192 [WARN] PackLoader:240 - Cannot read IP mode file for STMicroelectronics.X-CUBE-AZRTOS-WB.1.1.0
2023-12-09 11:51:25,197 [WARN] PackLoader:240 - Cannot read IP mode file for STMicroelectronics.FP-ATR-ASTRA1.2.0.0
2023-12-09 11:51:25,209 [WARN] PackLoader:240 - Cannot read IP mode file for STMicroelectronics.X-CUBE-TOF1.3.4.0
2023-12-09 11:51:25,223 [WARN] PackLoader:240 - Cannot read IP mode file for STMicroelectronics.X-CUBE-AZRTOS-H7.3.2.0
2023-12-09 11:51:25,225 [INFO] ThirdParty:978 - Integrity check success = true
2023-12-09 11:51:25,225 [INFO] IntegrityCheckThread:100 - exiting critical section [integrity check]
2023-12-09 11:51:25,225 [INFO] IntegrityCheckThread:103 - End integrity checks thread
2023-12-09 11:51:43,616 [ERROR] LogOutputStream:75 - [STDERR_REDIRECT] SLF4J: Failed to load class "org.slf4j.impl.StaticLoggerBinder".
2023-12-09 11:51:43,618 [ERROR] LogOutputStream:75 - [STDERR_REDIRECT] SLF4J: Defaulting to no-operation (NOP) logger implementation
2023-12-09 11:51:43,619 [ERROR] LogOutputStream:75 - [STDERR_REDIRECT] SLF4J: See http://www.slf4j.org/codes.html#StaticLoggerBinder for further details.
