2024-03-14 08:18:03,585 [INFO] Activator:176 - 


2024-03-14 08:18:03,591 [INFO] Activator:177 - !SESSION log4j initialized
2024-03-14 08:18:12,613 [INFO] LogOutputStream:77 - [STDOUT_REDIRECT] 
2024-03-14 08:18:13,938 [INFO] ApplicationProperties:184 - Using Application install path: D:\Program Files (x86)\STM32CubeIDE_1.11.2\STM32CubeIDE\plugins\com.st.stm32cube.common.mx_6.10.0.202311202037
2024-03-14 08:18:13,962 [INFO] DbMcusXml:78 - Set database path to: D:\Program Files (x86)\STM32CubeIDE_1.11.2\STM32CubeIDE\plugins\com.st.stm32cube.common.mx_6.10.0.202311202037\\db\/mcu/
2024-03-14 08:18:13,962 [INFO] ApiDb:274 - Set plugin database path to: D:\Program Files (x86)\STM32CubeIDE_1.11.2\STM32CubeIDE\plugins\com.st.stm32cube.common.mx_6.10.0.202311202037\\db\/plugins/boardmanager/
2024-03-14 08:18:13,963 [WARN] ApiDb:259 - Overriding images path with different value:  => D:\Program Files (x86)\STM32CubeIDE_1.11.2\STM32CubeIDE\plugins\com.st.stm32cube.common.mx_6.10.0.202311202037\\db\/plugins/mcufinder/images/
2024-03-14 08:18:13,974 [INFO] ApiDb:250 - Set database path to: C:\Users\miqix\.stmcufinder\plugins\mcufinder//mcu/
2024-03-14 08:18:13,975 [INFO] DbMcusAds:125 - Set database path to: C:\Users\miqix\.stmcufinder\plugins\mcufinder//mcu/
2024-03-14 08:18:13,978 [INFO] CrossReferenceDbSqlite:203 - Set database path to: C:\Users\miqix\.stmcufinder\plugins\mcufinder//mcu/cs/
2024-03-14 08:18:14,141 [INFO] RulesReader:64 - Compatibility file has been processed (297 Rules)
2024-03-14 08:18:14,262 [INFO] DbMcusXml:78 - Set database path to: D:\Program Files (x86)\STM32CubeIDE_1.11.2\STM32CubeIDE\plugins\com.st.stm32cube.common.mx_6.10.0.202311202037\\db\/mcu/
2024-03-14 08:18:14,263 [INFO] ApiDb:274 - Set plugin database path to: D:\Program Files (x86)\STM32CubeIDE_1.11.2\STM32CubeIDE\plugins\com.st.stm32cube.common.mx_6.10.0.202311202037\\db\/plugins/boardmanager/
2024-03-14 08:18:14,263 [INFO] ApiDb:261 - Set plugin images path to: D:\Program Files (x86)\STM32CubeIDE_1.11.2\STM32CubeIDE\plugins\com.st.stm32cube.common.mx_6.10.0.202311202037\\db\/plugins/mcufinder/images/
2024-03-14 08:18:14,263 [WARN] DbFile:41 - Overriding database path with different value: C:\Users\miqix\.stmcufinder\plugins\mcufinder/ => C:\Users\miqix\.stmcufinder\plugins\mcufinder
2024-03-14 08:18:14,263 [INFO] ApiDb:250 - Set database path to: C:\Users\miqix\.stmcufinder\plugins\mcufinder//mcu/
2024-03-14 08:18:14,263 [WARN] DbFile:41 - Overriding database path with different value: C:\Users\miqix\.stmcufinder\plugins\mcufinder/ => C:\Users\miqix\.stmcufinder\plugins\mcufinder
2024-03-14 08:18:14,263 [INFO] DbMcusAds:125 - Set database path to: C:\Users\miqix\.stmcufinder\plugins\mcufinder//mcu/
2024-03-14 08:18:14,263 [WARN] DbFile:41 - Overriding database path with different value: C:\Users\miqix\.stmcufinder\plugins\mcufinder/ => C:\Users\miqix\.stmcufinder\plugins\mcufinder
2024-03-14 08:18:14,264 [WARN] DbFile:41 - Overriding database path with different value: C:\Users\miqix\.stmcufinder\plugins\mcufinder/ => C:\Users\miqix\.stmcufinder\plugins\mcufinder
2024-03-14 08:18:14,264 [INFO] CrossReferenceDbSqlite:203 - Set database path to: C:\Users\miqix\.stmcufinder\plugins\mcufinder//mcu/cs/
2024-03-14 08:18:14,371 [INFO] MainPanel:264 - HeapMemory: 268435456
2024-03-14 08:18:14,500 [INFO] DbMcusXml:78 - Set database path to: D:\Program Files (x86)\STM32CubeIDE_1.11.2\STM32CubeIDE\plugins\com.st.stm32cube.common.mx_6.10.0.202311202037\\db\/mcu/
2024-03-14 08:18:14,500 [INFO] ApiDb:274 - Set plugin database path to: D:\Program Files (x86)\STM32CubeIDE_1.11.2\STM32CubeIDE\plugins\com.st.stm32cube.common.mx_6.10.0.202311202037\\db\/plugins/boardmanager/
2024-03-14 08:18:14,501 [INFO] ApiDb:261 - Set plugin images path to: D:\Program Files (x86)\STM32CubeIDE_1.11.2\STM32CubeIDE\plugins\com.st.stm32cube.common.mx_6.10.0.202311202037\\db\/plugins/mcufinder/images/
2024-03-14 08:18:14,501 [WARN] DbFile:41 - Overriding database path with different value: C:\Users\miqix\.stmcufinder\plugins\mcufinder/ => C:\Users\miqix\.stmcufinder\plugins\mcufinder
2024-03-14 08:18:14,501 [INFO] ApiDb:250 - Set database path to: C:\Users\miqix\.stmcufinder\plugins\mcufinder//mcu/
2024-03-14 08:18:14,501 [WARN] DbFile:41 - Overriding database path with different value: C:\Users\miqix\.stmcufinder\plugins\mcufinder/ => C:\Users\miqix\.stmcufinder\plugins\mcufinder
2024-03-14 08:18:14,501 [INFO] DbMcusAds:125 - Set database path to: C:\Users\miqix\.stmcufinder\plugins\mcufinder//mcu/
2024-03-14 08:18:14,502 [WARN] DbFile:41 - Overriding database path with different value: C:\Users\miqix\.stmcufinder\plugins\mcufinder/ => C:\Users\miqix\.stmcufinder\plugins\mcufinder
2024-03-14 08:18:14,502 [WARN] DbFile:41 - Overriding database path with different value: C:\Users\miqix\.stmcufinder\plugins\mcufinder/ => C:\Users\miqix\.stmcufinder\plugins\mcufinder
2024-03-14 08:18:14,502 [INFO] CrossReferenceDbSqlite:203 - Set database path to: C:\Users\miqix\.stmcufinder\plugins\mcufinder//mcu/cs/
2024-03-14 08:18:14,532 [INFO] ApplicationProperties:184 - Using Application install path: D:\Program Files (x86)\STM32CubeIDE_1.11.2\STM32CubeIDE\plugins\com.st.stm32cube.common.mx_6.10.0.202311202037
2024-03-14 08:18:14,534 [INFO] PluginManage:196 - Search for loadable plugins [exclusion list=, ]
2024-03-14 08:18:14,536 [INFO] PluginManage:310 - Check plugin analytics
2024-03-14 08:18:14,775 [INFO] AnalyticsPlugin:253 - Accepted Software Licenses: 
2024-03-14 08:18:14,775 [INFO] AnalyticsPlugin:255 - Accepted CMSIS Pack Licenses: 
2024-03-14 08:18:14,775 [INFO] AnalyticsPlugin:257 - Accepted Firmware Licenses: 
2024-03-14 08:18:14,778 [INFO] PluginManage:359 - Loaded plugin analytics (category:tool,tabindex:-1)
2024-03-14 08:18:14,778 [INFO] PluginManage:310 - Check plugin cadmodel
2024-03-14 08:18:14,799 [INFO] CADModel:105 - Init CAD model plugin
2024-03-14 08:18:14,799 [INFO] PluginManage:359 - Loaded plugin cadmodel (category:power,tabindex:5)
2024-03-14 08:18:14,800 [INFO] PluginManage:310 - Check plugin clock
2024-03-14 08:18:14,825 [INFO] PluginManage:359 - Loaded plugin clock (category:base,tabindex:2)
2024-03-14 08:18:14,825 [INFO] PluginManage:310 - Check plugin ddr
2024-03-14 08:18:14,828 [INFO] PluginManage:359 - Loaded plugin ddr (category:tool,tabindex:6)
2024-03-14 08:18:14,828 [INFO] PluginManage:310 - Check plugin filemanager
2024-03-14 08:18:15,008 [INFO] PluginManage:359 - Loaded plugin filemanager (category:base,tabindex:10)
2024-03-14 08:18:15,008 [INFO] PluginManage:310 - Check plugin ipmanager
2024-03-14 08:18:15,018 [INFO] PluginManage:359 - Loaded plugin ipmanager (category:base,tabindex:5)
2024-03-14 08:18:15,018 [INFO] PluginManage:310 - Check plugin lpbam
2024-03-14 08:18:15,041 [INFO] PluginManage:359 - Loaded plugin lpbam (category:base,tabindex:0)
2024-03-14 08:18:15,041 [INFO] PluginManage:310 - Check plugin memorymap
2024-03-14 08:18:15,071 [INFO] PluginManage:359 - Loaded plugin memorymap (category:base,tabindex:4)
2024-03-14 08:18:15,071 [INFO] PluginManage:310 - Check plugin pinoutandconfiguration
2024-03-14 08:18:15,093 [INFO] PluginManage:359 - Loaded plugin pinoutandconfiguration (category:base,tabindex:1)
2024-03-14 08:18:15,093 [INFO] PluginManage:310 - Check plugin pinoutconfig
2024-03-14 08:18:15,212 [WARN] SupportedApi:132 - Cannot load RTOS API schema: s4s-elt-must-match.1: The content of 'definitions' must match (annotation?, (simpleType | complexType)?, (unique | key | keyref)*)). A problem was found starting at: attribute.
2024-03-14 08:18:15,386 [INFO] PluginManage:359 - Loaded plugin pinoutconfig (category:base,tabindex:0)
2024-03-14 08:18:15,386 [INFO] PluginManage:310 - Check plugin power
2024-03-14 08:18:15,410 [INFO] PluginManage:359 - Loaded plugin power (category:power,tabindex:4)
2024-03-14 08:18:15,410 [INFO] PluginManage:310 - Check plugin projectmanager
2024-03-14 08:18:15,431 [INFO] PluginManage:359 - Loaded plugin projectmanager (category:projectmanager,tabindex:3)
2024-03-14 08:18:15,431 [INFO] PluginManage:310 - Check plugin thirdparty
2024-03-14 08:18:15,760 [INFO] PluginManage:359 - Loaded plugin thirdparty (category:base,tabindex:-1)
2024-03-14 08:18:15,761 [INFO] PluginManage:310 - Check plugin tools
2024-03-14 08:18:15,760 [WARN] IntegrityCheckThread:84 - waiting for thirdparty lock release [integrity check]
2024-03-14 08:18:15,761 [INFO] IntegrityCheckThread:86 - entering critical section [integrity check]
2024-03-14 08:18:15,761 [INFO] ThirdPartyUpdaterWithRetryManager:70 - Updater plugin not ready yet. [1/15]
2024-03-14 08:18:15,800 [INFO] PluginManage:359 - Loaded plugin tools (category:base,tabindex:7)
2024-03-14 08:18:15,801 [INFO] PluginManage:310 - Check plugin tutovideos
2024-03-14 08:18:16,051 [INFO] PluginManage:359 - Loaded plugin tutovideos (category:base,tabindex:-1)
2024-03-14 08:18:16,051 [INFO] PluginManage:310 - Check plugin updater
2024-03-14 08:18:16,064 [INFO] PluginManage:359 - Loaded plugin updater (category:base,tabindex:12)
2024-03-14 08:18:16,064 [INFO] PluginManage:310 - Check plugin userauth
2024-03-14 08:18:16,072 [INFO] UserAuth:114 - Init User Auth plugin
2024-03-14 08:18:16,072 [INFO] PluginManage:359 - Loaded plugin userauth (category:base,tabindex:14)
2024-03-14 08:18:16,073 [INFO] PluginManage:283 - PluginManage : Loaded plugins [17]
2024-03-14 08:18:16,345 [INFO] PinOutPanel:1499 - setPackage(No Configuration,No Configuration)
2024-03-14 08:18:16,441 [INFO] CADModel:165 - CPN selected for project level
2024-03-14 08:18:16,442 [INFO] CADModel:114 - Register for checkConnection events
2024-03-14 08:18:16,474 [INFO] IPUIPlugin:80 - create IPUIPlugin
2024-03-14 08:18:16,474 [INFO] PluginManager:220 - loadIPPluginJar : add adc
2024-03-14 08:18:16,517 [INFO] IPUIPlugin:80 - create IPUIPlugin
2024-03-14 08:18:16,517 [INFO] PluginManager:220 - loadIPPluginJar : add aes
2024-03-14 08:18:16,565 [INFO] IPUIPlugin:80 - create IPUIPlugin
2024-03-14 08:18:16,565 [INFO] PluginManager:220 - loadIPPluginJar : add can
2024-03-14 08:18:16,597 [INFO] IPUIPlugin:80 - create IPUIPlugin
2024-03-14 08:18:16,597 [INFO] PluginManager:220 - loadIPPluginJar : add comp
2024-03-14 08:18:16,637 [INFO] IPUIPlugin:80 - create IPUIPlugin
2024-03-14 08:18:16,637 [INFO] PluginManager:220 - loadIPPluginJar : add cryp
2024-03-14 08:18:16,671 [INFO] IPUIPlugin:80 - create IPUIPlugin
2024-03-14 08:18:16,671 [INFO] PluginManager:220 - loadIPPluginJar : add dfsdm
2024-03-14 08:18:16,689 [INFO] IPUIPlugin:80 - create IPUIPlugin
2024-03-14 08:18:16,689 [INFO] PluginManager:220 - loadIPPluginJar : add dma
2024-03-14 08:18:16,738 [INFO] IPUIPlugin:80 - create IPUIPlugin
2024-03-14 08:18:16,738 [INFO] PluginManager:220 - loadIPPluginJar : add dma3
2024-03-14 08:18:16,763 [INFO] IPUIPlugin:80 - create IPUIPlugin
2024-03-14 08:18:16,763 [INFO] PluginManager:220 - loadIPPluginJar : add fatfs
2024-03-14 08:18:16,820 [INFO] IPUIPlugin:80 - create IPUIPlugin
2024-03-14 08:18:16,820 [INFO] PluginManager:220 - loadIPPluginJar : add fmc
2024-03-14 08:18:16,840 [INFO] IPUIPlugin:80 - create IPUIPlugin
2024-03-14 08:18:16,841 [INFO] PluginManager:220 - loadIPPluginJar : add freertos
2024-03-14 08:18:16,866 [INFO] IPUIPlugin:80 - create IPUIPlugin
2024-03-14 08:18:16,867 [INFO] PluginManager:220 - loadIPPluginJar : add genericplugin
2024-03-14 08:18:16,969 [INFO] IPUIPlugin:80 - create IPUIPlugin
2024-03-14 08:18:16,969 [INFO] PluginManager:220 - loadIPPluginJar : add gfxmmu
2024-03-14 08:18:17,112 [INFO] IPUIPlugin:80 - create IPUIPlugin
2024-03-14 08:18:17,112 [INFO] PluginManager:220 - loadIPPluginJar : add gic
2024-03-14 08:18:17,128 [INFO] IPUIPlugin:80 - create IPUIPlugin
2024-03-14 08:18:17,128 [INFO] PluginManager:220 - loadIPPluginJar : add gpio
2024-03-14 08:18:17,238 [INFO] IPUIPlugin:80 - create IPUIPlugin
2024-03-14 08:18:17,238 [INFO] PluginManager:220 - loadIPPluginJar : add gtzc
2024-03-14 08:18:17,278 [INFO] IPUIPlugin:80 - create IPUIPlugin
2024-03-14 08:18:17,279 [INFO] PluginManager:220 - loadIPPluginJar : add hash
2024-03-14 08:18:17,337 [INFO] IPUIPlugin:80 - create IPUIPlugin
2024-03-14 08:18:17,337 [INFO] PluginManager:220 - loadIPPluginJar : add i2c
2024-03-14 08:18:17,382 [INFO] IPUIPlugin:80 - create IPUIPlugin
2024-03-14 08:18:17,382 [INFO] PluginManager:220 - loadIPPluginJar : add i2s
2024-03-14 08:18:17,428 [INFO] IPUIPlugin:80 - create IPUIPlugin
2024-03-14 08:18:17,428 [INFO] PluginManager:220 - loadIPPluginJar : add i3c
2024-03-14 08:18:17,555 [INFO] IPUIPlugin:80 - create IPUIPlugin
2024-03-14 08:18:17,556 [INFO] PluginManager:220 - loadIPPluginJar : add ipddr
2024-03-14 08:18:17,660 [INFO] IPUIPlugin:80 - create IPUIPlugin
2024-03-14 08:18:17,660 [INFO] PluginManager:220 - loadIPPluginJar : add linkedlist
2024-03-14 08:18:17,701 [INFO] IPUIPlugin:80 - create IPUIPlugin
2024-03-14 08:18:17,701 [INFO] PluginManager:220 - loadIPPluginJar : add lorawan
2024-03-14 08:18:17,743 [INFO] IPUIPlugin:80 - create IPUIPlugin
2024-03-14 08:18:17,744 [INFO] PluginManager:220 - loadIPPluginJar : add ltdc
2024-03-14 08:18:17,762 [INFO] IPUIPlugin:80 - create IPUIPlugin
2024-03-14 08:18:17,762 [INFO] PluginManager:220 - loadIPPluginJar : add mdma
2024-03-14 08:18:17,777 [INFO] IPUIPlugin:80 - create IPUIPlugin
2024-03-14 08:18:17,777 [INFO] PluginManager:220 - loadIPPluginJar : add nvic
2024-03-14 08:18:17,820 [INFO] IPUIPlugin:80 - create IPUIPlugin
2024-03-14 08:18:17,820 [INFO] PluginManager:220 - loadIPPluginJar : add opamp
2024-03-14 08:18:17,887 [INFO] IPUIPlugin:80 - create IPUIPlugin
2024-03-14 08:18:17,887 [INFO] PluginManager:220 - loadIPPluginJar : add openamp
2024-03-14 08:18:17,943 [INFO] IPUIPlugin:80 - create IPUIPlugin
2024-03-14 08:18:17,943 [INFO] PluginManager:220 - loadIPPluginJar : add pdm2pcm
2024-03-14 08:18:17,961 [INFO] IPUIPlugin:80 - create IPUIPlugin
2024-03-14 08:18:17,965 [INFO] PluginManager:220 - loadIPPluginJar : add plateformsettings
2024-03-14 08:18:17,992 [INFO] IPUIPlugin:80 - create IPUIPlugin
2024-03-14 08:18:17,992 [INFO] PluginManager:220 - loadIPPluginJar : add quadspi
2024-03-14 08:18:18,007 [INFO] IPUIPlugin:80 - create IPUIPlugin
2024-03-14 08:18:18,007 [INFO] PluginManager:220 - loadIPPluginJar : add resmgrutility
2024-03-14 08:18:18,067 [INFO] IPUIPlugin:80 - create IPUIPlugin
2024-03-14 08:18:18,067 [INFO] PluginManager:220 - loadIPPluginJar : add sai
2024-03-14 08:18:18,124 [INFO] IPUIPlugin:80 - create IPUIPlugin
2024-03-14 08:18:18,125 [INFO] PluginManager:220 - loadIPPluginJar : add spi
2024-03-14 08:18:18,211 [INFO] IPUIPlugin:80 - create IPUIPlugin
2024-03-14 08:18:18,211 [INFO] PluginManager:220 - loadIPPluginJar : add stm32_wpan
2024-03-14 08:18:18,238 [INFO] IPUIPlugin:80 - create IPUIPlugin
2024-03-14 08:18:18,238 [INFO] PluginManager:220 - loadIPPluginJar : add tim
2024-03-14 08:18:18,301 [INFO] IPUIPlugin:80 - create IPUIPlugin
2024-03-14 08:18:18,301 [INFO] PluginManager:220 - loadIPPluginJar : add touchsensing
2024-03-14 08:18:18,329 [INFO] IPUIPlugin:80 - create IPUIPlugin
2024-03-14 08:18:18,329 [INFO] PluginManager:220 - loadIPPluginJar : add tracer_emb
2024-03-14 08:18:18,355 [INFO] IPUIPlugin:80 - create IPUIPlugin
2024-03-14 08:18:18,355 [INFO] PluginManager:220 - loadIPPluginJar : add ts
2024-03-14 08:18:18,379 [INFO] IPUIPlugin:80 - create IPUIPlugin
2024-03-14 08:18:18,379 [INFO] PluginManager:220 - loadIPPluginJar : add tsc
2024-03-14 08:18:18,402 [INFO] IPUIPlugin:80 - create IPUIPlugin
2024-03-14 08:18:18,403 [INFO] PluginManager:220 - loadIPPluginJar : add ucpd
2024-03-14 08:18:18,452 [INFO] IPUIPlugin:80 - create IPUIPlugin
2024-03-14 08:18:18,452 [INFO] PluginManager:220 - loadIPPluginJar : add usart
2024-03-14 08:18:18,503 [INFO] IPUIPlugin:80 - create IPUIPlugin
2024-03-14 08:18:18,503 [INFO] PluginManager:220 - loadIPPluginJar : add usbx
2024-03-14 08:18:18,665 [INFO] CADModel:165 - CPN selected for project level
2024-03-14 08:18:18,666 [INFO] CADModel:114 - Register for checkConnection events
2024-03-14 08:18:18,666 [FATAL] Updater:308 - Updater called before beeing initialized
2024-03-14 08:18:18,666 [ERROR] CADModel:125 - Updater not yet initialized, retry later 
2024-03-14 08:18:18,762 [INFO] ThirdPartyUpdaterWithRetryManager:70 - Updater plugin not ready yet. [2/15]
2024-03-14 08:18:18,915 [INFO] CADModel:165 - CPN selected for project level
2024-03-14 08:18:18,915 [INFO] CADModel:114 - Register for checkConnection events
2024-03-14 08:18:18,915 [FATAL] Updater:308 - Updater called before beeing initialized
2024-03-14 08:18:18,915 [ERROR] CADModel:125 - Updater not yet initialized, retry later 
2024-03-14 08:18:18,919 [FATAL] Updater:308 - Updater called before beeing initialized
2024-03-14 08:18:19,071 [FATAL] Updater:308 - Updater called before beeing initialized
2024-03-14 08:18:19,084 [INFO] DbMcusAds:53 - JSON generation date=Wed Nov 29 11:52:27 CET 2023 (1701255147349)
2024-03-14 08:18:19,084 [FATAL] Updater:308 - Updater called before beeing initialized
2024-03-14 08:18:19,182 [WARN] DetailPanel:346 - Failed to get advertising image, set to default
2024-03-14 08:18:19,321 [FATAL] Updater:308 - Updater called before beeing initialized
2024-03-14 08:18:19,324 [FATAL] Updater:308 - Updater called before beeing initialized
2024-03-14 08:18:19,324 [FATAL] Updater:308 - Updater called before beeing initialized
2024-03-14 08:18:19,324 [WARN] DetailPanel:346 - Failed to get advertising image, set to default
2024-03-14 08:18:19,325 [FATAL] Updater:308 - Updater called before beeing initialized
2024-03-14 08:18:19,409 [ERROR] Updater:1120 - MainUpdater not yet initialized. External WinMGr cannot be set.
2024-03-14 08:18:19,422 [INFO] Updater:1056 - Updater Version found : 6.10.0
2024-03-14 08:18:19,446 [INFO] ApplicationProperties:184 - Using Application install path: D:\Program Files (x86)\STM32CubeIDE_1.11.2\STM32CubeIDE\plugins\com.st.stm32cube.common.mx_6.10.0.202311202037
2024-03-14 08:18:21,064 [ERROR] LogOutputStream:75 - [STDERR_REDIRECT] Mar 14, 2024 8:18:21 AM java.util.prefs.WindowsPreferences <init>
2024-03-14 08:18:21,067 [ERROR] LogOutputStream:75 - [STDERR_REDIRECT] WARNING: Could not open/create prefs root node Software\JavaSoft\Prefs at root 0xffffffff80000002. Windows RegCreateKeyEx(...) returned error code 5.
2024-03-14 08:18:21,067 [ERROR] LogOutputStream:75 - [STDERR_REDIRECT] 
2024-03-14 08:18:21,524 [INFO] MainUpdater:2873 - connection check result : 10
2024-03-14 08:18:21,525 [INFO] MainUpdater:290 - Updater Check For Update Now.
2024-03-14 08:18:21,525 [INFO] MicroXplorer:498 - Change Database Version : DB.6.0.100
2024-03-14 08:18:21,548 [INFO] McuFinderGlobals:63 - Set McuFinder mode to 2 (CubeIDE integrated)
2024-03-14 08:18:21,570 [INFO] UserAuth:404 - Internet connection configuration mode: 1
2024-03-14 08:18:21,609 [INFO] JxBrowserEngine:152 - Initiate JxBrowser Engine with user profile folder
2024-03-14 08:18:21,771 [WARN] MainUpdater:1194 - Updater busy. Cannot search thirdparties
2024-03-14 08:18:21,771 [INFO] ThirdPartyUpdaterWithRetryManager:96 - Updater plugin is busy. [1/15]
2024-03-14 08:18:21,804 [INFO] CheckServerUpdateThread:120 - End of CheckServer Thread
2024-03-14 08:18:25,234 [WARN] PackLoader:240 - Cannot read IP mode file for STMicroelectronics.X-CUBE-SMBUS.2.1.0
2024-03-14 08:18:25,262 [WARN] PackLoader:240 - Cannot read IP mode file for STMicroelectronics.X-CUBE-TOUCHGFX.4.23.0
2024-03-14 08:18:25,353 [WARN] PackLoader:240 - Cannot read IP mode file for STMicroelectronics.X-CUBE-AZRTOS-F7.1.1.0
2024-03-14 08:18:25,396 [ERROR] RealEvaluatedCondition:428 - Found unsupported composite condition: CLASS='Data Exchange' GROUP='STM32_MetaDataManager'
2024-03-14 08:18:25,396 [ERROR] RealEvaluatedCondition:428 - Found unsupported composite condition: GROUP='STM32_MetaDataManager' CLASS='Data Exchange'
2024-03-14 08:18:25,399 [WARN] PackLoader:240 - Cannot read IP mode file for STMicroelectronics.FP-SNS-MOTENV1.4.3.0
2024-03-14 08:18:25,429 [WARN] PackLoader:240 - Cannot read IP mode file for STMicroelectronics.FP-SNS-MOTENV1.4.3.2
2024-03-14 08:18:25,471 [WARN] PackLoader:240 - Cannot read IP mode file for STMicroelectronics.FP-SNS-FLIGHT1.5.0.0
2024-03-14 08:18:25,500 [ERROR] RealEvaluatedCondition:428 - Found unsupported composite condition: GROUP='STM32_MetaDataManager' CLASS='Data Exchange'
2024-03-14 08:18:25,500 [ERROR] RealEvaluatedCondition:428 - Found unsupported composite condition: GROUP='STM32_MetaDataManager' CLASS='Data Exchange'
2024-03-14 08:18:25,503 [WARN] PackLoader:240 - Cannot read IP mode file for STMicroelectronics.FP-SNS-MOTENV1.4.3.1
2024-03-14 08:18:25,530 [WARN] PackLoader:240 - Cannot read IP mode file for STMicroelectronics.FP-SNS-FLIGHT1.5.0.1
2024-03-14 08:18:25,562 [WARN] PackLoader:240 - Cannot read IP mode file for STMicroelectronics.X-CUBE-BLE1.6.2.4
2024-03-14 08:18:25,582 [WARN] PackLoader:240 - Cannot read IP mode file for STMicroelectronics.FP-SNS-FLIGHT1.5.0.2
2024-03-14 08:18:25,611 [WARN] PackLoader:240 - Cannot read IP mode file for STMicroelectronics.X-CUBE-DISPLAY.3.0.0
2024-03-14 08:18:25,641 [WARN] PackLoader:240 - Cannot read IP mode file for STMicroelectronics.X-CUBE-BLE1.7.0.0
2024-03-14 08:18:25,665 [WARN] PackLoader:240 - Cannot read IP mode file for STMicroelectronics.X-CUBE-TOUCHGFX.4.22.0
2024-03-14 08:18:25,683 [WARN] PackLoader:240 - Cannot read IP mode file for STMicroelectronics.X-CUBE-TOUCHGFX.4.22.1
2024-03-14 08:18:25,713 [INFO] WebApp:161 - Instantiating new browser for Auth
2024-03-14 08:18:25,713 [WARN] PackLoader:240 - Cannot read IP mode file for STMicroelectronics.X-CUBE-BLEMGR.3.1.0
2024-03-14 08:18:25,746 [WARN] PackLoader:240 - Cannot read IP mode file for STMicroelectronics.FP-SNS-SMARTAG2.1.2.0
2024-03-14 08:18:25,793 [INFO] LogOutputStream:77 - [STDOUT_REDIRECT] 1 : Invalid condition id : UX_CORESTACK_Condition cause : null
2024-03-14 08:18:25,795 [INFO] LogOutputStream:77 - [STDOUT_REDIRECT] 1 : Invalid condition id : UX_CORESTACK_Condition cause : null
2024-03-14 08:18:25,797 [INFO] LogOutputStream:77 - [STDOUT_REDIRECT] 1 : Invalid condition id : UX_CORESTACK_Condition cause : null
2024-03-14 08:18:25,800 [INFO] LogOutputStream:77 - [STDOUT_REDIRECT] 1 : Invalid condition id : UX_CORESTACK_Condition cause : null
2024-03-14 08:18:25,802 [INFO] LogOutputStream:77 - [STDOUT_REDIRECT] 1 : Invalid condition id : UX_CORESTACK_Condition cause : null
2024-03-14 08:18:25,808 [WARN] PackLoader:240 - Cannot read IP mode file for STMicroelectronics.X-CUBE-AZRTOS-WL.2.0.0
2024-03-14 08:18:25,837 [WARN] PackLoader:240 - Cannot read IP mode file for WES.I-CUBE-Cesium.1.3.0
2024-03-14 08:18:25,857 [WARN] PackLoader:240 - Cannot read IP mode file for STMicroelectronics.X-CUBE-BLE2.3.3.0
2024-03-14 08:18:25,885 [WARN] PackLoader:240 - Cannot read IP mode file for STMicroelectronics.X-CUBE-TOF1.3.2.0
2024-03-14 08:18:25,916 [WARN] PackLoader:240 - Cannot read IP mode file for STMicroelectronics.X-CUBE-TOUCHGFX.4.21.1
2024-03-14 08:18:25,939 [WARN] PackLoader:240 - Cannot read IP mode file for STMicroelectronics.X-CUBE-TOUCHGFX.4.21.3
2024-03-14 08:18:25,955 [WARN] PackLoader:240 - Cannot read IP mode file for STMicroelectronics.X-CUBE-TOUCHGFX.4.21.4
2024-03-14 08:18:26,039 [WARN] PackLoader:240 - Cannot read IP mode file for STMicroelectronics.X-CUBE-MEMS1.9.4.0
2024-03-14 08:18:26,237 [WARN] PackLoader:240 - Cannot read IP mode file for STMicroelectronics.X-CUBE-AI.7.3.0
2024-03-14 08:18:26,254 [WARN] PackLoader:240 - Cannot read IP mode file for STMicroelectronics.X-CUBE-ALGOBUILD.1.3.0
2024-03-14 08:18:26,282 [WARN] PackLoader:240 - Cannot read IP mode file for STMicroelectronics.X-CUBE-AZRTOS-G0.1.1.0
2024-03-14 08:18:26,299 [WARN] PackLoader:240 - Cannot read IP mode file for STMicroelectronics.X-CUBE-NFC4.3.0.0
2024-03-14 08:18:26,318 [WARN] PackLoader:240 - Cannot read IP mode file for STMicroelectronics.X-CUBE-BLEMGR.3.0.0
2024-03-14 08:18:26,335 [WARN] PackLoader:240 - Cannot read IP mode file for STMicroelectronics.X-CUBE-BLEMGR.1.3.0
2024-03-14 08:18:26,350 [WARN] PackLoader:240 - Cannot read IP mode file for STMicroelectronics.FP-ATR-SIGFOX1.3.2.0
2024-03-14 08:18:26,374 [WARN] PackLoader:240 - Cannot read IP mode file for STMicroelectronics.X-CUBE-EEPRMA1.5.1.0
2024-03-14 08:18:26,432 [WARN] PackLoader:240 - Cannot read IP mode file for STMicroelectronics.X-CUBE-MEMS1.9.5.0
2024-03-14 08:18:26,615 [WARN] PackLoader:240 - Cannot read IP mode file for SEGGER.I-CUBE-embOS.1.3.1
2024-03-14 08:18:26,673 [WARN] PackLoader:240 - Cannot read IP mode file for STMicroelectronics.X-CUBE-GNSS1.6.0.0
2024-03-14 08:18:26,704 [WARN] PackLoader:240 - Cannot read IP mode file for STMicroelectronics.X-CUBE-AZRTOS-F4.1.1.0
2024-03-14 08:18:26,740 [WARN] PackLoader:240 - Cannot read IP mode file for STMicroelectronics.X-CUBE-AZRTOS-L5.2.0.0
2024-03-14 08:18:26,753 [INFO] WebApp:780 - Register for checkConnection events
2024-03-14 08:18:26,753 [INFO] WebApp:414 - Apply proxy settings
2024-03-14 08:18:26,753 [INFO] WebApp:499 - Chromium requires no authentication
2024-03-14 08:18:26,765 [INFO] WebApp:442 - Direct internet connection detected
2024-03-14 08:18:26,793 [WARN] PackLoader:240 - Cannot read IP mode file for STMicroelectronics.X-CUBE-MEMS1.9.6.0
2024-03-14 08:18:26,974 [WARN] PackLoader:240 - Cannot read IP mode file for STMicroelectronics.X-CUBE-EEPRMA1.4.2.0
2024-03-14 08:18:26,996 [WARN] PackLoader:240 - Cannot read IP mode file for ITTIA_DB.I-CUBE-ITTIADB.8.8.0
2024-03-14 08:18:27,016 [WARN] PackLoader:240 - Cannot read IP mode file for emotas.I-CUBE-CANOPEN.1.1.3
2024-03-14 08:18:27,035 [WARN] PackLoader:240 - Cannot read IP mode file for STMicroelectronics.X-CUBE-BLEMGR.2.0.0
2024-03-14 08:18:27,074 [WARN] ConditionMgr:438 - getConditionDescription Invalid condition id : UX DEVICE CLASS RTOS Condition cause : null
2024-03-14 08:18:27,075 [WARN] ConditionMgr:438 - getConditionDescription Invalid condition id : UX DEVICE CLASS RTOS Condition cause : null
2024-03-14 08:18:27,079 [WARN] PackLoader:240 - Cannot read IP mode file for STMicroelectronics.X-CUBE-AZRTOS-H7.3.1.0
2024-03-14 08:18:27,081 [WARN] ConditionMgr:1039 - genDependencies : Invalid condition id : UX DEVICE CLASS RTOS Condition cause : null
2024-03-14 08:18:27,081 [WARN] ConditionMgr:1039 - genDependencies : Invalid condition id : UX DEVICE CLASS RTOS Condition cause : null
2024-03-14 08:18:27,082 [WARN] ConditionMgr:1039 - genDependencies : Invalid condition id : UX DEVICE CLASS RTOS Condition cause : null
2024-03-14 08:18:27,082 [WARN] ConditionMgr:1039 - genDependencies : Invalid condition id : UX DEVICE CLASS RTOS Condition cause : null
2024-03-14 08:18:27,082 [WARN] ConditionMgr:1039 - genDependencies : Invalid condition id : UX DEVICE CLASS RTOS Condition cause : null
2024-03-14 08:18:27,102 [WARN] PackLoader:240 - Cannot read IP mode file for wolfSSL.I-CUBE-wolfSSL.5.5.4
2024-03-14 08:18:27,104 [INFO] WebApp:192 - Starting web application
2024-03-14 08:18:27,105 [INFO] WebApp:544 - Web application path used D:\Program Files (x86)\STM32CubeIDE_1.11.2\STM32CubeIDE\plugins\com.st.stm32cube.common.mx_6.10.0.202311202037\db\plugins\mcufinder\reactClient1\index.html
2024-03-14 08:18:27,120 [WARN] PackLoader:240 - Cannot read IP mode file for STMicroelectronics.X-CUBE-NFC7.1.0.1
2024-03-14 08:18:27,137 [WARN] PackLoader:240 - Cannot read IP mode file for STMicroelectronics.X-CUBE-NFC7.1.0.0
2024-03-14 08:18:27,157 [WARN] PackLoader:240 - Cannot read IP mode file for STMicroelectronics.X-CUBE-NFC6.3.0.0
2024-03-14 08:18:27,174 [WARN] PackLoader:240 - Cannot read IP mode file for STMicroelectronics.X-CUBE-EEPRMA1.4.1.0
2024-03-14 08:18:27,190 [WARN] PackLoader:240 - Cannot read IP mode file for STMicroelectronics.X-CUBE-AI.8.1.0
2024-03-14 08:18:27,237 [WARN] ConditionMgr:438 - getConditionDescription Invalid condition id : LAN8742 Phy interface Condition cause : null
2024-03-14 08:18:27,238 [WARN] PackLoader:240 - Cannot read IP mode file for STMicroelectronics.X-CUBE-AZRTOS-L4.2.0.0
2024-03-14 08:18:27,241 [WARN] ConditionMgr:1039 - genDependencies : Invalid condition id : LAN8742 Phy interface Condition cause : null
2024-03-14 08:18:27,241 [WARN] ConditionMgr:1039 - genDependencies : Invalid condition id : LAN8742 Phy interface Condition cause : null
2024-03-14 08:18:27,242 [WARN] ConditionMgr:1039 - genDependencies : Invalid condition id : LAN8742 Phy interface Condition cause : null
2024-03-14 08:18:27,263 [WARN] PackLoader:240 - Cannot read IP mode file for STMicroelectronics.X-CUBE-SFXS2LP1.4.0.0
2024-03-14 08:18:27,314 [WARN] PackLoader:240 - Cannot read IP mode file for STMicroelectronics.X-CUBE-AZRTOS-H7.3.0.0
2024-03-14 08:18:27,335 [WARN] PackLoader:240 - Cannot read IP mode file for STMicroelectronics.X-CUBE-ISPU.1.1.0
2024-03-14 08:18:27,353 [WARN] PackLoader:240 - Cannot read IP mode file for RoweBots.I-CUBE-UNISONRTOS.5.5.0-4
2024-03-14 08:18:27,370 [WARN] PackLoader:240 - Cannot read IP mode file for STMicroelectronics.X-CUBE-AI.8.0.0
2024-03-14 08:18:27,400 [WARN] ConditionMgr:438 - getConditionDescription Invalid condition id : UX DEVICE CLASS RTOS Condition cause : null
2024-03-14 08:18:27,400 [WARN] ConditionMgr:438 - getConditionDescription Invalid condition id : UX DEVICE CLASS RTOS Condition cause : null
2024-03-14 08:18:27,403 [WARN] PackLoader:240 - Cannot read IP mode file for STMicroelectronics.X-CUBE-AZRTOS-WB.2.0.0
2024-03-14 08:18:27,404 [WARN] ConditionMgr:1039 - genDependencies : Invalid condition id : UX DEVICE CLASS RTOS Condition cause : null
2024-03-14 08:18:27,405 [WARN] ConditionMgr:1039 - genDependencies : Invalid condition id : UX DEVICE CLASS RTOS Condition cause : null
2024-03-14 08:18:27,405 [WARN] ConditionMgr:1039 - genDependencies : Invalid condition id : UX DEVICE CLASS RTOS Condition cause : null
2024-03-14 08:18:27,405 [WARN] ConditionMgr:1039 - genDependencies : Invalid condition id : UX DEVICE CLASS RTOS Condition cause : null
2024-03-14 08:18:27,405 [WARN] ConditionMgr:1039 - genDependencies : Invalid condition id : UX DEVICE CLASS RTOS Condition cause : null
2024-03-14 08:18:27,421 [WARN] PackLoader:240 - Cannot read IP mode file for STMicroelectronics.X-CUBE-FREERTOS.1.0.0
2024-03-14 08:18:27,436 [WARN] PackLoader:240 - Cannot read IP mode file for STMicroelectronics.X-CUBE-FREERTOS.1.0.1
2024-03-14 08:18:27,465 [WARN] PackLoader:240 - Cannot read IP mode file for STMicroelectronics.X-CUBE-AZRTOS-L5.1.1.0
2024-03-14 08:18:27,480 [WARN] PackLoader:240 - Cannot read IP mode file for STMicroelectronics.X-CUBE-AI.8.0.1
2024-03-14 08:18:27,503 [WARN] PackLoader:240 - Cannot read IP mode file for STMicroelectronics.X-CUBE-SUBG2.5.0.0
2024-03-14 08:18:27,529 [WARN] PackLoader:240 - Cannot read IP mode file for STMicroelectronics.X-CUBE-TOF1.3.3.1
2024-03-14 08:18:27,565 [WARN] PackLoader:240 - Cannot read IP mode file for STMicroelectronics.X-CUBE-AZRTOS-G4.2.0.0
2024-03-14 08:18:27,589 [WARN] PackLoader:240 - Cannot read IP mode file for STMicroelectronics.X-CUBE-TOF1.3.3.0
2024-03-14 08:18:27,612 [WARN] PackLoader:240 - Cannot read IP mode file for STMicroelectronics.FP-ATR-ASTRA1.1.1.1
2024-03-14 08:18:27,637 [WARN] PackLoader:240 - Cannot read IP mode file for Infineon.AIROC-Wi-Fi-Bluetooth-STM32.1.5.1
2024-03-14 08:18:27,651 [WARN] PackLoader:240 - Cannot read IP mode file for STMicroelectronics.FP-SNS-MOTENVWB1.1.3.0
2024-03-14 08:18:27,668 [WARN] PackLoader:240 - Cannot read IP mode file for STMicroelectronics.FP-SNS-MOTENVWB1.1.3.1
2024-03-14 08:18:27,697 [WARN] PackLoader:240 - Cannot read IP mode file for STMicroelectronics.X-CUBE-AZRTOS-G4.1.0.0
2024-03-14 08:18:27,732 [WARN] PackLoader:240 - Cannot read IP mode file for STMicroelectronics.X-CUBE-AZRTOS-L4.1.0.0
2024-03-14 08:18:27,747 [WARN] PackLoader:240 - Cannot read IP mode file for STMicroelectronics.X-CUBE-ISPU.2.0.0
2024-03-14 08:18:27,804 [WARN] PackLoader:240 - Cannot read IP mode file for STMicroelectronics.X-CUBE-MEMS1.10.0.0
2024-03-14 08:18:27,911 [WARN] PackLoader:240 - Cannot read IP mode file for STMicroelectronics.X-CUBE-FREERTOS.1.1.0
2024-03-14 08:18:27,930 [WARN] PackLoader:240 - Cannot read IP mode file for STMicroelectronics.X-CUBE-AZRTOS-WL.1.0.0
2024-03-14 08:18:27,947 [WARN] PackLoader:240 - Cannot read IP mode file for portGmbH.I-Cube-SoM-uGOAL.1.1.0
2024-03-14 08:18:27,960 [WARN] PackLoader:240 - Cannot read IP mode file for STMicroelectronics.X-CUBE-ALS.1.0.1
2024-03-14 08:18:27,988 [WARN] PackLoader:240 - Cannot read IP mode file for STMicroelectronics.X-CUBE-AZRTOS-WB.1.1.0
2024-03-14 08:18:28,002 [WARN] PackLoader:240 - Cannot read IP mode file for STMicroelectronics.FP-ATR-ASTRA1.2.0.0
2024-03-14 08:18:28,021 [WARN] PackLoader:240 - Cannot read IP mode file for STMicroelectronics.X-CUBE-TOF1.3.4.0
2024-03-14 08:18:28,055 [WARN] PackLoader:240 - Cannot read IP mode file for STMicroelectronics.X-CUBE-TOF1.3.4.1
2024-03-14 08:18:28,099 [WARN] PackLoader:240 - Cannot read IP mode file for STMicroelectronics.X-CUBE-AZRTOS-H7.3.2.0
2024-03-14 08:18:28,101 [INFO] ThirdParty:978 - Integrity check success = true
2024-03-14 08:18:28,101 [INFO] IntegrityCheckThread:100 - exiting critical section [integrity check]
2024-03-14 08:18:28,101 [INFO] IntegrityCheckThread:103 - End integrity checks thread
2024-03-14 08:18:48,383 [ERROR] LogOutputStream:75 - [STDERR_REDIRECT] SLF4J: Failed to load class "org.slf4j.impl.StaticLoggerBinder".
2024-03-14 08:18:48,385 [ERROR] LogOutputStream:75 - [STDERR_REDIRECT] SLF4J: Defaulting to no-operation (NOP) logger implementation
2024-03-14 08:18:48,387 [ERROR] LogOutputStream:75 - [STDERR_REDIRECT] SLF4J: See http://www.slf4j.org/codes.html#StaticLoggerBinder for further details.
2024-03-14 09:03:44,839 [ERROR] LogOutputStream:75 - [STDERR_REDIRECT] 
2024-03-14 09:03:44,840 [ERROR] LogOutputStream:75 - [STDERR_REDIRECT] 
