2023-12-30 14:37:01,008 [INFO] Activator:176 - 


2023-12-30 14:37:01,015 [INFO] Activator:177 - !SESSION log4j initialized
2023-12-30 14:37:08,885 [INFO] LogOutputStream:77 - [STDOUT_REDIRECT] 
2023-12-30 14:37:09,830 [INFO] ApplicationProperties:184 - Using Application install path: D:\Program Files (x86)\STM32CubeIDE_1.11.2\STM32CubeIDE\plugins\com.st.stm32cube.common.mx_6.10.0.202311202037
2023-12-30 14:37:09,847 [INFO] DbMcusXml:78 - Set database path to: D:\Program Files (x86)\STM32CubeIDE_1.11.2\STM32CubeIDE\plugins\com.st.stm32cube.common.mx_6.10.0.202311202037\\db\/mcu/
2023-12-30 14:37:09,847 [INFO] ApiDb:274 - Set plugin database path to: D:\Program Files (x86)\STM32CubeIDE_1.11.2\STM32CubeIDE\plugins\com.st.stm32cube.common.mx_6.10.0.202311202037\\db\/plugins/boardmanager/
2023-12-30 14:37:09,847 [WARN] ApiDb:259 - Overriding images path with different value:  => D:\Program Files (x86)\STM32CubeIDE_1.11.2\STM32CubeIDE\plugins\com.st.stm32cube.common.mx_6.10.0.202311202037\\db\/plugins/mcufinder/images/
2023-12-30 14:37:09,854 [INFO] ApiDb:250 - Set database path to: C:\Users\miqix\.stmcufinder\plugins\mcufinder//mcu/
2023-12-30 14:37:09,855 [INFO] DbMcusAds:125 - Set database path to: C:\Users\miqix\.stmcufinder\plugins\mcufinder//mcu/
2023-12-30 14:37:09,856 [INFO] CrossReferenceDbSqlite:203 - Set database path to: C:\Users\miqix\.stmcufinder\plugins\mcufinder//mcu/cs/
2023-12-30 14:37:09,952 [INFO] RulesReader:64 - Compatibility file has been processed (297 Rules)
2023-12-30 14:37:10,029 [INFO] DbMcusXml:78 - Set database path to: D:\Program Files (x86)\STM32CubeIDE_1.11.2\STM32CubeIDE\plugins\com.st.stm32cube.common.mx_6.10.0.202311202037\\db\/mcu/
2023-12-30 14:37:10,030 [INFO] ApiDb:274 - Set plugin database path to: D:\Program Files (x86)\STM32CubeIDE_1.11.2\STM32CubeIDE\plugins\com.st.stm32cube.common.mx_6.10.0.202311202037\\db\/plugins/boardmanager/
2023-12-30 14:37:10,030 [INFO] ApiDb:261 - Set plugin images path to: D:\Program Files (x86)\STM32CubeIDE_1.11.2\STM32CubeIDE\plugins\com.st.stm32cube.common.mx_6.10.0.202311202037\\db\/plugins/mcufinder/images/
2023-12-30 14:37:10,030 [WARN] DbFile:41 - Overriding database path with different value: C:\Users\miqix\.stmcufinder\plugins\mcufinder/ => C:\Users\miqix\.stmcufinder\plugins\mcufinder
2023-12-30 14:37:10,030 [INFO] ApiDb:250 - Set database path to: C:\Users\miqix\.stmcufinder\plugins\mcufinder//mcu/
2023-12-30 14:37:10,030 [WARN] DbFile:41 - Overriding database path with different value: C:\Users\miqix\.stmcufinder\plugins\mcufinder/ => C:\Users\miqix\.stmcufinder\plugins\mcufinder
2023-12-30 14:37:10,030 [INFO] DbMcusAds:125 - Set database path to: C:\Users\miqix\.stmcufinder\plugins\mcufinder//mcu/
2023-12-30 14:37:10,030 [WARN] DbFile:41 - Overriding database path with different value: C:\Users\miqix\.stmcufinder\plugins\mcufinder/ => C:\Users\miqix\.stmcufinder\plugins\mcufinder
2023-12-30 14:37:10,030 [WARN] DbFile:41 - Overriding database path with different value: C:\Users\miqix\.stmcufinder\plugins\mcufinder/ => C:\Users\miqix\.stmcufinder\plugins\mcufinder
2023-12-30 14:37:10,030 [INFO] CrossReferenceDbSqlite:203 - Set database path to: C:\Users\miqix\.stmcufinder\plugins\mcufinder//mcu/cs/
2023-12-30 14:37:10,097 [INFO] MainPanel:264 - HeapMemory: 268435456
2023-12-30 14:37:10,183 [INFO] DbMcusXml:78 - Set database path to: D:\Program Files (x86)\STM32CubeIDE_1.11.2\STM32CubeIDE\plugins\com.st.stm32cube.common.mx_6.10.0.202311202037\\db\/mcu/
2023-12-30 14:37:10,184 [INFO] ApiDb:274 - Set plugin database path to: D:\Program Files (x86)\STM32CubeIDE_1.11.2\STM32CubeIDE\plugins\com.st.stm32cube.common.mx_6.10.0.202311202037\\db\/plugins/boardmanager/
2023-12-30 14:37:10,184 [INFO] ApiDb:261 - Set plugin images path to: D:\Program Files (x86)\STM32CubeIDE_1.11.2\STM32CubeIDE\plugins\com.st.stm32cube.common.mx_6.10.0.202311202037\\db\/plugins/mcufinder/images/
2023-12-30 14:37:10,184 [WARN] DbFile:41 - Overriding database path with different value: C:\Users\miqix\.stmcufinder\plugins\mcufinder/ => C:\Users\miqix\.stmcufinder\plugins\mcufinder
2023-12-30 14:37:10,184 [INFO] ApiDb:250 - Set database path to: C:\Users\miqix\.stmcufinder\plugins\mcufinder//mcu/
2023-12-30 14:37:10,184 [WARN] DbFile:41 - Overriding database path with different value: C:\Users\miqix\.stmcufinder\plugins\mcufinder/ => C:\Users\miqix\.stmcufinder\plugins\mcufinder
2023-12-30 14:37:10,184 [INFO] DbMcusAds:125 - Set database path to: C:\Users\miqix\.stmcufinder\plugins\mcufinder//mcu/
2023-12-30 14:37:10,184 [WARN] DbFile:41 - Overriding database path with different value: C:\Users\miqix\.stmcufinder\plugins\mcufinder/ => C:\Users\miqix\.stmcufinder\plugins\mcufinder
2023-12-30 14:37:10,184 [WARN] DbFile:41 - Overriding database path with different value: C:\Users\miqix\.stmcufinder\plugins\mcufinder/ => C:\Users\miqix\.stmcufinder\plugins\mcufinder
2023-12-30 14:37:10,184 [INFO] CrossReferenceDbSqlite:203 - Set database path to: C:\Users\miqix\.stmcufinder\plugins\mcufinder//mcu/cs/
2023-12-30 14:37:10,201 [INFO] ApplicationProperties:184 - Using Application install path: D:\Program Files (x86)\STM32CubeIDE_1.11.2\STM32CubeIDE\plugins\com.st.stm32cube.common.mx_6.10.0.202311202037
2023-12-30 14:37:10,203 [INFO] PluginManage:196 - Search for loadable plugins [exclusion list=, ]
2023-12-30 14:37:10,204 [INFO] PluginManage:310 - Check plugin analytics
2023-12-30 14:37:10,350 [INFO] AnalyticsPlugin:253 - Accepted Software Licenses: 
2023-12-30 14:37:10,351 [INFO] AnalyticsPlugin:255 - Accepted CMSIS Pack Licenses: 
2023-12-30 14:37:10,351 [INFO] AnalyticsPlugin:257 - Accepted Firmware Licenses: 
2023-12-30 14:37:10,353 [INFO] PluginManage:359 - Loaded plugin analytics (category:tool,tabindex:-1)
2023-12-30 14:37:10,353 [INFO] PluginManage:310 - Check plugin cadmodel
2023-12-30 14:37:10,369 [INFO] CADModel:105 - Init CAD model plugin
2023-12-30 14:37:10,369 [INFO] PluginManage:359 - Loaded plugin cadmodel (category:power,tabindex:5)
2023-12-30 14:37:10,370 [INFO] PluginManage:310 - Check plugin clock
2023-12-30 14:37:10,389 [INFO] PluginManage:359 - Loaded plugin clock (category:base,tabindex:2)
2023-12-30 14:37:10,389 [INFO] PluginManage:310 - Check plugin ddr
2023-12-30 14:37:10,391 [INFO] PluginManage:359 - Loaded plugin ddr (category:tool,tabindex:6)
2023-12-30 14:37:10,391 [INFO] PluginManage:310 - Check plugin filemanager
2023-12-30 14:37:10,531 [INFO] PluginManage:359 - Loaded plugin filemanager (category:base,tabindex:10)
2023-12-30 14:37:10,531 [INFO] PluginManage:310 - Check plugin ipmanager
2023-12-30 14:37:10,537 [INFO] PluginManage:359 - Loaded plugin ipmanager (category:base,tabindex:5)
2023-12-30 14:37:10,537 [INFO] PluginManage:310 - Check plugin lpbam
2023-12-30 14:37:10,554 [INFO] PluginManage:359 - Loaded plugin lpbam (category:base,tabindex:0)
2023-12-30 14:37:10,554 [INFO] PluginManage:310 - Check plugin memorymap
2023-12-30 14:37:10,575 [INFO] PluginManage:359 - Loaded plugin memorymap (category:base,tabindex:4)
2023-12-30 14:37:10,575 [INFO] PluginManage:310 - Check plugin pinoutandconfiguration
2023-12-30 14:37:10,589 [INFO] PluginManage:359 - Loaded plugin pinoutandconfiguration (category:base,tabindex:1)
2023-12-30 14:37:10,591 [INFO] PluginManage:310 - Check plugin pinoutconfig
2023-12-30 14:37:10,670 [WARN] SupportedApi:132 - Cannot load RTOS API schema: s4s-elt-must-match.1: The content of 'definitions' must match (annotation?, (simpleType | complexType)?, (unique | key | keyref)*)). A problem was found starting at: attribute.
2023-12-30 14:37:10,781 [INFO] PluginManage:359 - Loaded plugin pinoutconfig (category:base,tabindex:0)
2023-12-30 14:37:10,781 [INFO] PluginManage:310 - Check plugin power
2023-12-30 14:37:10,798 [INFO] PluginManage:359 - Loaded plugin power (category:power,tabindex:4)
2023-12-30 14:37:10,798 [INFO] PluginManage:310 - Check plugin projectmanager
2023-12-30 14:37:10,811 [INFO] PluginManage:359 - Loaded plugin projectmanager (category:projectmanager,tabindex:3)
2023-12-30 14:37:10,811 [INFO] PluginManage:310 - Check plugin thirdparty
2023-12-30 14:37:11,042 [INFO] PluginManage:359 - Loaded plugin thirdparty (category:base,tabindex:-1)
2023-12-30 14:37:11,042 [WARN] IntegrityCheckThread:84 - waiting for thirdparty lock release [integrity check]
2023-12-30 14:37:11,042 [INFO] PluginManage:310 - Check plugin tools
2023-12-30 14:37:11,042 [INFO] IntegrityCheckThread:86 - entering critical section [integrity check]
2023-12-30 14:37:11,043 [INFO] ThirdPartyUpdaterWithRetryManager:70 - Updater plugin not ready yet. [1/15]
2023-12-30 14:37:11,067 [INFO] PluginManage:359 - Loaded plugin tools (category:base,tabindex:7)
2023-12-30 14:37:11,067 [INFO] PluginManage:310 - Check plugin tutovideos
2023-12-30 14:37:11,229 [INFO] PluginManage:359 - Loaded plugin tutovideos (category:base,tabindex:-1)
2023-12-30 14:37:11,229 [INFO] PluginManage:310 - Check plugin updater
2023-12-30 14:37:11,241 [INFO] PluginManage:359 - Loaded plugin updater (category:base,tabindex:12)
2023-12-30 14:37:11,241 [INFO] PluginManage:310 - Check plugin userauth
2023-12-30 14:37:11,246 [INFO] UserAuth:114 - Init User Auth plugin
2023-12-30 14:37:11,246 [INFO] PluginManage:359 - Loaded plugin userauth (category:base,tabindex:14)
2023-12-30 14:37:11,246 [INFO] PluginManage:283 - PluginManage : Loaded plugins [17]
2023-12-30 14:37:11,451 [INFO] PinOutPanel:1499 - setPackage(No Configuration,No Configuration)
2023-12-30 14:37:11,524 [INFO] CADModel:165 - CPN selected for project level
2023-12-30 14:37:11,524 [INFO] CADModel:114 - Register for checkConnection events
2023-12-30 14:37:11,548 [INFO] IPUIPlugin:80 - create IPUIPlugin
2023-12-30 14:37:11,548 [INFO] PluginManager:220 - loadIPPluginJar : add adc
2023-12-30 14:37:11,576 [INFO] IPUIPlugin:80 - create IPUIPlugin
2023-12-30 14:37:11,576 [INFO] PluginManager:220 - loadIPPluginJar : add aes
2023-12-30 14:37:11,611 [INFO] IPUIPlugin:80 - create IPUIPlugin
2023-12-30 14:37:11,611 [INFO] PluginManager:220 - loadIPPluginJar : add can
2023-12-30 14:37:11,626 [INFO] IPUIPlugin:80 - create IPUIPlugin
2023-12-30 14:37:11,627 [INFO] PluginManager:220 - loadIPPluginJar : add comp
2023-12-30 14:37:11,651 [INFO] IPUIPlugin:80 - create IPUIPlugin
2023-12-30 14:37:11,651 [INFO] PluginManager:220 - loadIPPluginJar : add cryp
2023-12-30 14:37:11,674 [INFO] IPUIPlugin:80 - create IPUIPlugin
2023-12-30 14:37:11,674 [INFO] PluginManager:220 - loadIPPluginJar : add dfsdm
2023-12-30 14:37:11,686 [INFO] IPUIPlugin:80 - create IPUIPlugin
2023-12-30 14:37:11,686 [INFO] PluginManager:220 - loadIPPluginJar : add dma
2023-12-30 14:37:11,719 [INFO] IPUIPlugin:80 - create IPUIPlugin
2023-12-30 14:37:11,720 [INFO] PluginManager:220 - loadIPPluginJar : add dma3
2023-12-30 14:37:11,734 [INFO] IPUIPlugin:80 - create IPUIPlugin
2023-12-30 14:37:11,734 [INFO] PluginManager:220 - loadIPPluginJar : add fatfs
2023-12-30 14:37:11,770 [INFO] IPUIPlugin:80 - create IPUIPlugin
2023-12-30 14:37:11,770 [INFO] PluginManager:220 - loadIPPluginJar : add fmc
2023-12-30 14:37:11,783 [INFO] IPUIPlugin:80 - create IPUIPlugin
2023-12-30 14:37:11,783 [INFO] PluginManager:220 - loadIPPluginJar : add freertos
2023-12-30 14:37:11,800 [INFO] IPUIPlugin:80 - create IPUIPlugin
2023-12-30 14:37:11,800 [INFO] PluginManager:220 - loadIPPluginJar : add genericplugin
2023-12-30 14:37:11,863 [INFO] IPUIPlugin:80 - create IPUIPlugin
2023-12-30 14:37:11,863 [INFO] PluginManager:220 - loadIPPluginJar : add gfxmmu
2023-12-30 14:37:11,951 [INFO] IPUIPlugin:80 - create IPUIPlugin
2023-12-30 14:37:11,951 [INFO] PluginManager:220 - loadIPPluginJar : add gic
2023-12-30 14:37:11,964 [INFO] IPUIPlugin:80 - create IPUIPlugin
2023-12-30 14:37:11,964 [INFO] PluginManager:220 - loadIPPluginJar : add gpio
2023-12-30 14:37:12,034 [INFO] IPUIPlugin:80 - create IPUIPlugin
2023-12-30 14:37:12,034 [INFO] PluginManager:220 - loadIPPluginJar : add gtzc
2023-12-30 14:37:12,060 [INFO] IPUIPlugin:80 - create IPUIPlugin
2023-12-30 14:37:12,060 [INFO] PluginManager:220 - loadIPPluginJar : add hash
2023-12-30 14:37:12,101 [INFO] IPUIPlugin:80 - create IPUIPlugin
2023-12-30 14:37:12,101 [INFO] PluginManager:220 - loadIPPluginJar : add i2c
2023-12-30 14:37:12,129 [INFO] IPUIPlugin:80 - create IPUIPlugin
2023-12-30 14:37:12,129 [INFO] PluginManager:220 - loadIPPluginJar : add i2s
2023-12-30 14:37:12,161 [INFO] IPUIPlugin:80 - create IPUIPlugin
2023-12-30 14:37:12,161 [INFO] PluginManager:220 - loadIPPluginJar : add i3c
2023-12-30 14:37:12,246 [INFO] IPUIPlugin:80 - create IPUIPlugin
2023-12-30 14:37:12,246 [INFO] PluginManager:220 - loadIPPluginJar : add ipddr
2023-12-30 14:37:12,323 [INFO] IPUIPlugin:80 - create IPUIPlugin
2023-12-30 14:37:12,323 [INFO] PluginManager:220 - loadIPPluginJar : add linkedlist
2023-12-30 14:37:12,348 [INFO] IPUIPlugin:80 - create IPUIPlugin
2023-12-30 14:37:12,348 [INFO] PluginManager:220 - loadIPPluginJar : add lorawan
2023-12-30 14:37:12,375 [INFO] IPUIPlugin:80 - create IPUIPlugin
2023-12-30 14:37:12,375 [INFO] PluginManager:220 - loadIPPluginJar : add ltdc
2023-12-30 14:37:12,388 [INFO] IPUIPlugin:80 - create IPUIPlugin
2023-12-30 14:37:12,388 [INFO] PluginManager:220 - loadIPPluginJar : add mdma
2023-12-30 14:37:12,399 [INFO] IPUIPlugin:80 - create IPUIPlugin
2023-12-30 14:37:12,399 [INFO] PluginManager:220 - loadIPPluginJar : add nvic
2023-12-30 14:37:12,425 [INFO] IPUIPlugin:80 - create IPUIPlugin
2023-12-30 14:37:12,425 [INFO] PluginManager:220 - loadIPPluginJar : add opamp
2023-12-30 14:37:12,468 [INFO] IPUIPlugin:80 - create IPUIPlugin
2023-12-30 14:37:12,468 [INFO] PluginManager:220 - loadIPPluginJar : add openamp
2023-12-30 14:37:12,499 [INFO] IPUIPlugin:80 - create IPUIPlugin
2023-12-30 14:37:12,500 [INFO] PluginManager:220 - loadIPPluginJar : add pdm2pcm
2023-12-30 14:37:12,510 [INFO] IPUIPlugin:80 - create IPUIPlugin
2023-12-30 14:37:12,511 [INFO] PluginManager:220 - loadIPPluginJar : add plateformsettings
2023-12-30 14:37:12,531 [INFO] IPUIPlugin:80 - create IPUIPlugin
2023-12-30 14:37:12,531 [INFO] PluginManager:220 - loadIPPluginJar : add quadspi
2023-12-30 14:37:12,543 [INFO] IPUIPlugin:80 - create IPUIPlugin
2023-12-30 14:37:12,543 [INFO] PluginManager:220 - loadIPPluginJar : add resmgrutility
2023-12-30 14:37:12,580 [INFO] IPUIPlugin:80 - create IPUIPlugin
2023-12-30 14:37:12,580 [INFO] PluginManager:220 - loadIPPluginJar : add sai
2023-12-30 14:37:12,610 [INFO] IPUIPlugin:80 - create IPUIPlugin
2023-12-30 14:37:12,610 [INFO] PluginManager:220 - loadIPPluginJar : add spi
2023-12-30 14:37:12,659 [INFO] IPUIPlugin:80 - create IPUIPlugin
2023-12-30 14:37:12,661 [INFO] PluginManager:220 - loadIPPluginJar : add stm32_wpan
2023-12-30 14:37:12,680 [INFO] IPUIPlugin:80 - create IPUIPlugin
2023-12-30 14:37:12,680 [INFO] PluginManager:220 - loadIPPluginJar : add tim
2023-12-30 14:37:12,721 [INFO] IPUIPlugin:80 - create IPUIPlugin
2023-12-30 14:37:12,721 [INFO] PluginManager:220 - loadIPPluginJar : add touchsensing
2023-12-30 14:37:12,739 [INFO] IPUIPlugin:80 - create IPUIPlugin
2023-12-30 14:37:12,739 [INFO] PluginManager:220 - loadIPPluginJar : add tracer_emb
2023-12-30 14:37:12,755 [INFO] IPUIPlugin:80 - create IPUIPlugin
2023-12-30 14:37:12,755 [INFO] PluginManager:220 - loadIPPluginJar : add ts
2023-12-30 14:37:12,774 [INFO] IPUIPlugin:80 - create IPUIPlugin
2023-12-30 14:37:12,774 [INFO] PluginManager:220 - loadIPPluginJar : add tsc
2023-12-30 14:37:12,790 [INFO] IPUIPlugin:80 - create IPUIPlugin
2023-12-30 14:37:12,790 [INFO] PluginManager:220 - loadIPPluginJar : add ucpd
2023-12-30 14:37:12,823 [INFO] IPUIPlugin:80 - create IPUIPlugin
2023-12-30 14:37:12,823 [INFO] PluginManager:220 - loadIPPluginJar : add usart
2023-12-30 14:37:12,855 [INFO] IPUIPlugin:80 - create IPUIPlugin
2023-12-30 14:37:12,855 [INFO] PluginManager:220 - loadIPPluginJar : add usbx
2023-12-30 14:37:12,973 [INFO] CADModel:165 - CPN selected for project level
2023-12-30 14:37:12,973 [INFO] CADModel:114 - Register for checkConnection events
2023-12-30 14:37:12,973 [FATAL] Updater:308 - Updater called before beeing initialized
2023-12-30 14:37:12,973 [ERROR] CADModel:125 - Updater not yet initialized, retry later 
2023-12-30 14:37:13,093 [INFO] CADModel:165 - CPN selected for project level
2023-12-30 14:37:13,093 [INFO] CADModel:114 - Register for checkConnection events
2023-12-30 14:37:13,093 [FATAL] Updater:308 - Updater called before beeing initialized
2023-12-30 14:37:13,093 [ERROR] CADModel:125 - Updater not yet initialized, retry later 
2023-12-30 14:37:13,095 [FATAL] Updater:308 - Updater called before beeing initialized
2023-12-30 14:37:13,184 [FATAL] Updater:308 - Updater called before beeing initialized
2023-12-30 14:37:13,191 [INFO] DbMcusAds:53 - JSON generation date=Thu Sep 30 08:55:09 CEST 2021 (1632984909247)
2023-12-30 14:37:13,191 [FATAL] Updater:308 - Updater called before beeing initialized
2023-12-30 14:37:13,257 [WARN] DetailPanel:346 - Failed to get advertising image, set to default
2023-12-30 14:37:13,337 [FATAL] Updater:308 - Updater called before beeing initialized
2023-12-30 14:37:13,339 [FATAL] Updater:308 - Updater called before beeing initialized
2023-12-30 14:37:13,339 [FATAL] Updater:308 - Updater called before beeing initialized
2023-12-30 14:37:13,339 [WARN] DetailPanel:346 - Failed to get advertising image, set to default
2023-12-30 14:37:13,339 [FATAL] Updater:308 - Updater called before beeing initialized
2023-12-30 14:37:13,390 [ERROR] Updater:1120 - MainUpdater not yet initialized. External WinMGr cannot be set.
2023-12-30 14:37:13,399 [INFO] Updater:1056 - Updater Version found : 6.10.0
2023-12-30 14:37:13,416 [INFO] ApplicationProperties:184 - Using Application install path: D:\Program Files (x86)\STM32CubeIDE_1.11.2\STM32CubeIDE\plugins\com.st.stm32cube.common.mx_6.10.0.202311202037
2023-12-30 14:37:14,044 [INFO] ThirdPartyUpdaterWithRetryManager:70 - Updater plugin not ready yet. [2/15]
2023-12-30 14:37:14,998 [ERROR] LogOutputStream:75 - [STDERR_REDIRECT] Dec 30, 2023 2:37:14 PM java.util.prefs.WindowsPreferences <init>
2023-12-30 14:37:15,000 [ERROR] LogOutputStream:75 - [STDERR_REDIRECT] WARNING: Could not open/create prefs root node Software\JavaSoft\Prefs at root 0xffffffff80000002. Windows RegCreateKeyEx(...) returned error code 5.
2023-12-30 14:37:15,000 [ERROR] LogOutputStream:75 - [STDERR_REDIRECT] 
2023-12-30 14:37:15,289 [INFO] MainUpdater:2873 - connection check result : 10
2023-12-30 14:37:15,289 [INFO] MainUpdater:290 - Updater Check For Update Now.
2023-12-30 14:37:15,289 [INFO] MicroXplorer:498 - Change Database Version : DB.6.0.100
2023-12-30 14:37:15,301 [INFO] McuFinderGlobals:63 - Set McuFinder mode to 2 (CubeIDE integrated)
2023-12-30 14:37:15,301 [INFO] UserAuth:180 - activating auth plugin
2023-12-30 14:37:15,303 [INFO] UserAuth:404 - Internet connection configuration mode: 1
2023-12-30 14:37:15,327 [INFO] JxBrowserEngine:152 - Initiate JxBrowser Engine with user profile folder
2023-12-30 14:37:15,468 [INFO] CheckServerUpdateThread:120 - End of CheckServer Thread
2023-12-30 14:37:17,212 [WARN] PackLoader:240 - Cannot read IP mode file for STMicroelectronics.X-CUBE-SMBUS.2.1.0
2023-12-30 14:37:17,224 [WARN] PackLoader:240 - Cannot read IP mode file for STMicroelectronics.X-CUBE-TOUCHGFX.4.23.0
2023-12-30 14:37:17,254 [WARN] PackLoader:240 - Cannot read IP mode file for STMicroelectronics.X-CUBE-AZRTOS-F7.1.1.0
2023-12-30 14:37:17,271 [ERROR] RealEvaluatedCondition:428 - Found unsupported composite condition: GROUP='STM32_MetaDataManager' CLASS='Data Exchange'
2023-12-30 14:37:17,271 [ERROR] RealEvaluatedCondition:428 - Found unsupported composite condition: CLASS='Data Exchange' GROUP='STM32_MetaDataManager'
2023-12-30 14:37:17,273 [WARN] PackLoader:240 - Cannot read IP mode file for STMicroelectronics.FP-SNS-MOTENV1.4.3.0
2023-12-30 14:37:17,286 [WARN] PackLoader:240 - Cannot read IP mode file for STMicroelectronics.FP-SNS-MOTENV1.4.3.2
2023-12-30 14:37:17,300 [WARN] PackLoader:240 - Cannot read IP mode file for STMicroelectronics.FP-SNS-FLIGHT1.5.0.0
2023-12-30 14:37:17,311 [ERROR] RealEvaluatedCondition:428 - Found unsupported composite condition: CLASS='Data Exchange' GROUP='STM32_MetaDataManager'
2023-12-30 14:37:17,311 [ERROR] RealEvaluatedCondition:428 - Found unsupported composite condition: CLASS='Data Exchange' GROUP='STM32_MetaDataManager'
2023-12-30 14:37:17,313 [WARN] PackLoader:240 - Cannot read IP mode file for STMicroelectronics.FP-SNS-MOTENV1.4.3.1
2023-12-30 14:37:17,326 [WARN] PackLoader:240 - Cannot read IP mode file for STMicroelectronics.FP-SNS-FLIGHT1.5.0.1
2023-12-30 14:37:17,341 [WARN] PackLoader:240 - Cannot read IP mode file for STMicroelectronics.X-CUBE-BLE1.6.2.4
2023-12-30 14:37:17,364 [WARN] PackLoader:240 - Cannot read IP mode file for STMicroelectronics.FP-SNS-FLIGHT1.5.0.2
2023-12-30 14:37:17,381 [WARN] PackLoader:240 - Cannot read IP mode file for STMicroelectronics.X-CUBE-DISPLAY.3.0.0
2023-12-30 14:37:17,399 [WARN] PackLoader:240 - Cannot read IP mode file for STMicroelectronics.X-CUBE-BLE1.7.0.0
2023-12-30 14:37:17,414 [WARN] PackLoader:240 - Cannot read IP mode file for STMicroelectronics.X-CUBE-TOUCHGFX.4.22.0
2023-12-30 14:37:17,458 [WARN] PackLoader:240 - Cannot read IP mode file for STMicroelectronics.X-CUBE-TOUCHGFX.4.22.1
2023-12-30 14:37:17,472 [WARN] PackLoader:240 - Cannot read IP mode file for STMicroelectronics.FP-SNS-SMARTAG2.1.2.0
2023-12-30 14:37:17,496 [INFO] LogOutputStream:77 - [STDOUT_REDIRECT] 1 : Invalid condition id : UX_CORESTACK_Condition cause : null
2023-12-30 14:37:17,496 [INFO] LogOutputStream:77 - [STDOUT_REDIRECT] 1 : Invalid condition id : UX_CORESTACK_Condition cause : null
2023-12-30 14:37:17,497 [INFO] LogOutputStream:77 - [STDOUT_REDIRECT] 1 : Invalid condition id : UX_CORESTACK_Condition cause : null
2023-12-30 14:37:17,498 [INFO] LogOutputStream:77 - [STDOUT_REDIRECT] 1 : Invalid condition id : UX_CORESTACK_Condition cause : null
2023-12-30 14:37:17,498 [INFO] LogOutputStream:77 - [STDOUT_REDIRECT] 1 : Invalid condition id : UX_CORESTACK_Condition cause : null
2023-12-30 14:37:17,501 [WARN] PackLoader:240 - Cannot read IP mode file for STMicroelectronics.X-CUBE-AZRTOS-WL.2.0.0
2023-12-30 14:37:17,515 [WARN] PackLoader:240 - Cannot read IP mode file for WES.I-CUBE-Cesium.1.3.0
2023-12-30 14:37:17,529 [WARN] PackLoader:240 - Cannot read IP mode file for STMicroelectronics.X-CUBE-BLE2.3.3.0
2023-12-30 14:37:17,545 [WARN] PackLoader:240 - Cannot read IP mode file for STMicroelectronics.X-CUBE-TOF1.3.2.0
2023-12-30 14:37:17,563 [WARN] PackLoader:240 - Cannot read IP mode file for STMicroelectronics.X-CUBE-TOUCHGFX.4.21.1
2023-12-30 14:37:17,574 [WARN] PackLoader:240 - Cannot read IP mode file for STMicroelectronics.X-CUBE-TOUCHGFX.4.21.3
2023-12-30 14:37:17,590 [WARN] PackLoader:240 - Cannot read IP mode file for STMicroelectronics.X-CUBE-TOUCHGFX.4.21.4
2023-12-30 14:37:17,638 [WARN] PackLoader:240 - Cannot read IP mode file for STMicroelectronics.X-CUBE-MEMS1.9.4.0
2023-12-30 14:37:17,790 [WARN] PackLoader:240 - Cannot read IP mode file for STMicroelectronics.X-CUBE-AI.7.3.0
2023-12-30 14:37:17,808 [WARN] PackLoader:240 - Cannot read IP mode file for STMicroelectronics.X-CUBE-ALGOBUILD.1.3.0
2023-12-30 14:37:17,839 [WARN] PackLoader:240 - Cannot read IP mode file for STMicroelectronics.X-CUBE-AZRTOS-G0.1.1.0
2023-12-30 14:37:17,854 [WARN] PackLoader:240 - Cannot read IP mode file for STMicroelectronics.X-CUBE-NFC4.3.0.0
2023-12-30 14:37:17,875 [WARN] PackLoader:240 - Cannot read IP mode file for STMicroelectronics.X-CUBE-BLEMGR.3.0.0
2023-12-30 14:37:17,889 [WARN] PackLoader:240 - Cannot read IP mode file for STMicroelectronics.X-CUBE-BLEMGR.1.3.0
2023-12-30 14:37:17,902 [WARN] PackLoader:240 - Cannot read IP mode file for STMicroelectronics.FP-ATR-SIGFOX1.3.2.0
2023-12-30 14:37:17,939 [WARN] PackLoader:240 - Cannot read IP mode file for STMicroelectronics.X-CUBE-MEMS1.9.5.0
2023-12-30 14:37:17,971 [INFO] WebApp:161 - Instantiating new browser for Auth
2023-12-30 14:37:18,127 [WARN] PackLoader:240 - Cannot read IP mode file for SEGGER.I-CUBE-embOS.1.3.1
2023-12-30 14:37:18,196 [WARN] PackLoader:240 - Cannot read IP mode file for STMicroelectronics.X-CUBE-GNSS1.6.0.0
2023-12-30 14:37:18,224 [WARN] PackLoader:240 - Cannot read IP mode file for STMicroelectronics.X-CUBE-AZRTOS-F4.1.1.0
2023-12-30 14:37:18,252 [WARN] PackLoader:240 - Cannot read IP mode file for STMicroelectronics.X-CUBE-AZRTOS-L5.2.0.0
2023-12-30 14:37:18,299 [WARN] PackLoader:240 - Cannot read IP mode file for STMicroelectronics.X-CUBE-MEMS1.9.6.0
2023-12-30 14:37:18,423 [WARN] PackLoader:240 - Cannot read IP mode file for STMicroelectronics.X-CUBE-EEPRMA1.4.2.0
2023-12-30 14:37:18,437 [WARN] PackLoader:240 - Cannot read IP mode file for ITTIA_DB.I-CUBE-ITTIADB.8.8.0
2023-12-30 14:37:18,452 [WARN] PackLoader:240 - Cannot read IP mode file for emotas.I-CUBE-CANOPEN.1.1.3
2023-12-30 14:37:18,472 [WARN] PackLoader:240 - Cannot read IP mode file for STMicroelectronics.X-CUBE-BLEMGR.2.0.0
2023-12-30 14:37:18,514 [WARN] ConditionMgr:438 - getConditionDescription Invalid condition id : UX DEVICE CLASS RTOS Condition cause : null
2023-12-30 14:37:18,514 [WARN] ConditionMgr:438 - getConditionDescription Invalid condition id : UX DEVICE CLASS RTOS Condition cause : null
2023-12-30 14:37:18,517 [WARN] PackLoader:240 - Cannot read IP mode file for STMicroelectronics.X-CUBE-AZRTOS-H7.3.1.0
2023-12-30 14:37:18,518 [WARN] ConditionMgr:1039 - genDependencies : Invalid condition id : UX DEVICE CLASS RTOS Condition cause : null
2023-12-30 14:37:18,518 [WARN] ConditionMgr:1039 - genDependencies : Invalid condition id : UX DEVICE CLASS RTOS Condition cause : null
2023-12-30 14:37:18,520 [WARN] ConditionMgr:1039 - genDependencies : Invalid condition id : UX DEVICE CLASS RTOS Condition cause : null
2023-12-30 14:37:18,521 [WARN] ConditionMgr:1039 - genDependencies : Invalid condition id : UX DEVICE CLASS RTOS Condition cause : null
2023-12-30 14:37:18,521 [WARN] ConditionMgr:1039 - genDependencies : Invalid condition id : UX DEVICE CLASS RTOS Condition cause : null
2023-12-30 14:37:18,538 [WARN] PackLoader:240 - Cannot read IP mode file for wolfSSL.I-CUBE-wolfSSL.5.5.4
2023-12-30 14:37:18,555 [WARN] PackLoader:240 - Cannot read IP mode file for STMicroelectronics.X-CUBE-NFC7.1.0.1
2023-12-30 14:37:18,570 [WARN] PackLoader:240 - Cannot read IP mode file for STMicroelectronics.X-CUBE-NFC7.1.0.0
2023-12-30 14:37:18,587 [WARN] PackLoader:240 - Cannot read IP mode file for STMicroelectronics.X-CUBE-NFC6.3.0.0
2023-12-30 14:37:18,599 [WARN] PackLoader:240 - Cannot read IP mode file for STMicroelectronics.X-CUBE-EEPRMA1.4.1.0
2023-12-30 14:37:18,612 [WARN] PackLoader:240 - Cannot read IP mode file for STMicroelectronics.X-CUBE-AI.8.1.0
2023-12-30 14:37:18,639 [WARN] ConditionMgr:438 - getConditionDescription Invalid condition id : LAN8742 Phy interface Condition cause : null
2023-12-30 14:37:18,640 [WARN] PackLoader:240 - Cannot read IP mode file for STMicroelectronics.X-CUBE-AZRTOS-L4.2.0.0
2023-12-30 14:37:18,641 [WARN] ConditionMgr:1039 - genDependencies : Invalid condition id : LAN8742 Phy interface Condition cause : null
2023-12-30 14:37:18,641 [WARN] ConditionMgr:1039 - genDependencies : Invalid condition id : LAN8742 Phy interface Condition cause : null
2023-12-30 14:37:18,641 [WARN] ConditionMgr:1039 - genDependencies : Invalid condition id : LAN8742 Phy interface Condition cause : null
2023-12-30 14:37:18,655 [WARN] PackLoader:240 - Cannot read IP mode file for STMicroelectronics.X-CUBE-SFXS2LP1.4.0.0
2023-12-30 14:37:18,680 [WARN] PackLoader:240 - Cannot read IP mode file for STMicroelectronics.X-CUBE-AZRTOS-H7.3.0.0
2023-12-30 14:37:18,694 [WARN] PackLoader:240 - Cannot read IP mode file for STMicroelectronics.X-CUBE-ISPU.1.1.0
2023-12-30 14:37:18,709 [WARN] PackLoader:240 - Cannot read IP mode file for RoweBots.I-CUBE-UNISONRTOS.5.5.0-4
2023-12-30 14:37:18,717 [INFO] WebApp:780 - Register for checkConnection events
2023-12-30 14:37:18,717 [INFO] WebApp:414 - Apply proxy settings
2023-12-30 14:37:18,717 [INFO] WebApp:499 - Chromium requires no authentication
2023-12-30 14:37:18,720 [WARN] PackLoader:240 - Cannot read IP mode file for STMicroelectronics.X-CUBE-AI.8.0.0
2023-12-30 14:37:18,725 [INFO] WebApp:442 - Direct internet connection detected
2023-12-30 14:37:18,741 [WARN] ConditionMgr:438 - getConditionDescription Invalid condition id : UX DEVICE CLASS RTOS Condition cause : null
2023-12-30 14:37:18,741 [WARN] ConditionMgr:438 - getConditionDescription Invalid condition id : UX DEVICE CLASS RTOS Condition cause : null
2023-12-30 14:37:18,743 [WARN] PackLoader:240 - Cannot read IP mode file for STMicroelectronics.X-CUBE-AZRTOS-WB.2.0.0
2023-12-30 14:37:18,743 [WARN] ConditionMgr:1039 - genDependencies : Invalid condition id : UX DEVICE CLASS RTOS Condition cause : null
2023-12-30 14:37:18,743 [WARN] ConditionMgr:1039 - genDependencies : Invalid condition id : UX DEVICE CLASS RTOS Condition cause : null
2023-12-30 14:37:18,743 [WARN] ConditionMgr:1039 - genDependencies : Invalid condition id : UX DEVICE CLASS RTOS Condition cause : null
2023-12-30 14:37:18,744 [WARN] ConditionMgr:1039 - genDependencies : Invalid condition id : UX DEVICE CLASS RTOS Condition cause : null
2023-12-30 14:37:18,744 [WARN] ConditionMgr:1039 - genDependencies : Invalid condition id : UX DEVICE CLASS RTOS Condition cause : null
2023-12-30 14:37:18,755 [WARN] PackLoader:240 - Cannot read IP mode file for STMicroelectronics.X-CUBE-FREERTOS.1.0.0
2023-12-30 14:37:18,767 [WARN] PackLoader:240 - Cannot read IP mode file for STMicroelectronics.X-CUBE-FREERTOS.1.0.1
2023-12-30 14:37:18,789 [WARN] PackLoader:240 - Cannot read IP mode file for STMicroelectronics.X-CUBE-AZRTOS-L5.1.1.0
2023-12-30 14:37:18,804 [WARN] PackLoader:240 - Cannot read IP mode file for STMicroelectronics.X-CUBE-AI.8.0.1
2023-12-30 14:37:18,821 [WARN] PackLoader:240 - Cannot read IP mode file for STMicroelectronics.X-CUBE-SUBG2.5.0.0
2023-12-30 14:37:18,846 [WARN] PackLoader:240 - Cannot read IP mode file for STMicroelectronics.X-CUBE-TOF1.3.3.1
2023-12-30 14:37:18,882 [WARN] PackLoader:240 - Cannot read IP mode file for STMicroelectronics.X-CUBE-AZRTOS-G4.2.0.0
2023-12-30 14:37:18,909 [WARN] PackLoader:240 - Cannot read IP mode file for STMicroelectronics.X-CUBE-TOF1.3.3.0
2023-12-30 14:37:18,931 [WARN] PackLoader:240 - Cannot read IP mode file for STMicroelectronics.FP-ATR-ASTRA1.1.1.1
2023-12-30 14:37:18,943 [INFO] WebApp:192 - Starting web application
2023-12-30 14:37:18,943 [INFO] WebApp:544 - Web application path used D:\Program Files (x86)\STM32CubeIDE_1.11.2\STM32CubeIDE\plugins\com.st.stm32cube.common.mx_6.10.0.202311202037\db\plugins\mcufinder\reactClient1\index.html
2023-12-30 14:37:18,953 [WARN] PackLoader:240 - Cannot read IP mode file for Infineon.AIROC-Wi-Fi-Bluetooth-STM32.1.5.1
2023-12-30 14:37:18,967 [WARN] PackLoader:240 - Cannot read IP mode file for STMicroelectronics.FP-SNS-MOTENVWB1.1.3.0
2023-12-30 14:37:18,980 [WARN] PackLoader:240 - Cannot read IP mode file for STMicroelectronics.FP-SNS-MOTENVWB1.1.3.1
2023-12-30 14:37:19,001 [WARN] PackLoader:240 - Cannot read IP mode file for STMicroelectronics.X-CUBE-AZRTOS-G4.1.0.0
2023-12-30 14:37:19,026 [WARN] PackLoader:240 - Cannot read IP mode file for STMicroelectronics.X-CUBE-AZRTOS-L4.1.0.0
2023-12-30 14:37:19,038 [WARN] PackLoader:240 - Cannot read IP mode file for STMicroelectronics.X-CUBE-ISPU.2.0.0
2023-12-30 14:37:19,094 [WARN] PackLoader:240 - Cannot read IP mode file for STMicroelectronics.X-CUBE-MEMS1.10.0.0
2023-12-30 14:37:19,182 [WARN] PackLoader:240 - Cannot read IP mode file for STMicroelectronics.X-CUBE-FREERTOS.1.1.0
2023-12-30 14:37:19,199 [WARN] PackLoader:240 - Cannot read IP mode file for STMicroelectronics.X-CUBE-AZRTOS-WL.1.0.0
2023-12-30 14:37:19,212 [WARN] PackLoader:240 - Cannot read IP mode file for portGmbH.I-Cube-SoM-uGOAL.1.1.0
2023-12-30 14:37:19,221 [WARN] PackLoader:240 - Cannot read IP mode file for STMicroelectronics.X-CUBE-ALS.1.0.1
2023-12-30 14:37:19,241 [WARN] PackLoader:240 - Cannot read IP mode file for STMicroelectronics.X-CUBE-AZRTOS-WB.1.1.0
2023-12-30 14:37:19,251 [WARN] PackLoader:240 - Cannot read IP mode file for STMicroelectronics.FP-ATR-ASTRA1.2.0.0
2023-12-30 14:37:19,267 [WARN] PackLoader:240 - Cannot read IP mode file for STMicroelectronics.X-CUBE-TOF1.3.4.0
2023-12-30 14:37:19,301 [WARN] PackLoader:240 - Cannot read IP mode file for STMicroelectronics.X-CUBE-AZRTOS-H7.3.2.0
2023-12-30 14:37:19,305 [INFO] ThirdParty:978 - Integrity check success = true
2023-12-30 14:37:19,305 [INFO] IntegrityCheckThread:100 - exiting critical section [integrity check]
2023-12-30 14:37:19,305 [INFO] IntegrityCheckThread:103 - End integrity checks thread
2023-12-30 14:37:39,614 [ERROR] LogOutputStream:75 - [STDERR_REDIRECT] SLF4J: Failed to load class "org.slf4j.impl.StaticLoggerBinder".
2023-12-30 14:37:39,614 [ERROR] LogOutputStream:75 - [STDERR_REDIRECT] SLF4J: Defaulting to no-operation (NOP) logger implementation
2023-12-30 14:37:39,615 [ERROR] LogOutputStream:75 - [STDERR_REDIRECT] SLF4J: See http://www.slf4j.org/codes.html#StaticLoggerBinder for further details.
2023-12-30 17:59:34,972 [ERROR] LogOutputStream:75 - [STDERR_REDIRECT] 
