2023-12-13 14:16:46,034 [INFO] Activator:176 - 


2023-12-13 14:16:46,041 [INFO] Activator:177 - !SESSION log4j initialized
2023-12-13 14:16:52,112 [INFO] LogOutputStream:77 - [STDOUT_REDIRECT] 
2023-12-13 14:16:57,304 [INFO] ApplicationProperties:184 - Using Application install path: D:\Program Files (x86)\STM32CubeIDE_1.11.2\STM32CubeIDE\plugins\com.st.stm32cube.common.mx_6.9.2.202309101412
2023-12-13 14:16:57,330 [INFO] DbMcusXml:78 - Set database path to: D:\Program Files (x86)\STM32CubeIDE_1.11.2\STM32CubeIDE\plugins\com.st.stm32cube.common.mx_6.9.2.202309101412\\db\/mcu/
2023-12-13 14:16:57,331 [INFO] ApiDb:274 - Set plugin database path to: D:\Program Files (x86)\STM32CubeIDE_1.11.2\STM32CubeIDE\plugins\com.st.stm32cube.common.mx_6.9.2.202309101412\\db\/plugins/boardmanager/
2023-12-13 14:16:57,331 [WARN] ApiDb:259 - Overriding images path with different value:  => D:\Program Files (x86)\STM32CubeIDE_1.11.2\STM32CubeIDE\plugins\com.st.stm32cube.common.mx_6.9.2.202309101412\\db\/plugins/mcufinder/images/
2023-12-13 14:16:57,346 [INFO] ApiDb:250 - Set database path to: C:\Users\miqix\.stmcufinder\plugins\mcufinder//mcu/
2023-12-13 14:16:57,347 [INFO] DbMcusAds:125 - Set database path to: C:\Users\miqix\.stmcufinder\plugins\mcufinder//mcu/
2023-12-13 14:16:57,349 [INFO] CrossReferenceDbSqlite:203 - Set database path to: C:\Users\miqix\.stmcufinder\plugins\mcufinder//mcu/cs/
2023-12-13 14:16:57,526 [INFO] RulesReader:64 - Compatibility file has been processed (293 Rules)
2023-12-13 14:16:57,656 [INFO] DbMcusXml:78 - Set database path to: D:\Program Files (x86)\STM32CubeIDE_1.11.2\STM32CubeIDE\plugins\com.st.stm32cube.common.mx_6.9.2.202309101412\\db\/mcu/
2023-12-13 14:16:57,656 [INFO] ApiDb:274 - Set plugin database path to: D:\Program Files (x86)\STM32CubeIDE_1.11.2\STM32CubeIDE\plugins\com.st.stm32cube.common.mx_6.9.2.202309101412\\db\/plugins/boardmanager/
2023-12-13 14:16:57,657 [INFO] ApiDb:261 - Set plugin images path to: D:\Program Files (x86)\STM32CubeIDE_1.11.2\STM32CubeIDE\plugins\com.st.stm32cube.common.mx_6.9.2.202309101412\\db\/plugins/mcufinder/images/
2023-12-13 14:16:57,657 [WARN] DbFile:41 - Overriding database path with different value: C:\Users\miqix\.stmcufinder\plugins\mcufinder/ => C:\Users\miqix\.stmcufinder\plugins\mcufinder
2023-12-13 14:16:57,657 [INFO] ApiDb:250 - Set database path to: C:\Users\miqix\.stmcufinder\plugins\mcufinder//mcu/
2023-12-13 14:16:57,657 [WARN] DbFile:41 - Overriding database path with different value: C:\Users\miqix\.stmcufinder\plugins\mcufinder/ => C:\Users\miqix\.stmcufinder\plugins\mcufinder
2023-12-13 14:16:57,657 [INFO] DbMcusAds:125 - Set database path to: C:\Users\miqix\.stmcufinder\plugins\mcufinder//mcu/
2023-12-13 14:16:57,658 [WARN] DbFile:41 - Overriding database path with different value: C:\Users\miqix\.stmcufinder\plugins\mcufinder/ => C:\Users\miqix\.stmcufinder\plugins\mcufinder
2023-12-13 14:16:57,658 [WARN] DbFile:41 - Overriding database path with different value: C:\Users\miqix\.stmcufinder\plugins\mcufinder/ => C:\Users\miqix\.stmcufinder\plugins\mcufinder
2023-12-13 14:16:57,658 [INFO] CrossReferenceDbSqlite:203 - Set database path to: C:\Users\miqix\.stmcufinder\plugins\mcufinder//mcu/cs/
2023-12-13 14:16:57,775 [INFO] MainPanel:262 - HeapMemory: 268435456
2023-12-13 14:16:57,917 [INFO] DbMcusXml:78 - Set database path to: D:\Program Files (x86)\STM32CubeIDE_1.11.2\STM32CubeIDE\plugins\com.st.stm32cube.common.mx_6.9.2.202309101412\\db\/mcu/
2023-12-13 14:16:57,917 [INFO] ApiDb:274 - Set plugin database path to: D:\Program Files (x86)\STM32CubeIDE_1.11.2\STM32CubeIDE\plugins\com.st.stm32cube.common.mx_6.9.2.202309101412\\db\/plugins/boardmanager/
2023-12-13 14:16:57,918 [INFO] ApiDb:261 - Set plugin images path to: D:\Program Files (x86)\STM32CubeIDE_1.11.2\STM32CubeIDE\plugins\com.st.stm32cube.common.mx_6.9.2.202309101412\\db\/plugins/mcufinder/images/
2023-12-13 14:16:57,918 [WARN] DbFile:41 - Overriding database path with different value: C:\Users\miqix\.stmcufinder\plugins\mcufinder/ => C:\Users\miqix\.stmcufinder\plugins\mcufinder
2023-12-13 14:16:57,918 [INFO] ApiDb:250 - Set database path to: C:\Users\miqix\.stmcufinder\plugins\mcufinder//mcu/
2023-12-13 14:16:57,918 [WARN] DbFile:41 - Overriding database path with different value: C:\Users\miqix\.stmcufinder\plugins\mcufinder/ => C:\Users\miqix\.stmcufinder\plugins\mcufinder
2023-12-13 14:16:57,918 [INFO] DbMcusAds:125 - Set database path to: C:\Users\miqix\.stmcufinder\plugins\mcufinder//mcu/
2023-12-13 14:16:57,918 [WARN] DbFile:41 - Overriding database path with different value: C:\Users\miqix\.stmcufinder\plugins\mcufinder/ => C:\Users\miqix\.stmcufinder\plugins\mcufinder
2023-12-13 14:16:57,920 [WARN] DbFile:41 - Overriding database path with different value: C:\Users\miqix\.stmcufinder\plugins\mcufinder/ => C:\Users\miqix\.stmcufinder\plugins\mcufinder
2023-12-13 14:16:57,920 [INFO] CrossReferenceDbSqlite:203 - Set database path to: C:\Users\miqix\.stmcufinder\plugins\mcufinder//mcu/cs/
2023-12-13 14:16:57,949 [INFO] ApplicationProperties:184 - Using Application install path: D:\Program Files (x86)\STM32CubeIDE_1.11.2\STM32CubeIDE\plugins\com.st.stm32cube.common.mx_6.9.2.202309101412
2023-12-13 14:16:57,951 [INFO] PluginManage:196 - Search for loadable plugins [exclusion list=, ]
2023-12-13 14:16:57,952 [INFO] PluginManage:310 - Check plugin analytics
2023-12-13 14:16:58,266 [INFO] AnalyticsPlugin:253 - Accepted Software Licenses: 
2023-12-13 14:16:58,266 [INFO] AnalyticsPlugin:255 - Accepted CMSIS Pack Licenses: 
2023-12-13 14:16:58,267 [INFO] AnalyticsPlugin:257 - Accepted Firmware Licenses: 
2023-12-13 14:16:58,271 [INFO] PluginManage:359 - Loaded plugin analytics (category:tool,tabindex:-1)
2023-12-13 14:16:58,271 [INFO] PluginManage:310 - Check plugin cadmodel
2023-12-13 14:16:58,297 [INFO] CADModel:105 - Init CAD model plugin
2023-12-13 14:16:58,297 [INFO] PluginManage:359 - Loaded plugin cadmodel (category:power,tabindex:5)
2023-12-13 14:16:58,299 [INFO] PluginManage:310 - Check plugin clock
2023-12-13 14:16:58,332 [INFO] PluginManage:359 - Loaded plugin clock (category:base,tabindex:2)
2023-12-13 14:16:58,333 [INFO] PluginManage:310 - Check plugin ddr
2023-12-13 14:16:58,335 [INFO] PluginManage:359 - Loaded plugin ddr (category:tool,tabindex:6)
2023-12-13 14:16:58,336 [INFO] PluginManage:310 - Check plugin filemanager
2023-12-13 14:16:58,578 [INFO] PluginManage:359 - Loaded plugin filemanager (category:base,tabindex:10)
2023-12-13 14:16:58,578 [INFO] PluginManage:310 - Check plugin ipmanager
2023-12-13 14:16:58,591 [INFO] PluginManage:359 - Loaded plugin ipmanager (category:base,tabindex:5)
2023-12-13 14:16:58,591 [INFO] PluginManage:310 - Check plugin lpbam
2023-12-13 14:16:58,616 [INFO] PluginManage:359 - Loaded plugin lpbam (category:base,tabindex:0)
2023-12-13 14:16:58,616 [INFO] PluginManage:310 - Check plugin memorymap
2023-12-13 14:16:58,653 [INFO] PluginManage:359 - Loaded plugin memorymap (category:base,tabindex:4)
2023-12-13 14:16:58,653 [INFO] PluginManage:310 - Check plugin pinoutandconfiguration
2023-12-13 14:16:58,675 [INFO] PluginManage:359 - Loaded plugin pinoutandconfiguration (category:base,tabindex:1)
2023-12-13 14:16:58,676 [INFO] PluginManage:310 - Check plugin pinoutconfig
2023-12-13 14:16:58,823 [WARN] SupportedApi:132 - Cannot load RTOS API schema: s4s-elt-must-match.1: The content of 'definitions' must match (annotation?, (simpleType | complexType)?, (unique | key | keyref)*)). A problem was found starting at: attribute.
2023-12-13 14:16:59,017 [INFO] PluginManage:359 - Loaded plugin pinoutconfig (category:base,tabindex:0)
2023-12-13 14:16:59,017 [INFO] PluginManage:310 - Check plugin power
2023-12-13 14:16:59,047 [INFO] PluginManage:359 - Loaded plugin power (category:power,tabindex:4)
2023-12-13 14:16:59,047 [INFO] PluginManage:310 - Check plugin projectmanager
2023-12-13 14:16:59,066 [INFO] PluginManage:359 - Loaded plugin projectmanager (category:projectmanager,tabindex:3)
2023-12-13 14:16:59,066 [INFO] PluginManage:310 - Check plugin thirdparty
2023-12-13 14:16:59,414 [INFO] PluginManage:359 - Loaded plugin thirdparty (category:base,tabindex:-1)
2023-12-13 14:16:59,414 [INFO] PluginManage:310 - Check plugin tools
2023-12-13 14:16:59,414 [WARN] IntegrityCheckThread:84 - waiting for thirdparty lock release [integrity check]
2023-12-13 14:16:59,414 [INFO] IntegrityCheckThread:86 - entering critical section [integrity check]
2023-12-13 14:16:59,415 [INFO] ThirdPartyUpdaterWithRetryManager:70 - Updater plugin not ready yet. [1/15]
2023-12-13 14:16:59,454 [INFO] PluginManage:359 - Loaded plugin tools (category:base,tabindex:7)
2023-12-13 14:16:59,455 [INFO] PluginManage:310 - Check plugin tutovideos
2023-12-13 14:16:59,732 [INFO] PluginManage:359 - Loaded plugin tutovideos (category:base,tabindex:-1)
2023-12-13 14:16:59,732 [INFO] PluginManage:310 - Check plugin updater
2023-12-13 14:16:59,749 [INFO] PluginManage:359 - Loaded plugin updater (category:base,tabindex:12)
2023-12-13 14:16:59,749 [INFO] PluginManage:310 - Check plugin userauth
2023-12-13 14:16:59,757 [INFO] UserAuth:113 - Init User Auth plugin
2023-12-13 14:16:59,757 [INFO] PluginManage:359 - Loaded plugin userauth (category:base,tabindex:14)
2023-12-13 14:16:59,758 [INFO] PluginManage:283 - PluginManage : Loaded plugins [17]
2023-12-13 14:17:00,105 [INFO] PinOutPanel:1499 - setPackage(No Configuration,No Configuration)
2023-12-13 14:17:00,232 [INFO] CADModel:165 - CPN selected for project level
2023-12-13 14:17:00,233 [INFO] CADModel:114 - Register for checkConnection events
2023-12-13 14:17:00,262 [INFO] IPUIPlugin:80 - create IPUIPlugin
2023-12-13 14:17:00,262 [INFO] PluginManager:220 - loadIPPluginJar : add adc
2023-12-13 14:17:00,297 [INFO] IPUIPlugin:80 - create IPUIPlugin
2023-12-13 14:17:00,297 [INFO] PluginManager:220 - loadIPPluginJar : add aes
2023-12-13 14:17:00,336 [INFO] IPUIPlugin:80 - create IPUIPlugin
2023-12-13 14:17:00,336 [INFO] PluginManager:220 - loadIPPluginJar : add can
2023-12-13 14:17:00,358 [INFO] IPUIPlugin:80 - create IPUIPlugin
2023-12-13 14:17:00,358 [INFO] PluginManager:220 - loadIPPluginJar : add comp
2023-12-13 14:17:00,391 [INFO] IPUIPlugin:80 - create IPUIPlugin
2023-12-13 14:17:00,391 [INFO] PluginManager:220 - loadIPPluginJar : add cryp
2023-12-13 14:17:00,418 [INFO] IPUIPlugin:80 - create IPUIPlugin
2023-12-13 14:17:00,418 [INFO] PluginManager:220 - loadIPPluginJar : add dfsdm
2023-12-13 14:17:00,432 [INFO] IPUIPlugin:80 - create IPUIPlugin
2023-12-13 14:17:00,432 [INFO] PluginManager:220 - loadIPPluginJar : add dma
2023-12-13 14:17:00,471 [INFO] IPUIPlugin:80 - create IPUIPlugin
2023-12-13 14:17:00,471 [INFO] PluginManager:220 - loadIPPluginJar : add dma3
2023-12-13 14:17:00,490 [INFO] IPUIPlugin:80 - create IPUIPlugin
2023-12-13 14:17:00,490 [INFO] PluginManager:220 - loadIPPluginJar : add fatfs
2023-12-13 14:17:00,545 [INFO] IPUIPlugin:80 - create IPUIPlugin
2023-12-13 14:17:00,545 [INFO] PluginManager:220 - loadIPPluginJar : add fmc
2023-12-13 14:17:00,561 [INFO] IPUIPlugin:80 - create IPUIPlugin
2023-12-13 14:17:00,561 [INFO] PluginManager:220 - loadIPPluginJar : add freertos
2023-12-13 14:17:00,579 [INFO] IPUIPlugin:80 - create IPUIPlugin
2023-12-13 14:17:00,579 [INFO] PluginManager:220 - loadIPPluginJar : add genericplugin
2023-12-13 14:17:00,654 [INFO] IPUIPlugin:80 - create IPUIPlugin
2023-12-13 14:17:00,655 [INFO] PluginManager:220 - loadIPPluginJar : add gfxmmu
2023-12-13 14:17:00,759 [INFO] IPUIPlugin:80 - create IPUIPlugin
2023-12-13 14:17:00,759 [INFO] PluginManager:220 - loadIPPluginJar : add gic
2023-12-13 14:17:00,773 [INFO] IPUIPlugin:80 - create IPUIPlugin
2023-12-13 14:17:00,773 [INFO] PluginManager:220 - loadIPPluginJar : add gpio
2023-12-13 14:17:00,852 [INFO] IPUIPlugin:80 - create IPUIPlugin
2023-12-13 14:17:00,852 [INFO] PluginManager:220 - loadIPPluginJar : add gtzc
2023-12-13 14:17:00,879 [INFO] IPUIPlugin:80 - create IPUIPlugin
2023-12-13 14:17:00,879 [INFO] PluginManager:220 - loadIPPluginJar : add hash
2023-12-13 14:17:00,923 [INFO] IPUIPlugin:80 - create IPUIPlugin
2023-12-13 14:17:00,923 [INFO] PluginManager:220 - loadIPPluginJar : add i2c
2023-12-13 14:17:00,958 [INFO] IPUIPlugin:80 - create IPUIPlugin
2023-12-13 14:17:00,958 [INFO] PluginManager:220 - loadIPPluginJar : add i2s
2023-12-13 14:17:00,994 [INFO] IPUIPlugin:80 - create IPUIPlugin
2023-12-13 14:17:00,994 [INFO] PluginManager:220 - loadIPPluginJar : add i3c
2023-12-13 14:17:01,084 [INFO] IPUIPlugin:80 - create IPUIPlugin
2023-12-13 14:17:01,084 [INFO] PluginManager:220 - loadIPPluginJar : add ipddr
2023-12-13 14:17:01,161 [INFO] IPUIPlugin:80 - create IPUIPlugin
2023-12-13 14:17:01,161 [INFO] PluginManager:220 - loadIPPluginJar : add linkedlist
2023-12-13 14:17:01,193 [INFO] IPUIPlugin:80 - create IPUIPlugin
2023-12-13 14:17:01,194 [INFO] PluginManager:220 - loadIPPluginJar : add lorawan
2023-12-13 14:17:01,224 [INFO] IPUIPlugin:80 - create IPUIPlugin
2023-12-13 14:17:01,225 [INFO] PluginManager:220 - loadIPPluginJar : add ltdc
2023-12-13 14:17:01,242 [INFO] IPUIPlugin:80 - create IPUIPlugin
2023-12-13 14:17:01,242 [INFO] PluginManager:220 - loadIPPluginJar : add mdma
2023-12-13 14:17:01,255 [INFO] IPUIPlugin:80 - create IPUIPlugin
2023-12-13 14:17:01,255 [INFO] PluginManager:220 - loadIPPluginJar : add nvic
2023-12-13 14:17:01,285 [INFO] IPUIPlugin:80 - create IPUIPlugin
2023-12-13 14:17:01,285 [INFO] PluginManager:220 - loadIPPluginJar : add opamp
2023-12-13 14:17:01,356 [INFO] IPUIPlugin:80 - create IPUIPlugin
2023-12-13 14:17:01,357 [INFO] PluginManager:220 - loadIPPluginJar : add openamp
2023-12-13 14:17:01,395 [INFO] IPUIPlugin:80 - create IPUIPlugin
2023-12-13 14:17:01,395 [INFO] PluginManager:220 - loadIPPluginJar : add pdm2pcm
2023-12-13 14:17:01,410 [INFO] IPUIPlugin:80 - create IPUIPlugin
2023-12-13 14:17:01,412 [INFO] PluginManager:220 - loadIPPluginJar : add plateformsettings
2023-12-13 14:17:01,432 [INFO] IPUIPlugin:80 - create IPUIPlugin
2023-12-13 14:17:01,432 [INFO] PluginManager:220 - loadIPPluginJar : add quadspi
2023-12-13 14:17:01,443 [INFO] IPUIPlugin:80 - create IPUIPlugin
2023-12-13 14:17:01,444 [INFO] PluginManager:220 - loadIPPluginJar : add resmgrutility
2023-12-13 14:17:01,506 [INFO] IPUIPlugin:80 - create IPUIPlugin
2023-12-13 14:17:01,506 [INFO] PluginManager:220 - loadIPPluginJar : add sai
2023-12-13 14:17:01,538 [INFO] IPUIPlugin:80 - create IPUIPlugin
2023-12-13 14:17:01,539 [INFO] PluginManager:220 - loadIPPluginJar : add spi
2023-12-13 14:17:01,591 [INFO] IPUIPlugin:80 - create IPUIPlugin
2023-12-13 14:17:01,591 [INFO] PluginManager:220 - loadIPPluginJar : add stm32_wpan
2023-12-13 14:17:01,611 [INFO] IPUIPlugin:80 - create IPUIPlugin
2023-12-13 14:17:01,611 [INFO] PluginManager:220 - loadIPPluginJar : add tim
2023-12-13 14:17:01,659 [INFO] IPUIPlugin:80 - create IPUIPlugin
2023-12-13 14:17:01,659 [INFO] PluginManager:220 - loadIPPluginJar : add touchsensing
2023-12-13 14:17:01,679 [INFO] IPUIPlugin:80 - create IPUIPlugin
2023-12-13 14:17:01,679 [INFO] PluginManager:220 - loadIPPluginJar : add tracer_emb
2023-12-13 14:17:01,699 [INFO] IPUIPlugin:80 - create IPUIPlugin
2023-12-13 14:17:01,699 [INFO] PluginManager:220 - loadIPPluginJar : add ts
2023-12-13 14:17:01,718 [INFO] IPUIPlugin:80 - create IPUIPlugin
2023-12-13 14:17:01,718 [INFO] PluginManager:220 - loadIPPluginJar : add tsc
2023-12-13 14:17:01,738 [INFO] IPUIPlugin:80 - create IPUIPlugin
2023-12-13 14:17:01,738 [INFO] PluginManager:220 - loadIPPluginJar : add ucpd
2023-12-13 14:17:01,775 [INFO] IPUIPlugin:80 - create IPUIPlugin
2023-12-13 14:17:01,775 [INFO] PluginManager:220 - loadIPPluginJar : add usart
2023-12-13 14:17:01,812 [INFO] IPUIPlugin:80 - create IPUIPlugin
2023-12-13 14:17:01,812 [INFO] PluginManager:220 - loadIPPluginJar : add usbx
2023-12-13 14:17:01,935 [INFO] CADModel:165 - CPN selected for project level
2023-12-13 14:17:01,936 [INFO] CADModel:114 - Register for checkConnection events
2023-12-13 14:17:01,936 [FATAL] Updater:308 - Updater called before beeing initialized
2023-12-13 14:17:01,936 [ERROR] CADModel:125 - Updater not yet initialized, retry later 
2023-12-13 14:17:02,088 [INFO] CADModel:165 - CPN selected for project level
2023-12-13 14:17:02,089 [INFO] CADModel:114 - Register for checkConnection events
2023-12-13 14:17:02,089 [FATAL] Updater:308 - Updater called before beeing initialized
2023-12-13 14:17:02,089 [ERROR] CADModel:125 - Updater not yet initialized, retry later 
2023-12-13 14:17:02,093 [FATAL] Updater:308 - Updater called before beeing initialized
2023-12-13 14:17:02,204 [FATAL] Updater:308 - Updater called before beeing initialized
2023-12-13 14:17:02,214 [INFO] DbMcusAds:53 - JSON generation date=Tue Mar 07 09:50:55 CET 2023 (1678179055335)
2023-12-13 14:17:02,214 [FATAL] Updater:308 - Updater called before beeing initialized
2023-12-13 14:17:02,296 [WARN] DetailPanel:346 - Failed to get advertising image, set to default
2023-12-13 14:17:02,416 [INFO] ThirdPartyUpdaterWithRetryManager:70 - Updater plugin not ready yet. [2/15]
2023-12-13 14:17:02,416 [FATAL] Updater:308 - Updater called before beeing initialized
2023-12-13 14:17:02,419 [FATAL] Updater:308 - Updater called before beeing initialized
2023-12-13 14:17:02,419 [FATAL] Updater:308 - Updater called before beeing initialized
2023-12-13 14:17:02,419 [WARN] DetailPanel:346 - Failed to get advertising image, set to default
2023-12-13 14:17:02,419 [FATAL] Updater:308 - Updater called before beeing initialized
2023-12-13 14:17:02,473 [ERROR] Updater:1120 - MainUpdater not yet initialized. External WinMGr cannot be set.
2023-12-13 14:17:02,485 [INFO] Updater:1056 - Updater Version found : 6.9.2
2023-12-13 14:17:02,502 [INFO] ApplicationProperties:184 - Using Application install path: D:\Program Files (x86)\STM32CubeIDE_1.11.2\STM32CubeIDE\plugins\com.st.stm32cube.common.mx_6.9.2.202309101412
2023-12-13 14:17:02,910 [INFO] MainUpdater:2868 - connection check result : 10
2023-12-13 14:17:02,911 [INFO] MainUpdater:285 - Updater Check For Update Now.
2023-12-13 14:17:02,911 [INFO] MicroXplorer:498 - Change Database Version : DB.6.0.92
2023-12-13 14:17:02,933 [INFO] McuFinderGlobals:63 - Set McuFinder mode to 2 (CubeIDE integrated)
2023-12-13 14:17:02,934 [INFO] UserAuth:179 - activating auth plugin
2023-12-13 14:17:02,938 [INFO] UserAuth:393 - Internet connection configuration mode: 1
2023-12-13 14:17:02,969 [INFO] JxBrowserEngine:151 - Initiate JxBrowser Engine with user profile folder
2023-12-13 14:17:03,137 [INFO] CheckServerUpdateThread:120 - End of CheckServer Thread
2023-12-13 14:17:05,822 [INFO] WebApp:157 - Instantiating new browser for Auth
2023-12-13 14:17:05,838 [WARN] PackLoader:240 - Cannot read IP mode file for STMicroelectronics.X-CUBE-SMBUS.2.1.0
2023-12-13 14:17:05,912 [WARN] PackLoader:240 - Cannot read IP mode file for STMicroelectronics.X-CUBE-AZRTOS-F7.1.1.0
2023-12-13 14:17:05,938 [ERROR] RealEvaluatedCondition:428 - Found unsupported composite condition: CLASS='Data Exchange' GROUP='STM32_MetaDataManager'
2023-12-13 14:17:05,938 [ERROR] RealEvaluatedCondition:428 - Found unsupported composite condition: GROUP='STM32_MetaDataManager' CLASS='Data Exchange'
2023-12-13 14:17:05,940 [WARN] PackLoader:240 - Cannot read IP mode file for STMicroelectronics.FP-SNS-MOTENV1.4.3.0
2023-12-13 14:17:05,964 [WARN] PackLoader:240 - Cannot read IP mode file for STMicroelectronics.FP-SNS-MOTENV1.4.3.2
2023-12-13 14:17:05,983 [WARN] PackLoader:240 - Cannot read IP mode file for STMicroelectronics.FP-SNS-FLIGHT1.5.0.0
2023-12-13 14:17:05,998 [ERROR] RealEvaluatedCondition:428 - Found unsupported composite condition: GROUP='STM32_MetaDataManager' CLASS='Data Exchange'
2023-12-13 14:17:05,998 [ERROR] RealEvaluatedCondition:428 - Found unsupported composite condition: GROUP='STM32_MetaDataManager' CLASS='Data Exchange'
2023-12-13 14:17:06,000 [WARN] PackLoader:240 - Cannot read IP mode file for STMicroelectronics.FP-SNS-MOTENV1.4.3.1
2023-12-13 14:17:06,019 [WARN] PackLoader:240 - Cannot read IP mode file for STMicroelectronics.FP-SNS-FLIGHT1.5.0.1
2023-12-13 14:17:06,045 [WARN] PackLoader:240 - Cannot read IP mode file for STMicroelectronics.X-CUBE-BLE1.6.2.4
2023-12-13 14:17:06,062 [WARN] PackLoader:240 - Cannot read IP mode file for STMicroelectronics.FP-SNS-FLIGHT1.5.0.2
2023-12-13 14:17:06,092 [WARN] PackLoader:240 - Cannot read IP mode file for STMicroelectronics.X-CUBE-DISPLAY.3.0.0
2023-12-13 14:17:06,116 [WARN] PackLoader:240 - Cannot read IP mode file for STMicroelectronics.X-CUBE-BLE1.7.0.0
2023-12-13 14:17:06,133 [WARN] PackLoader:240 - Cannot read IP mode file for STMicroelectronics.X-CUBE-TOUCHGFX.4.22.0
2023-12-13 14:17:06,146 [WARN] PackLoader:240 - Cannot read IP mode file for STMicroelectronics.X-CUBE-TOUCHGFX.4.22.1
2023-12-13 14:17:06,161 [WARN] PackLoader:240 - Cannot read IP mode file for STMicroelectronics.FP-SNS-SMARTAG2.1.2.0
2023-12-13 14:17:06,183 [INFO] LogOutputStream:77 - [STDOUT_REDIRECT] 1 : Invalid condition id : UX_CORESTACK_Condition cause : null
2023-12-13 14:17:06,183 [INFO] LogOutputStream:77 - [STDOUT_REDIRECT] 1 : Invalid condition id : UX_CORESTACK_Condition cause : null
2023-12-13 14:17:06,186 [INFO] LogOutputStream:77 - [STDOUT_REDIRECT] 1 : Invalid condition id : UX_CORESTACK_Condition cause : null
2023-12-13 14:17:06,187 [INFO] LogOutputStream:77 - [STDOUT_REDIRECT] 1 : Invalid condition id : UX_CORESTACK_Condition cause : null
2023-12-13 14:17:06,189 [INFO] LogOutputStream:77 - [STDOUT_REDIRECT] 1 : Invalid condition id : UX_CORESTACK_Condition cause : null
2023-12-13 14:17:06,193 [WARN] PackLoader:240 - Cannot read IP mode file for STMicroelectronics.X-CUBE-AZRTOS-WL.2.0.0
2023-12-13 14:17:06,212 [WARN] PackLoader:240 - Cannot read IP mode file for WES.I-CUBE-Cesium.1.3.0
2023-12-13 14:17:06,226 [WARN] PackLoader:240 - Cannot read IP mode file for STMicroelectronics.X-CUBE-BLE2.3.3.0
2023-12-13 14:17:06,248 [WARN] PackLoader:240 - Cannot read IP mode file for STMicroelectronics.X-CUBE-TOF1.3.2.0
2023-12-13 14:17:06,269 [WARN] PackLoader:240 - Cannot read IP mode file for STMicroelectronics.X-CUBE-TOUCHGFX.4.21.1
2023-12-13 14:17:06,281 [WARN] PackLoader:240 - Cannot read IP mode file for STMicroelectronics.X-CUBE-TOUCHGFX.4.21.3
2023-12-13 14:17:06,294 [WARN] PackLoader:240 - Cannot read IP mode file for STMicroelectronics.X-CUBE-TOUCHGFX.4.21.4
2023-12-13 14:17:06,406 [WARN] PackLoader:240 - Cannot read IP mode file for STMicroelectronics.X-CUBE-MEMS1.9.4.0
2023-12-13 14:17:06,619 [WARN] PackLoader:240 - Cannot read IP mode file for STMicroelectronics.X-CUBE-AI.7.3.0
2023-12-13 14:17:06,639 [WARN] PackLoader:240 - Cannot read IP mode file for STMicroelectronics.X-CUBE-ALGOBUILD.1.3.0
2023-12-13 14:17:06,669 [WARN] PackLoader:240 - Cannot read IP mode file for STMicroelectronics.X-CUBE-AZRTOS-G0.1.1.0
2023-12-13 14:17:06,686 [WARN] PackLoader:240 - Cannot read IP mode file for STMicroelectronics.X-CUBE-NFC4.3.0.0
2023-12-13 14:17:06,705 [WARN] PackLoader:240 - Cannot read IP mode file for STMicroelectronics.X-CUBE-BLEMGR.3.0.0
2023-12-13 14:17:06,722 [WARN] PackLoader:240 - Cannot read IP mode file for STMicroelectronics.X-CUBE-BLEMGR.1.3.0
2023-12-13 14:17:06,736 [WARN] PackLoader:240 - Cannot read IP mode file for STMicroelectronics.FP-ATR-SIGFOX1.3.2.0
2023-12-13 14:17:06,802 [WARN] PackLoader:240 - Cannot read IP mode file for STMicroelectronics.X-CUBE-MEMS1.9.5.0
2023-12-13 14:17:06,845 [INFO] WebApp:753 - Register for checkConnection events
2023-12-13 14:17:06,845 [INFO] WebApp:390 - Apply proxy settings
2023-12-13 14:17:06,845 [INFO] WebApp:475 - Chromium requires no authentication
2023-12-13 14:17:06,865 [INFO] WebApp:418 - Direct internet connection detected
2023-12-13 14:17:06,975 [WARN] PackLoader:240 - Cannot read IP mode file for SEGGER.I-CUBE-embOS.1.3.1
2023-12-13 14:17:07,024 [WARN] PackLoader:240 - Cannot read IP mode file for STMicroelectronics.X-CUBE-GNSS1.6.0.0
2023-12-13 14:17:07,056 [WARN] PackLoader:240 - Cannot read IP mode file for STMicroelectronics.X-CUBE-AZRTOS-F4.1.1.0
2023-12-13 14:17:07,102 [WARN] PackLoader:240 - Cannot read IP mode file for STMicroelectronics.X-CUBE-AZRTOS-L5.2.0.0
2023-12-13 14:17:07,157 [WARN] PackLoader:240 - Cannot read IP mode file for STMicroelectronics.X-CUBE-MEMS1.9.6.0
2023-12-13 14:17:07,160 [INFO] WebApp:188 - Starting web application
2023-12-13 14:17:07,160 [INFO] WebApp:520 - Web application path used D:\Program Files (x86)\STM32CubeIDE_1.11.2\STM32CubeIDE\plugins\com.st.stm32cube.common.mx_6.9.2.202309101412\db\plugins\mcufinder\reactClient1\index.html
2023-12-13 14:17:07,300 [WARN] PackLoader:240 - Cannot read IP mode file for STMicroelectronics.X-CUBE-EEPRMA1.4.2.0
2023-12-13 14:17:07,314 [WARN] PackLoader:240 - Cannot read IP mode file for ITTIA_DB.I-CUBE-ITTIADB.8.8.0
2023-12-13 14:17:07,330 [WARN] PackLoader:240 - Cannot read IP mode file for emotas.I-CUBE-CANOPEN.1.1.3
2023-12-13 14:17:07,350 [WARN] PackLoader:240 - Cannot read IP mode file for STMicroelectronics.X-CUBE-BLEMGR.2.0.0
2023-12-13 14:17:07,395 [WARN] ConditionMgr:438 - getConditionDescription Invalid condition id : UX DEVICE CLASS RTOS Condition cause : null
2023-12-13 14:17:07,395 [WARN] ConditionMgr:438 - getConditionDescription Invalid condition id : UX DEVICE CLASS RTOS Condition cause : null
2023-12-13 14:17:07,398 [WARN] PackLoader:240 - Cannot read IP mode file for STMicroelectronics.X-CUBE-AZRTOS-H7.3.1.0
2023-12-13 14:17:07,398 [WARN] ConditionMgr:1039 - genDependencies : Invalid condition id : UX DEVICE CLASS RTOS Condition cause : null
2023-12-13 14:17:07,398 [WARN] ConditionMgr:1039 - genDependencies : Invalid condition id : UX DEVICE CLASS RTOS Condition cause : null
2023-12-13 14:17:07,400 [WARN] ConditionMgr:1039 - genDependencies : Invalid condition id : UX DEVICE CLASS RTOS Condition cause : null
2023-12-13 14:17:07,400 [WARN] ConditionMgr:1039 - genDependencies : Invalid condition id : UX DEVICE CLASS RTOS Condition cause : null
2023-12-13 14:17:07,401 [WARN] ConditionMgr:1039 - genDependencies : Invalid condition id : UX DEVICE CLASS RTOS Condition cause : null
2023-12-13 14:17:07,416 [WARN] PackLoader:240 - Cannot read IP mode file for wolfSSL.I-CUBE-wolfSSL.5.5.4
2023-12-13 14:17:07,433 [WARN] PackLoader:240 - Cannot read IP mode file for STMicroelectronics.X-CUBE-NFC7.1.0.1
2023-12-13 14:17:07,449 [WARN] PackLoader:240 - Cannot read IP mode file for STMicroelectronics.X-CUBE-NFC7.1.0.0
2023-12-13 14:17:07,466 [WARN] PackLoader:240 - Cannot read IP mode file for STMicroelectronics.X-CUBE-NFC6.3.0.0
2023-12-13 14:17:07,481 [WARN] PackLoader:240 - Cannot read IP mode file for STMicroelectronics.X-CUBE-EEPRMA1.4.1.0
2023-12-13 14:17:07,493 [WARN] PackLoader:240 - Cannot read IP mode file for STMicroelectronics.X-CUBE-AI.8.1.0
2023-12-13 14:17:07,523 [WARN] ConditionMgr:438 - getConditionDescription Invalid condition id : LAN8742 Phy interface Condition cause : null
2023-12-13 14:17:07,523 [WARN] PackLoader:240 - Cannot read IP mode file for STMicroelectronics.X-CUBE-AZRTOS-L4.2.0.0
2023-12-13 14:17:07,524 [WARN] ConditionMgr:1039 - genDependencies : Invalid condition id : LAN8742 Phy interface Condition cause : null
2023-12-13 14:17:07,524 [WARN] ConditionMgr:1039 - genDependencies : Invalid condition id : LAN8742 Phy interface Condition cause : null
2023-12-13 14:17:07,525 [WARN] ConditionMgr:1039 - genDependencies : Invalid condition id : LAN8742 Phy interface Condition cause : null
2023-12-13 14:17:07,540 [WARN] PackLoader:240 - Cannot read IP mode file for STMicroelectronics.X-CUBE-SFXS2LP1.4.0.0
2023-12-13 14:17:07,578 [WARN] PackLoader:240 - Cannot read IP mode file for STMicroelectronics.X-CUBE-AZRTOS-H7.3.0.0
2023-12-13 14:17:07,595 [WARN] PackLoader:240 - Cannot read IP mode file for STMicroelectronics.X-CUBE-ISPU.1.1.0
2023-12-13 14:17:07,608 [WARN] PackLoader:240 - Cannot read IP mode file for RoweBots.I-CUBE-UNISONRTOS.5.5.0-4
2023-12-13 14:17:07,620 [WARN] PackLoader:240 - Cannot read IP mode file for STMicroelectronics.X-CUBE-AI.8.0.0
2023-12-13 14:17:07,651 [WARN] ConditionMgr:438 - getConditionDescription Invalid condition id : UX DEVICE CLASS RTOS Condition cause : null
2023-12-13 14:17:07,651 [WARN] ConditionMgr:438 - getConditionDescription Invalid condition id : UX DEVICE CLASS RTOS Condition cause : null
2023-12-13 14:17:07,652 [WARN] PackLoader:240 - Cannot read IP mode file for STMicroelectronics.X-CUBE-AZRTOS-WB.2.0.0
2023-12-13 14:17:07,653 [WARN] ConditionMgr:1039 - genDependencies : Invalid condition id : UX DEVICE CLASS RTOS Condition cause : null
2023-12-13 14:17:07,653 [WARN] ConditionMgr:1039 - genDependencies : Invalid condition id : UX DEVICE CLASS RTOS Condition cause : null
2023-12-13 14:17:07,653 [WARN] ConditionMgr:1039 - genDependencies : Invalid condition id : UX DEVICE CLASS RTOS Condition cause : null
2023-12-13 14:17:07,654 [WARN] ConditionMgr:1039 - genDependencies : Invalid condition id : UX DEVICE CLASS RTOS Condition cause : null
2023-12-13 14:17:07,654 [WARN] ConditionMgr:1039 - genDependencies : Invalid condition id : UX DEVICE CLASS RTOS Condition cause : null
2023-12-13 14:17:07,666 [WARN] PackLoader:240 - Cannot read IP mode file for STMicroelectronics.X-CUBE-FREERTOS.1.0.0
2023-12-13 14:17:07,678 [WARN] PackLoader:240 - Cannot read IP mode file for STMicroelectronics.X-CUBE-FREERTOS.1.0.1
2023-12-13 14:17:07,706 [WARN] PackLoader:240 - Cannot read IP mode file for STMicroelectronics.X-CUBE-AZRTOS-L5.1.1.0
2023-12-13 14:17:07,720 [WARN] PackLoader:240 - Cannot read IP mode file for STMicroelectronics.X-CUBE-AI.8.0.1
2023-12-13 14:17:07,741 [WARN] PackLoader:240 - Cannot read IP mode file for STMicroelectronics.X-CUBE-SUBG2.5.0.0
2023-12-13 14:17:07,764 [WARN] PackLoader:240 - Cannot read IP mode file for STMicroelectronics.X-CUBE-TOF1.3.3.1
2023-12-13 14:17:07,796 [WARN] PackLoader:240 - Cannot read IP mode file for STMicroelectronics.X-CUBE-AZRTOS-G4.2.0.0
2023-12-13 14:17:07,815 [WARN] PackLoader:240 - Cannot read IP mode file for STMicroelectronics.X-CUBE-TOF1.3.3.0
2023-12-13 14:17:07,834 [WARN] PackLoader:240 - Cannot read IP mode file for STMicroelectronics.FP-ATR-ASTRA1.1.1.1
2023-12-13 14:17:07,858 [WARN] PackLoader:240 - Cannot read IP mode file for Infineon.AIROC-Wi-Fi-Bluetooth-STM32.1.5.1
2023-12-13 14:17:07,873 [WARN] PackLoader:240 - Cannot read IP mode file for STMicroelectronics.FP-SNS-MOTENVWB1.1.3.0
2023-12-13 14:17:07,884 [WARN] PackLoader:240 - Cannot read IP mode file for STMicroelectronics.FP-SNS-MOTENVWB1.1.3.1
2023-12-13 14:17:07,907 [WARN] PackLoader:240 - Cannot read IP mode file for STMicroelectronics.X-CUBE-AZRTOS-G4.1.0.0
2023-12-13 14:17:07,935 [WARN] PackLoader:240 - Cannot read IP mode file for STMicroelectronics.X-CUBE-AZRTOS-L4.1.0.0
2023-12-13 14:17:07,948 [WARN] PackLoader:240 - Cannot read IP mode file for STMicroelectronics.X-CUBE-ISPU.2.0.0
2023-12-13 14:17:07,995 [WARN] PackLoader:240 - Cannot read IP mode file for STMicroelectronics.X-CUBE-MEMS1.10.0.0
2023-12-13 14:17:08,097 [WARN] PackLoader:240 - Cannot read IP mode file for STMicroelectronics.X-CUBE-FREERTOS.1.1.0
2023-12-13 14:17:08,120 [WARN] PackLoader:240 - Cannot read IP mode file for STMicroelectronics.X-CUBE-AZRTOS-WL.1.0.0
2023-12-13 14:17:08,134 [WARN] PackLoader:240 - Cannot read IP mode file for portGmbH.I-Cube-SoM-uGOAL.1.1.0
2023-12-13 14:17:08,145 [WARN] PackLoader:240 - Cannot read IP mode file for STMicroelectronics.X-CUBE-ALS.1.0.1
2023-12-13 14:17:08,167 [WARN] PackLoader:240 - Cannot read IP mode file for STMicroelectronics.X-CUBE-AZRTOS-WB.1.1.0
2023-12-13 14:17:08,179 [WARN] PackLoader:240 - Cannot read IP mode file for STMicroelectronics.FP-ATR-ASTRA1.2.0.0
2023-12-13 14:17:08,195 [WARN] PackLoader:240 - Cannot read IP mode file for STMicroelectronics.X-CUBE-TOF1.3.4.0
2023-12-13 14:17:08,229 [WARN] PackLoader:240 - Cannot read IP mode file for STMicroelectronics.X-CUBE-AZRTOS-H7.3.2.0
2023-12-13 14:17:08,231 [INFO] ThirdParty:978 - Integrity check success = true
2023-12-13 14:17:08,233 [INFO] IntegrityCheckThread:100 - exiting critical section [integrity check]
2023-12-13 14:17:08,233 [INFO] IntegrityCheckThread:103 - End integrity checks thread
2023-12-13 14:17:28,444 [ERROR] LogOutputStream:75 - [STDERR_REDIRECT] SLF4J: Failed to load class "org.slf4j.impl.StaticLoggerBinder".
2023-12-13 14:17:28,445 [ERROR] LogOutputStream:75 - [STDERR_REDIRECT] SLF4J: Defaulting to no-operation (NOP) logger implementation
2023-12-13 14:17:28,447 [ERROR] LogOutputStream:75 - [STDERR_REDIRECT] SLF4J: See http://www.slf4j.org/codes.html#StaticLoggerBinder for further details.
2023-12-13 14:43:48,067 [ERROR] LogOutputStream:75 - [STDERR_REDIRECT] 
2023-12-13 19:26:49,334 [INFO] Activator:176 - 


2023-12-13 19:26:49,335 [INFO] Activator:177 - !SESSION log4j initialized
2023-12-13 19:26:54,412 [INFO] LogOutputStream:77 - [STDOUT_REDIRECT] 
2023-12-13 19:26:57,618 [INFO] ApplicationProperties:184 - Using Application install path: D:\Program Files (x86)\STM32CubeIDE_1.11.2\STM32CubeIDE\plugins\com.st.stm32cube.common.mx_6.9.2.202309101412
2023-12-13 19:26:57,633 [INFO] DbMcusXml:78 - Set database path to: D:\Program Files (x86)\STM32CubeIDE_1.11.2\STM32CubeIDE\plugins\com.st.stm32cube.common.mx_6.9.2.202309101412\\db\/mcu/
2023-12-13 19:26:57,633 [INFO] ApiDb:274 - Set plugin database path to: D:\Program Files (x86)\STM32CubeIDE_1.11.2\STM32CubeIDE\plugins\com.st.stm32cube.common.mx_6.9.2.202309101412\\db\/plugins/boardmanager/
2023-12-13 19:26:57,634 [WARN] ApiDb:259 - Overriding images path with different value:  => D:\Program Files (x86)\STM32CubeIDE_1.11.2\STM32CubeIDE\plugins\com.st.stm32cube.common.mx_6.9.2.202309101412\\db\/plugins/mcufinder/images/
2023-12-13 19:26:57,643 [INFO] ApiDb:250 - Set database path to: C:\Users\miqix\.stmcufinder\plugins\mcufinder//mcu/
2023-12-13 19:26:57,644 [INFO] DbMcusAds:125 - Set database path to: C:\Users\miqix\.stmcufinder\plugins\mcufinder//mcu/
2023-12-13 19:26:57,646 [INFO] CrossReferenceDbSqlite:203 - Set database path to: C:\Users\miqix\.stmcufinder\plugins\mcufinder//mcu/cs/
2023-12-13 19:26:57,756 [INFO] RulesReader:64 - Compatibility file has been processed (293 Rules)
2023-12-13 19:26:57,836 [INFO] DbMcusXml:78 - Set database path to: D:\Program Files (x86)\STM32CubeIDE_1.11.2\STM32CubeIDE\plugins\com.st.stm32cube.common.mx_6.9.2.202309101412\\db\/mcu/
2023-12-13 19:26:57,836 [INFO] ApiDb:274 - Set plugin database path to: D:\Program Files (x86)\STM32CubeIDE_1.11.2\STM32CubeIDE\plugins\com.st.stm32cube.common.mx_6.9.2.202309101412\\db\/plugins/boardmanager/
2023-12-13 19:26:57,836 [INFO] ApiDb:261 - Set plugin images path to: D:\Program Files (x86)\STM32CubeIDE_1.11.2\STM32CubeIDE\plugins\com.st.stm32cube.common.mx_6.9.2.202309101412\\db\/plugins/mcufinder/images/
2023-12-13 19:26:57,836 [WARN] DbFile:41 - Overriding database path with different value: C:\Users\miqix\.stmcufinder\plugins\mcufinder/ => C:\Users\miqix\.stmcufinder\plugins\mcufinder
2023-12-13 19:26:57,836 [INFO] ApiDb:250 - Set database path to: C:\Users\miqix\.stmcufinder\plugins\mcufinder//mcu/
2023-12-13 19:26:57,836 [WARN] DbFile:41 - Overriding database path with different value: C:\Users\miqix\.stmcufinder\plugins\mcufinder/ => C:\Users\miqix\.stmcufinder\plugins\mcufinder
2023-12-13 19:26:57,836 [INFO] DbMcusAds:125 - Set database path to: C:\Users\miqix\.stmcufinder\plugins\mcufinder//mcu/
2023-12-13 19:26:57,837 [WARN] DbFile:41 - Overriding database path with different value: C:\Users\miqix\.stmcufinder\plugins\mcufinder/ => C:\Users\miqix\.stmcufinder\plugins\mcufinder
2023-12-13 19:26:57,837 [WARN] DbFile:41 - Overriding database path with different value: C:\Users\miqix\.stmcufinder\plugins\mcufinder/ => C:\Users\miqix\.stmcufinder\plugins\mcufinder
2023-12-13 19:26:57,837 [INFO] CrossReferenceDbSqlite:203 - Set database path to: C:\Users\miqix\.stmcufinder\plugins\mcufinder//mcu/cs/
2023-12-13 19:26:57,908 [INFO] MainPanel:262 - HeapMemory: 268435456
2023-12-13 19:26:57,992 [INFO] DbMcusXml:78 - Set database path to: D:\Program Files (x86)\STM32CubeIDE_1.11.2\STM32CubeIDE\plugins\com.st.stm32cube.common.mx_6.9.2.202309101412\\db\/mcu/
2023-12-13 19:26:57,992 [INFO] ApiDb:274 - Set plugin database path to: D:\Program Files (x86)\STM32CubeIDE_1.11.2\STM32CubeIDE\plugins\com.st.stm32cube.common.mx_6.9.2.202309101412\\db\/plugins/boardmanager/
2023-12-13 19:26:57,992 [INFO] ApiDb:261 - Set plugin images path to: D:\Program Files (x86)\STM32CubeIDE_1.11.2\STM32CubeIDE\plugins\com.st.stm32cube.common.mx_6.9.2.202309101412\\db\/plugins/mcufinder/images/
2023-12-13 19:26:57,993 [WARN] DbFile:41 - Overriding database path with different value: C:\Users\miqix\.stmcufinder\plugins\mcufinder/ => C:\Users\miqix\.stmcufinder\plugins\mcufinder
2023-12-13 19:26:57,993 [INFO] ApiDb:250 - Set database path to: C:\Users\miqix\.stmcufinder\plugins\mcufinder//mcu/
2023-12-13 19:26:57,993 [WARN] DbFile:41 - Overriding database path with different value: C:\Users\miqix\.stmcufinder\plugins\mcufinder/ => C:\Users\miqix\.stmcufinder\plugins\mcufinder
2023-12-13 19:26:57,993 [INFO] DbMcusAds:125 - Set database path to: C:\Users\miqix\.stmcufinder\plugins\mcufinder//mcu/
2023-12-13 19:26:57,993 [WARN] DbFile:41 - Overriding database path with different value: C:\Users\miqix\.stmcufinder\plugins\mcufinder/ => C:\Users\miqix\.stmcufinder\plugins\mcufinder
2023-12-13 19:26:57,993 [WARN] DbFile:41 - Overriding database path with different value: C:\Users\miqix\.stmcufinder\plugins\mcufinder/ => C:\Users\miqix\.stmcufinder\plugins\mcufinder
2023-12-13 19:26:57,993 [INFO] CrossReferenceDbSqlite:203 - Set database path to: C:\Users\miqix\.stmcufinder\plugins\mcufinder//mcu/cs/
2023-12-13 19:26:58,010 [INFO] ApplicationProperties:184 - Using Application install path: D:\Program Files (x86)\STM32CubeIDE_1.11.2\STM32CubeIDE\plugins\com.st.stm32cube.common.mx_6.9.2.202309101412
2023-12-13 19:26:58,011 [INFO] PluginManage:196 - Search for loadable plugins [exclusion list=, ]
2023-12-13 19:26:58,012 [INFO] PluginManage:310 - Check plugin analytics
2023-12-13 19:26:58,149 [INFO] AnalyticsPlugin:253 - Accepted Software Licenses: 
2023-12-13 19:26:58,150 [INFO] AnalyticsPlugin:255 - Accepted CMSIS Pack Licenses: 
2023-12-13 19:26:58,150 [INFO] AnalyticsPlugin:257 - Accepted Firmware Licenses: 
2023-12-13 19:26:58,152 [INFO] PluginManage:359 - Loaded plugin analytics (category:tool,tabindex:-1)
2023-12-13 19:26:58,152 [INFO] PluginManage:310 - Check plugin cadmodel
2023-12-13 19:26:58,164 [INFO] CADModel:105 - Init CAD model plugin
2023-12-13 19:26:58,164 [INFO] PluginManage:359 - Loaded plugin cadmodel (category:power,tabindex:5)
2023-12-13 19:26:58,164 [INFO] PluginManage:310 - Check plugin clock
2023-12-13 19:26:58,183 [INFO] PluginManage:359 - Loaded plugin clock (category:base,tabindex:2)
2023-12-13 19:26:58,183 [INFO] PluginManage:310 - Check plugin ddr
2023-12-13 19:26:58,185 [INFO] PluginManage:359 - Loaded plugin ddr (category:tool,tabindex:6)
2023-12-13 19:26:58,185 [INFO] PluginManage:310 - Check plugin filemanager
2023-12-13 19:26:58,302 [INFO] PluginManage:359 - Loaded plugin filemanager (category:base,tabindex:10)
2023-12-13 19:26:58,302 [INFO] PluginManage:310 - Check plugin ipmanager
2023-12-13 19:26:58,309 [INFO] PluginManage:359 - Loaded plugin ipmanager (category:base,tabindex:5)
2023-12-13 19:26:58,309 [INFO] PluginManage:310 - Check plugin lpbam
2023-12-13 19:26:58,324 [INFO] PluginManage:359 - Loaded plugin lpbam (category:base,tabindex:0)
2023-12-13 19:26:58,325 [INFO] PluginManage:310 - Check plugin memorymap
2023-12-13 19:26:58,345 [INFO] PluginManage:359 - Loaded plugin memorymap (category:base,tabindex:4)
2023-12-13 19:26:58,345 [INFO] PluginManage:310 - Check plugin pinoutandconfiguration
2023-12-13 19:26:58,360 [INFO] PluginManage:359 - Loaded plugin pinoutandconfiguration (category:base,tabindex:1)
2023-12-13 19:26:58,360 [INFO] PluginManage:310 - Check plugin pinoutconfig
2023-12-13 19:26:58,441 [WARN] SupportedApi:132 - Cannot load RTOS API schema: s4s-elt-must-match.1: The content of 'definitions' must match (annotation?, (simpleType | complexType)?, (unique | key | keyref)*)). A problem was found starting at: attribute.
2023-12-13 19:26:58,550 [INFO] PluginManage:359 - Loaded plugin pinoutconfig (category:base,tabindex:0)
2023-12-13 19:26:58,550 [INFO] PluginManage:310 - Check plugin power
2023-12-13 19:26:58,568 [INFO] PluginManage:359 - Loaded plugin power (category:power,tabindex:4)
2023-12-13 19:26:58,568 [INFO] PluginManage:310 - Check plugin projectmanager
2023-12-13 19:26:58,579 [INFO] PluginManage:359 - Loaded plugin projectmanager (category:projectmanager,tabindex:3)
2023-12-13 19:26:58,580 [INFO] PluginManage:310 - Check plugin thirdparty
2023-12-13 19:26:58,792 [INFO] PluginManage:359 - Loaded plugin thirdparty (category:base,tabindex:-1)
2023-12-13 19:26:58,792 [INFO] PluginManage:310 - Check plugin tools
2023-12-13 19:26:58,792 [WARN] IntegrityCheckThread:84 - waiting for thirdparty lock release [integrity check]
2023-12-13 19:26:58,792 [INFO] IntegrityCheckThread:86 - entering critical section [integrity check]
2023-12-13 19:26:58,792 [INFO] ThirdPartyUpdaterWithRetryManager:70 - Updater plugin not ready yet. [1/15]
2023-12-13 19:26:58,817 [INFO] PluginManage:359 - Loaded plugin tools (category:base,tabindex:7)
2023-12-13 19:26:58,817 [INFO] PluginManage:310 - Check plugin tutovideos
2023-12-13 19:26:58,981 [INFO] PluginManage:359 - Loaded plugin tutovideos (category:base,tabindex:-1)
2023-12-13 19:26:58,981 [INFO] PluginManage:310 - Check plugin updater
2023-12-13 19:26:58,990 [INFO] PluginManage:359 - Loaded plugin updater (category:base,tabindex:12)
2023-12-13 19:26:58,990 [INFO] PluginManage:310 - Check plugin userauth
2023-12-13 19:26:58,995 [INFO] UserAuth:113 - Init User Auth plugin
2023-12-13 19:26:58,995 [INFO] PluginManage:359 - Loaded plugin userauth (category:base,tabindex:14)
2023-12-13 19:26:58,995 [INFO] PluginManage:283 - PluginManage : Loaded plugins [17]
2023-12-13 19:26:59,185 [INFO] PinOutPanel:1499 - setPackage(No Configuration,No Configuration)
2023-12-13 19:26:59,272 [INFO] CADModel:165 - CPN selected for project level
2023-12-13 19:26:59,272 [INFO] CADModel:114 - Register for checkConnection events
2023-12-13 19:26:59,294 [INFO] IPUIPlugin:80 - create IPUIPlugin
2023-12-13 19:26:59,294 [INFO] PluginManager:220 - loadIPPluginJar : add adc
2023-12-13 19:26:59,317 [INFO] IPUIPlugin:80 - create IPUIPlugin
2023-12-13 19:26:59,319 [INFO] PluginManager:220 - loadIPPluginJar : add aes
2023-12-13 19:26:59,346 [INFO] IPUIPlugin:80 - create IPUIPlugin
2023-12-13 19:26:59,346 [INFO] PluginManager:220 - loadIPPluginJar : add can
2023-12-13 19:26:59,362 [INFO] IPUIPlugin:80 - create IPUIPlugin
2023-12-13 19:26:59,363 [INFO] PluginManager:220 - loadIPPluginJar : add comp
2023-12-13 19:26:59,387 [INFO] IPUIPlugin:80 - create IPUIPlugin
2023-12-13 19:26:59,387 [INFO] PluginManager:220 - loadIPPluginJar : add cryp
2023-12-13 19:26:59,407 [INFO] IPUIPlugin:80 - create IPUIPlugin
2023-12-13 19:26:59,407 [INFO] PluginManager:220 - loadIPPluginJar : add dfsdm
2023-12-13 19:26:59,419 [INFO] IPUIPlugin:80 - create IPUIPlugin
2023-12-13 19:26:59,419 [INFO] PluginManager:220 - loadIPPluginJar : add dma
2023-12-13 19:26:59,448 [INFO] IPUIPlugin:80 - create IPUIPlugin
2023-12-13 19:26:59,449 [INFO] PluginManager:220 - loadIPPluginJar : add dma3
2023-12-13 19:26:59,463 [INFO] IPUIPlugin:80 - create IPUIPlugin
2023-12-13 19:26:59,464 [INFO] PluginManager:220 - loadIPPluginJar : add fatfs
2023-12-13 19:26:59,497 [INFO] IPUIPlugin:80 - create IPUIPlugin
2023-12-13 19:26:59,497 [INFO] PluginManager:220 - loadIPPluginJar : add fmc
2023-12-13 19:26:59,510 [INFO] IPUIPlugin:80 - create IPUIPlugin
2023-12-13 19:26:59,510 [INFO] PluginManager:220 - loadIPPluginJar : add freertos
2023-12-13 19:26:59,529 [INFO] IPUIPlugin:80 - create IPUIPlugin
2023-12-13 19:26:59,529 [INFO] PluginManager:220 - loadIPPluginJar : add genericplugin
2023-12-13 19:26:59,600 [INFO] IPUIPlugin:80 - create IPUIPlugin
2023-12-13 19:26:59,600 [INFO] PluginManager:220 - loadIPPluginJar : add gfxmmu
2023-12-13 19:26:59,684 [INFO] IPUIPlugin:80 - create IPUIPlugin
2023-12-13 19:26:59,684 [INFO] PluginManager:220 - loadIPPluginJar : add gic
2023-12-13 19:26:59,694 [INFO] IPUIPlugin:80 - create IPUIPlugin
2023-12-13 19:26:59,694 [INFO] PluginManager:220 - loadIPPluginJar : add gpio
2023-12-13 19:26:59,757 [INFO] IPUIPlugin:80 - create IPUIPlugin
2023-12-13 19:26:59,757 [INFO] PluginManager:220 - loadIPPluginJar : add gtzc
2023-12-13 19:26:59,780 [INFO] IPUIPlugin:80 - create IPUIPlugin
2023-12-13 19:26:59,780 [INFO] PluginManager:220 - loadIPPluginJar : add hash
2023-12-13 19:26:59,815 [INFO] IPUIPlugin:80 - create IPUIPlugin
2023-12-13 19:26:59,816 [INFO] PluginManager:220 - loadIPPluginJar : add i2c
2023-12-13 19:26:59,845 [INFO] IPUIPlugin:80 - create IPUIPlugin
2023-12-13 19:26:59,846 [INFO] PluginManager:220 - loadIPPluginJar : add i2s
2023-12-13 19:26:59,873 [INFO] IPUIPlugin:80 - create IPUIPlugin
2023-12-13 19:26:59,873 [INFO] PluginManager:220 - loadIPPluginJar : add i3c
2023-12-13 19:26:59,948 [INFO] IPUIPlugin:80 - create IPUIPlugin
2023-12-13 19:26:59,948 [INFO] PluginManager:220 - loadIPPluginJar : add ipddr
2023-12-13 19:27:00,008 [INFO] IPUIPlugin:80 - create IPUIPlugin
2023-12-13 19:27:00,008 [INFO] PluginManager:220 - loadIPPluginJar : add linkedlist
2023-12-13 19:27:00,035 [INFO] IPUIPlugin:80 - create IPUIPlugin
2023-12-13 19:27:00,035 [INFO] PluginManager:220 - loadIPPluginJar : add lorawan
2023-12-13 19:27:00,060 [INFO] IPUIPlugin:80 - create IPUIPlugin
2023-12-13 19:27:00,060 [INFO] PluginManager:220 - loadIPPluginJar : add ltdc
2023-12-13 19:27:00,072 [INFO] IPUIPlugin:80 - create IPUIPlugin
2023-12-13 19:27:00,072 [INFO] PluginManager:220 - loadIPPluginJar : add mdma
2023-12-13 19:27:00,081 [INFO] IPUIPlugin:80 - create IPUIPlugin
2023-12-13 19:27:00,081 [INFO] PluginManager:220 - loadIPPluginJar : add nvic
2023-12-13 19:27:00,106 [INFO] IPUIPlugin:80 - create IPUIPlugin
2023-12-13 19:27:00,106 [INFO] PluginManager:220 - loadIPPluginJar : add opamp
2023-12-13 19:27:00,147 [INFO] IPUIPlugin:80 - create IPUIPlugin
2023-12-13 19:27:00,147 [INFO] PluginManager:220 - loadIPPluginJar : add openamp
2023-12-13 19:27:00,176 [INFO] IPUIPlugin:80 - create IPUIPlugin
2023-12-13 19:27:00,176 [INFO] PluginManager:220 - loadIPPluginJar : add pdm2pcm
2023-12-13 19:27:00,186 [INFO] IPUIPlugin:80 - create IPUIPlugin
2023-12-13 19:27:00,188 [INFO] PluginManager:220 - loadIPPluginJar : add plateformsettings
2023-12-13 19:27:00,203 [INFO] IPUIPlugin:80 - create IPUIPlugin
2023-12-13 19:27:00,203 [INFO] PluginManager:220 - loadIPPluginJar : add quadspi
2023-12-13 19:27:00,214 [INFO] IPUIPlugin:80 - create IPUIPlugin
2023-12-13 19:27:00,214 [INFO] PluginManager:220 - loadIPPluginJar : add resmgrutility
2023-12-13 19:27:00,247 [INFO] IPUIPlugin:80 - create IPUIPlugin
2023-12-13 19:27:00,248 [INFO] PluginManager:220 - loadIPPluginJar : add sai
2023-12-13 19:27:00,272 [INFO] IPUIPlugin:80 - create IPUIPlugin
2023-12-13 19:27:00,273 [INFO] PluginManager:220 - loadIPPluginJar : add spi
2023-12-13 19:27:00,312 [INFO] IPUIPlugin:80 - create IPUIPlugin
2023-12-13 19:27:00,312 [INFO] PluginManager:220 - loadIPPluginJar : add stm32_wpan
2023-12-13 19:27:00,328 [INFO] IPUIPlugin:80 - create IPUIPlugin
2023-12-13 19:27:00,328 [INFO] PluginManager:220 - loadIPPluginJar : add tim
2023-12-13 19:27:00,368 [INFO] IPUIPlugin:80 - create IPUIPlugin
2023-12-13 19:27:00,368 [INFO] PluginManager:220 - loadIPPluginJar : add touchsensing
2023-12-13 19:27:00,385 [INFO] IPUIPlugin:80 - create IPUIPlugin
2023-12-13 19:27:00,385 [INFO] PluginManager:220 - loadIPPluginJar : add tracer_emb
2023-12-13 19:27:00,402 [INFO] IPUIPlugin:80 - create IPUIPlugin
2023-12-13 19:27:00,402 [INFO] PluginManager:220 - loadIPPluginJar : add ts
2023-12-13 19:27:00,420 [INFO] IPUIPlugin:80 - create IPUIPlugin
2023-12-13 19:27:00,420 [INFO] PluginManager:220 - loadIPPluginJar : add tsc
2023-12-13 19:27:00,437 [INFO] IPUIPlugin:80 - create IPUIPlugin
2023-12-13 19:27:00,437 [INFO] PluginManager:220 - loadIPPluginJar : add ucpd
2023-12-13 19:27:00,467 [INFO] IPUIPlugin:80 - create IPUIPlugin
2023-12-13 19:27:00,468 [INFO] PluginManager:220 - loadIPPluginJar : add usart
2023-12-13 19:27:00,498 [INFO] IPUIPlugin:80 - create IPUIPlugin
2023-12-13 19:27:00,498 [INFO] PluginManager:220 - loadIPPluginJar : add usbx
2023-12-13 19:27:00,607 [INFO] CADModel:165 - CPN selected for project level
2023-12-13 19:27:00,607 [INFO] CADModel:114 - Register for checkConnection events
2023-12-13 19:27:00,607 [FATAL] Updater:308 - Updater called before beeing initialized
2023-12-13 19:27:00,607 [ERROR] CADModel:125 - Updater not yet initialized, retry later 
2023-12-13 19:27:00,721 [INFO] CADModel:165 - CPN selected for project level
2023-12-13 19:27:00,721 [INFO] CADModel:114 - Register for checkConnection events
2023-12-13 19:27:00,721 [FATAL] Updater:308 - Updater called before beeing initialized
2023-12-13 19:27:00,721 [ERROR] CADModel:125 - Updater not yet initialized, retry later 
2023-12-13 19:27:00,724 [FATAL] Updater:308 - Updater called before beeing initialized
2023-12-13 19:27:00,805 [FATAL] Updater:308 - Updater called before beeing initialized
2023-12-13 19:27:00,814 [INFO] DbMcusAds:53 - JSON generation date=Tue Mar 07 09:50:55 CET 2023 (1678179055335)
2023-12-13 19:27:00,815 [FATAL] Updater:308 - Updater called before beeing initialized
2023-12-13 19:27:00,880 [WARN] DetailPanel:346 - Failed to get advertising image, set to default
2023-12-13 19:27:00,973 [FATAL] Updater:308 - Updater called before beeing initialized
2023-12-13 19:27:00,974 [FATAL] Updater:308 - Updater called before beeing initialized
2023-12-13 19:27:00,975 [FATAL] Updater:308 - Updater called before beeing initialized
2023-12-13 19:27:00,975 [WARN] DetailPanel:346 - Failed to get advertising image, set to default
2023-12-13 19:27:00,975 [FATAL] Updater:308 - Updater called before beeing initialized
2023-12-13 19:27:01,021 [ERROR] Updater:1120 - MainUpdater not yet initialized. External WinMGr cannot be set.
2023-12-13 19:27:01,029 [INFO] Updater:1056 - Updater Version found : 6.9.2
2023-12-13 19:27:01,048 [INFO] ApplicationProperties:184 - Using Application install path: D:\Program Files (x86)\STM32CubeIDE_1.11.2\STM32CubeIDE\plugins\com.st.stm32cube.common.mx_6.9.2.202309101412
2023-12-13 19:27:01,395 [INFO] MainUpdater:2868 - connection check result : 10
2023-12-13 19:27:01,396 [INFO] MainUpdater:285 - Updater Check For Update Now.
2023-12-13 19:27:01,396 [INFO] MicroXplorer:498 - Change Database Version : DB.6.0.92
2023-12-13 19:27:01,409 [INFO] McuFinderGlobals:63 - Set McuFinder mode to 2 (CubeIDE integrated)
2023-12-13 19:27:01,409 [INFO] UserAuth:179 - activating auth plugin
2023-12-13 19:27:01,411 [INFO] UserAuth:393 - Internet connection configuration mode: 1
2023-12-13 19:27:01,433 [INFO] JxBrowserEngine:151 - Initiate JxBrowser Engine with user profile folder
2023-12-13 19:27:01,568 [INFO] CheckServerUpdateThread:120 - End of CheckServer Thread
2023-12-13 19:27:01,973 [WARN] PackLoader:240 - Cannot read IP mode file for STMicroelectronics.X-CUBE-SMBUS.2.1.0
2023-12-13 19:27:02,006 [WARN] PackLoader:240 - Cannot read IP mode file for STMicroelectronics.X-CUBE-AZRTOS-F7.1.1.0
2023-12-13 19:27:02,022 [ERROR] RealEvaluatedCondition:428 - Found unsupported composite condition: CLASS='Data Exchange' GROUP='STM32_MetaDataManager'
2023-12-13 19:27:02,022 [ERROR] RealEvaluatedCondition:428 - Found unsupported composite condition: CLASS='Data Exchange' GROUP='STM32_MetaDataManager'
2023-12-13 19:27:02,023 [WARN] PackLoader:240 - Cannot read IP mode file for STMicroelectronics.FP-SNS-MOTENV1.4.3.0
2023-12-13 19:27:02,036 [WARN] PackLoader:240 - Cannot read IP mode file for STMicroelectronics.FP-SNS-MOTENV1.4.3.2
2023-12-13 19:27:02,045 [WARN] PackLoader:240 - Cannot read IP mode file for STMicroelectronics.FP-SNS-FLIGHT1.5.0.0
2023-12-13 19:27:02,054 [ERROR] RealEvaluatedCondition:428 - Found unsupported composite condition: CLASS='Data Exchange' GROUP='STM32_MetaDataManager'
2023-12-13 19:27:02,055 [ERROR] RealEvaluatedCondition:428 - Found unsupported composite condition: GROUP='STM32_MetaDataManager' CLASS='Data Exchange'
2023-12-13 19:27:02,056 [WARN] PackLoader:240 - Cannot read IP mode file for STMicroelectronics.FP-SNS-MOTENV1.4.3.1
2023-12-13 19:27:02,066 [WARN] PackLoader:240 - Cannot read IP mode file for STMicroelectronics.FP-SNS-FLIGHT1.5.0.1
2023-12-13 19:27:02,078 [WARN] PackLoader:240 - Cannot read IP mode file for STMicroelectronics.X-CUBE-BLE1.6.2.4
2023-12-13 19:27:02,087 [WARN] PackLoader:240 - Cannot read IP mode file for STMicroelectronics.FP-SNS-FLIGHT1.5.0.2
2023-12-13 19:27:02,100 [WARN] PackLoader:240 - Cannot read IP mode file for STMicroelectronics.X-CUBE-DISPLAY.3.0.0
2023-12-13 19:27:02,111 [WARN] PackLoader:240 - Cannot read IP mode file for STMicroelectronics.X-CUBE-BLE1.7.0.0
2023-12-13 19:27:02,122 [WARN] PackLoader:240 - Cannot read IP mode file for STMicroelectronics.X-CUBE-TOUCHGFX.4.22.0
2023-12-13 19:27:02,130 [WARN] PackLoader:240 - Cannot read IP mode file for STMicroelectronics.X-CUBE-TOUCHGFX.4.22.1
2023-12-13 19:27:02,141 [WARN] PackLoader:240 - Cannot read IP mode file for STMicroelectronics.FP-SNS-SMARTAG2.1.2.0
2023-12-13 19:27:02,155 [INFO] LogOutputStream:77 - [STDOUT_REDIRECT] 1 : Invalid condition id : UX_CORESTACK_Condition cause : null
2023-12-13 19:27:02,155 [INFO] LogOutputStream:77 - [STDOUT_REDIRECT] 1 : Invalid condition id : UX_CORESTACK_Condition cause : null
2023-12-13 19:27:02,156 [INFO] LogOutputStream:77 - [STDOUT_REDIRECT] 1 : Invalid condition id : UX_CORESTACK_Condition cause : null
2023-12-13 19:27:02,157 [INFO] LogOutputStream:77 - [STDOUT_REDIRECT] 1 : Invalid condition id : UX_CORESTACK_Condition cause : null
2023-12-13 19:27:02,157 [INFO] LogOutputStream:77 - [STDOUT_REDIRECT] 1 : Invalid condition id : UX_CORESTACK_Condition cause : null
2023-12-13 19:27:02,159 [WARN] PackLoader:240 - Cannot read IP mode file for STMicroelectronics.X-CUBE-AZRTOS-WL.2.0.0
2023-12-13 19:27:02,169 [WARN] PackLoader:240 - Cannot read IP mode file for WES.I-CUBE-Cesium.1.3.0
2023-12-13 19:27:02,179 [WARN] PackLoader:240 - Cannot read IP mode file for STMicroelectronics.X-CUBE-BLE2.3.3.0
2023-12-13 19:27:02,193 [WARN] PackLoader:240 - Cannot read IP mode file for STMicroelectronics.X-CUBE-TOF1.3.2.0
2023-12-13 19:27:02,209 [WARN] PackLoader:240 - Cannot read IP mode file for STMicroelectronics.X-CUBE-TOUCHGFX.4.21.1
2023-12-13 19:27:02,218 [WARN] PackLoader:240 - Cannot read IP mode file for STMicroelectronics.X-CUBE-TOUCHGFX.4.21.3
2023-12-13 19:27:02,227 [WARN] PackLoader:240 - Cannot read IP mode file for STMicroelectronics.X-CUBE-TOUCHGFX.4.21.4
2023-12-13 19:27:02,264 [WARN] PackLoader:240 - Cannot read IP mode file for STMicroelectronics.X-CUBE-MEMS1.9.4.0
2023-12-13 19:27:02,354 [WARN] PackLoader:240 - Cannot read IP mode file for STMicroelectronics.X-CUBE-AI.7.3.0
2023-12-13 19:27:02,365 [WARN] PackLoader:240 - Cannot read IP mode file for STMicroelectronics.X-CUBE-ALGOBUILD.1.3.0
2023-12-13 19:27:02,388 [WARN] PackLoader:240 - Cannot read IP mode file for STMicroelectronics.X-CUBE-AZRTOS-G0.1.1.0
2023-12-13 19:27:02,400 [WARN] PackLoader:240 - Cannot read IP mode file for STMicroelectronics.X-CUBE-NFC4.3.0.0
2023-12-13 19:27:02,415 [WARN] PackLoader:240 - Cannot read IP mode file for STMicroelectronics.X-CUBE-BLEMGR.3.0.0
2023-12-13 19:27:02,427 [WARN] PackLoader:240 - Cannot read IP mode file for STMicroelectronics.X-CUBE-BLEMGR.1.3.0
2023-12-13 19:27:02,438 [WARN] PackLoader:240 - Cannot read IP mode file for STMicroelectronics.FP-ATR-SIGFOX1.3.2.0
2023-12-13 19:27:02,471 [WARN] PackLoader:240 - Cannot read IP mode file for STMicroelectronics.X-CUBE-MEMS1.9.5.0
2023-12-13 19:27:02,570 [WARN] PackLoader:240 - Cannot read IP mode file for SEGGER.I-CUBE-embOS.1.3.1
2023-12-13 19:27:02,597 [WARN] PackLoader:240 - Cannot read IP mode file for STMicroelectronics.X-CUBE-GNSS1.6.0.0
2023-12-13 19:27:02,619 [WARN] PackLoader:240 - Cannot read IP mode file for STMicroelectronics.X-CUBE-AZRTOS-F4.1.1.0
2023-12-13 19:27:02,641 [WARN] PackLoader:240 - Cannot read IP mode file for STMicroelectronics.X-CUBE-AZRTOS-L5.2.0.0
2023-12-13 19:27:02,674 [WARN] PackLoader:240 - Cannot read IP mode file for STMicroelectronics.X-CUBE-MEMS1.9.6.0
2023-12-13 19:27:02,757 [WARN] PackLoader:240 - Cannot read IP mode file for STMicroelectronics.X-CUBE-EEPRMA1.4.2.0
2023-12-13 19:27:02,767 [WARN] PackLoader:240 - Cannot read IP mode file for ITTIA_DB.I-CUBE-ITTIADB.8.8.0
2023-12-13 19:27:02,781 [WARN] PackLoader:240 - Cannot read IP mode file for emotas.I-CUBE-CANOPEN.1.1.3
2023-12-13 19:27:02,795 [WARN] PackLoader:240 - Cannot read IP mode file for STMicroelectronics.X-CUBE-BLEMGR.2.0.0
2023-12-13 19:27:02,820 [WARN] ConditionMgr:438 - getConditionDescription Invalid condition id : UX DEVICE CLASS RTOS Condition cause : null
2023-12-13 19:27:02,821 [WARN] ConditionMgr:438 - getConditionDescription Invalid condition id : UX DEVICE CLASS RTOS Condition cause : null
2023-12-13 19:27:02,822 [WARN] PackLoader:240 - Cannot read IP mode file for STMicroelectronics.X-CUBE-AZRTOS-H7.3.1.0
2023-12-13 19:27:02,824 [WARN] ConditionMgr:1039 - genDependencies : Invalid condition id : UX DEVICE CLASS RTOS Condition cause : null
2023-12-13 19:27:02,824 [WARN] ConditionMgr:1039 - genDependencies : Invalid condition id : UX DEVICE CLASS RTOS Condition cause : null
2023-12-13 19:27:02,824 [WARN] ConditionMgr:1039 - genDependencies : Invalid condition id : UX DEVICE CLASS RTOS Condition cause : null
2023-12-13 19:27:02,824 [WARN] ConditionMgr:1039 - genDependencies : Invalid condition id : UX DEVICE CLASS RTOS Condition cause : null
2023-12-13 19:27:02,824 [WARN] ConditionMgr:1039 - genDependencies : Invalid condition id : UX DEVICE CLASS RTOS Condition cause : null
2023-12-13 19:27:02,840 [WARN] PackLoader:240 - Cannot read IP mode file for wolfSSL.I-CUBE-wolfSSL.5.5.4
2023-12-13 19:27:02,851 [WARN] PackLoader:240 - Cannot read IP mode file for STMicroelectronics.X-CUBE-NFC7.1.0.1
2023-12-13 19:27:02,863 [WARN] PackLoader:240 - Cannot read IP mode file for STMicroelectronics.X-CUBE-NFC7.1.0.0
2023-12-13 19:27:02,878 [WARN] PackLoader:240 - Cannot read IP mode file for STMicroelectronics.X-CUBE-NFC6.3.0.0
2023-12-13 19:27:02,890 [WARN] PackLoader:240 - Cannot read IP mode file for STMicroelectronics.X-CUBE-EEPRMA1.4.1.0
2023-12-13 19:27:02,899 [WARN] PackLoader:240 - Cannot read IP mode file for STMicroelectronics.X-CUBE-AI.8.1.0
2023-12-13 19:27:02,967 [WARN] ConditionMgr:438 - getConditionDescription Invalid condition id : LAN8742 Phy interface Condition cause : null
2023-12-13 19:27:02,967 [WARN] PackLoader:240 - Cannot read IP mode file for STMicroelectronics.X-CUBE-AZRTOS-L4.2.0.0
2023-12-13 19:27:02,969 [WARN] ConditionMgr:1039 - genDependencies : Invalid condition id : LAN8742 Phy interface Condition cause : null
2023-12-13 19:27:02,969 [WARN] ConditionMgr:1039 - genDependencies : Invalid condition id : LAN8742 Phy interface Condition cause : null
2023-12-13 19:27:02,970 [WARN] ConditionMgr:1039 - genDependencies : Invalid condition id : LAN8742 Phy interface Condition cause : null
2023-12-13 19:27:02,981 [WARN] PackLoader:240 - Cannot read IP mode file for STMicroelectronics.X-CUBE-SFXS2LP1.4.0.0
2023-12-13 19:27:03,004 [WARN] PackLoader:240 - Cannot read IP mode file for STMicroelectronics.X-CUBE-AZRTOS-H7.3.0.0
2023-12-13 19:27:03,014 [WARN] PackLoader:240 - Cannot read IP mode file for STMicroelectronics.X-CUBE-ISPU.1.1.0
2023-12-13 19:27:03,026 [WARN] PackLoader:240 - Cannot read IP mode file for RoweBots.I-CUBE-UNISONRTOS.5.5.0-4
2023-12-13 19:27:03,035 [WARN] PackLoader:240 - Cannot read IP mode file for STMicroelectronics.X-CUBE-AI.8.0.0
2023-12-13 19:27:03,055 [WARN] ConditionMgr:438 - getConditionDescription Invalid condition id : UX DEVICE CLASS RTOS Condition cause : null
2023-12-13 19:27:03,055 [WARN] ConditionMgr:438 - getConditionDescription Invalid condition id : UX DEVICE CLASS RTOS Condition cause : null
2023-12-13 19:27:03,056 [WARN] PackLoader:240 - Cannot read IP mode file for STMicroelectronics.X-CUBE-AZRTOS-WB.2.0.0
2023-12-13 19:27:03,057 [WARN] ConditionMgr:1039 - genDependencies : Invalid condition id : UX DEVICE CLASS RTOS Condition cause : null
2023-12-13 19:27:03,057 [WARN] ConditionMgr:1039 - genDependencies : Invalid condition id : UX DEVICE CLASS RTOS Condition cause : null
2023-12-13 19:27:03,057 [WARN] ConditionMgr:1039 - genDependencies : Invalid condition id : UX DEVICE CLASS RTOS Condition cause : null
2023-12-13 19:27:03,057 [WARN] ConditionMgr:1039 - genDependencies : Invalid condition id : UX DEVICE CLASS RTOS Condition cause : null
2023-12-13 19:27:03,057 [WARN] ConditionMgr:1039 - genDependencies : Invalid condition id : UX DEVICE CLASS RTOS Condition cause : null
2023-12-13 19:27:03,067 [WARN] PackLoader:240 - Cannot read IP mode file for STMicroelectronics.X-CUBE-FREERTOS.1.0.0
2023-12-13 19:27:03,077 [WARN] PackLoader:240 - Cannot read IP mode file for STMicroelectronics.X-CUBE-FREERTOS.1.0.1
2023-12-13 19:27:03,096 [WARN] PackLoader:240 - Cannot read IP mode file for STMicroelectronics.X-CUBE-AZRTOS-L5.1.1.0
2023-12-13 19:27:03,108 [WARN] PackLoader:240 - Cannot read IP mode file for STMicroelectronics.X-CUBE-AI.8.0.1
2023-12-13 19:27:03,127 [WARN] PackLoader:240 - Cannot read IP mode file for STMicroelectronics.X-CUBE-SUBG2.5.0.0
2023-12-13 19:27:03,145 [WARN] PackLoader:240 - Cannot read IP mode file for STMicroelectronics.X-CUBE-TOF1.3.3.1
2023-12-13 19:27:03,176 [WARN] PackLoader:240 - Cannot read IP mode file for STMicroelectronics.X-CUBE-AZRTOS-G4.2.0.0
2023-12-13 19:27:03,200 [WARN] PackLoader:240 - Cannot read IP mode file for STMicroelectronics.X-CUBE-TOF1.3.3.0
2023-12-13 19:27:03,221 [WARN] PackLoader:240 - Cannot read IP mode file for STMicroelectronics.FP-ATR-ASTRA1.1.1.1
2023-12-13 19:27:03,246 [WARN] PackLoader:240 - Cannot read IP mode file for Infineon.AIROC-Wi-Fi-Bluetooth-STM32.1.5.1
2023-12-13 19:27:03,263 [WARN] PackLoader:240 - Cannot read IP mode file for STMicroelectronics.FP-SNS-MOTENVWB1.1.3.0
2023-12-13 19:27:03,275 [WARN] PackLoader:240 - Cannot read IP mode file for STMicroelectronics.FP-SNS-MOTENVWB1.1.3.1
2023-12-13 19:27:03,300 [WARN] PackLoader:240 - Cannot read IP mode file for STMicroelectronics.X-CUBE-AZRTOS-G4.1.0.0
2023-12-13 19:27:03,324 [WARN] PackLoader:240 - Cannot read IP mode file for STMicroelectronics.X-CUBE-AZRTOS-L4.1.0.0
2023-12-13 19:27:03,337 [WARN] PackLoader:240 - Cannot read IP mode file for STMicroelectronics.X-CUBE-ISPU.2.0.0
2023-12-13 19:27:03,369 [WARN] PackLoader:240 - Cannot read IP mode file for STMicroelectronics.X-CUBE-MEMS1.10.0.0
2023-12-13 19:27:03,430 [INFO] WebApp:157 - Instantiating new browser for Auth
2023-12-13 19:27:03,433 [WARN] PackLoader:240 - Cannot read IP mode file for STMicroelectronics.X-CUBE-FREERTOS.1.1.0
2023-12-13 19:27:03,455 [WARN] PackLoader:240 - Cannot read IP mode file for STMicroelectronics.X-CUBE-AZRTOS-WL.1.0.0
2023-12-13 19:27:03,472 [WARN] PackLoader:240 - Cannot read IP mode file for portGmbH.I-Cube-SoM-uGOAL.1.1.0
2023-12-13 19:27:03,483 [WARN] PackLoader:240 - Cannot read IP mode file for STMicroelectronics.X-CUBE-ALS.1.0.1
2023-12-13 19:27:03,508 [WARN] PackLoader:240 - Cannot read IP mode file for STMicroelectronics.X-CUBE-AZRTOS-WB.1.1.0
2023-12-13 19:27:03,521 [WARN] PackLoader:240 - Cannot read IP mode file for STMicroelectronics.FP-ATR-ASTRA1.2.0.0
2023-12-13 19:27:03,538 [WARN] PackLoader:240 - Cannot read IP mode file for STMicroelectronics.X-CUBE-TOF1.3.4.0
2023-12-13 19:27:03,566 [WARN] PackLoader:240 - Cannot read IP mode file for STMicroelectronics.X-CUBE-AZRTOS-H7.3.2.0
2023-12-13 19:27:03,568 [INFO] ThirdParty:978 - Integrity check success = true
2023-12-13 19:27:03,568 [INFO] IntegrityCheckThread:100 - exiting critical section [integrity check]
2023-12-13 19:27:03,568 [INFO] IntegrityCheckThread:103 - End integrity checks thread
2023-12-13 19:27:03,949 [INFO] WebApp:753 - Register for checkConnection events
2023-12-13 19:27:03,949 [INFO] WebApp:390 - Apply proxy settings
2023-12-13 19:27:03,950 [INFO] WebApp:475 - Chromium requires no authentication
2023-12-13 19:27:03,957 [INFO] WebApp:418 - Direct internet connection detected
2023-12-13 19:27:04,099 [INFO] WebApp:188 - Starting web application
2023-12-13 19:27:04,099 [INFO] WebApp:520 - Web application path used D:\Program Files (x86)\STM32CubeIDE_1.11.2\STM32CubeIDE\plugins\com.st.stm32cube.common.mx_6.9.2.202309101412\db\plugins\mcufinder\reactClient1\index.html
2023-12-13 19:27:24,760 [ERROR] LogOutputStream:75 - [STDERR_REDIRECT] SLF4J: Failed to load class "org.slf4j.impl.StaticLoggerBinder".
2023-12-13 19:27:24,760 [ERROR] LogOutputStream:75 - [STDERR_REDIRECT] SLF4J: Defaulting to no-operation (NOP) logger implementation
2023-12-13 19:27:24,761 [ERROR] LogOutputStream:75 - [STDERR_REDIRECT] SLF4J: See http://www.slf4j.org/codes.html#StaticLoggerBinder for further details.
2023-12-13 20:09:58,302 [ERROR] LogOutputStream:75 - [STDERR_REDIRECT] 
