2023-11-29 10:00:59,928 [INFO] Activator:176 - 


2023-11-29 10:00:59,934 [INFO] Activator:177 - !SESSION log4j initialized
2023-11-29 10:01:04,722 [INFO] LogOutputStream:77 - [STDOUT_REDIRECT] 
2023-11-29 10:01:07,559 [INFO] ApplicationProperties:184 - Using Application install path: D:\Program Files (x86)\STM32CubeIDE_1.11.2\STM32CubeIDE\plugins\com.st.stm32cube.common.mx_6.9.2.202309101412
2023-11-29 10:01:07,573 [INFO] DbMcusXml:78 - Set database path to: D:\Program Files (x86)\STM32CubeIDE_1.11.2\STM32CubeIDE\plugins\com.st.stm32cube.common.mx_6.9.2.202309101412\\db\/mcu/
2023-11-29 10:01:07,574 [INFO] ApiDb:274 - Set plugin database path to: D:\Program Files (x86)\STM32CubeIDE_1.11.2\STM32CubeIDE\plugins\com.st.stm32cube.common.mx_6.9.2.202309101412\\db\/plugins/boardmanager/
2023-11-29 10:01:07,574 [WARN] ApiDb:259 - Overriding images path with different value:  => D:\Program Files (x86)\STM32CubeIDE_1.11.2\STM32CubeIDE\plugins\com.st.stm32cube.common.mx_6.9.2.202309101412\\db\/plugins/mcufinder/images/
2023-11-29 10:01:07,584 [INFO] ApiDb:250 - Set database path to: C:\Users\miqix\.stmcufinder\plugins\mcufinder//mcu/
2023-11-29 10:01:07,585 [INFO] DbMcusAds:125 - Set database path to: C:\Users\miqix\.stmcufinder\plugins\mcufinder//mcu/
2023-11-29 10:01:07,587 [INFO] CrossReferenceDbSqlite:203 - Set database path to: C:\Users\miqix\.stmcufinder\plugins\mcufinder//mcu/cs/
2023-11-29 10:01:07,689 [INFO] RulesReader:64 - Compatibility file has been processed (293 Rules)
2023-11-29 10:01:07,762 [INFO] DbMcusXml:78 - Set database path to: D:\Program Files (x86)\STM32CubeIDE_1.11.2\STM32CubeIDE\plugins\com.st.stm32cube.common.mx_6.9.2.202309101412\\db\/mcu/
2023-11-29 10:01:07,762 [INFO] ApiDb:274 - Set plugin database path to: D:\Program Files (x86)\STM32CubeIDE_1.11.2\STM32CubeIDE\plugins\com.st.stm32cube.common.mx_6.9.2.202309101412\\db\/plugins/boardmanager/
2023-11-29 10:01:07,762 [INFO] ApiDb:261 - Set plugin images path to: D:\Program Files (x86)\STM32CubeIDE_1.11.2\STM32CubeIDE\plugins\com.st.stm32cube.common.mx_6.9.2.202309101412\\db\/plugins/mcufinder/images/
2023-11-29 10:01:07,762 [WARN] DbFile:41 - Overriding database path with different value: C:\Users\miqix\.stmcufinder\plugins\mcufinder/ => C:\Users\miqix\.stmcufinder\plugins\mcufinder
2023-11-29 10:01:07,762 [INFO] ApiDb:250 - Set database path to: C:\Users\miqix\.stmcufinder\plugins\mcufinder//mcu/
2023-11-29 10:01:07,762 [WARN] DbFile:41 - Overriding database path with different value: C:\Users\miqix\.stmcufinder\plugins\mcufinder/ => C:\Users\miqix\.stmcufinder\plugins\mcufinder
2023-11-29 10:01:07,762 [INFO] DbMcusAds:125 - Set database path to: C:\Users\miqix\.stmcufinder\plugins\mcufinder//mcu/
2023-11-29 10:01:07,762 [WARN] DbFile:41 - Overriding database path with different value: C:\Users\miqix\.stmcufinder\plugins\mcufinder/ => C:\Users\miqix\.stmcufinder\plugins\mcufinder
2023-11-29 10:01:07,762 [WARN] DbFile:41 - Overriding database path with different value: C:\Users\miqix\.stmcufinder\plugins\mcufinder/ => C:\Users\miqix\.stmcufinder\plugins\mcufinder
2023-11-29 10:01:07,762 [INFO] CrossReferenceDbSqlite:203 - Set database path to: C:\Users\miqix\.stmcufinder\plugins\mcufinder//mcu/cs/
2023-11-29 10:01:07,829 [INFO] MainPanel:262 - HeapMemory: 268435456
2023-11-29 10:01:07,907 [INFO] DbMcusXml:78 - Set database path to: D:\Program Files (x86)\STM32CubeIDE_1.11.2\STM32CubeIDE\plugins\com.st.stm32cube.common.mx_6.9.2.202309101412\\db\/mcu/
2023-11-29 10:01:07,907 [INFO] ApiDb:274 - Set plugin database path to: D:\Program Files (x86)\STM32CubeIDE_1.11.2\STM32CubeIDE\plugins\com.st.stm32cube.common.mx_6.9.2.202309101412\\db\/plugins/boardmanager/
2023-11-29 10:01:07,907 [INFO] ApiDb:261 - Set plugin images path to: D:\Program Files (x86)\STM32CubeIDE_1.11.2\STM32CubeIDE\plugins\com.st.stm32cube.common.mx_6.9.2.202309101412\\db\/plugins/mcufinder/images/
2023-11-29 10:01:07,908 [WARN] DbFile:41 - Overriding database path with different value: C:\Users\miqix\.stmcufinder\plugins\mcufinder/ => C:\Users\miqix\.stmcufinder\plugins\mcufinder
2023-11-29 10:01:07,908 [INFO] ApiDb:250 - Set database path to: C:\Users\miqix\.stmcufinder\plugins\mcufinder//mcu/
2023-11-29 10:01:07,908 [WARN] DbFile:41 - Overriding database path with different value: C:\Users\miqix\.stmcufinder\plugins\mcufinder/ => C:\Users\miqix\.stmcufinder\plugins\mcufinder
2023-11-29 10:01:07,908 [INFO] DbMcusAds:125 - Set database path to: C:\Users\miqix\.stmcufinder\plugins\mcufinder//mcu/
2023-11-29 10:01:07,908 [WARN] DbFile:41 - Overriding database path with different value: C:\Users\miqix\.stmcufinder\plugins\mcufinder/ => C:\Users\miqix\.stmcufinder\plugins\mcufinder
2023-11-29 10:01:07,908 [WARN] DbFile:41 - Overriding database path with different value: C:\Users\miqix\.stmcufinder\plugins\mcufinder/ => C:\Users\miqix\.stmcufinder\plugins\mcufinder
2023-11-29 10:01:07,908 [INFO] CrossReferenceDbSqlite:203 - Set database path to: C:\Users\miqix\.stmcufinder\plugins\mcufinder//mcu/cs/
2023-11-29 10:01:07,924 [INFO] ApplicationProperties:184 - Using Application install path: D:\Program Files (x86)\STM32CubeIDE_1.11.2\STM32CubeIDE\plugins\com.st.stm32cube.common.mx_6.9.2.202309101412
2023-11-29 10:01:07,926 [INFO] PluginManage:196 - Search for loadable plugins [exclusion list=, ]
2023-11-29 10:01:07,927 [INFO] PluginManage:310 - Check plugin analytics
2023-11-29 10:01:08,063 [INFO] AnalyticsPlugin:253 - Accepted Software Licenses: 
2023-11-29 10:01:08,063 [INFO] AnalyticsPlugin:255 - Accepted CMSIS Pack Licenses: 
2023-11-29 10:01:08,063 [INFO] AnalyticsPlugin:257 - Accepted Firmware Licenses: 
2023-11-29 10:01:08,066 [INFO] PluginManage:359 - Loaded plugin analytics (category:tool,tabindex:-1)
2023-11-29 10:01:08,066 [INFO] PluginManage:310 - Check plugin cadmodel
2023-11-29 10:01:08,078 [INFO] CADModel:105 - Init CAD model plugin
2023-11-29 10:01:08,079 [INFO] PluginManage:359 - Loaded plugin cadmodel (category:power,tabindex:5)
2023-11-29 10:01:08,079 [INFO] PluginManage:310 - Check plugin clock
2023-11-29 10:01:08,096 [INFO] PluginManage:359 - Loaded plugin clock (category:base,tabindex:2)
2023-11-29 10:01:08,096 [INFO] PluginManage:310 - Check plugin ddr
2023-11-29 10:01:08,098 [INFO] PluginManage:359 - Loaded plugin ddr (category:tool,tabindex:6)
2023-11-29 10:01:08,098 [INFO] PluginManage:310 - Check plugin filemanager
2023-11-29 10:01:08,214 [INFO] PluginManage:359 - Loaded plugin filemanager (category:base,tabindex:10)
2023-11-29 10:01:08,214 [INFO] PluginManage:310 - Check plugin ipmanager
2023-11-29 10:01:08,220 [INFO] PluginManage:359 - Loaded plugin ipmanager (category:base,tabindex:5)
2023-11-29 10:01:08,220 [INFO] PluginManage:310 - Check plugin lpbam
2023-11-29 10:01:08,233 [INFO] PluginManage:359 - Loaded plugin lpbam (category:base,tabindex:0)
2023-11-29 10:01:08,233 [INFO] PluginManage:310 - Check plugin memorymap
2023-11-29 10:01:08,254 [INFO] PluginManage:359 - Loaded plugin memorymap (category:base,tabindex:4)
2023-11-29 10:01:08,254 [INFO] PluginManage:310 - Check plugin pinoutandconfiguration
2023-11-29 10:01:08,267 [INFO] PluginManage:359 - Loaded plugin pinoutandconfiguration (category:base,tabindex:1)
2023-11-29 10:01:08,268 [INFO] PluginManage:310 - Check plugin pinoutconfig
2023-11-29 10:01:08,348 [WARN] SupportedApi:132 - Cannot load RTOS API schema: s4s-elt-must-match.1: The content of 'definitions' must match (annotation?, (simpleType | complexType)?, (unique | key | keyref)*)). A problem was found starting at: attribute.
2023-11-29 10:01:08,458 [INFO] PluginManage:359 - Loaded plugin pinoutconfig (category:base,tabindex:0)
2023-11-29 10:01:08,458 [INFO] PluginManage:310 - Check plugin power
2023-11-29 10:01:08,474 [INFO] PluginManage:359 - Loaded plugin power (category:power,tabindex:4)
2023-11-29 10:01:08,474 [INFO] PluginManage:310 - Check plugin projectmanager
2023-11-29 10:01:08,484 [INFO] PluginManage:359 - Loaded plugin projectmanager (category:projectmanager,tabindex:3)
2023-11-29 10:01:08,485 [INFO] PluginManage:310 - Check plugin thirdparty
2023-11-29 10:01:08,695 [INFO] PluginManage:359 - Loaded plugin thirdparty (category:base,tabindex:-1)
2023-11-29 10:01:08,695 [INFO] PluginManage:310 - Check plugin tools
2023-11-29 10:01:08,695 [WARN] IntegrityCheckThread:84 - waiting for thirdparty lock release [integrity check]
2023-11-29 10:01:08,695 [INFO] IntegrityCheckThread:86 - entering critical section [integrity check]
2023-11-29 10:01:08,695 [INFO] ThirdPartyUpdaterWithRetryManager:70 - Updater plugin not ready yet. [1/15]
2023-11-29 10:01:08,719 [INFO] PluginManage:359 - Loaded plugin tools (category:base,tabindex:7)
2023-11-29 10:01:08,719 [INFO] PluginManage:310 - Check plugin tutovideos
2023-11-29 10:01:08,878 [INFO] PluginManage:359 - Loaded plugin tutovideos (category:base,tabindex:-1)
2023-11-29 10:01:08,879 [INFO] PluginManage:310 - Check plugin updater
2023-11-29 10:01:08,888 [INFO] PluginManage:359 - Loaded plugin updater (category:base,tabindex:12)
2023-11-29 10:01:08,888 [INFO] PluginManage:310 - Check plugin userauth
2023-11-29 10:01:08,894 [INFO] UserAuth:113 - Init User Auth plugin
2023-11-29 10:01:08,894 [INFO] PluginManage:359 - Loaded plugin userauth (category:base,tabindex:14)
2023-11-29 10:01:08,894 [INFO] PluginManage:283 - PluginManage : Loaded plugins [17]
2023-11-29 10:01:09,073 [INFO] PinOutPanel:1499 - setPackage(No Configuration,No Configuration)
2023-11-29 10:01:09,159 [INFO] CADModel:165 - CPN selected for project level
2023-11-29 10:01:09,160 [INFO] CADModel:114 - Register for checkConnection events
2023-11-29 10:01:09,181 [INFO] IPUIPlugin:80 - create IPUIPlugin
2023-11-29 10:01:09,181 [INFO] PluginManager:220 - loadIPPluginJar : add adc
2023-11-29 10:01:09,204 [INFO] IPUIPlugin:80 - create IPUIPlugin
2023-11-29 10:01:09,204 [INFO] PluginManager:220 - loadIPPluginJar : add aes
2023-11-29 10:01:09,232 [INFO] IPUIPlugin:80 - create IPUIPlugin
2023-11-29 10:01:09,232 [INFO] PluginManager:220 - loadIPPluginJar : add can
2023-11-29 10:01:09,247 [INFO] IPUIPlugin:80 - create IPUIPlugin
2023-11-29 10:01:09,247 [INFO] PluginManager:220 - loadIPPluginJar : add comp
2023-11-29 10:01:09,270 [INFO] IPUIPlugin:80 - create IPUIPlugin
2023-11-29 10:01:09,270 [INFO] PluginManager:220 - loadIPPluginJar : add cryp
2023-11-29 10:01:09,289 [INFO] IPUIPlugin:80 - create IPUIPlugin
2023-11-29 10:01:09,289 [INFO] PluginManager:220 - loadIPPluginJar : add dfsdm
2023-11-29 10:01:09,299 [INFO] IPUIPlugin:80 - create IPUIPlugin
2023-11-29 10:01:09,300 [INFO] PluginManager:220 - loadIPPluginJar : add dma
2023-11-29 10:01:09,327 [INFO] IPUIPlugin:80 - create IPUIPlugin
2023-11-29 10:01:09,328 [INFO] PluginManager:220 - loadIPPluginJar : add dma3
2023-11-29 10:01:09,341 [INFO] IPUIPlugin:80 - create IPUIPlugin
2023-11-29 10:01:09,341 [INFO] PluginManager:220 - loadIPPluginJar : add fatfs
2023-11-29 10:01:09,374 [INFO] IPUIPlugin:80 - create IPUIPlugin
2023-11-29 10:01:09,375 [INFO] PluginManager:220 - loadIPPluginJar : add fmc
2023-11-29 10:01:09,387 [INFO] IPUIPlugin:80 - create IPUIPlugin
2023-11-29 10:01:09,387 [INFO] PluginManager:220 - loadIPPluginJar : add freertos
2023-11-29 10:01:09,401 [INFO] IPUIPlugin:80 - create IPUIPlugin
2023-11-29 10:01:09,401 [INFO] PluginManager:220 - loadIPPluginJar : add genericplugin
2023-11-29 10:01:09,456 [INFO] IPUIPlugin:80 - create IPUIPlugin
2023-11-29 10:01:09,456 [INFO] PluginManager:220 - loadIPPluginJar : add gfxmmu
2023-11-29 10:01:09,536 [INFO] IPUIPlugin:80 - create IPUIPlugin
2023-11-29 10:01:09,536 [INFO] PluginManager:220 - loadIPPluginJar : add gic
2023-11-29 10:01:09,546 [INFO] IPUIPlugin:80 - create IPUIPlugin
2023-11-29 10:01:09,546 [INFO] PluginManager:220 - loadIPPluginJar : add gpio
2023-11-29 10:01:09,606 [INFO] IPUIPlugin:80 - create IPUIPlugin
2023-11-29 10:01:09,606 [INFO] PluginManager:220 - loadIPPluginJar : add gtzc
2023-11-29 10:01:09,627 [INFO] IPUIPlugin:80 - create IPUIPlugin
2023-11-29 10:01:09,627 [INFO] PluginManager:220 - loadIPPluginJar : add hash
2023-11-29 10:01:09,663 [INFO] IPUIPlugin:80 - create IPUIPlugin
2023-11-29 10:01:09,663 [INFO] PluginManager:220 - loadIPPluginJar : add i2c
2023-11-29 10:01:09,687 [INFO] IPUIPlugin:80 - create IPUIPlugin
2023-11-29 10:01:09,688 [INFO] PluginManager:220 - loadIPPluginJar : add i2s
2023-11-29 10:01:09,715 [INFO] IPUIPlugin:80 - create IPUIPlugin
2023-11-29 10:01:09,715 [INFO] PluginManager:220 - loadIPPluginJar : add i3c
2023-11-29 10:01:09,785 [INFO] IPUIPlugin:80 - create IPUIPlugin
2023-11-29 10:01:09,785 [INFO] PluginManager:220 - loadIPPluginJar : add ipddr
2023-11-29 10:01:09,844 [INFO] IPUIPlugin:80 - create IPUIPlugin
2023-11-29 10:01:09,844 [INFO] PluginManager:220 - loadIPPluginJar : add linkedlist
2023-11-29 10:01:09,869 [INFO] IPUIPlugin:80 - create IPUIPlugin
2023-11-29 10:01:09,869 [INFO] PluginManager:220 - loadIPPluginJar : add lorawan
2023-11-29 10:01:09,893 [INFO] IPUIPlugin:80 - create IPUIPlugin
2023-11-29 10:01:09,893 [INFO] PluginManager:220 - loadIPPluginJar : add ltdc
2023-11-29 10:01:09,904 [INFO] IPUIPlugin:80 - create IPUIPlugin
2023-11-29 10:01:09,904 [INFO] PluginManager:220 - loadIPPluginJar : add mdma
2023-11-29 10:01:09,915 [INFO] IPUIPlugin:80 - create IPUIPlugin
2023-11-29 10:01:09,915 [INFO] PluginManager:220 - loadIPPluginJar : add nvic
2023-11-29 10:01:09,943 [INFO] IPUIPlugin:80 - create IPUIPlugin
2023-11-29 10:01:09,944 [INFO] PluginManager:220 - loadIPPluginJar : add opamp
2023-11-29 10:01:09,982 [INFO] IPUIPlugin:80 - create IPUIPlugin
2023-11-29 10:01:09,982 [INFO] PluginManager:220 - loadIPPluginJar : add openamp
2023-11-29 10:01:10,012 [INFO] IPUIPlugin:80 - create IPUIPlugin
2023-11-29 10:01:10,012 [INFO] PluginManager:220 - loadIPPluginJar : add pdm2pcm
2023-11-29 10:01:10,023 [INFO] IPUIPlugin:80 - create IPUIPlugin
2023-11-29 10:01:10,024 [INFO] PluginManager:220 - loadIPPluginJar : add plateformsettings
2023-11-29 10:01:10,039 [INFO] IPUIPlugin:80 - create IPUIPlugin
2023-11-29 10:01:10,039 [INFO] PluginManager:220 - loadIPPluginJar : add quadspi
2023-11-29 10:01:10,049 [INFO] IPUIPlugin:80 - create IPUIPlugin
2023-11-29 10:01:10,049 [INFO] PluginManager:220 - loadIPPluginJar : add resmgrutility
2023-11-29 10:01:10,082 [INFO] IPUIPlugin:80 - create IPUIPlugin
2023-11-29 10:01:10,082 [INFO] PluginManager:220 - loadIPPluginJar : add sai
2023-11-29 10:01:10,105 [INFO] IPUIPlugin:80 - create IPUIPlugin
2023-11-29 10:01:10,105 [INFO] PluginManager:220 - loadIPPluginJar : add spi
2023-11-29 10:01:10,145 [INFO] IPUIPlugin:80 - create IPUIPlugin
2023-11-29 10:01:10,145 [INFO] PluginManager:220 - loadIPPluginJar : add stm32_wpan
2023-11-29 10:01:10,161 [INFO] IPUIPlugin:80 - create IPUIPlugin
2023-11-29 10:01:10,161 [INFO] PluginManager:220 - loadIPPluginJar : add tim
2023-11-29 10:01:10,198 [INFO] IPUIPlugin:80 - create IPUIPlugin
2023-11-29 10:01:10,198 [INFO] PluginManager:220 - loadIPPluginJar : add touchsensing
2023-11-29 10:01:10,213 [INFO] IPUIPlugin:80 - create IPUIPlugin
2023-11-29 10:01:10,213 [INFO] PluginManager:220 - loadIPPluginJar : add tracer_emb
2023-11-29 10:01:10,228 [INFO] IPUIPlugin:80 - create IPUIPlugin
2023-11-29 10:01:10,228 [INFO] PluginManager:220 - loadIPPluginJar : add ts
2023-11-29 10:01:10,242 [INFO] IPUIPlugin:80 - create IPUIPlugin
2023-11-29 10:01:10,242 [INFO] PluginManager:220 - loadIPPluginJar : add tsc
2023-11-29 10:01:10,256 [INFO] IPUIPlugin:80 - create IPUIPlugin
2023-11-29 10:01:10,256 [INFO] PluginManager:220 - loadIPPluginJar : add ucpd
2023-11-29 10:01:10,285 [INFO] IPUIPlugin:80 - create IPUIPlugin
2023-11-29 10:01:10,286 [INFO] PluginManager:220 - loadIPPluginJar : add usart
2023-11-29 10:01:10,313 [INFO] IPUIPlugin:80 - create IPUIPlugin
2023-11-29 10:01:10,314 [INFO] PluginManager:220 - loadIPPluginJar : add usbx
2023-11-29 10:01:10,425 [INFO] CADModel:165 - CPN selected for project level
2023-11-29 10:01:10,425 [INFO] CADModel:114 - Register for checkConnection events
2023-11-29 10:01:10,425 [FATAL] Updater:308 - Updater called before beeing initialized
2023-11-29 10:01:10,426 [ERROR] CADModel:125 - Updater not yet initialized, retry later 
2023-11-29 10:01:10,540 [INFO] CADModel:165 - CPN selected for project level
2023-11-29 10:01:10,540 [INFO] CADModel:114 - Register for checkConnection events
2023-11-29 10:01:10,540 [FATAL] Updater:308 - Updater called before beeing initialized
2023-11-29 10:01:10,540 [ERROR] CADModel:125 - Updater not yet initialized, retry later 
2023-11-29 10:01:10,543 [FATAL] Updater:308 - Updater called before beeing initialized
2023-11-29 10:01:10,622 [FATAL] Updater:308 - Updater called before beeing initialized
2023-11-29 10:01:10,631 [INFO] DbMcusAds:53 - JSON generation date=Tue Mar 07 09:50:55 CET 2023 (1678179055335)
2023-11-29 10:01:10,632 [FATAL] Updater:308 - Updater called before beeing initialized
2023-11-29 10:01:10,692 [WARN] DetailPanel:346 - Failed to get advertising image, set to default
2023-11-29 10:01:10,784 [FATAL] Updater:308 - Updater called before beeing initialized
2023-11-29 10:01:10,786 [FATAL] Updater:308 - Updater called before beeing initialized
2023-11-29 10:01:10,786 [FATAL] Updater:308 - Updater called before beeing initialized
2023-11-29 10:01:10,786 [WARN] DetailPanel:346 - Failed to get advertising image, set to default
2023-11-29 10:01:10,787 [FATAL] Updater:308 - Updater called before beeing initialized
2023-11-29 10:01:10,830 [ERROR] Updater:1120 - MainUpdater not yet initialized. External WinMGr cannot be set.
2023-11-29 10:01:10,837 [INFO] Updater:1056 - Updater Version found : 6.9.2
2023-11-29 10:01:10,852 [INFO] ApplicationProperties:184 - Using Application install path: D:\Program Files (x86)\STM32CubeIDE_1.11.2\STM32CubeIDE\plugins\com.st.stm32cube.common.mx_6.9.2.202309101412
2023-11-29 10:01:11,360 [INFO] MainUpdater:2868 - connection check result : 10
2023-11-29 10:01:11,361 [INFO] MainUpdater:285 - Updater Check For Update Now.
2023-11-29 10:01:11,361 [INFO] MicroXplorer:498 - Change Database Version : DB.6.0.92
2023-11-29 10:01:11,374 [INFO] McuFinderGlobals:63 - Set McuFinder mode to 2 (CubeIDE integrated)
2023-11-29 10:01:11,374 [INFO] UserAuth:179 - activating auth plugin
2023-11-29 10:01:11,376 [INFO] UserAuth:393 - Internet connection configuration mode: 1
2023-11-29 10:01:11,398 [INFO] JxBrowserEngine:151 - Initiate JxBrowser Engine with user profile folder
2023-11-29 10:01:11,533 [INFO] CheckServerUpdateThread:120 - End of CheckServer Thread
2023-11-29 10:01:11,860 [WARN] PackLoader:240 - Cannot read IP mode file for STMicroelectronics.X-CUBE-SMBUS.2.1.0
2023-11-29 10:01:11,894 [WARN] PackLoader:240 - Cannot read IP mode file for STMicroelectronics.X-CUBE-AZRTOS-F7.1.1.0
2023-11-29 10:01:11,908 [ERROR] RealEvaluatedCondition:428 - Found unsupported composite condition: GROUP='STM32_MetaDataManager' CLASS='Data Exchange'
2023-11-29 10:01:11,908 [ERROR] RealEvaluatedCondition:428 - Found unsupported composite condition: CLASS='Data Exchange' GROUP='STM32_MetaDataManager'
2023-11-29 10:01:11,909 [WARN] PackLoader:240 - Cannot read IP mode file for STMicroelectronics.FP-SNS-MOTENV1.4.3.0
2023-11-29 10:01:11,920 [WARN] PackLoader:240 - Cannot read IP mode file for STMicroelectronics.FP-SNS-MOTENV1.4.3.2
2023-11-29 10:01:11,931 [WARN] PackLoader:240 - Cannot read IP mode file for STMicroelectronics.FP-SNS-FLIGHT1.5.0.0
2023-11-29 10:01:11,941 [ERROR] RealEvaluatedCondition:428 - Found unsupported composite condition: CLASS='Data Exchange' GROUP='STM32_MetaDataManager'
2023-11-29 10:01:11,941 [ERROR] RealEvaluatedCondition:428 - Found unsupported composite condition: GROUP='STM32_MetaDataManager' CLASS='Data Exchange'
2023-11-29 10:01:11,942 [WARN] PackLoader:240 - Cannot read IP mode file for STMicroelectronics.FP-SNS-MOTENV1.4.3.1
2023-11-29 10:01:11,952 [WARN] PackLoader:240 - Cannot read IP mode file for STMicroelectronics.FP-SNS-FLIGHT1.5.0.1
2023-11-29 10:01:11,963 [WARN] PackLoader:240 - Cannot read IP mode file for STMicroelectronics.X-CUBE-BLE1.6.2.4
2023-11-29 10:01:11,972 [WARN] PackLoader:240 - Cannot read IP mode file for STMicroelectronics.FP-SNS-FLIGHT1.5.0.2
2023-11-29 10:01:11,984 [WARN] PackLoader:240 - Cannot read IP mode file for STMicroelectronics.X-CUBE-DISPLAY.3.0.0
2023-11-29 10:01:11,997 [WARN] PackLoader:240 - Cannot read IP mode file for STMicroelectronics.X-CUBE-BLE1.7.0.0
2023-11-29 10:01:12,010 [WARN] PackLoader:240 - Cannot read IP mode file for STMicroelectronics.X-CUBE-TOUCHGFX.4.22.0
2023-11-29 10:01:12,018 [WARN] PackLoader:240 - Cannot read IP mode file for STMicroelectronics.X-CUBE-TOUCHGFX.4.22.1
2023-11-29 10:01:12,026 [WARN] PackLoader:240 - Cannot read IP mode file for STMicroelectronics.FP-SNS-SMARTAG2.1.2.0
2023-11-29 10:01:12,041 [INFO] LogOutputStream:77 - [STDOUT_REDIRECT] 1 : Invalid condition id : UX_CORESTACK_Condition cause : null
2023-11-29 10:01:12,041 [INFO] LogOutputStream:77 - [STDOUT_REDIRECT] 1 : Invalid condition id : UX_CORESTACK_Condition cause : null
2023-11-29 10:01:12,042 [INFO] LogOutputStream:77 - [STDOUT_REDIRECT] 1 : Invalid condition id : UX_CORESTACK_Condition cause : null
2023-11-29 10:01:12,043 [INFO] LogOutputStream:77 - [STDOUT_REDIRECT] 1 : Invalid condition id : UX_CORESTACK_Condition cause : null
2023-11-29 10:01:12,044 [INFO] LogOutputStream:77 - [STDOUT_REDIRECT] 1 : Invalid condition id : UX_CORESTACK_Condition cause : null
2023-11-29 10:01:12,045 [WARN] PackLoader:240 - Cannot read IP mode file for STMicroelectronics.X-CUBE-AZRTOS-WL.2.0.0
2023-11-29 10:01:12,058 [WARN] PackLoader:240 - Cannot read IP mode file for WES.I-CUBE-Cesium.1.3.0
2023-11-29 10:01:12,066 [WARN] PackLoader:240 - Cannot read IP mode file for STMicroelectronics.X-CUBE-BLE2.3.3.0
2023-11-29 10:01:12,081 [WARN] PackLoader:240 - Cannot read IP mode file for STMicroelectronics.X-CUBE-TOF1.3.2.0
2023-11-29 10:01:12,094 [WARN] PackLoader:240 - Cannot read IP mode file for STMicroelectronics.X-CUBE-TOUCHGFX.4.21.1
2023-11-29 10:01:12,103 [WARN] PackLoader:240 - Cannot read IP mode file for STMicroelectronics.X-CUBE-TOUCHGFX.4.21.3
2023-11-29 10:01:12,112 [WARN] PackLoader:240 - Cannot read IP mode file for STMicroelectronics.X-CUBE-TOUCHGFX.4.21.4
2023-11-29 10:01:12,149 [WARN] PackLoader:240 - Cannot read IP mode file for STMicroelectronics.X-CUBE-MEMS1.9.4.0
2023-11-29 10:01:12,287 [WARN] PackLoader:240 - Cannot read IP mode file for STMicroelectronics.X-CUBE-AI.7.3.0
2023-11-29 10:01:12,300 [WARN] PackLoader:240 - Cannot read IP mode file for STMicroelectronics.X-CUBE-ALGOBUILD.1.3.0
2023-11-29 10:01:12,322 [WARN] PackLoader:240 - Cannot read IP mode file for STMicroelectronics.X-CUBE-AZRTOS-G0.1.1.0
2023-11-29 10:01:12,334 [WARN] PackLoader:240 - Cannot read IP mode file for STMicroelectronics.X-CUBE-NFC4.3.0.0
2023-11-29 10:01:12,347 [WARN] PackLoader:240 - Cannot read IP mode file for STMicroelectronics.X-CUBE-BLEMGR.3.0.0
2023-11-29 10:01:12,358 [WARN] PackLoader:240 - Cannot read IP mode file for STMicroelectronics.X-CUBE-BLEMGR.1.3.0
2023-11-29 10:01:12,369 [WARN] PackLoader:240 - Cannot read IP mode file for STMicroelectronics.FP-ATR-SIGFOX1.3.2.0
2023-11-29 10:01:12,407 [WARN] PackLoader:240 - Cannot read IP mode file for STMicroelectronics.X-CUBE-MEMS1.9.5.0
2023-11-29 10:01:12,496 [WARN] PackLoader:240 - Cannot read IP mode file for SEGGER.I-CUBE-embOS.1.3.1
2023-11-29 10:01:12,534 [WARN] PackLoader:240 - Cannot read IP mode file for STMicroelectronics.X-CUBE-GNSS1.6.0.0
2023-11-29 10:01:12,559 [WARN] PackLoader:240 - Cannot read IP mode file for STMicroelectronics.X-CUBE-AZRTOS-F4.1.1.0
2023-11-29 10:01:12,589 [WARN] PackLoader:240 - Cannot read IP mode file for STMicroelectronics.X-CUBE-AZRTOS-L5.2.0.0
2023-11-29 10:01:12,625 [WARN] PackLoader:240 - Cannot read IP mode file for STMicroelectronics.X-CUBE-MEMS1.9.6.0
2023-11-29 10:01:12,711 [WARN] PackLoader:240 - Cannot read IP mode file for STMicroelectronics.X-CUBE-EEPRMA1.4.2.0
2023-11-29 10:01:12,721 [WARN] PackLoader:240 - Cannot read IP mode file for ITTIA_DB.I-CUBE-ITTIADB.8.8.0
2023-11-29 10:01:12,734 [WARN] PackLoader:240 - Cannot read IP mode file for emotas.I-CUBE-CANOPEN.1.1.3
2023-11-29 10:01:12,744 [WARN] PackLoader:240 - Cannot read IP mode file for STMicroelectronics.X-CUBE-BLEMGR.2.0.0
2023-11-29 10:01:12,767 [WARN] ConditionMgr:438 - getConditionDescription Invalid condition id : UX DEVICE CLASS RTOS Condition cause : null
2023-11-29 10:01:12,767 [WARN] ConditionMgr:438 - getConditionDescription Invalid condition id : UX DEVICE CLASS RTOS Condition cause : null
2023-11-29 10:01:12,770 [WARN] PackLoader:240 - Cannot read IP mode file for STMicroelectronics.X-CUBE-AZRTOS-H7.3.1.0
2023-11-29 10:01:12,771 [WARN] ConditionMgr:1039 - genDependencies : Invalid condition id : UX DEVICE CLASS RTOS Condition cause : null
2023-11-29 10:01:12,771 [WARN] ConditionMgr:1039 - genDependencies : Invalid condition id : UX DEVICE CLASS RTOS Condition cause : null
2023-11-29 10:01:12,772 [WARN] ConditionMgr:1039 - genDependencies : Invalid condition id : UX DEVICE CLASS RTOS Condition cause : null
2023-11-29 10:01:12,772 [WARN] ConditionMgr:1039 - genDependencies : Invalid condition id : UX DEVICE CLASS RTOS Condition cause : null
2023-11-29 10:01:12,772 [WARN] ConditionMgr:1039 - genDependencies : Invalid condition id : UX DEVICE CLASS RTOS Condition cause : null
2023-11-29 10:01:12,783 [WARN] PackLoader:240 - Cannot read IP mode file for wolfSSL.I-CUBE-wolfSSL.5.5.4
2023-11-29 10:01:12,792 [WARN] PackLoader:240 - Cannot read IP mode file for STMicroelectronics.X-CUBE-NFC7.1.0.1
2023-11-29 10:01:12,802 [WARN] PackLoader:240 - Cannot read IP mode file for STMicroelectronics.X-CUBE-NFC7.1.0.0
2023-11-29 10:01:12,814 [WARN] PackLoader:240 - Cannot read IP mode file for STMicroelectronics.X-CUBE-NFC6.3.0.0
2023-11-29 10:01:12,825 [WARN] PackLoader:240 - Cannot read IP mode file for STMicroelectronics.X-CUBE-EEPRMA1.4.1.0
2023-11-29 10:01:12,833 [WARN] PackLoader:240 - Cannot read IP mode file for STMicroelectronics.X-CUBE-AI.8.1.0
2023-11-29 10:01:12,853 [WARN] ConditionMgr:438 - getConditionDescription Invalid condition id : LAN8742 Phy interface Condition cause : null
2023-11-29 10:01:12,853 [WARN] PackLoader:240 - Cannot read IP mode file for STMicroelectronics.X-CUBE-AZRTOS-L4.2.0.0
2023-11-29 10:01:12,854 [WARN] ConditionMgr:1039 - genDependencies : Invalid condition id : LAN8742 Phy interface Condition cause : null
2023-11-29 10:01:12,854 [WARN] ConditionMgr:1039 - genDependencies : Invalid condition id : LAN8742 Phy interface Condition cause : null
2023-11-29 10:01:12,854 [WARN] ConditionMgr:1039 - genDependencies : Invalid condition id : LAN8742 Phy interface Condition cause : null
2023-11-29 10:01:12,866 [WARN] PackLoader:240 - Cannot read IP mode file for STMicroelectronics.X-CUBE-SFXS2LP1.4.0.0
2023-11-29 10:01:12,887 [WARN] PackLoader:240 - Cannot read IP mode file for STMicroelectronics.X-CUBE-AZRTOS-H7.3.0.0
2023-11-29 10:01:12,899 [WARN] PackLoader:240 - Cannot read IP mode file for STMicroelectronics.X-CUBE-ISPU.1.1.0
2023-11-29 10:01:12,910 [WARN] PackLoader:240 - Cannot read IP mode file for RoweBots.I-CUBE-UNISONRTOS.5.5.0-4
2023-11-29 10:01:12,920 [WARN] PackLoader:240 - Cannot read IP mode file for STMicroelectronics.X-CUBE-AI.8.0.0
2023-11-29 10:01:12,946 [WARN] ConditionMgr:438 - getConditionDescription Invalid condition id : UX DEVICE CLASS RTOS Condition cause : null
2023-11-29 10:01:12,946 [WARN] ConditionMgr:438 - getConditionDescription Invalid condition id : UX DEVICE CLASS RTOS Condition cause : null
2023-11-29 10:01:12,948 [WARN] PackLoader:240 - Cannot read IP mode file for STMicroelectronics.X-CUBE-AZRTOS-WB.2.0.0
2023-11-29 10:01:12,948 [WARN] ConditionMgr:1039 - genDependencies : Invalid condition id : UX DEVICE CLASS RTOS Condition cause : null
2023-11-29 10:01:12,948 [WARN] ConditionMgr:1039 - genDependencies : Invalid condition id : UX DEVICE CLASS RTOS Condition cause : null
2023-11-29 10:01:12,949 [WARN] ConditionMgr:1039 - genDependencies : Invalid condition id : UX DEVICE CLASS RTOS Condition cause : null
2023-11-29 10:01:12,949 [WARN] ConditionMgr:1039 - genDependencies : Invalid condition id : UX DEVICE CLASS RTOS Condition cause : null
2023-11-29 10:01:12,949 [WARN] ConditionMgr:1039 - genDependencies : Invalid condition id : UX DEVICE CLASS RTOS Condition cause : null
2023-11-29 10:01:12,961 [WARN] PackLoader:240 - Cannot read IP mode file for STMicroelectronics.X-CUBE-FREERTOS.1.0.0
2023-11-29 10:01:12,972 [WARN] PackLoader:240 - Cannot read IP mode file for STMicroelectronics.X-CUBE-FREERTOS.1.0.1
2023-11-29 10:01:13,002 [WARN] PackLoader:240 - Cannot read IP mode file for STMicroelectronics.X-CUBE-AZRTOS-L5.1.1.0
2023-11-29 10:01:13,017 [WARN] PackLoader:240 - Cannot read IP mode file for STMicroelectronics.X-CUBE-AI.8.0.1
2023-11-29 10:01:13,053 [WARN] PackLoader:240 - Cannot read IP mode file for STMicroelectronics.X-CUBE-SUBG2.5.0.0
2023-11-29 10:01:13,074 [WARN] PackLoader:240 - Cannot read IP mode file for STMicroelectronics.X-CUBE-TOF1.3.3.1
2023-11-29 10:01:13,155 [WARN] PackLoader:240 - Cannot read IP mode file for STMicroelectronics.X-CUBE-AZRTOS-G4.2.0.0
2023-11-29 10:01:13,173 [WARN] PackLoader:240 - Cannot read IP mode file for STMicroelectronics.X-CUBE-TOF1.3.3.0
2023-11-29 10:01:13,188 [WARN] PackLoader:240 - Cannot read IP mode file for STMicroelectronics.FP-ATR-ASTRA1.1.1.1
2023-11-29 10:01:13,205 [WARN] PackLoader:240 - Cannot read IP mode file for Infineon.AIROC-Wi-Fi-Bluetooth-STM32.1.5.1
2023-11-29 10:01:13,218 [WARN] PackLoader:240 - Cannot read IP mode file for STMicroelectronics.FP-SNS-MOTENVWB1.1.3.0
2023-11-29 10:01:13,238 [WARN] PackLoader:240 - Cannot read IP mode file for STMicroelectronics.X-CUBE-AZRTOS-G4.1.0.0
2023-11-29 10:01:13,263 [WARN] PackLoader:240 - Cannot read IP mode file for STMicroelectronics.X-CUBE-AZRTOS-L4.1.0.0
2023-11-29 10:01:13,319 [WARN] PackLoader:240 - Cannot read IP mode file for STMicroelectronics.X-CUBE-MEMS1.10.0.0
2023-11-29 10:01:13,425 [WARN] PackLoader:240 - Cannot read IP mode file for STMicroelectronics.X-CUBE-FREERTOS.1.1.0
2023-11-29 10:01:13,447 [WARN] PackLoader:240 - Cannot read IP mode file for STMicroelectronics.X-CUBE-AZRTOS-WL.1.0.0
2023-11-29 10:01:13,461 [WARN] PackLoader:240 - Cannot read IP mode file for portGmbH.I-Cube-SoM-uGOAL.1.1.0
2023-11-29 10:01:13,471 [WARN] PackLoader:240 - Cannot read IP mode file for STMicroelectronics.X-CUBE-ALS.1.0.1
2023-11-29 10:01:13,493 [WARN] PackLoader:240 - Cannot read IP mode file for STMicroelectronics.X-CUBE-AZRTOS-WB.1.1.0
2023-11-29 10:01:13,505 [WARN] PackLoader:240 - Cannot read IP mode file for STMicroelectronics.FP-ATR-ASTRA1.2.0.0
2023-11-29 10:01:13,518 [WARN] PackLoader:240 - Cannot read IP mode file for STMicroelectronics.X-CUBE-TOF1.3.4.0
2023-11-29 10:01:13,524 [INFO] ThirdParty:978 - Integrity check success = true
2023-11-29 10:01:13,524 [INFO] IntegrityCheckThread:100 - exiting critical section [integrity check]
2023-11-29 10:01:13,524 [INFO] IntegrityCheckThread:103 - End integrity checks thread
2023-11-29 10:01:13,559 [INFO] WebApp:157 - Instantiating new browser for Auth
2023-11-29 10:01:14,054 [INFO] WebApp:753 - Register for checkConnection events
2023-11-29 10:01:14,054 [INFO] WebApp:390 - Apply proxy settings
2023-11-29 10:01:14,055 [INFO] WebApp:475 - Chromium requires no authentication
2023-11-29 10:01:14,061 [INFO] WebApp:418 - Direct internet connection detected
2023-11-29 10:01:14,207 [INFO] WebApp:188 - Starting web application
2023-11-29 10:01:14,208 [INFO] WebApp:520 - Web application path used D:\Program Files (x86)\STM32CubeIDE_1.11.2\STM32CubeIDE\plugins\com.st.stm32cube.common.mx_6.9.2.202309101412\db\plugins\mcufinder\reactClient1\index.html
2023-11-29 10:01:34,799 [ERROR] LogOutputStream:75 - [STDERR_REDIRECT] SLF4J: Failed to load class "org.slf4j.impl.StaticLoggerBinder".
2023-11-29 10:01:34,800 [ERROR] LogOutputStream:75 - [STDERR_REDIRECT] SLF4J: Defaulting to no-operation (NOP) logger implementation
2023-11-29 10:01:34,801 [ERROR] LogOutputStream:75 - [STDERR_REDIRECT] SLF4J: See http://www.slf4j.org/codes.html#StaticLoggerBinder for further details.
2023-11-29 16:25:12,844 [ERROR] LogOutputStream:75 - [STDERR_REDIRECT] 
