2024-01-02 09:46:49,655 [INFO] Activator:176 - 


2024-01-02 09:46:49,660 [INFO] Activator:177 - !SESSION log4j initialized
2024-01-02 09:46:55,962 [INFO] LogOutputStream:77 - [STDOUT_REDIRECT] 
2024-01-02 09:46:56,889 [INFO] ApplicationProperties:184 - Using Application install path: D:\Program Files (x86)\STM32CubeIDE_1.11.2\STM32CubeIDE\plugins\com.st.stm32cube.common.mx_6.10.0.202311202037
2024-01-02 09:46:56,904 [INFO] DbMcusXml:78 - Set database path to: D:\Program Files (x86)\STM32CubeIDE_1.11.2\STM32CubeIDE\plugins\com.st.stm32cube.common.mx_6.10.0.202311202037\\db\/mcu/
2024-01-02 09:46:56,905 [INFO] ApiDb:274 - Set plugin database path to: D:\Program Files (x86)\STM32CubeIDE_1.11.2\STM32CubeIDE\plugins\com.st.stm32cube.common.mx_6.10.0.202311202037\\db\/plugins/boardmanager/
2024-01-02 09:46:56,905 [WARN] ApiDb:259 - Overriding images path with different value:  => D:\Program Files (x86)\STM32CubeIDE_1.11.2\STM32CubeIDE\plugins\com.st.stm32cube.common.mx_6.10.0.202311202037\\db\/plugins/mcufinder/images/
2024-01-02 09:46:56,913 [INFO] ApiDb:250 - Set database path to: C:\Users\miqix\.stmcufinder\plugins\mcufinder//mcu/
2024-01-02 09:46:56,914 [INFO] DbMcusAds:125 - Set database path to: C:\Users\miqix\.stmcufinder\plugins\mcufinder//mcu/
2024-01-02 09:46:56,916 [INFO] CrossReferenceDbSqlite:203 - Set database path to: C:\Users\miqix\.stmcufinder\plugins\mcufinder//mcu/cs/
2024-01-02 09:46:57,019 [INFO] RulesReader:64 - Compatibility file has been processed (297 Rules)
2024-01-02 09:46:57,092 [INFO] DbMcusXml:78 - Set database path to: D:\Program Files (x86)\STM32CubeIDE_1.11.2\STM32CubeIDE\plugins\com.st.stm32cube.common.mx_6.10.0.202311202037\\db\/mcu/
2024-01-02 09:46:57,092 [INFO] ApiDb:274 - Set plugin database path to: D:\Program Files (x86)\STM32CubeIDE_1.11.2\STM32CubeIDE\plugins\com.st.stm32cube.common.mx_6.10.0.202311202037\\db\/plugins/boardmanager/
2024-01-02 09:46:57,092 [INFO] ApiDb:261 - Set plugin images path to: D:\Program Files (x86)\STM32CubeIDE_1.11.2\STM32CubeIDE\plugins\com.st.stm32cube.common.mx_6.10.0.202311202037\\db\/plugins/mcufinder/images/
2024-01-02 09:46:57,092 [WARN] DbFile:41 - Overriding database path with different value: C:\Users\miqix\.stmcufinder\plugins\mcufinder/ => C:\Users\miqix\.stmcufinder\plugins\mcufinder
2024-01-02 09:46:57,092 [INFO] ApiDb:250 - Set database path to: C:\Users\miqix\.stmcufinder\plugins\mcufinder//mcu/
2024-01-02 09:46:57,092 [WARN] DbFile:41 - Overriding database path with different value: C:\Users\miqix\.stmcufinder\plugins\mcufinder/ => C:\Users\miqix\.stmcufinder\plugins\mcufinder
2024-01-02 09:46:57,092 [INFO] DbMcusAds:125 - Set database path to: C:\Users\miqix\.stmcufinder\plugins\mcufinder//mcu/
2024-01-02 09:46:57,092 [WARN] DbFile:41 - Overriding database path with different value: C:\Users\miqix\.stmcufinder\plugins\mcufinder/ => C:\Users\miqix\.stmcufinder\plugins\mcufinder
2024-01-02 09:46:57,092 [WARN] DbFile:41 - Overriding database path with different value: C:\Users\miqix\.stmcufinder\plugins\mcufinder/ => C:\Users\miqix\.stmcufinder\plugins\mcufinder
2024-01-02 09:46:57,092 [INFO] CrossReferenceDbSqlite:203 - Set database path to: C:\Users\miqix\.stmcufinder\plugins\mcufinder//mcu/cs/
2024-01-02 09:46:57,159 [INFO] MainPanel:264 - HeapMemory: 268435456
2024-01-02 09:46:57,239 [INFO] DbMcusXml:78 - Set database path to: D:\Program Files (x86)\STM32CubeIDE_1.11.2\STM32CubeIDE\plugins\com.st.stm32cube.common.mx_6.10.0.202311202037\\db\/mcu/
2024-01-02 09:46:57,239 [INFO] ApiDb:274 - Set plugin database path to: D:\Program Files (x86)\STM32CubeIDE_1.11.2\STM32CubeIDE\plugins\com.st.stm32cube.common.mx_6.10.0.202311202037\\db\/plugins/boardmanager/
2024-01-02 09:46:57,239 [INFO] ApiDb:261 - Set plugin images path to: D:\Program Files (x86)\STM32CubeIDE_1.11.2\STM32CubeIDE\plugins\com.st.stm32cube.common.mx_6.10.0.202311202037\\db\/plugins/mcufinder/images/
2024-01-02 09:46:57,240 [WARN] DbFile:41 - Overriding database path with different value: C:\Users\miqix\.stmcufinder\plugins\mcufinder/ => C:\Users\miqix\.stmcufinder\plugins\mcufinder
2024-01-02 09:46:57,240 [INFO] ApiDb:250 - Set database path to: C:\Users\miqix\.stmcufinder\plugins\mcufinder//mcu/
2024-01-02 09:46:57,240 [WARN] DbFile:41 - Overriding database path with different value: C:\Users\miqix\.stmcufinder\plugins\mcufinder/ => C:\Users\miqix\.stmcufinder\plugins\mcufinder
2024-01-02 09:46:57,240 [INFO] DbMcusAds:125 - Set database path to: C:\Users\miqix\.stmcufinder\plugins\mcufinder//mcu/
2024-01-02 09:46:57,240 [WARN] DbFile:41 - Overriding database path with different value: C:\Users\miqix\.stmcufinder\plugins\mcufinder/ => C:\Users\miqix\.stmcufinder\plugins\mcufinder
2024-01-02 09:46:57,240 [WARN] DbFile:41 - Overriding database path with different value: C:\Users\miqix\.stmcufinder\plugins\mcufinder/ => C:\Users\miqix\.stmcufinder\plugins\mcufinder
2024-01-02 09:46:57,240 [INFO] CrossReferenceDbSqlite:203 - Set database path to: C:\Users\miqix\.stmcufinder\plugins\mcufinder//mcu/cs/
2024-01-02 09:46:57,257 [INFO] ApplicationProperties:184 - Using Application install path: D:\Program Files (x86)\STM32CubeIDE_1.11.2\STM32CubeIDE\plugins\com.st.stm32cube.common.mx_6.10.0.202311202037
2024-01-02 09:46:57,258 [INFO] PluginManage:196 - Search for loadable plugins [exclusion list=, ]
2024-01-02 09:46:57,259 [INFO] PluginManage:310 - Check plugin analytics
2024-01-02 09:46:57,396 [INFO] AnalyticsPlugin:253 - Accepted Software Licenses: 
2024-01-02 09:46:57,396 [INFO] AnalyticsPlugin:255 - Accepted CMSIS Pack Licenses: 
2024-01-02 09:46:57,396 [INFO] AnalyticsPlugin:257 - Accepted Firmware Licenses: 
2024-01-02 09:46:57,398 [INFO] PluginManage:359 - Loaded plugin analytics (category:tool,tabindex:-1)
2024-01-02 09:46:57,398 [INFO] PluginManage:310 - Check plugin cadmodel
2024-01-02 09:46:57,412 [INFO] CADModel:105 - Init CAD model plugin
2024-01-02 09:46:57,412 [INFO] PluginManage:359 - Loaded plugin cadmodel (category:power,tabindex:5)
2024-01-02 09:46:57,412 [INFO] PluginManage:310 - Check plugin clock
2024-01-02 09:46:57,432 [INFO] PluginManage:359 - Loaded plugin clock (category:base,tabindex:2)
2024-01-02 09:46:57,433 [INFO] PluginManage:310 - Check plugin ddr
2024-01-02 09:46:57,435 [INFO] PluginManage:359 - Loaded plugin ddr (category:tool,tabindex:6)
2024-01-02 09:46:57,435 [INFO] PluginManage:310 - Check plugin filemanager
2024-01-02 09:46:57,555 [INFO] PluginManage:359 - Loaded plugin filemanager (category:base,tabindex:10)
2024-01-02 09:46:57,555 [INFO] PluginManage:310 - Check plugin ipmanager
2024-01-02 09:46:57,561 [INFO] PluginManage:359 - Loaded plugin ipmanager (category:base,tabindex:5)
2024-01-02 09:46:57,561 [INFO] PluginManage:310 - Check plugin lpbam
2024-01-02 09:46:57,576 [INFO] PluginManage:359 - Loaded plugin lpbam (category:base,tabindex:0)
2024-01-02 09:46:57,576 [INFO] PluginManage:310 - Check plugin memorymap
2024-01-02 09:46:57,596 [INFO] PluginManage:359 - Loaded plugin memorymap (category:base,tabindex:4)
2024-01-02 09:46:57,597 [INFO] PluginManage:310 - Check plugin pinoutandconfiguration
2024-01-02 09:46:57,611 [INFO] PluginManage:359 - Loaded plugin pinoutandconfiguration (category:base,tabindex:1)
2024-01-02 09:46:57,611 [INFO] PluginManage:310 - Check plugin pinoutconfig
2024-01-02 09:46:57,707 [WARN] SupportedApi:132 - Cannot load RTOS API schema: s4s-elt-must-match.1: The content of 'definitions' must match (annotation?, (simpleType | complexType)?, (unique | key | keyref)*)). A problem was found starting at: attribute.
2024-01-02 09:46:57,812 [INFO] PluginManage:359 - Loaded plugin pinoutconfig (category:base,tabindex:0)
2024-01-02 09:46:57,812 [INFO] PluginManage:310 - Check plugin power
2024-01-02 09:46:57,827 [INFO] PluginManage:359 - Loaded plugin power (category:power,tabindex:4)
2024-01-02 09:46:57,827 [INFO] PluginManage:310 - Check plugin projectmanager
2024-01-02 09:46:57,839 [INFO] PluginManage:359 - Loaded plugin projectmanager (category:projectmanager,tabindex:3)
2024-01-02 09:46:57,840 [INFO] PluginManage:310 - Check plugin thirdparty
2024-01-02 09:46:58,059 [INFO] PluginManage:359 - Loaded plugin thirdparty (category:base,tabindex:-1)
2024-01-02 09:46:58,059 [INFO] PluginManage:310 - Check plugin tools
2024-01-02 09:46:58,059 [WARN] IntegrityCheckThread:84 - waiting for thirdparty lock release [integrity check]
2024-01-02 09:46:58,059 [INFO] IntegrityCheckThread:86 - entering critical section [integrity check]
2024-01-02 09:46:58,059 [INFO] ThirdPartyUpdaterWithRetryManager:70 - Updater plugin not ready yet. [1/15]
2024-01-02 09:46:58,084 [INFO] PluginManage:359 - Loaded plugin tools (category:base,tabindex:7)
2024-01-02 09:46:58,084 [INFO] PluginManage:310 - Check plugin tutovideos
2024-01-02 09:46:58,257 [INFO] PluginManage:359 - Loaded plugin tutovideos (category:base,tabindex:-1)
2024-01-02 09:46:58,257 [INFO] PluginManage:310 - Check plugin updater
2024-01-02 09:46:58,267 [INFO] PluginManage:359 - Loaded plugin updater (category:base,tabindex:12)
2024-01-02 09:46:58,267 [INFO] PluginManage:310 - Check plugin userauth
2024-01-02 09:46:58,271 [INFO] UserAuth:114 - Init User Auth plugin
2024-01-02 09:46:58,271 [INFO] PluginManage:359 - Loaded plugin userauth (category:base,tabindex:14)
2024-01-02 09:46:58,271 [INFO] PluginManage:283 - PluginManage : Loaded plugins [17]
2024-01-02 09:46:58,449 [INFO] PinOutPanel:1499 - setPackage(No Configuration,No Configuration)
2024-01-02 09:46:58,510 [INFO] CADModel:165 - CPN selected for project level
2024-01-02 09:46:58,510 [INFO] CADModel:114 - Register for checkConnection events
2024-01-02 09:46:58,530 [INFO] IPUIPlugin:80 - create IPUIPlugin
2024-01-02 09:46:58,530 [INFO] PluginManager:220 - loadIPPluginJar : add adc
2024-01-02 09:46:58,555 [INFO] IPUIPlugin:80 - create IPUIPlugin
2024-01-02 09:46:58,555 [INFO] PluginManager:220 - loadIPPluginJar : add aes
2024-01-02 09:46:58,583 [INFO] IPUIPlugin:80 - create IPUIPlugin
2024-01-02 09:46:58,583 [INFO] PluginManager:220 - loadIPPluginJar : add can
2024-01-02 09:46:58,598 [INFO] IPUIPlugin:80 - create IPUIPlugin
2024-01-02 09:46:58,598 [INFO] PluginManager:220 - loadIPPluginJar : add comp
2024-01-02 09:46:58,621 [INFO] IPUIPlugin:80 - create IPUIPlugin
2024-01-02 09:46:58,621 [INFO] PluginManager:220 - loadIPPluginJar : add cryp
2024-01-02 09:46:58,642 [INFO] IPUIPlugin:80 - create IPUIPlugin
2024-01-02 09:46:58,642 [INFO] PluginManager:220 - loadIPPluginJar : add dfsdm
2024-01-02 09:46:58,652 [INFO] IPUIPlugin:80 - create IPUIPlugin
2024-01-02 09:46:58,653 [INFO] PluginManager:220 - loadIPPluginJar : add dma
2024-01-02 09:46:58,681 [INFO] IPUIPlugin:80 - create IPUIPlugin
2024-01-02 09:46:58,682 [INFO] PluginManager:220 - loadIPPluginJar : add dma3
2024-01-02 09:46:58,697 [INFO] IPUIPlugin:80 - create IPUIPlugin
2024-01-02 09:46:58,697 [INFO] PluginManager:220 - loadIPPluginJar : add fatfs
2024-01-02 09:46:58,737 [INFO] IPUIPlugin:80 - create IPUIPlugin
2024-01-02 09:46:58,738 [INFO] PluginManager:220 - loadIPPluginJar : add fmc
2024-01-02 09:46:58,749 [INFO] IPUIPlugin:80 - create IPUIPlugin
2024-01-02 09:46:58,749 [INFO] PluginManager:220 - loadIPPluginJar : add freertos
2024-01-02 09:46:58,763 [INFO] IPUIPlugin:80 - create IPUIPlugin
2024-01-02 09:46:58,763 [INFO] PluginManager:220 - loadIPPluginJar : add genericplugin
2024-01-02 09:46:58,822 [INFO] IPUIPlugin:80 - create IPUIPlugin
2024-01-02 09:46:58,822 [INFO] PluginManager:220 - loadIPPluginJar : add gfxmmu
2024-01-02 09:46:58,907 [INFO] IPUIPlugin:80 - create IPUIPlugin
2024-01-02 09:46:58,907 [INFO] PluginManager:220 - loadIPPluginJar : add gic
2024-01-02 09:46:58,918 [INFO] IPUIPlugin:80 - create IPUIPlugin
2024-01-02 09:46:58,918 [INFO] PluginManager:220 - loadIPPluginJar : add gpio
2024-01-02 09:46:58,979 [INFO] IPUIPlugin:80 - create IPUIPlugin
2024-01-02 09:46:58,979 [INFO] PluginManager:220 - loadIPPluginJar : add gtzc
2024-01-02 09:46:58,999 [INFO] IPUIPlugin:80 - create IPUIPlugin
2024-01-02 09:46:59,000 [INFO] PluginManager:220 - loadIPPluginJar : add hash
2024-01-02 09:46:59,034 [INFO] IPUIPlugin:80 - create IPUIPlugin
2024-01-02 09:46:59,034 [INFO] PluginManager:220 - loadIPPluginJar : add i2c
2024-01-02 09:46:59,060 [INFO] IPUIPlugin:80 - create IPUIPlugin
2024-01-02 09:46:59,060 [INFO] PluginManager:220 - loadIPPluginJar : add i2s
2024-01-02 09:46:59,087 [INFO] IPUIPlugin:80 - create IPUIPlugin
2024-01-02 09:46:59,087 [INFO] PluginManager:220 - loadIPPluginJar : add i3c
2024-01-02 09:46:59,159 [INFO] IPUIPlugin:80 - create IPUIPlugin
2024-01-02 09:46:59,159 [INFO] PluginManager:220 - loadIPPluginJar : add ipddr
2024-01-02 09:46:59,220 [INFO] IPUIPlugin:80 - create IPUIPlugin
2024-01-02 09:46:59,220 [INFO] PluginManager:220 - loadIPPluginJar : add linkedlist
2024-01-02 09:46:59,246 [INFO] IPUIPlugin:80 - create IPUIPlugin
2024-01-02 09:46:59,246 [INFO] PluginManager:220 - loadIPPluginJar : add lorawan
2024-01-02 09:46:59,270 [INFO] IPUIPlugin:80 - create IPUIPlugin
2024-01-02 09:46:59,270 [INFO] PluginManager:220 - loadIPPluginJar : add ltdc
2024-01-02 09:46:59,282 [INFO] IPUIPlugin:80 - create IPUIPlugin
2024-01-02 09:46:59,282 [INFO] PluginManager:220 - loadIPPluginJar : add mdma
2024-01-02 09:46:59,291 [INFO] IPUIPlugin:80 - create IPUIPlugin
2024-01-02 09:46:59,291 [INFO] PluginManager:220 - loadIPPluginJar : add nvic
2024-01-02 09:46:59,316 [INFO] IPUIPlugin:80 - create IPUIPlugin
2024-01-02 09:46:59,316 [INFO] PluginManager:220 - loadIPPluginJar : add opamp
2024-01-02 09:46:59,357 [INFO] IPUIPlugin:80 - create IPUIPlugin
2024-01-02 09:46:59,357 [INFO] PluginManager:220 - loadIPPluginJar : add openamp
2024-01-02 09:46:59,385 [INFO] IPUIPlugin:80 - create IPUIPlugin
2024-01-02 09:46:59,385 [INFO] PluginManager:220 - loadIPPluginJar : add pdm2pcm
2024-01-02 09:46:59,396 [INFO] IPUIPlugin:80 - create IPUIPlugin
2024-01-02 09:46:59,398 [INFO] PluginManager:220 - loadIPPluginJar : add plateformsettings
2024-01-02 09:46:59,416 [INFO] IPUIPlugin:80 - create IPUIPlugin
2024-01-02 09:46:59,416 [INFO] PluginManager:220 - loadIPPluginJar : add quadspi
2024-01-02 09:46:59,427 [INFO] IPUIPlugin:80 - create IPUIPlugin
2024-01-02 09:46:59,427 [INFO] PluginManager:220 - loadIPPluginJar : add resmgrutility
2024-01-02 09:46:59,465 [INFO] IPUIPlugin:80 - create IPUIPlugin
2024-01-02 09:46:59,465 [INFO] PluginManager:220 - loadIPPluginJar : add sai
2024-01-02 09:46:59,492 [INFO] IPUIPlugin:80 - create IPUIPlugin
2024-01-02 09:46:59,492 [INFO] PluginManager:220 - loadIPPluginJar : add spi
2024-01-02 09:46:59,540 [INFO] IPUIPlugin:80 - create IPUIPlugin
2024-01-02 09:46:59,540 [INFO] PluginManager:220 - loadIPPluginJar : add stm32_wpan
2024-01-02 09:46:59,557 [INFO] IPUIPlugin:80 - create IPUIPlugin
2024-01-02 09:46:59,557 [INFO] PluginManager:220 - loadIPPluginJar : add tim
2024-01-02 09:46:59,594 [INFO] IPUIPlugin:80 - create IPUIPlugin
2024-01-02 09:46:59,594 [INFO] PluginManager:220 - loadIPPluginJar : add touchsensing
2024-01-02 09:46:59,610 [INFO] IPUIPlugin:80 - create IPUIPlugin
2024-01-02 09:46:59,610 [INFO] PluginManager:220 - loadIPPluginJar : add tracer_emb
2024-01-02 09:46:59,626 [INFO] IPUIPlugin:80 - create IPUIPlugin
2024-01-02 09:46:59,626 [INFO] PluginManager:220 - loadIPPluginJar : add ts
2024-01-02 09:46:59,639 [INFO] IPUIPlugin:80 - create IPUIPlugin
2024-01-02 09:46:59,639 [INFO] PluginManager:220 - loadIPPluginJar : add tsc
2024-01-02 09:46:59,655 [INFO] IPUIPlugin:80 - create IPUIPlugin
2024-01-02 09:46:59,655 [INFO] PluginManager:220 - loadIPPluginJar : add ucpd
2024-01-02 09:46:59,684 [INFO] IPUIPlugin:80 - create IPUIPlugin
2024-01-02 09:46:59,684 [INFO] PluginManager:220 - loadIPPluginJar : add usart
2024-01-02 09:46:59,713 [INFO] IPUIPlugin:80 - create IPUIPlugin
2024-01-02 09:46:59,713 [INFO] PluginManager:220 - loadIPPluginJar : add usbx
2024-01-02 09:46:59,830 [INFO] CADModel:165 - CPN selected for project level
2024-01-02 09:46:59,830 [INFO] CADModel:114 - Register for checkConnection events
2024-01-02 09:46:59,830 [FATAL] Updater:308 - Updater called before beeing initialized
2024-01-02 09:46:59,830 [ERROR] CADModel:125 - Updater not yet initialized, retry later 
2024-01-02 09:46:59,942 [INFO] CADModel:165 - CPN selected for project level
2024-01-02 09:46:59,942 [INFO] CADModel:114 - Register for checkConnection events
2024-01-02 09:46:59,942 [FATAL] Updater:308 - Updater called before beeing initialized
2024-01-02 09:46:59,942 [ERROR] CADModel:125 - Updater not yet initialized, retry later 
2024-01-02 09:46:59,945 [FATAL] Updater:308 - Updater called before beeing initialized
2024-01-02 09:47:00,036 [FATAL] Updater:308 - Updater called before beeing initialized
2024-01-02 09:47:00,043 [INFO] DbMcusAds:53 - JSON generation date=Thu Sep 30 08:55:09 CEST 2021 (1632984909247)
2024-01-02 09:47:00,043 [FATAL] Updater:308 - Updater called before beeing initialized
2024-01-02 09:47:00,105 [WARN] DetailPanel:346 - Failed to get advertising image, set to default
2024-01-02 09:47:00,183 [FATAL] Updater:308 - Updater called before beeing initialized
2024-01-02 09:47:00,185 [FATAL] Updater:308 - Updater called before beeing initialized
2024-01-02 09:47:00,185 [FATAL] Updater:308 - Updater called before beeing initialized
2024-01-02 09:47:00,185 [WARN] DetailPanel:346 - Failed to get advertising image, set to default
2024-01-02 09:47:00,186 [FATAL] Updater:308 - Updater called before beeing initialized
2024-01-02 09:47:00,232 [ERROR] Updater:1120 - MainUpdater not yet initialized. External WinMGr cannot be set.
2024-01-02 09:47:00,240 [INFO] Updater:1056 - Updater Version found : 6.10.0
2024-01-02 09:47:00,256 [INFO] ApplicationProperties:184 - Using Application install path: D:\Program Files (x86)\STM32CubeIDE_1.11.2\STM32CubeIDE\plugins\com.st.stm32cube.common.mx_6.10.0.202311202037
2024-01-02 09:47:01,060 [INFO] ThirdPartyUpdaterWithRetryManager:70 - Updater plugin not ready yet. [2/15]
2024-01-02 09:47:01,830 [ERROR] LogOutputStream:75 - [STDERR_REDIRECT] Jan 02, 2024 9:47:01 AM java.util.prefs.WindowsPreferences <init>
2024-01-02 09:47:01,831 [ERROR] LogOutputStream:75 - [STDERR_REDIRECT] WARNING: Could not open/create prefs root node Software\JavaSoft\Prefs at root 0xffffffff80000002. Windows RegCreateKeyEx(...) returned error code 5.
2024-01-02 09:47:01,831 [ERROR] LogOutputStream:75 - [STDERR_REDIRECT] 
2024-01-02 09:47:02,337 [INFO] MainUpdater:2873 - connection check result : 10
2024-01-02 09:47:02,338 [INFO] MainUpdater:290 - Updater Check For Update Now.
2024-01-02 09:47:02,338 [INFO] MicroXplorer:498 - Change Database Version : DB.6.0.100
2024-01-02 09:47:02,350 [INFO] McuFinderGlobals:63 - Set McuFinder mode to 2 (CubeIDE integrated)
2024-01-02 09:47:02,350 [INFO] UserAuth:180 - activating auth plugin
2024-01-02 09:47:02,352 [INFO] UserAuth:404 - Internet connection configuration mode: 1
2024-01-02 09:47:02,372 [INFO] JxBrowserEngine:152 - Initiate JxBrowser Engine with user profile folder
2024-01-02 09:47:02,517 [INFO] CheckServerUpdateThread:120 - End of CheckServer Thread
2024-01-02 09:47:04,254 [WARN] PackLoader:240 - Cannot read IP mode file for STMicroelectronics.X-CUBE-SMBUS.2.1.0
2024-01-02 09:47:04,266 [WARN] PackLoader:240 - Cannot read IP mode file for STMicroelectronics.X-CUBE-TOUCHGFX.4.23.0
2024-01-02 09:47:04,307 [WARN] PackLoader:240 - Cannot read IP mode file for STMicroelectronics.X-CUBE-AZRTOS-F7.1.1.0
2024-01-02 09:47:04,363 [ERROR] RealEvaluatedCondition:428 - Found unsupported composite condition: CLASS='Data Exchange' GROUP='STM32_MetaDataManager'
2024-01-02 09:47:04,364 [ERROR] RealEvaluatedCondition:428 - Found unsupported composite condition: CLASS='Data Exchange' GROUP='STM32_MetaDataManager'
2024-01-02 09:47:04,365 [WARN] PackLoader:240 - Cannot read IP mode file for STMicroelectronics.FP-SNS-MOTENV1.4.3.0
2024-01-02 09:47:04,395 [WARN] PackLoader:240 - Cannot read IP mode file for STMicroelectronics.FP-SNS-MOTENV1.4.3.2
2024-01-02 09:47:04,409 [WARN] PackLoader:240 - Cannot read IP mode file for STMicroelectronics.FP-SNS-FLIGHT1.5.0.0
2024-01-02 09:47:04,419 [ERROR] RealEvaluatedCondition:428 - Found unsupported composite condition: GROUP='STM32_MetaDataManager' CLASS='Data Exchange'
2024-01-02 09:47:04,419 [ERROR] RealEvaluatedCondition:428 - Found unsupported composite condition: GROUP='STM32_MetaDataManager' CLASS='Data Exchange'
2024-01-02 09:47:04,420 [WARN] PackLoader:240 - Cannot read IP mode file for STMicroelectronics.FP-SNS-MOTENV1.4.3.1
2024-01-02 09:47:04,431 [WARN] PackLoader:240 - Cannot read IP mode file for STMicroelectronics.FP-SNS-FLIGHT1.5.0.1
2024-01-02 09:47:04,448 [WARN] PackLoader:240 - Cannot read IP mode file for STMicroelectronics.X-CUBE-BLE1.6.2.4
2024-01-02 09:47:04,459 [WARN] PackLoader:240 - Cannot read IP mode file for STMicroelectronics.FP-SNS-FLIGHT1.5.0.2
2024-01-02 09:47:04,473 [WARN] PackLoader:240 - Cannot read IP mode file for STMicroelectronics.X-CUBE-DISPLAY.3.0.0
2024-01-02 09:47:04,487 [WARN] PackLoader:240 - Cannot read IP mode file for STMicroelectronics.X-CUBE-BLE1.7.0.0
2024-01-02 09:47:04,500 [WARN] PackLoader:240 - Cannot read IP mode file for STMicroelectronics.X-CUBE-TOUCHGFX.4.22.0
2024-01-02 09:47:04,515 [WARN] PackLoader:240 - Cannot read IP mode file for STMicroelectronics.X-CUBE-TOUCHGFX.4.22.1
2024-01-02 09:47:04,529 [WARN] PackLoader:240 - Cannot read IP mode file for STMicroelectronics.FP-SNS-SMARTAG2.1.2.0
2024-01-02 09:47:04,545 [INFO] LogOutputStream:77 - [STDOUT_REDIRECT] 1 : Invalid condition id : UX_CORESTACK_Condition cause : null
2024-01-02 09:47:04,546 [INFO] LogOutputStream:77 - [STDOUT_REDIRECT] 1 : Invalid condition id : UX_CORESTACK_Condition cause : null
2024-01-02 09:47:04,547 [INFO] LogOutputStream:77 - [STDOUT_REDIRECT] 1 : Invalid condition id : UX_CORESTACK_Condition cause : null
2024-01-02 09:47:04,548 [INFO] LogOutputStream:77 - [STDOUT_REDIRECT] 1 : Invalid condition id : UX_CORESTACK_Condition cause : null
2024-01-02 09:47:04,549 [INFO] LogOutputStream:77 - [STDOUT_REDIRECT] 1 : Invalid condition id : UX_CORESTACK_Condition cause : null
2024-01-02 09:47:04,551 [WARN] PackLoader:240 - Cannot read IP mode file for STMicroelectronics.X-CUBE-AZRTOS-WL.2.0.0
2024-01-02 09:47:04,565 [WARN] PackLoader:240 - Cannot read IP mode file for WES.I-CUBE-Cesium.1.3.0
2024-01-02 09:47:04,576 [WARN] PackLoader:240 - Cannot read IP mode file for STMicroelectronics.X-CUBE-BLE2.3.3.0
2024-01-02 09:47:04,593 [WARN] PackLoader:240 - Cannot read IP mode file for STMicroelectronics.X-CUBE-TOF1.3.2.0
2024-01-02 09:47:04,613 [WARN] PackLoader:240 - Cannot read IP mode file for STMicroelectronics.X-CUBE-TOUCHGFX.4.21.1
2024-01-02 09:47:04,630 [WARN] PackLoader:240 - Cannot read IP mode file for STMicroelectronics.X-CUBE-TOUCHGFX.4.21.3
2024-01-02 09:47:04,645 [WARN] PackLoader:240 - Cannot read IP mode file for STMicroelectronics.X-CUBE-TOUCHGFX.4.21.4
2024-01-02 09:47:04,707 [WARN] PackLoader:240 - Cannot read IP mode file for STMicroelectronics.X-CUBE-MEMS1.9.4.0
2024-01-02 09:47:04,828 [WARN] PackLoader:240 - Cannot read IP mode file for STMicroelectronics.X-CUBE-AI.7.3.0
2024-01-02 09:47:04,835 [INFO] WebApp:161 - Instantiating new browser for Auth
2024-01-02 09:47:04,842 [WARN] PackLoader:240 - Cannot read IP mode file for STMicroelectronics.X-CUBE-ALGOBUILD.1.3.0
2024-01-02 09:47:04,876 [WARN] PackLoader:240 - Cannot read IP mode file for STMicroelectronics.X-CUBE-AZRTOS-G0.1.1.0
2024-01-02 09:47:04,895 [WARN] PackLoader:240 - Cannot read IP mode file for STMicroelectronics.X-CUBE-NFC4.3.0.0
2024-01-02 09:47:04,913 [WARN] PackLoader:240 - Cannot read IP mode file for STMicroelectronics.X-CUBE-BLEMGR.3.0.0
2024-01-02 09:47:04,931 [WARN] PackLoader:240 - Cannot read IP mode file for STMicroelectronics.X-CUBE-BLEMGR.1.3.0
2024-01-02 09:47:04,946 [WARN] PackLoader:240 - Cannot read IP mode file for STMicroelectronics.FP-ATR-SIGFOX1.3.2.0
2024-01-02 09:47:05,000 [WARN] PackLoader:240 - Cannot read IP mode file for STMicroelectronics.X-CUBE-MEMS1.9.5.0
2024-01-02 09:47:05,162 [WARN] PackLoader:240 - Cannot read IP mode file for SEGGER.I-CUBE-embOS.1.3.1
2024-01-02 09:47:05,200 [WARN] PackLoader:240 - Cannot read IP mode file for STMicroelectronics.X-CUBE-GNSS1.6.0.0
2024-01-02 09:47:05,221 [WARN] PackLoader:240 - Cannot read IP mode file for STMicroelectronics.X-CUBE-AZRTOS-F4.1.1.0
2024-01-02 09:47:05,244 [WARN] PackLoader:240 - Cannot read IP mode file for STMicroelectronics.X-CUBE-AZRTOS-L5.2.0.0
2024-01-02 09:47:05,299 [WARN] PackLoader:240 - Cannot read IP mode file for STMicroelectronics.X-CUBE-MEMS1.9.6.0
2024-01-02 09:47:05,429 [WARN] PackLoader:240 - Cannot read IP mode file for STMicroelectronics.X-CUBE-EEPRMA1.4.2.0
2024-01-02 09:47:05,441 [WARN] PackLoader:240 - Cannot read IP mode file for ITTIA_DB.I-CUBE-ITTIADB.8.8.0
2024-01-02 09:47:05,455 [WARN] PackLoader:240 - Cannot read IP mode file for emotas.I-CUBE-CANOPEN.1.1.3
2024-01-02 09:47:05,470 [WARN] PackLoader:240 - Cannot read IP mode file for STMicroelectronics.X-CUBE-BLEMGR.2.0.0
2024-01-02 09:47:05,492 [INFO] WebApp:780 - Register for checkConnection events
2024-01-02 09:47:05,492 [INFO] WebApp:414 - Apply proxy settings
2024-01-02 09:47:05,493 [INFO] WebApp:499 - Chromium requires no authentication
2024-01-02 09:47:05,495 [WARN] ConditionMgr:438 - getConditionDescription Invalid condition id : UX DEVICE CLASS RTOS Condition cause : null
2024-01-02 09:47:05,495 [WARN] ConditionMgr:438 - getConditionDescription Invalid condition id : UX DEVICE CLASS RTOS Condition cause : null
2024-01-02 09:47:05,497 [WARN] PackLoader:240 - Cannot read IP mode file for STMicroelectronics.X-CUBE-AZRTOS-H7.3.1.0
2024-01-02 09:47:05,498 [WARN] ConditionMgr:1039 - genDependencies : Invalid condition id : UX DEVICE CLASS RTOS Condition cause : null
2024-01-02 09:47:05,498 [WARN] ConditionMgr:1039 - genDependencies : Invalid condition id : UX DEVICE CLASS RTOS Condition cause : null
2024-01-02 09:47:05,498 [WARN] ConditionMgr:1039 - genDependencies : Invalid condition id : UX DEVICE CLASS RTOS Condition cause : null
2024-01-02 09:47:05,499 [WARN] ConditionMgr:1039 - genDependencies : Invalid condition id : UX DEVICE CLASS RTOS Condition cause : null
2024-01-02 09:47:05,499 [WARN] ConditionMgr:1039 - genDependencies : Invalid condition id : UX DEVICE CLASS RTOS Condition cause : null
2024-01-02 09:47:05,501 [INFO] WebApp:442 - Direct internet connection detected
2024-01-02 09:47:05,511 [WARN] PackLoader:240 - Cannot read IP mode file for wolfSSL.I-CUBE-wolfSSL.5.5.4
2024-01-02 09:47:05,522 [WARN] PackLoader:240 - Cannot read IP mode file for STMicroelectronics.X-CUBE-NFC7.1.0.1
2024-01-02 09:47:05,533 [WARN] PackLoader:240 - Cannot read IP mode file for STMicroelectronics.X-CUBE-NFC7.1.0.0
2024-01-02 09:47:05,547 [WARN] PackLoader:240 - Cannot read IP mode file for STMicroelectronics.X-CUBE-NFC6.3.0.0
2024-01-02 09:47:05,560 [WARN] PackLoader:240 - Cannot read IP mode file for STMicroelectronics.X-CUBE-EEPRMA1.4.1.0
2024-01-02 09:47:05,571 [WARN] PackLoader:240 - Cannot read IP mode file for STMicroelectronics.X-CUBE-AI.8.1.0
2024-01-02 09:47:05,595 [WARN] ConditionMgr:438 - getConditionDescription Invalid condition id : LAN8742 Phy interface Condition cause : null
2024-01-02 09:47:05,595 [WARN] PackLoader:240 - Cannot read IP mode file for STMicroelectronics.X-CUBE-AZRTOS-L4.2.0.0
2024-01-02 09:47:05,597 [WARN] ConditionMgr:1039 - genDependencies : Invalid condition id : LAN8742 Phy interface Condition cause : null
2024-01-02 09:47:05,598 [WARN] ConditionMgr:1039 - genDependencies : Invalid condition id : LAN8742 Phy interface Condition cause : null
2024-01-02 09:47:05,598 [WARN] ConditionMgr:1039 - genDependencies : Invalid condition id : LAN8742 Phy interface Condition cause : null
2024-01-02 09:47:05,611 [WARN] PackLoader:240 - Cannot read IP mode file for STMicroelectronics.X-CUBE-SFXS2LP1.4.0.0
2024-01-02 09:47:05,637 [WARN] PackLoader:240 - Cannot read IP mode file for STMicroelectronics.X-CUBE-AZRTOS-H7.3.0.0
2024-01-02 09:47:05,651 [WARN] PackLoader:240 - Cannot read IP mode file for STMicroelectronics.X-CUBE-ISPU.1.1.0
2024-01-02 09:47:05,664 [WARN] PackLoader:240 - Cannot read IP mode file for RoweBots.I-CUBE-UNISONRTOS.5.5.0-4
2024-01-02 09:47:05,674 [WARN] PackLoader:240 - Cannot read IP mode file for STMicroelectronics.X-CUBE-AI.8.0.0
2024-01-02 09:47:05,686 [INFO] WebApp:192 - Starting web application
2024-01-02 09:47:05,686 [INFO] WebApp:544 - Web application path used D:\Program Files (x86)\STM32CubeIDE_1.11.2\STM32CubeIDE\plugins\com.st.stm32cube.common.mx_6.10.0.202311202037\db\plugins\mcufinder\reactClient1\index.html
2024-01-02 09:47:05,695 [WARN] ConditionMgr:438 - getConditionDescription Invalid condition id : UX DEVICE CLASS RTOS Condition cause : null
2024-01-02 09:47:05,695 [WARN] ConditionMgr:438 - getConditionDescription Invalid condition id : UX DEVICE CLASS RTOS Condition cause : null
2024-01-02 09:47:05,697 [WARN] PackLoader:240 - Cannot read IP mode file for STMicroelectronics.X-CUBE-AZRTOS-WB.2.0.0
2024-01-02 09:47:05,697 [WARN] ConditionMgr:1039 - genDependencies : Invalid condition id : UX DEVICE CLASS RTOS Condition cause : null
2024-01-02 09:47:05,697 [WARN] ConditionMgr:1039 - genDependencies : Invalid condition id : UX DEVICE CLASS RTOS Condition cause : null
2024-01-02 09:47:05,698 [WARN] ConditionMgr:1039 - genDependencies : Invalid condition id : UX DEVICE CLASS RTOS Condition cause : null
2024-01-02 09:47:05,698 [WARN] ConditionMgr:1039 - genDependencies : Invalid condition id : UX DEVICE CLASS RTOS Condition cause : null
2024-01-02 09:47:05,698 [WARN] ConditionMgr:1039 - genDependencies : Invalid condition id : UX DEVICE CLASS RTOS Condition cause : null
2024-01-02 09:47:05,709 [WARN] PackLoader:240 - Cannot read IP mode file for STMicroelectronics.X-CUBE-FREERTOS.1.0.0
2024-01-02 09:47:05,719 [WARN] PackLoader:240 - Cannot read IP mode file for STMicroelectronics.X-CUBE-FREERTOS.1.0.1
2024-01-02 09:47:05,742 [WARN] PackLoader:240 - Cannot read IP mode file for STMicroelectronics.X-CUBE-AZRTOS-L5.1.1.0
2024-01-02 09:47:05,755 [WARN] PackLoader:240 - Cannot read IP mode file for STMicroelectronics.X-CUBE-AI.8.0.1
2024-01-02 09:47:05,772 [WARN] PackLoader:240 - Cannot read IP mode file for STMicroelectronics.X-CUBE-SUBG2.5.0.0
2024-01-02 09:47:05,792 [WARN] PackLoader:240 - Cannot read IP mode file for STMicroelectronics.X-CUBE-TOF1.3.3.1
2024-01-02 09:47:05,826 [WARN] PackLoader:240 - Cannot read IP mode file for STMicroelectronics.X-CUBE-AZRTOS-G4.2.0.0
2024-01-02 09:47:05,848 [WARN] PackLoader:240 - Cannot read IP mode file for STMicroelectronics.X-CUBE-TOF1.3.3.0
2024-01-02 09:47:05,866 [WARN] PackLoader:240 - Cannot read IP mode file for STMicroelectronics.FP-ATR-ASTRA1.1.1.1
2024-01-02 09:47:05,885 [WARN] PackLoader:240 - Cannot read IP mode file for Infineon.AIROC-Wi-Fi-Bluetooth-STM32.1.5.1
2024-01-02 09:47:05,898 [WARN] PackLoader:240 - Cannot read IP mode file for STMicroelectronics.FP-SNS-MOTENVWB1.1.3.0
2024-01-02 09:47:05,906 [WARN] PackLoader:240 - Cannot read IP mode file for STMicroelectronics.FP-SNS-MOTENVWB1.1.3.1
2024-01-02 09:47:05,925 [WARN] PackLoader:240 - Cannot read IP mode file for STMicroelectronics.X-CUBE-AZRTOS-G4.1.0.0
2024-01-02 09:47:05,948 [WARN] PackLoader:240 - Cannot read IP mode file for STMicroelectronics.X-CUBE-AZRTOS-L4.1.0.0
2024-01-02 09:47:05,959 [WARN] PackLoader:240 - Cannot read IP mode file for STMicroelectronics.X-CUBE-ISPU.2.0.0
2024-01-02 09:47:05,996 [WARN] PackLoader:240 - Cannot read IP mode file for STMicroelectronics.X-CUBE-MEMS1.10.0.0
2024-01-02 09:47:06,074 [WARN] PackLoader:240 - Cannot read IP mode file for STMicroelectronics.X-CUBE-FREERTOS.1.1.0
2024-01-02 09:47:06,089 [WARN] PackLoader:240 - Cannot read IP mode file for STMicroelectronics.X-CUBE-AZRTOS-WL.1.0.0
2024-01-02 09:47:06,099 [WARN] PackLoader:240 - Cannot read IP mode file for portGmbH.I-Cube-SoM-uGOAL.1.1.0
2024-01-02 09:47:06,110 [WARN] PackLoader:240 - Cannot read IP mode file for STMicroelectronics.X-CUBE-ALS.1.0.1
2024-01-02 09:47:06,125 [WARN] PackLoader:240 - Cannot read IP mode file for STMicroelectronics.X-CUBE-AZRTOS-WB.1.1.0
2024-01-02 09:47:06,134 [WARN] PackLoader:240 - Cannot read IP mode file for STMicroelectronics.FP-ATR-ASTRA1.2.0.0
2024-01-02 09:47:06,147 [WARN] PackLoader:240 - Cannot read IP mode file for STMicroelectronics.X-CUBE-TOF1.3.4.0
2024-01-02 09:47:06,170 [WARN] PackLoader:240 - Cannot read IP mode file for STMicroelectronics.X-CUBE-AZRTOS-H7.3.2.0
2024-01-02 09:47:06,173 [INFO] ThirdParty:978 - Integrity check success = true
2024-01-02 09:47:06,173 [INFO] IntegrityCheckThread:100 - exiting critical section [integrity check]
2024-01-02 09:47:06,173 [INFO] IntegrityCheckThread:103 - End integrity checks thread
2024-01-02 09:47:26,296 [ERROR] LogOutputStream:75 - [STDERR_REDIRECT] SLF4J: Failed to load class "org.slf4j.impl.StaticLoggerBinder".
2024-01-02 09:47:26,297 [ERROR] LogOutputStream:75 - [STDERR_REDIRECT] SLF4J: Defaulting to no-operation (NOP) logger implementation
2024-01-02 09:47:26,298 [ERROR] LogOutputStream:75 - [STDERR_REDIRECT] SLF4J: See http://www.slf4j.org/codes.html#StaticLoggerBinder for further details.
2024-01-02 17:14:22,284 [ERROR] LogOutputStream:75 - [STDERR_REDIRECT] 
2024-01-02 17:14:22,284 [ERROR] LogOutputStream:75 - [STDERR_REDIRECT] 
