2023-12-21 07:47:55,225 [INFO] Activator:176 - 


2023-12-21 07:47:55,231 [INFO] Activator:177 - !SESSION log4j initialized
2023-12-21 07:48:01,116 [INFO] LogOutputStream:77 - [STDOUT_REDIRECT] 
2023-12-21 07:48:04,634 [INFO] ApplicationProperties:184 - Using Application install path: D:\Program Files (x86)\STM32CubeIDE_1.11.2\STM32CubeIDE\plugins\com.st.stm32cube.common.mx_6.9.2.202309101412
2023-12-21 07:48:04,651 [INFO] DbMcusXml:78 - Set database path to: D:\Program Files (x86)\STM32CubeIDE_1.11.2\STM32CubeIDE\plugins\com.st.stm32cube.common.mx_6.9.2.202309101412\\db\/mcu/
2023-12-21 07:48:04,653 [INFO] ApiDb:274 - Set plugin database path to: D:\Program Files (x86)\STM32CubeIDE_1.11.2\STM32CubeIDE\plugins\com.st.stm32cube.common.mx_6.9.2.202309101412\\db\/plugins/boardmanager/
2023-12-21 07:48:04,653 [WARN] ApiDb:259 - Overriding images path with different value:  => D:\Program Files (x86)\STM32CubeIDE_1.11.2\STM32CubeIDE\plugins\com.st.stm32cube.common.mx_6.9.2.202309101412\\db\/plugins/mcufinder/images/
2023-12-21 07:48:04,666 [INFO] ApiDb:250 - Set database path to: C:\Users\miqix\.stmcufinder\plugins\mcufinder//mcu/
2023-12-21 07:48:04,668 [INFO] DbMcusAds:125 - Set database path to: C:\Users\miqix\.stmcufinder\plugins\mcufinder//mcu/
2023-12-21 07:48:04,670 [INFO] CrossReferenceDbSqlite:203 - Set database path to: C:\Users\miqix\.stmcufinder\plugins\mcufinder//mcu/cs/
2023-12-21 07:48:04,791 [INFO] RulesReader:64 - Compatibility file has been processed (293 Rules)
2023-12-21 07:48:04,877 [INFO] DbMcusXml:78 - Set database path to: D:\Program Files (x86)\STM32CubeIDE_1.11.2\STM32CubeIDE\plugins\com.st.stm32cube.common.mx_6.9.2.202309101412\\db\/mcu/
2023-12-21 07:48:04,877 [INFO] ApiDb:274 - Set plugin database path to: D:\Program Files (x86)\STM32CubeIDE_1.11.2\STM32CubeIDE\plugins\com.st.stm32cube.common.mx_6.9.2.202309101412\\db\/plugins/boardmanager/
2023-12-21 07:48:04,877 [INFO] ApiDb:261 - Set plugin images path to: D:\Program Files (x86)\STM32CubeIDE_1.11.2\STM32CubeIDE\plugins\com.st.stm32cube.common.mx_6.9.2.202309101412\\db\/plugins/mcufinder/images/
2023-12-21 07:48:04,877 [WARN] DbFile:41 - Overriding database path with different value: C:\Users\miqix\.stmcufinder\plugins\mcufinder/ => C:\Users\miqix\.stmcufinder\plugins\mcufinder
2023-12-21 07:48:04,878 [INFO] ApiDb:250 - Set database path to: C:\Users\miqix\.stmcufinder\plugins\mcufinder//mcu/
2023-12-21 07:48:04,878 [WARN] DbFile:41 - Overriding database path with different value: C:\Users\miqix\.stmcufinder\plugins\mcufinder/ => C:\Users\miqix\.stmcufinder\plugins\mcufinder
2023-12-21 07:48:04,878 [INFO] DbMcusAds:125 - Set database path to: C:\Users\miqix\.stmcufinder\plugins\mcufinder//mcu/
2023-12-21 07:48:04,878 [WARN] DbFile:41 - Overriding database path with different value: C:\Users\miqix\.stmcufinder\plugins\mcufinder/ => C:\Users\miqix\.stmcufinder\plugins\mcufinder
2023-12-21 07:48:04,878 [WARN] DbFile:41 - Overriding database path with different value: C:\Users\miqix\.stmcufinder\plugins\mcufinder/ => C:\Users\miqix\.stmcufinder\plugins\mcufinder
2023-12-21 07:48:04,878 [INFO] CrossReferenceDbSqlite:203 - Set database path to: C:\Users\miqix\.stmcufinder\plugins\mcufinder//mcu/cs/
2023-12-21 07:48:04,957 [INFO] MainPanel:262 - HeapMemory: 268435456
2023-12-21 07:48:05,054 [INFO] DbMcusXml:78 - Set database path to: D:\Program Files (x86)\STM32CubeIDE_1.11.2\STM32CubeIDE\plugins\com.st.stm32cube.common.mx_6.9.2.202309101412\\db\/mcu/
2023-12-21 07:48:05,055 [INFO] ApiDb:274 - Set plugin database path to: D:\Program Files (x86)\STM32CubeIDE_1.11.2\STM32CubeIDE\plugins\com.st.stm32cube.common.mx_6.9.2.202309101412\\db\/plugins/boardmanager/
2023-12-21 07:48:05,055 [INFO] ApiDb:261 - Set plugin images path to: D:\Program Files (x86)\STM32CubeIDE_1.11.2\STM32CubeIDE\plugins\com.st.stm32cube.common.mx_6.9.2.202309101412\\db\/plugins/mcufinder/images/
2023-12-21 07:48:05,055 [WARN] DbFile:41 - Overriding database path with different value: C:\Users\miqix\.stmcufinder\plugins\mcufinder/ => C:\Users\miqix\.stmcufinder\plugins\mcufinder
2023-12-21 07:48:05,055 [INFO] ApiDb:250 - Set database path to: C:\Users\miqix\.stmcufinder\plugins\mcufinder//mcu/
2023-12-21 07:48:05,056 [WARN] DbFile:41 - Overriding database path with different value: C:\Users\miqix\.stmcufinder\plugins\mcufinder/ => C:\Users\miqix\.stmcufinder\plugins\mcufinder
2023-12-21 07:48:05,056 [INFO] DbMcusAds:125 - Set database path to: C:\Users\miqix\.stmcufinder\plugins\mcufinder//mcu/
2023-12-21 07:48:05,056 [WARN] DbFile:41 - Overriding database path with different value: C:\Users\miqix\.stmcufinder\plugins\mcufinder/ => C:\Users\miqix\.stmcufinder\plugins\mcufinder
2023-12-21 07:48:05,056 [WARN] DbFile:41 - Overriding database path with different value: C:\Users\miqix\.stmcufinder\plugins\mcufinder/ => C:\Users\miqix\.stmcufinder\plugins\mcufinder
2023-12-21 07:48:05,056 [INFO] CrossReferenceDbSqlite:203 - Set database path to: C:\Users\miqix\.stmcufinder\plugins\mcufinder//mcu/cs/
2023-12-21 07:48:05,076 [INFO] ApplicationProperties:184 - Using Application install path: D:\Program Files (x86)\STM32CubeIDE_1.11.2\STM32CubeIDE\plugins\com.st.stm32cube.common.mx_6.9.2.202309101412
2023-12-21 07:48:05,077 [INFO] PluginManage:196 - Search for loadable plugins [exclusion list=, ]
2023-12-21 07:48:05,078 [INFO] PluginManage:310 - Check plugin analytics
2023-12-21 07:48:05,248 [INFO] AnalyticsPlugin:253 - Accepted Software Licenses: 
2023-12-21 07:48:05,248 [INFO] AnalyticsPlugin:255 - Accepted CMSIS Pack Licenses: 
2023-12-21 07:48:05,248 [INFO] AnalyticsPlugin:257 - Accepted Firmware Licenses: 
2023-12-21 07:48:05,250 [INFO] PluginManage:359 - Loaded plugin analytics (category:tool,tabindex:-1)
2023-12-21 07:48:05,252 [INFO] PluginManage:310 - Check plugin cadmodel
2023-12-21 07:48:05,266 [INFO] CADModel:105 - Init CAD model plugin
2023-12-21 07:48:05,266 [INFO] PluginManage:359 - Loaded plugin cadmodel (category:power,tabindex:5)
2023-12-21 07:48:05,266 [INFO] PluginManage:310 - Check plugin clock
2023-12-21 07:48:05,286 [INFO] PluginManage:359 - Loaded plugin clock (category:base,tabindex:2)
2023-12-21 07:48:05,286 [INFO] PluginManage:310 - Check plugin ddr
2023-12-21 07:48:05,289 [INFO] PluginManage:359 - Loaded plugin ddr (category:tool,tabindex:6)
2023-12-21 07:48:05,289 [INFO] PluginManage:310 - Check plugin filemanager
2023-12-21 07:48:05,438 [INFO] PluginManage:359 - Loaded plugin filemanager (category:base,tabindex:10)
2023-12-21 07:48:05,438 [INFO] PluginManage:310 - Check plugin ipmanager
2023-12-21 07:48:05,446 [INFO] PluginManage:359 - Loaded plugin ipmanager (category:base,tabindex:5)
2023-12-21 07:48:05,446 [INFO] PluginManage:310 - Check plugin lpbam
2023-12-21 07:48:05,463 [INFO] PluginManage:359 - Loaded plugin lpbam (category:base,tabindex:0)
2023-12-21 07:48:05,463 [INFO] PluginManage:310 - Check plugin memorymap
2023-12-21 07:48:05,486 [INFO] PluginManage:359 - Loaded plugin memorymap (category:base,tabindex:4)
2023-12-21 07:48:05,486 [INFO] PluginManage:310 - Check plugin pinoutandconfiguration
2023-12-21 07:48:05,503 [INFO] PluginManage:359 - Loaded plugin pinoutandconfiguration (category:base,tabindex:1)
2023-12-21 07:48:05,503 [INFO] PluginManage:310 - Check plugin pinoutconfig
2023-12-21 07:48:05,593 [WARN] SupportedApi:132 - Cannot load RTOS API schema: s4s-elt-must-match.1: The content of 'definitions' must match (annotation?, (simpleType | complexType)?, (unique | key | keyref)*)). A problem was found starting at: attribute.
2023-12-21 07:48:05,722 [INFO] PluginManage:359 - Loaded plugin pinoutconfig (category:base,tabindex:0)
2023-12-21 07:48:05,722 [INFO] PluginManage:310 - Check plugin power
2023-12-21 07:48:05,742 [INFO] PluginManage:359 - Loaded plugin power (category:power,tabindex:4)
2023-12-21 07:48:05,742 [INFO] PluginManage:310 - Check plugin projectmanager
2023-12-21 07:48:05,757 [INFO] PluginManage:359 - Loaded plugin projectmanager (category:projectmanager,tabindex:3)
2023-12-21 07:48:05,757 [INFO] PluginManage:310 - Check plugin thirdparty
2023-12-21 07:48:06,020 [INFO] PluginManage:359 - Loaded plugin thirdparty (category:base,tabindex:-1)
2023-12-21 07:48:06,020 [WARN] IntegrityCheckThread:84 - waiting for thirdparty lock release [integrity check]
2023-12-21 07:48:06,021 [INFO] PluginManage:310 - Check plugin tools
2023-12-21 07:48:06,021 [INFO] IntegrityCheckThread:86 - entering critical section [integrity check]
2023-12-21 07:48:06,021 [INFO] ThirdPartyUpdaterWithRetryManager:70 - Updater plugin not ready yet. [1/15]
2023-12-21 07:48:06,052 [INFO] PluginManage:359 - Loaded plugin tools (category:base,tabindex:7)
2023-12-21 07:48:06,052 [INFO] PluginManage:310 - Check plugin tutovideos
2023-12-21 07:48:06,248 [INFO] PluginManage:359 - Loaded plugin tutovideos (category:base,tabindex:-1)
2023-12-21 07:48:06,248 [INFO] PluginManage:310 - Check plugin updater
2023-12-21 07:48:06,262 [INFO] PluginManage:359 - Loaded plugin updater (category:base,tabindex:12)
2023-12-21 07:48:06,262 [INFO] PluginManage:310 - Check plugin userauth
2023-12-21 07:48:06,267 [INFO] UserAuth:113 - Init User Auth plugin
2023-12-21 07:48:06,267 [INFO] PluginManage:359 - Loaded plugin userauth (category:base,tabindex:14)
2023-12-21 07:48:06,268 [INFO] PluginManage:283 - PluginManage : Loaded plugins [17]
2023-12-21 07:48:06,479 [INFO] PinOutPanel:1499 - setPackage(No Configuration,No Configuration)
2023-12-21 07:48:06,574 [INFO] CADModel:165 - CPN selected for project level
2023-12-21 07:48:06,574 [INFO] CADModel:114 - Register for checkConnection events
2023-12-21 07:48:06,598 [INFO] IPUIPlugin:80 - create IPUIPlugin
2023-12-21 07:48:06,598 [INFO] PluginManager:220 - loadIPPluginJar : add adc
2023-12-21 07:48:06,627 [INFO] IPUIPlugin:80 - create IPUIPlugin
2023-12-21 07:48:06,627 [INFO] PluginManager:220 - loadIPPluginJar : add aes
2023-12-21 07:48:06,660 [INFO] IPUIPlugin:80 - create IPUIPlugin
2023-12-21 07:48:06,660 [INFO] PluginManager:220 - loadIPPluginJar : add can
2023-12-21 07:48:06,678 [INFO] IPUIPlugin:80 - create IPUIPlugin
2023-12-21 07:48:06,678 [INFO] PluginManager:220 - loadIPPluginJar : add comp
2023-12-21 07:48:06,706 [INFO] IPUIPlugin:80 - create IPUIPlugin
2023-12-21 07:48:06,706 [INFO] PluginManager:220 - loadIPPluginJar : add cryp
2023-12-21 07:48:06,731 [INFO] IPUIPlugin:80 - create IPUIPlugin
2023-12-21 07:48:06,731 [INFO] PluginManager:220 - loadIPPluginJar : add dfsdm
2023-12-21 07:48:06,744 [INFO] IPUIPlugin:80 - create IPUIPlugin
2023-12-21 07:48:06,744 [INFO] PluginManager:220 - loadIPPluginJar : add dma
2023-12-21 07:48:06,779 [INFO] IPUIPlugin:80 - create IPUIPlugin
2023-12-21 07:48:06,779 [INFO] PluginManager:220 - loadIPPluginJar : add dma3
2023-12-21 07:48:06,796 [INFO] IPUIPlugin:80 - create IPUIPlugin
2023-12-21 07:48:06,796 [INFO] PluginManager:220 - loadIPPluginJar : add fatfs
2023-12-21 07:48:06,834 [INFO] IPUIPlugin:80 - create IPUIPlugin
2023-12-21 07:48:06,834 [INFO] PluginManager:220 - loadIPPluginJar : add fmc
2023-12-21 07:48:06,848 [INFO] IPUIPlugin:80 - create IPUIPlugin
2023-12-21 07:48:06,849 [INFO] PluginManager:220 - loadIPPluginJar : add freertos
2023-12-21 07:48:06,867 [INFO] IPUIPlugin:80 - create IPUIPlugin
2023-12-21 07:48:06,867 [INFO] PluginManager:220 - loadIPPluginJar : add genericplugin
2023-12-21 07:48:06,941 [INFO] IPUIPlugin:80 - create IPUIPlugin
2023-12-21 07:48:06,941 [INFO] PluginManager:220 - loadIPPluginJar : add gfxmmu
2023-12-21 07:48:07,048 [INFO] IPUIPlugin:80 - create IPUIPlugin
2023-12-21 07:48:07,048 [INFO] PluginManager:220 - loadIPPluginJar : add gic
2023-12-21 07:48:07,060 [INFO] IPUIPlugin:80 - create IPUIPlugin
2023-12-21 07:48:07,060 [INFO] PluginManager:220 - loadIPPluginJar : add gpio
2023-12-21 07:48:07,135 [INFO] IPUIPlugin:80 - create IPUIPlugin
2023-12-21 07:48:07,135 [INFO] PluginManager:220 - loadIPPluginJar : add gtzc
2023-12-21 07:48:07,163 [INFO] IPUIPlugin:80 - create IPUIPlugin
2023-12-21 07:48:07,163 [INFO] PluginManager:220 - loadIPPluginJar : add hash
2023-12-21 07:48:07,206 [INFO] IPUIPlugin:80 - create IPUIPlugin
2023-12-21 07:48:07,206 [INFO] PluginManager:220 - loadIPPluginJar : add i2c
2023-12-21 07:48:07,239 [INFO] IPUIPlugin:80 - create IPUIPlugin
2023-12-21 07:48:07,239 [INFO] PluginManager:220 - loadIPPluginJar : add i2s
2023-12-21 07:48:07,271 [INFO] IPUIPlugin:80 - create IPUIPlugin
2023-12-21 07:48:07,273 [INFO] PluginManager:220 - loadIPPluginJar : add i3c
2023-12-21 07:48:07,363 [INFO] IPUIPlugin:80 - create IPUIPlugin
2023-12-21 07:48:07,364 [INFO] PluginManager:220 - loadIPPluginJar : add ipddr
2023-12-21 07:48:07,437 [INFO] IPUIPlugin:80 - create IPUIPlugin
2023-12-21 07:48:07,437 [INFO] PluginManager:220 - loadIPPluginJar : add linkedlist
2023-12-21 07:48:07,466 [INFO] IPUIPlugin:80 - create IPUIPlugin
2023-12-21 07:48:07,466 [INFO] PluginManager:220 - loadIPPluginJar : add lorawan
2023-12-21 07:48:07,505 [INFO] IPUIPlugin:80 - create IPUIPlugin
2023-12-21 07:48:07,505 [INFO] PluginManager:220 - loadIPPluginJar : add ltdc
2023-12-21 07:48:07,518 [INFO] IPUIPlugin:80 - create IPUIPlugin
2023-12-21 07:48:07,519 [INFO] PluginManager:220 - loadIPPluginJar : add mdma
2023-12-21 07:48:07,530 [INFO] IPUIPlugin:80 - create IPUIPlugin
2023-12-21 07:48:07,530 [INFO] PluginManager:220 - loadIPPluginJar : add nvic
2023-12-21 07:48:07,559 [INFO] IPUIPlugin:80 - create IPUIPlugin
2023-12-21 07:48:07,559 [INFO] PluginManager:220 - loadIPPluginJar : add opamp
2023-12-21 07:48:07,607 [INFO] IPUIPlugin:80 - create IPUIPlugin
2023-12-21 07:48:07,608 [INFO] PluginManager:220 - loadIPPluginJar : add openamp
2023-12-21 07:48:07,643 [INFO] IPUIPlugin:80 - create IPUIPlugin
2023-12-21 07:48:07,643 [INFO] PluginManager:220 - loadIPPluginJar : add pdm2pcm
2023-12-21 07:48:07,655 [INFO] IPUIPlugin:80 - create IPUIPlugin
2023-12-21 07:48:07,657 [INFO] PluginManager:220 - loadIPPluginJar : add plateformsettings
2023-12-21 07:48:07,676 [INFO] IPUIPlugin:80 - create IPUIPlugin
2023-12-21 07:48:07,676 [INFO] PluginManager:220 - loadIPPluginJar : add quadspi
2023-12-21 07:48:07,688 [INFO] IPUIPlugin:80 - create IPUIPlugin
2023-12-21 07:48:07,688 [INFO] PluginManager:220 - loadIPPluginJar : add resmgrutility
2023-12-21 07:48:07,731 [INFO] IPUIPlugin:80 - create IPUIPlugin
2023-12-21 07:48:07,731 [INFO] PluginManager:220 - loadIPPluginJar : add sai
2023-12-21 07:48:07,762 [INFO] IPUIPlugin:80 - create IPUIPlugin
2023-12-21 07:48:07,762 [INFO] PluginManager:220 - loadIPPluginJar : add spi
2023-12-21 07:48:07,811 [INFO] IPUIPlugin:80 - create IPUIPlugin
2023-12-21 07:48:07,811 [INFO] PluginManager:220 - loadIPPluginJar : add stm32_wpan
2023-12-21 07:48:07,830 [INFO] IPUIPlugin:80 - create IPUIPlugin
2023-12-21 07:48:07,831 [INFO] PluginManager:220 - loadIPPluginJar : add tim
2023-12-21 07:48:07,876 [INFO] IPUIPlugin:80 - create IPUIPlugin
2023-12-21 07:48:07,876 [INFO] PluginManager:220 - loadIPPluginJar : add touchsensing
2023-12-21 07:48:07,896 [INFO] IPUIPlugin:80 - create IPUIPlugin
2023-12-21 07:48:07,896 [INFO] PluginManager:220 - loadIPPluginJar : add tracer_emb
2023-12-21 07:48:07,916 [INFO] IPUIPlugin:80 - create IPUIPlugin
2023-12-21 07:48:07,917 [INFO] PluginManager:220 - loadIPPluginJar : add ts
2023-12-21 07:48:07,937 [INFO] IPUIPlugin:80 - create IPUIPlugin
2023-12-21 07:48:07,937 [INFO] PluginManager:220 - loadIPPluginJar : add tsc
2023-12-21 07:48:07,957 [INFO] IPUIPlugin:80 - create IPUIPlugin
2023-12-21 07:48:07,957 [INFO] PluginManager:220 - loadIPPluginJar : add ucpd
2023-12-21 07:48:07,992 [INFO] IPUIPlugin:80 - create IPUIPlugin
2023-12-21 07:48:07,992 [INFO] PluginManager:220 - loadIPPluginJar : add usart
2023-12-21 07:48:08,029 [INFO] IPUIPlugin:80 - create IPUIPlugin
2023-12-21 07:48:08,029 [INFO] PluginManager:220 - loadIPPluginJar : add usbx
2023-12-21 07:48:08,149 [INFO] CADModel:165 - CPN selected for project level
2023-12-21 07:48:08,149 [INFO] CADModel:114 - Register for checkConnection events
2023-12-21 07:48:08,149 [FATAL] Updater:308 - Updater called before beeing initialized
2023-12-21 07:48:08,149 [ERROR] CADModel:125 - Updater not yet initialized, retry later 
2023-12-21 07:48:08,297 [INFO] CADModel:165 - CPN selected for project level
2023-12-21 07:48:08,297 [INFO] CADModel:114 - Register for checkConnection events
2023-12-21 07:48:08,297 [FATAL] Updater:308 - Updater called before beeing initialized
2023-12-21 07:48:08,297 [ERROR] CADModel:125 - Updater not yet initialized, retry later 
2023-12-21 07:48:08,300 [FATAL] Updater:308 - Updater called before beeing initialized
2023-12-21 07:48:08,396 [FATAL] Updater:308 - Updater called before beeing initialized
2023-12-21 07:48:08,407 [INFO] DbMcusAds:53 - JSON generation date=Tue Mar 07 09:50:55 CET 2023 (1678179055335)
2023-12-21 07:48:08,407 [FATAL] Updater:308 - Updater called before beeing initialized
2023-12-21 07:48:08,483 [WARN] DetailPanel:346 - Failed to get advertising image, set to default
2023-12-21 07:48:08,598 [FATAL] Updater:308 - Updater called before beeing initialized
2023-12-21 07:48:08,600 [FATAL] Updater:308 - Updater called before beeing initialized
2023-12-21 07:48:08,600 [FATAL] Updater:308 - Updater called before beeing initialized
2023-12-21 07:48:08,600 [WARN] DetailPanel:346 - Failed to get advertising image, set to default
2023-12-21 07:48:08,600 [FATAL] Updater:308 - Updater called before beeing initialized
2023-12-21 07:48:08,653 [ERROR] Updater:1120 - MainUpdater not yet initialized. External WinMGr cannot be set.
2023-12-21 07:48:08,663 [INFO] Updater:1056 - Updater Version found : 6.9.2
2023-12-21 07:48:08,680 [INFO] ApplicationProperties:184 - Using Application install path: D:\Program Files (x86)\STM32CubeIDE_1.11.2\STM32CubeIDE\plugins\com.st.stm32cube.common.mx_6.9.2.202309101412
2023-12-21 07:48:08,916 [INFO] MainUpdater:2868 - connection check result : 10
2023-12-21 07:48:08,917 [INFO] MainUpdater:285 - Updater Check For Update Now.
2023-12-21 07:48:08,917 [INFO] MicroXplorer:498 - Change Database Version : DB.6.0.92
2023-12-21 07:48:08,932 [INFO] McuFinderGlobals:63 - Set McuFinder mode to 2 (CubeIDE integrated)
2023-12-21 07:48:08,932 [INFO] UserAuth:179 - activating auth plugin
2023-12-21 07:48:08,935 [INFO] UserAuth:393 - Internet connection configuration mode: 1
2023-12-21 07:48:08,963 [INFO] JxBrowserEngine:151 - Initiate JxBrowser Engine with user profile folder
2023-12-21 07:48:09,024 [WARN] MainUpdater:1189 - Updater busy. Cannot search thirdparties
2023-12-21 07:48:09,024 [INFO] ThirdPartyUpdaterWithRetryManager:96 - Updater plugin is busy. [1/15]
2023-12-21 07:48:09,112 [INFO] CheckServerUpdateThread:120 - End of CheckServer Thread
2023-12-21 07:48:10,866 [INFO] WebApp:157 - Instantiating new browser for Auth
2023-12-21 07:48:11,424 [INFO] WebApp:753 - Register for checkConnection events
2023-12-21 07:48:11,424 [INFO] WebApp:390 - Apply proxy settings
2023-12-21 07:48:11,424 [INFO] WebApp:475 - Chromium requires no authentication
2023-12-21 07:48:11,433 [INFO] WebApp:418 - Direct internet connection detected
2023-12-21 07:48:11,610 [INFO] WebApp:188 - Starting web application
2023-12-21 07:48:11,610 [INFO] WebApp:520 - Web application path used D:\Program Files (x86)\STM32CubeIDE_1.11.2\STM32CubeIDE\plugins\com.st.stm32cube.common.mx_6.9.2.202309101412\db\plugins\mcufinder\reactClient1\index.html
2023-12-21 07:48:12,245 [WARN] PackLoader:240 - Cannot read IP mode file for STMicroelectronics.X-CUBE-SMBUS.2.1.0
2023-12-21 07:48:12,261 [WARN] PackLoader:240 - Cannot read IP mode file for STMicroelectronics.X-CUBE-TOUCHGFX.4.23.0
2023-12-21 07:48:12,300 [WARN] PackLoader:240 - Cannot read IP mode file for STMicroelectronics.X-CUBE-AZRTOS-F7.1.1.0
2023-12-21 07:48:12,315 [ERROR] RealEvaluatedCondition:428 - Found unsupported composite condition: CLASS='Data Exchange' GROUP='STM32_MetaDataManager'
2023-12-21 07:48:12,315 [ERROR] RealEvaluatedCondition:428 - Found unsupported composite condition: GROUP='STM32_MetaDataManager' CLASS='Data Exchange'
2023-12-21 07:48:12,316 [WARN] PackLoader:240 - Cannot read IP mode file for STMicroelectronics.FP-SNS-MOTENV1.4.3.0
2023-12-21 07:48:12,331 [WARN] PackLoader:240 - Cannot read IP mode file for STMicroelectronics.FP-SNS-MOTENV1.4.3.2
2023-12-21 07:48:12,345 [WARN] PackLoader:240 - Cannot read IP mode file for STMicroelectronics.FP-SNS-FLIGHT1.5.0.0
2023-12-21 07:48:12,356 [ERROR] RealEvaluatedCondition:428 - Found unsupported composite condition: CLASS='Data Exchange' GROUP='STM32_MetaDataManager'
2023-12-21 07:48:12,357 [ERROR] RealEvaluatedCondition:428 - Found unsupported composite condition: GROUP='STM32_MetaDataManager' CLASS='Data Exchange'
2023-12-21 07:48:12,358 [WARN] PackLoader:240 - Cannot read IP mode file for STMicroelectronics.FP-SNS-MOTENV1.4.3.1
2023-12-21 07:48:12,370 [WARN] PackLoader:240 - Cannot read IP mode file for STMicroelectronics.FP-SNS-FLIGHT1.5.0.1
2023-12-21 07:48:12,384 [WARN] PackLoader:240 - Cannot read IP mode file for STMicroelectronics.X-CUBE-BLE1.6.2.4
2023-12-21 07:48:12,396 [WARN] PackLoader:240 - Cannot read IP mode file for STMicroelectronics.FP-SNS-FLIGHT1.5.0.2
2023-12-21 07:48:12,412 [WARN] PackLoader:240 - Cannot read IP mode file for STMicroelectronics.X-CUBE-DISPLAY.3.0.0
2023-12-21 07:48:12,426 [WARN] PackLoader:240 - Cannot read IP mode file for STMicroelectronics.X-CUBE-BLE1.7.0.0
2023-12-21 07:48:12,438 [WARN] PackLoader:240 - Cannot read IP mode file for STMicroelectronics.X-CUBE-TOUCHGFX.4.22.0
2023-12-21 07:48:12,450 [WARN] PackLoader:240 - Cannot read IP mode file for STMicroelectronics.X-CUBE-TOUCHGFX.4.22.1
2023-12-21 07:48:12,461 [WARN] PackLoader:240 - Cannot read IP mode file for STMicroelectronics.FP-SNS-SMARTAG2.1.2.0
2023-12-21 07:48:12,480 [INFO] LogOutputStream:77 - [STDOUT_REDIRECT] 1 : Invalid condition id : UX_CORESTACK_Condition cause : null
2023-12-21 07:48:12,480 [INFO] LogOutputStream:77 - [STDOUT_REDIRECT] 1 : Invalid condition id : UX_CORESTACK_Condition cause : null
2023-12-21 07:48:12,481 [INFO] LogOutputStream:77 - [STDOUT_REDIRECT] 1 : Invalid condition id : UX_CORESTACK_Condition cause : null
2023-12-21 07:48:12,482 [INFO] LogOutputStream:77 - [STDOUT_REDIRECT] 1 : Invalid condition id : UX_CORESTACK_Condition cause : null
2023-12-21 07:48:12,483 [INFO] LogOutputStream:77 - [STDOUT_REDIRECT] 1 : Invalid condition id : UX_CORESTACK_Condition cause : null
2023-12-21 07:48:12,486 [WARN] PackLoader:240 - Cannot read IP mode file for STMicroelectronics.X-CUBE-AZRTOS-WL.2.0.0
2023-12-21 07:48:12,503 [WARN] PackLoader:240 - Cannot read IP mode file for WES.I-CUBE-Cesium.1.3.0
2023-12-21 07:48:12,515 [WARN] PackLoader:240 - Cannot read IP mode file for STMicroelectronics.X-CUBE-BLE2.3.3.0
2023-12-21 07:48:12,531 [WARN] PackLoader:240 - Cannot read IP mode file for STMicroelectronics.X-CUBE-TOF1.3.2.0
2023-12-21 07:48:12,546 [WARN] PackLoader:240 - Cannot read IP mode file for STMicroelectronics.X-CUBE-TOUCHGFX.4.21.1
2023-12-21 07:48:12,557 [WARN] PackLoader:240 - Cannot read IP mode file for STMicroelectronics.X-CUBE-TOUCHGFX.4.21.3
2023-12-21 07:48:12,568 [WARN] PackLoader:240 - Cannot read IP mode file for STMicroelectronics.X-CUBE-TOUCHGFX.4.21.4
2023-12-21 07:48:12,611 [WARN] PackLoader:240 - Cannot read IP mode file for STMicroelectronics.X-CUBE-MEMS1.9.4.0
2023-12-21 07:48:12,713 [WARN] PackLoader:240 - Cannot read IP mode file for STMicroelectronics.X-CUBE-AI.7.3.0
2023-12-21 07:48:12,725 [WARN] PackLoader:240 - Cannot read IP mode file for STMicroelectronics.X-CUBE-ALGOBUILD.1.3.0
2023-12-21 07:48:12,752 [WARN] PackLoader:240 - Cannot read IP mode file for STMicroelectronics.X-CUBE-AZRTOS-G0.1.1.0
2023-12-21 07:48:12,766 [WARN] PackLoader:240 - Cannot read IP mode file for STMicroelectronics.X-CUBE-NFC4.3.0.0
2023-12-21 07:48:12,780 [WARN] PackLoader:240 - Cannot read IP mode file for STMicroelectronics.X-CUBE-BLEMGR.3.0.0
2023-12-21 07:48:12,795 [WARN] PackLoader:240 - Cannot read IP mode file for STMicroelectronics.X-CUBE-BLEMGR.1.3.0
2023-12-21 07:48:12,806 [WARN] PackLoader:240 - Cannot read IP mode file for STMicroelectronics.FP-ATR-SIGFOX1.3.2.0
2023-12-21 07:48:12,846 [WARN] PackLoader:240 - Cannot read IP mode file for STMicroelectronics.X-CUBE-MEMS1.9.5.0
2023-12-21 07:48:13,011 [WARN] PackLoader:240 - Cannot read IP mode file for SEGGER.I-CUBE-embOS.1.3.1
2023-12-21 07:48:13,072 [WARN] PackLoader:240 - Cannot read IP mode file for STMicroelectronics.X-CUBE-GNSS1.6.0.0
2023-12-21 07:48:13,095 [WARN] PackLoader:240 - Cannot read IP mode file for STMicroelectronics.X-CUBE-AZRTOS-F4.1.1.0
2023-12-21 07:48:13,120 [WARN] PackLoader:240 - Cannot read IP mode file for STMicroelectronics.X-CUBE-AZRTOS-L5.2.0.0
2023-12-21 07:48:13,159 [WARN] PackLoader:240 - Cannot read IP mode file for STMicroelectronics.X-CUBE-MEMS1.9.6.0
2023-12-21 07:48:13,264 [WARN] PackLoader:240 - Cannot read IP mode file for STMicroelectronics.X-CUBE-EEPRMA1.4.2.0
2023-12-21 07:48:13,278 [WARN] PackLoader:240 - Cannot read IP mode file for ITTIA_DB.I-CUBE-ITTIADB.8.8.0
2023-12-21 07:48:13,297 [WARN] PackLoader:240 - Cannot read IP mode file for emotas.I-CUBE-CANOPEN.1.1.3
2023-12-21 07:48:13,313 [WARN] PackLoader:240 - Cannot read IP mode file for STMicroelectronics.X-CUBE-BLEMGR.2.0.0
2023-12-21 07:48:13,340 [WARN] ConditionMgr:438 - getConditionDescription Invalid condition id : UX DEVICE CLASS RTOS Condition cause : null
2023-12-21 07:48:13,340 [WARN] ConditionMgr:438 - getConditionDescription Invalid condition id : UX DEVICE CLASS RTOS Condition cause : null
2023-12-21 07:48:13,342 [WARN] PackLoader:240 - Cannot read IP mode file for STMicroelectronics.X-CUBE-AZRTOS-H7.3.1.0
2023-12-21 07:48:13,342 [WARN] ConditionMgr:1039 - genDependencies : Invalid condition id : UX DEVICE CLASS RTOS Condition cause : null
2023-12-21 07:48:13,343 [WARN] ConditionMgr:1039 - genDependencies : Invalid condition id : UX DEVICE CLASS RTOS Condition cause : null
2023-12-21 07:48:13,343 [WARN] ConditionMgr:1039 - genDependencies : Invalid condition id : UX DEVICE CLASS RTOS Condition cause : null
2023-12-21 07:48:13,343 [WARN] ConditionMgr:1039 - genDependencies : Invalid condition id : UX DEVICE CLASS RTOS Condition cause : null
2023-12-21 07:48:13,343 [WARN] ConditionMgr:1039 - genDependencies : Invalid condition id : UX DEVICE CLASS RTOS Condition cause : null
2023-12-21 07:48:13,356 [WARN] PackLoader:240 - Cannot read IP mode file for wolfSSL.I-CUBE-wolfSSL.5.5.4
2023-12-21 07:48:13,367 [WARN] PackLoader:240 - Cannot read IP mode file for STMicroelectronics.X-CUBE-NFC7.1.0.1
2023-12-21 07:48:13,378 [WARN] PackLoader:240 - Cannot read IP mode file for STMicroelectronics.X-CUBE-NFC7.1.0.0
2023-12-21 07:48:13,390 [WARN] PackLoader:240 - Cannot read IP mode file for STMicroelectronics.X-CUBE-NFC6.3.0.0
2023-12-21 07:48:13,403 [WARN] PackLoader:240 - Cannot read IP mode file for STMicroelectronics.X-CUBE-EEPRMA1.4.1.0
2023-12-21 07:48:13,414 [WARN] PackLoader:240 - Cannot read IP mode file for STMicroelectronics.X-CUBE-AI.8.1.0
2023-12-21 07:48:13,436 [WARN] ConditionMgr:438 - getConditionDescription Invalid condition id : LAN8742 Phy interface Condition cause : null
2023-12-21 07:48:13,438 [WARN] PackLoader:240 - Cannot read IP mode file for STMicroelectronics.X-CUBE-AZRTOS-L4.2.0.0
2023-12-21 07:48:13,439 [WARN] ConditionMgr:1039 - genDependencies : Invalid condition id : LAN8742 Phy interface Condition cause : null
2023-12-21 07:48:13,439 [WARN] ConditionMgr:1039 - genDependencies : Invalid condition id : LAN8742 Phy interface Condition cause : null
2023-12-21 07:48:13,439 [WARN] ConditionMgr:1039 - genDependencies : Invalid condition id : LAN8742 Phy interface Condition cause : null
2023-12-21 07:48:13,450 [WARN] PackLoader:240 - Cannot read IP mode file for STMicroelectronics.X-CUBE-SFXS2LP1.4.0.0
2023-12-21 07:48:13,480 [WARN] PackLoader:240 - Cannot read IP mode file for STMicroelectronics.X-CUBE-AZRTOS-H7.3.0.0
2023-12-21 07:48:13,493 [WARN] PackLoader:240 - Cannot read IP mode file for STMicroelectronics.X-CUBE-ISPU.1.1.0
2023-12-21 07:48:13,507 [WARN] PackLoader:240 - Cannot read IP mode file for RoweBots.I-CUBE-UNISONRTOS.5.5.0-4
2023-12-21 07:48:13,519 [WARN] PackLoader:240 - Cannot read IP mode file for STMicroelectronics.X-CUBE-AI.8.0.0
2023-12-21 07:48:13,542 [WARN] ConditionMgr:438 - getConditionDescription Invalid condition id : UX DEVICE CLASS RTOS Condition cause : null
2023-12-21 07:48:13,543 [WARN] ConditionMgr:438 - getConditionDescription Invalid condition id : UX DEVICE CLASS RTOS Condition cause : null
2023-12-21 07:48:13,543 [WARN] PackLoader:240 - Cannot read IP mode file for STMicroelectronics.X-CUBE-AZRTOS-WB.2.0.0
2023-12-21 07:48:13,544 [WARN] ConditionMgr:1039 - genDependencies : Invalid condition id : UX DEVICE CLASS RTOS Condition cause : null
2023-12-21 07:48:13,544 [WARN] ConditionMgr:1039 - genDependencies : Invalid condition id : UX DEVICE CLASS RTOS Condition cause : null
2023-12-21 07:48:13,544 [WARN] ConditionMgr:1039 - genDependencies : Invalid condition id : UX DEVICE CLASS RTOS Condition cause : null
2023-12-21 07:48:13,544 [WARN] ConditionMgr:1039 - genDependencies : Invalid condition id : UX DEVICE CLASS RTOS Condition cause : null
2023-12-21 07:48:13,544 [WARN] ConditionMgr:1039 - genDependencies : Invalid condition id : UX DEVICE CLASS RTOS Condition cause : null
2023-12-21 07:48:13,555 [WARN] PackLoader:240 - Cannot read IP mode file for STMicroelectronics.X-CUBE-FREERTOS.1.0.0
2023-12-21 07:48:13,567 [WARN] PackLoader:240 - Cannot read IP mode file for STMicroelectronics.X-CUBE-FREERTOS.1.0.1
2023-12-21 07:48:13,587 [WARN] PackLoader:240 - Cannot read IP mode file for STMicroelectronics.X-CUBE-AZRTOS-L5.1.1.0
2023-12-21 07:48:13,599 [WARN] PackLoader:240 - Cannot read IP mode file for STMicroelectronics.X-CUBE-AI.8.0.1
2023-12-21 07:48:13,613 [WARN] PackLoader:240 - Cannot read IP mode file for STMicroelectronics.X-CUBE-SUBG2.5.0.0
2023-12-21 07:48:13,630 [WARN] PackLoader:240 - Cannot read IP mode file for STMicroelectronics.X-CUBE-TOF1.3.3.1
2023-12-21 07:48:13,655 [WARN] PackLoader:240 - Cannot read IP mode file for STMicroelectronics.X-CUBE-AZRTOS-G4.2.0.0
2023-12-21 07:48:13,671 [WARN] PackLoader:240 - Cannot read IP mode file for STMicroelectronics.X-CUBE-TOF1.3.3.0
2023-12-21 07:48:13,685 [WARN] PackLoader:240 - Cannot read IP mode file for STMicroelectronics.FP-ATR-ASTRA1.1.1.1
2023-12-21 07:48:13,703 [WARN] PackLoader:240 - Cannot read IP mode file for Infineon.AIROC-Wi-Fi-Bluetooth-STM32.1.5.1
2023-12-21 07:48:13,716 [WARN] PackLoader:240 - Cannot read IP mode file for STMicroelectronics.FP-SNS-MOTENVWB1.1.3.0
2023-12-21 07:48:13,727 [WARN] PackLoader:240 - Cannot read IP mode file for STMicroelectronics.FP-SNS-MOTENVWB1.1.3.1
2023-12-21 07:48:13,746 [WARN] PackLoader:240 - Cannot read IP mode file for STMicroelectronics.X-CUBE-AZRTOS-G4.1.0.0
2023-12-21 07:48:13,769 [WARN] PackLoader:240 - Cannot read IP mode file for STMicroelectronics.X-CUBE-AZRTOS-L4.1.0.0
2023-12-21 07:48:13,781 [WARN] PackLoader:240 - Cannot read IP mode file for STMicroelectronics.X-CUBE-ISPU.2.0.0
2023-12-21 07:48:13,828 [WARN] PackLoader:240 - Cannot read IP mode file for STMicroelectronics.X-CUBE-MEMS1.10.0.0
2023-12-21 07:48:13,928 [WARN] PackLoader:240 - Cannot read IP mode file for STMicroelectronics.X-CUBE-FREERTOS.1.1.0
2023-12-21 07:48:13,945 [WARN] PackLoader:240 - Cannot read IP mode file for STMicroelectronics.X-CUBE-AZRTOS-WL.1.0.0
2023-12-21 07:48:13,957 [WARN] PackLoader:240 - Cannot read IP mode file for portGmbH.I-Cube-SoM-uGOAL.1.1.0
2023-12-21 07:48:13,967 [WARN] PackLoader:240 - Cannot read IP mode file for STMicroelectronics.X-CUBE-ALS.1.0.1
2023-12-21 07:48:13,986 [WARN] PackLoader:240 - Cannot read IP mode file for STMicroelectronics.X-CUBE-AZRTOS-WB.1.1.0
2023-12-21 07:48:13,996 [WARN] PackLoader:240 - Cannot read IP mode file for STMicroelectronics.FP-ATR-ASTRA1.2.0.0
2023-12-21 07:48:14,011 [WARN] PackLoader:240 - Cannot read IP mode file for STMicroelectronics.X-CUBE-TOF1.3.4.0
2023-12-21 07:48:14,045 [WARN] PackLoader:240 - Cannot read IP mode file for STMicroelectronics.X-CUBE-AZRTOS-H7.3.2.0
2023-12-21 07:48:14,047 [INFO] ThirdParty:978 - Integrity check success = true
2023-12-21 07:48:14,047 [INFO] IntegrityCheckThread:100 - exiting critical section [integrity check]
2023-12-21 07:48:14,047 [INFO] IntegrityCheckThread:103 - End integrity checks thread
2023-12-21 07:48:33,116 [ERROR] LogOutputStream:75 - [STDERR_REDIRECT] SLF4J: Failed to load class "org.slf4j.impl.StaticLoggerBinder".
2023-12-21 07:48:33,116 [ERROR] LogOutputStream:75 - [STDERR_REDIRECT] SLF4J: Defaulting to no-operation (NOP) logger implementation
2023-12-21 07:48:33,118 [ERROR] LogOutputStream:75 - [STDERR_REDIRECT] SLF4J: See http://www.slf4j.org/codes.html#StaticLoggerBinder for further details.
2023-12-21 07:56:13,004 [ERROR] LogOutputStream:75 - [STDERR_REDIRECT] 
2023-12-21 07:56:37,252 [INFO] Activator:176 - 


2023-12-21 07:56:37,256 [INFO] Activator:177 - !SESSION log4j initialized
2023-12-21 07:56:46,394 [INFO] LogOutputStream:77 - [STDOUT_REDIRECT] 
2023-12-21 07:56:47,729 [INFO] ApplicationProperties:184 - Using Application install path: D:\Program Files (x86)\STM32CubeIDE_1.11.2\STM32CubeIDE\plugins\com.st.stm32cube.common.mx_6.10.0.202311202037
2023-12-21 07:56:47,741 [INFO] DbMcusXml:78 - Set database path to: D:\Program Files (x86)\STM32CubeIDE_1.11.2\STM32CubeIDE\plugins\com.st.stm32cube.common.mx_6.10.0.202311202037\\db\/mcu/
2023-12-21 07:56:47,741 [INFO] ApiDb:274 - Set plugin database path to: D:\Program Files (x86)\STM32CubeIDE_1.11.2\STM32CubeIDE\plugins\com.st.stm32cube.common.mx_6.10.0.202311202037\\db\/plugins/boardmanager/
2023-12-21 07:56:47,742 [WARN] ApiDb:259 - Overriding images path with different value:  => D:\Program Files (x86)\STM32CubeIDE_1.11.2\STM32CubeIDE\plugins\com.st.stm32cube.common.mx_6.10.0.202311202037\\db\/plugins/mcufinder/images/
2023-12-21 07:56:49,302 [INFO] ApiDb:250 - Set database path to: C:\Users\miqix\.stmcufinder\plugins\mcufinder//mcu/
2023-12-21 07:56:49,304 [INFO] DbMcusAds:125 - Set database path to: C:\Users\miqix\.stmcufinder\plugins\mcufinder//mcu/
2023-12-21 07:56:49,306 [INFO] CrossReferenceDbSqlite:203 - Set database path to: C:\Users\miqix\.stmcufinder\plugins\mcufinder//mcu/cs/
2023-12-21 07:56:49,417 [INFO] RulesReader:64 - Compatibility file has been processed (297 Rules)
2023-12-21 07:56:49,487 [INFO] DbMcusXml:78 - Set database path to: D:\Program Files (x86)\STM32CubeIDE_1.11.2\STM32CubeIDE\plugins\com.st.stm32cube.common.mx_6.10.0.202311202037\\db\/mcu/
2023-12-21 07:56:49,489 [INFO] ApiDb:274 - Set plugin database path to: D:\Program Files (x86)\STM32CubeIDE_1.11.2\STM32CubeIDE\plugins\com.st.stm32cube.common.mx_6.10.0.202311202037\\db\/plugins/boardmanager/
2023-12-21 07:56:49,489 [INFO] ApiDb:261 - Set plugin images path to: D:\Program Files (x86)\STM32CubeIDE_1.11.2\STM32CubeIDE\plugins\com.st.stm32cube.common.mx_6.10.0.202311202037\\db\/plugins/mcufinder/images/
2023-12-21 07:56:49,489 [WARN] DbFile:41 - Overriding database path with different value: C:\Users\miqix\.stmcufinder\plugins\mcufinder/ => C:\Users\miqix\.stmcufinder\plugins\mcufinder
2023-12-21 07:56:49,489 [INFO] ApiDb:250 - Set database path to: C:\Users\miqix\.stmcufinder\plugins\mcufinder//mcu/
2023-12-21 07:56:49,489 [WARN] DbFile:41 - Overriding database path with different value: C:\Users\miqix\.stmcufinder\plugins\mcufinder/ => C:\Users\miqix\.stmcufinder\plugins\mcufinder
2023-12-21 07:56:49,489 [INFO] DbMcusAds:125 - Set database path to: C:\Users\miqix\.stmcufinder\plugins\mcufinder//mcu/
2023-12-21 07:56:49,489 [WARN] DbFile:41 - Overriding database path with different value: C:\Users\miqix\.stmcufinder\plugins\mcufinder/ => C:\Users\miqix\.stmcufinder\plugins\mcufinder
2023-12-21 07:56:49,490 [WARN] DbFile:41 - Overriding database path with different value: C:\Users\miqix\.stmcufinder\plugins\mcufinder/ => C:\Users\miqix\.stmcufinder\plugins\mcufinder
2023-12-21 07:56:49,490 [INFO] CrossReferenceDbSqlite:203 - Set database path to: C:\Users\miqix\.stmcufinder\plugins\mcufinder//mcu/cs/
2023-12-21 07:56:49,559 [INFO] MainPanel:264 - HeapMemory: 268435456
2023-12-21 07:56:49,620 [INFO] DbMcusXml:78 - Set database path to: D:\Program Files (x86)\STM32CubeIDE_1.11.2\STM32CubeIDE\plugins\com.st.stm32cube.common.mx_6.10.0.202311202037\\db\/mcu/
2023-12-21 07:56:49,621 [INFO] ApiDb:274 - Set plugin database path to: D:\Program Files (x86)\STM32CubeIDE_1.11.2\STM32CubeIDE\plugins\com.st.stm32cube.common.mx_6.10.0.202311202037\\db\/plugins/boardmanager/
2023-12-21 07:56:49,621 [INFO] ApiDb:261 - Set plugin images path to: D:\Program Files (x86)\STM32CubeIDE_1.11.2\STM32CubeIDE\plugins\com.st.stm32cube.common.mx_6.10.0.202311202037\\db\/plugins/mcufinder/images/
2023-12-21 07:56:49,621 [WARN] DbFile:41 - Overriding database path with different value: C:\Users\miqix\.stmcufinder\plugins\mcufinder/ => C:\Users\miqix\.stmcufinder\plugins\mcufinder
2023-12-21 07:56:49,621 [INFO] ApiDb:250 - Set database path to: C:\Users\miqix\.stmcufinder\plugins\mcufinder//mcu/
2023-12-21 07:56:49,621 [WARN] DbFile:41 - Overriding database path with different value: C:\Users\miqix\.stmcufinder\plugins\mcufinder/ => C:\Users\miqix\.stmcufinder\plugins\mcufinder
2023-12-21 07:56:49,621 [INFO] DbMcusAds:125 - Set database path to: C:\Users\miqix\.stmcufinder\plugins\mcufinder//mcu/
2023-12-21 07:56:49,621 [WARN] DbFile:41 - Overriding database path with different value: C:\Users\miqix\.stmcufinder\plugins\mcufinder/ => C:\Users\miqix\.stmcufinder\plugins\mcufinder
2023-12-21 07:56:49,621 [WARN] DbFile:41 - Overriding database path with different value: C:\Users\miqix\.stmcufinder\plugins\mcufinder/ => C:\Users\miqix\.stmcufinder\plugins\mcufinder
2023-12-21 07:56:49,622 [INFO] CrossReferenceDbSqlite:203 - Set database path to: C:\Users\miqix\.stmcufinder\plugins\mcufinder//mcu/cs/
2023-12-21 07:56:49,639 [INFO] ApplicationProperties:184 - Using Application install path: D:\Program Files (x86)\STM32CubeIDE_1.11.2\STM32CubeIDE\plugins\com.st.stm32cube.common.mx_6.10.0.202311202037
2023-12-21 07:56:49,640 [INFO] PluginManage:196 - Search for loadable plugins [exclusion list=, ]
2023-12-21 07:56:49,642 [INFO] PluginManage:310 - Check plugin analytics
2023-12-21 07:56:49,831 [INFO] AnalyticsPlugin:253 - Accepted Software Licenses: 
2023-12-21 07:56:49,831 [INFO] AnalyticsPlugin:255 - Accepted CMSIS Pack Licenses: 
2023-12-21 07:56:49,831 [INFO] AnalyticsPlugin:257 - Accepted Firmware Licenses: 
2023-12-21 07:56:49,834 [INFO] PluginManage:359 - Loaded plugin analytics (category:tool,tabindex:-1)
2023-12-21 07:56:49,834 [INFO] PluginManage:310 - Check plugin cadmodel
2023-12-21 07:56:49,850 [INFO] CADModel:105 - Init CAD model plugin
2023-12-21 07:56:49,850 [INFO] PluginManage:359 - Loaded plugin cadmodel (category:power,tabindex:5)
2023-12-21 07:56:49,850 [INFO] PluginManage:310 - Check plugin clock
2023-12-21 07:56:49,867 [INFO] PluginManage:359 - Loaded plugin clock (category:base,tabindex:2)
2023-12-21 07:56:49,867 [INFO] PluginManage:310 - Check plugin ddr
2023-12-21 07:56:49,869 [INFO] PluginManage:359 - Loaded plugin ddr (category:tool,tabindex:6)
2023-12-21 07:56:49,869 [INFO] PluginManage:310 - Check plugin filemanager
2023-12-21 07:56:49,986 [INFO] PluginManage:359 - Loaded plugin filemanager (category:base,tabindex:10)
2023-12-21 07:56:49,987 [INFO] PluginManage:310 - Check plugin ipmanager
2023-12-21 07:56:49,993 [INFO] PluginManage:359 - Loaded plugin ipmanager (category:base,tabindex:5)
2023-12-21 07:56:49,993 [INFO] PluginManage:310 - Check plugin lpbam
2023-12-21 07:56:50,010 [INFO] PluginManage:359 - Loaded plugin lpbam (category:base,tabindex:0)
2023-12-21 07:56:50,010 [INFO] PluginManage:310 - Check plugin memorymap
2023-12-21 07:56:50,027 [INFO] PluginManage:359 - Loaded plugin memorymap (category:base,tabindex:4)
2023-12-21 07:56:50,027 [INFO] PluginManage:310 - Check plugin pinoutandconfiguration
2023-12-21 07:56:50,044 [INFO] PluginManage:359 - Loaded plugin pinoutandconfiguration (category:base,tabindex:1)
2023-12-21 07:56:50,044 [INFO] PluginManage:310 - Check plugin pinoutconfig
2023-12-21 07:56:50,129 [WARN] SupportedApi:132 - Cannot load RTOS API schema: s4s-elt-must-match.1: The content of 'definitions' must match (annotation?, (simpleType | complexType)?, (unique | key | keyref)*)). A problem was found starting at: attribute.
2023-12-21 07:56:50,274 [INFO] PluginManage:359 - Loaded plugin pinoutconfig (category:base,tabindex:0)
2023-12-21 07:56:50,274 [INFO] PluginManage:310 - Check plugin power
2023-12-21 07:56:50,292 [INFO] PluginManage:359 - Loaded plugin power (category:power,tabindex:4)
2023-12-21 07:56:50,292 [INFO] PluginManage:310 - Check plugin projectmanager
2023-12-21 07:56:50,307 [INFO] PluginManage:359 - Loaded plugin projectmanager (category:projectmanager,tabindex:3)
2023-12-21 07:56:50,308 [INFO] PluginManage:310 - Check plugin thirdparty
2023-12-21 07:56:50,546 [INFO] PluginManage:359 - Loaded plugin thirdparty (category:base,tabindex:-1)
2023-12-21 07:56:50,546 [INFO] PluginManage:310 - Check plugin tools
2023-12-21 07:56:50,546 [WARN] IntegrityCheckThread:84 - waiting for thirdparty lock release [integrity check]
2023-12-21 07:56:50,546 [INFO] IntegrityCheckThread:86 - entering critical section [integrity check]
2023-12-21 07:56:50,546 [INFO] ThirdPartyUpdaterWithRetryManager:70 - Updater plugin not ready yet. [1/15]
2023-12-21 07:56:50,581 [INFO] PluginManage:359 - Loaded plugin tools (category:base,tabindex:7)
2023-12-21 07:56:50,581 [INFO] PluginManage:310 - Check plugin tutovideos
2023-12-21 07:56:50,731 [INFO] PluginManage:359 - Loaded plugin tutovideos (category:base,tabindex:-1)
2023-12-21 07:56:50,732 [INFO] PluginManage:310 - Check plugin updater
2023-12-21 07:56:50,739 [INFO] PluginManage:359 - Loaded plugin updater (category:base,tabindex:12)
2023-12-21 07:56:50,739 [INFO] PluginManage:310 - Check plugin userauth
2023-12-21 07:56:50,744 [INFO] UserAuth:114 - Init User Auth plugin
2023-12-21 07:56:50,744 [INFO] PluginManage:359 - Loaded plugin userauth (category:base,tabindex:14)
2023-12-21 07:56:50,745 [INFO] PluginManage:283 - PluginManage : Loaded plugins [17]
2023-12-21 07:56:50,930 [INFO] PinOutPanel:1499 - setPackage(No Configuration,No Configuration)
2023-12-21 07:56:50,996 [INFO] CADModel:165 - CPN selected for project level
2023-12-21 07:56:50,996 [INFO] CADModel:114 - Register for checkConnection events
2023-12-21 07:56:51,016 [INFO] IPUIPlugin:80 - create IPUIPlugin
2023-12-21 07:56:51,017 [INFO] PluginManager:220 - loadIPPluginJar : add adc
2023-12-21 07:56:51,060 [INFO] IPUIPlugin:80 - create IPUIPlugin
2023-12-21 07:56:51,060 [INFO] PluginManager:220 - loadIPPluginJar : add aes
2023-12-21 07:56:51,102 [INFO] IPUIPlugin:80 - create IPUIPlugin
2023-12-21 07:56:51,102 [INFO] PluginManager:220 - loadIPPluginJar : add can
2023-12-21 07:56:51,125 [INFO] IPUIPlugin:80 - create IPUIPlugin
2023-12-21 07:56:51,125 [INFO] PluginManager:220 - loadIPPluginJar : add comp
2023-12-21 07:56:51,159 [INFO] IPUIPlugin:80 - create IPUIPlugin
2023-12-21 07:56:51,159 [INFO] PluginManager:220 - loadIPPluginJar : add cryp
2023-12-21 07:56:51,189 [INFO] IPUIPlugin:80 - create IPUIPlugin
2023-12-21 07:56:51,189 [INFO] PluginManager:220 - loadIPPluginJar : add dfsdm
2023-12-21 07:56:51,203 [INFO] IPUIPlugin:80 - create IPUIPlugin
2023-12-21 07:56:51,203 [INFO] PluginManager:220 - loadIPPluginJar : add dma
2023-12-21 07:56:51,247 [INFO] IPUIPlugin:80 - create IPUIPlugin
2023-12-21 07:56:51,248 [INFO] PluginManager:220 - loadIPPluginJar : add dma3
2023-12-21 07:56:51,267 [INFO] IPUIPlugin:80 - create IPUIPlugin
2023-12-21 07:56:51,267 [INFO] PluginManager:220 - loadIPPluginJar : add fatfs
2023-12-21 07:56:51,317 [INFO] IPUIPlugin:80 - create IPUIPlugin
2023-12-21 07:56:51,317 [INFO] PluginManager:220 - loadIPPluginJar : add fmc
2023-12-21 07:56:51,330 [INFO] IPUIPlugin:80 - create IPUIPlugin
2023-12-21 07:56:51,330 [INFO] PluginManager:220 - loadIPPluginJar : add freertos
2023-12-21 07:56:51,355 [INFO] IPUIPlugin:80 - create IPUIPlugin
2023-12-21 07:56:51,355 [INFO] PluginManager:220 - loadIPPluginJar : add genericplugin
2023-12-21 07:56:51,452 [INFO] IPUIPlugin:80 - create IPUIPlugin
2023-12-21 07:56:51,452 [INFO] PluginManager:220 - loadIPPluginJar : add gfxmmu
2023-12-21 07:56:51,577 [INFO] IPUIPlugin:80 - create IPUIPlugin
2023-12-21 07:56:51,579 [INFO] PluginManager:220 - loadIPPluginJar : add gic
2023-12-21 07:56:51,590 [INFO] IPUIPlugin:80 - create IPUIPlugin
2023-12-21 07:56:51,590 [INFO] PluginManager:220 - loadIPPluginJar : add gpio
2023-12-21 07:56:51,677 [INFO] IPUIPlugin:80 - create IPUIPlugin
2023-12-21 07:56:51,677 [INFO] PluginManager:220 - loadIPPluginJar : add gtzc
2023-12-21 07:56:51,708 [INFO] IPUIPlugin:80 - create IPUIPlugin
2023-12-21 07:56:51,708 [INFO] PluginManager:220 - loadIPPluginJar : add hash
2023-12-21 07:56:51,774 [INFO] IPUIPlugin:80 - create IPUIPlugin
2023-12-21 07:56:51,774 [INFO] PluginManager:220 - loadIPPluginJar : add i2c
2023-12-21 07:56:51,816 [INFO] IPUIPlugin:80 - create IPUIPlugin
2023-12-21 07:56:51,816 [INFO] PluginManager:220 - loadIPPluginJar : add i2s
2023-12-21 07:56:51,853 [INFO] IPUIPlugin:80 - create IPUIPlugin
2023-12-21 07:56:51,854 [INFO] PluginManager:220 - loadIPPluginJar : add i3c
2023-12-21 07:56:51,953 [INFO] IPUIPlugin:80 - create IPUIPlugin
2023-12-21 07:56:51,953 [INFO] PluginManager:220 - loadIPPluginJar : add ipddr
2023-12-21 07:56:52,045 [INFO] IPUIPlugin:80 - create IPUIPlugin
2023-12-21 07:56:52,045 [INFO] PluginManager:220 - loadIPPluginJar : add linkedlist
2023-12-21 07:56:52,076 [INFO] IPUIPlugin:80 - create IPUIPlugin
2023-12-21 07:56:52,076 [INFO] PluginManager:220 - loadIPPluginJar : add lorawan
2023-12-21 07:56:52,110 [INFO] IPUIPlugin:80 - create IPUIPlugin
2023-12-21 07:56:52,110 [INFO] PluginManager:220 - loadIPPluginJar : add ltdc
2023-12-21 07:56:52,122 [INFO] IPUIPlugin:80 - create IPUIPlugin
2023-12-21 07:56:52,122 [INFO] PluginManager:220 - loadIPPluginJar : add mdma
2023-12-21 07:56:52,132 [INFO] IPUIPlugin:80 - create IPUIPlugin
2023-12-21 07:56:52,133 [INFO] PluginManager:220 - loadIPPluginJar : add nvic
2023-12-21 07:56:52,166 [INFO] IPUIPlugin:80 - create IPUIPlugin
2023-12-21 07:56:52,166 [INFO] PluginManager:220 - loadIPPluginJar : add opamp
2023-12-21 07:56:52,221 [INFO] IPUIPlugin:80 - create IPUIPlugin
2023-12-21 07:56:52,221 [INFO] PluginManager:220 - loadIPPluginJar : add openamp
2023-12-21 07:56:52,258 [INFO] IPUIPlugin:80 - create IPUIPlugin
2023-12-21 07:56:52,258 [INFO] PluginManager:220 - loadIPPluginJar : add pdm2pcm
2023-12-21 07:56:52,273 [INFO] IPUIPlugin:80 - create IPUIPlugin
2023-12-21 07:56:52,275 [INFO] PluginManager:220 - loadIPPluginJar : add plateformsettings
2023-12-21 07:56:52,296 [INFO] IPUIPlugin:80 - create IPUIPlugin
2023-12-21 07:56:52,296 [INFO] PluginManager:220 - loadIPPluginJar : add quadspi
2023-12-21 07:56:52,308 [INFO] IPUIPlugin:80 - create IPUIPlugin
2023-12-21 07:56:52,308 [INFO] PluginManager:220 - loadIPPluginJar : add resmgrutility
2023-12-21 07:56:52,352 [INFO] IPUIPlugin:80 - create IPUIPlugin
2023-12-21 07:56:52,352 [INFO] PluginManager:220 - loadIPPluginJar : add sai
2023-12-21 07:56:52,386 [INFO] IPUIPlugin:80 - create IPUIPlugin
2023-12-21 07:56:52,387 [INFO] PluginManager:220 - loadIPPluginJar : add spi
2023-12-21 07:56:52,447 [INFO] IPUIPlugin:80 - create IPUIPlugin
2023-12-21 07:56:52,448 [INFO] PluginManager:220 - loadIPPluginJar : add stm32_wpan
2023-12-21 07:56:52,470 [INFO] IPUIPlugin:80 - create IPUIPlugin
2023-12-21 07:56:52,470 [INFO] PluginManager:220 - loadIPPluginJar : add tim
2023-12-21 07:56:52,534 [INFO] IPUIPlugin:80 - create IPUIPlugin
2023-12-21 07:56:52,536 [INFO] PluginManager:220 - loadIPPluginJar : add touchsensing
2023-12-21 07:56:52,558 [INFO] IPUIPlugin:80 - create IPUIPlugin
2023-12-21 07:56:52,558 [INFO] PluginManager:220 - loadIPPluginJar : add tracer_emb
2023-12-21 07:56:52,581 [INFO] IPUIPlugin:80 - create IPUIPlugin
2023-12-21 07:56:52,581 [INFO] PluginManager:220 - loadIPPluginJar : add ts
2023-12-21 07:56:52,601 [INFO] IPUIPlugin:80 - create IPUIPlugin
2023-12-21 07:56:52,601 [INFO] PluginManager:220 - loadIPPluginJar : add tsc
2023-12-21 07:56:52,621 [INFO] IPUIPlugin:80 - create IPUIPlugin
2023-12-21 07:56:52,621 [INFO] PluginManager:220 - loadIPPluginJar : add ucpd
2023-12-21 07:56:52,675 [INFO] IPUIPlugin:80 - create IPUIPlugin
2023-12-21 07:56:52,675 [INFO] PluginManager:220 - loadIPPluginJar : add usart
2023-12-21 07:56:52,749 [INFO] IPUIPlugin:80 - create IPUIPlugin
2023-12-21 07:56:52,750 [INFO] PluginManager:220 - loadIPPluginJar : add usbx
2023-12-21 07:56:52,894 [INFO] CADModel:165 - CPN selected for project level
2023-12-21 07:56:52,895 [INFO] CADModel:114 - Register for checkConnection events
2023-12-21 07:56:52,895 [FATAL] Updater:308 - Updater called before beeing initialized
2023-12-21 07:56:52,895 [ERROR] CADModel:125 - Updater not yet initialized, retry later 
2023-12-21 07:56:53,045 [INFO] CADModel:165 - CPN selected for project level
2023-12-21 07:56:53,045 [INFO] CADModel:114 - Register for checkConnection events
2023-12-21 07:56:53,045 [FATAL] Updater:308 - Updater called before beeing initialized
2023-12-21 07:56:53,045 [ERROR] CADModel:125 - Updater not yet initialized, retry later 
2023-12-21 07:56:53,047 [FATAL] Updater:308 - Updater called before beeing initialized
2023-12-21 07:56:53,160 [FATAL] Updater:308 - Updater called before beeing initialized
2023-12-21 07:56:53,163 [INFO] DbMcusAds:53 - JSON generation date=Thu Sep 30 08:55:09 CEST 2021 (1632984909247)
2023-12-21 07:56:53,163 [FATAL] Updater:308 - Updater called before beeing initialized
2023-12-21 07:56:53,232 [WARN] DetailPanel:346 - Failed to get advertising image, set to default
2023-12-21 07:56:53,330 [FATAL] Updater:308 - Updater called before beeing initialized
2023-12-21 07:56:53,332 [FATAL] Updater:308 - Updater called before beeing initialized
2023-12-21 07:56:53,332 [FATAL] Updater:308 - Updater called before beeing initialized
2023-12-21 07:56:53,332 [WARN] DetailPanel:346 - Failed to get advertising image, set to default
2023-12-21 07:56:53,333 [FATAL] Updater:308 - Updater called before beeing initialized
2023-12-21 07:56:53,388 [ERROR] Updater:1120 - MainUpdater not yet initialized. External WinMGr cannot be set.
2023-12-21 07:56:53,391 [INFO] Updater:1056 - Updater Version found : 6.10.0
2023-12-21 07:56:53,406 [INFO] ApplicationProperties:184 - Using Application install path: D:\Program Files (x86)\STM32CubeIDE_1.11.2\STM32CubeIDE\plugins\com.st.stm32cube.common.mx_6.10.0.202311202037
2023-12-21 07:56:53,547 [INFO] ThirdPartyUpdaterWithRetryManager:70 - Updater plugin not ready yet. [2/15]
2023-12-21 07:56:54,985 [ERROR] LogOutputStream:75 - [STDERR_REDIRECT] Dec 21, 2023 7:56:54 AM java.util.prefs.WindowsPreferences <init>
2023-12-21 07:56:54,990 [ERROR] LogOutputStream:75 - [STDERR_REDIRECT] WARNING: Could not open/create prefs root node Software\JavaSoft\Prefs at root 0xffffffff80000002. Windows RegCreateKeyEx(...) returned error code 5.
2023-12-21 07:56:54,991 [ERROR] LogOutputStream:75 - [STDERR_REDIRECT] 
2023-12-21 07:56:55,048 [INFO] MainUpdater:526 - Copy updater definitions from MX database
2023-12-21 07:56:55,355 [INFO] MainUpdater:2873 - connection check result : 10
2023-12-21 07:56:55,356 [INFO] MainUpdater:3567 - Updater definition file requires update
2023-12-21 07:56:55,358 [INFO] MainUpdater:290 - Updater Check For Update Now.
2023-12-21 07:56:55,359 [INFO] MicroXplorer:498 - Change Database Version : DB.6.0.100
2023-12-21 07:56:55,398 [INFO] McuFinderGlobals:63 - Set McuFinder mode to 2 (CubeIDE integrated)
2023-12-21 07:56:55,399 [INFO] UserAuth:180 - activating auth plugin
2023-12-21 07:56:55,403 [INFO] UserAuth:404 - Internet connection configuration mode: 1
2023-12-21 07:56:55,420 [INFO] JxBrowserEngine:152 - Initiate JxBrowser Engine with user profile folder
2023-12-21 07:56:55,512 [INFO] ServerAccessManage:473 - Download File updaters.zip
2023-12-21 07:56:55,624 [INFO] FileExtend:240 - Unzip File : updaters.zip
2023-12-21 07:56:55,624 [INFO] FileExtend:255 - Standard Zip Deflate
2023-12-21 07:56:56,250 [INFO] ServerAccessManage:473 - Download File PacksControlFlags.xml
2023-12-21 07:56:56,373 [INFO] ServerAccessManage:473 - Download File cubemx.pidx
2023-12-21 07:56:56,547 [INFO] LoadServerUpdatesThread:375 - End of LoadServerUpdate Thread
2023-12-21 07:56:56,548 [WARN] MainUpdater:1194 - Updater busy. Cannot search thirdparties
2023-12-21 07:56:56,548 [INFO] ThirdPartyUpdaterWithRetryManager:96 - Updater plugin is busy. [1/15]
2023-12-21 07:56:56,776 [INFO] CheckServerUpdateThread:120 - End of CheckServer Thread
2023-12-21 07:56:59,818 [WARN] PackLoader:240 - Cannot read IP mode file for STMicroelectronics.X-CUBE-SMBUS.2.1.0
2023-12-21 07:56:59,841 [WARN] PackLoader:240 - Cannot read IP mode file for STMicroelectronics.X-CUBE-TOUCHGFX.4.23.0
2023-12-21 07:56:59,896 [WARN] PackLoader:240 - Cannot read IP mode file for STMicroelectronics.X-CUBE-AZRTOS-F7.1.1.0
2023-12-21 07:56:59,922 [ERROR] RealEvaluatedCondition:428 - Found unsupported composite condition: GROUP='STM32_MetaDataManager' CLASS='Data Exchange'
2023-12-21 07:56:59,922 [ERROR] RealEvaluatedCondition:428 - Found unsupported composite condition: GROUP='STM32_MetaDataManager' CLASS='Data Exchange'
2023-12-21 07:56:59,925 [WARN] PackLoader:240 - Cannot read IP mode file for STMicroelectronics.FP-SNS-MOTENV1.4.3.0
2023-12-21 07:56:59,951 [WARN] PackLoader:240 - Cannot read IP mode file for STMicroelectronics.FP-SNS-MOTENV1.4.3.2
2023-12-21 07:56:59,970 [WARN] PackLoader:240 - Cannot read IP mode file for STMicroelectronics.FP-SNS-FLIGHT1.5.0.0
2023-12-21 07:56:59,984 [ERROR] RealEvaluatedCondition:428 - Found unsupported composite condition: CLASS='Data Exchange' GROUP='STM32_MetaDataManager'
2023-12-21 07:56:59,985 [ERROR] RealEvaluatedCondition:428 - Found unsupported composite condition: CLASS='Data Exchange' GROUP='STM32_MetaDataManager'
2023-12-21 07:56:59,986 [WARN] PackLoader:240 - Cannot read IP mode file for STMicroelectronics.FP-SNS-MOTENV1.4.3.1
2023-12-21 07:57:00,001 [WARN] PackLoader:240 - Cannot read IP mode file for STMicroelectronics.FP-SNS-FLIGHT1.5.0.1
2023-12-21 07:57:00,019 [WARN] PackLoader:240 - Cannot read IP mode file for STMicroelectronics.X-CUBE-BLE1.6.2.4
2023-12-21 07:57:00,033 [WARN] PackLoader:240 - Cannot read IP mode file for STMicroelectronics.FP-SNS-FLIGHT1.5.0.2
2023-12-21 07:57:00,051 [WARN] PackLoader:240 - Cannot read IP mode file for STMicroelectronics.X-CUBE-DISPLAY.3.0.0
2023-12-21 07:57:00,079 [WARN] PackLoader:240 - Cannot read IP mode file for STMicroelectronics.X-CUBE-BLE1.7.0.0
2023-12-21 07:57:00,093 [WARN] PackLoader:240 - Cannot read IP mode file for STMicroelectronics.X-CUBE-TOUCHGFX.4.22.0
2023-12-21 07:57:00,107 [WARN] PackLoader:240 - Cannot read IP mode file for STMicroelectronics.X-CUBE-TOUCHGFX.4.22.1
2023-12-21 07:57:00,123 [WARN] PackLoader:240 - Cannot read IP mode file for STMicroelectronics.FP-SNS-SMARTAG2.1.2.0
2023-12-21 07:57:00,144 [INFO] LogOutputStream:77 - [STDOUT_REDIRECT] 1 : Invalid condition id : UX_CORESTACK_Condition cause : null
2023-12-21 07:57:00,144 [INFO] LogOutputStream:77 - [STDOUT_REDIRECT] 1 : Invalid condition id : UX_CORESTACK_Condition cause : null
2023-12-21 07:57:00,146 [INFO] LogOutputStream:77 - [STDOUT_REDIRECT] 1 : Invalid condition id : UX_CORESTACK_Condition cause : null
2023-12-21 07:57:00,147 [INFO] LogOutputStream:77 - [STDOUT_REDIRECT] 1 : Invalid condition id : UX_CORESTACK_Condition cause : null
2023-12-21 07:57:00,148 [INFO] LogOutputStream:77 - [STDOUT_REDIRECT] 1 : Invalid condition id : UX_CORESTACK_Condition cause : null
2023-12-21 07:57:00,151 [WARN] PackLoader:240 - Cannot read IP mode file for STMicroelectronics.X-CUBE-AZRTOS-WL.2.0.0
2023-12-21 07:57:00,169 [WARN] PackLoader:240 - Cannot read IP mode file for WES.I-CUBE-Cesium.1.3.0
2023-12-21 07:57:00,184 [WARN] PackLoader:240 - Cannot read IP mode file for STMicroelectronics.X-CUBE-BLE2.3.3.0
2023-12-21 07:57:00,208 [WARN] PackLoader:240 - Cannot read IP mode file for STMicroelectronics.X-CUBE-TOF1.3.2.0
2023-12-21 07:57:00,233 [WARN] PackLoader:240 - Cannot read IP mode file for STMicroelectronics.X-CUBE-TOUCHGFX.4.21.1
2023-12-21 07:57:00,246 [WARN] PackLoader:240 - Cannot read IP mode file for STMicroelectronics.X-CUBE-TOUCHGFX.4.21.3
2023-12-21 07:57:00,259 [WARN] PackLoader:240 - Cannot read IP mode file for STMicroelectronics.X-CUBE-TOUCHGFX.4.21.4
2023-12-21 07:57:00,329 [WARN] PackLoader:240 - Cannot read IP mode file for STMicroelectronics.X-CUBE-MEMS1.9.4.0
2023-12-21 07:57:00,497 [WARN] PackLoader:240 - Cannot read IP mode file for STMicroelectronics.X-CUBE-AI.7.3.0
2023-12-21 07:57:00,517 [WARN] PackLoader:240 - Cannot read IP mode file for STMicroelectronics.X-CUBE-ALGOBUILD.1.3.0
2023-12-21 07:57:00,552 [WARN] PackLoader:240 - Cannot read IP mode file for STMicroelectronics.X-CUBE-AZRTOS-G0.1.1.0
2023-12-21 07:57:00,574 [WARN] PackLoader:240 - Cannot read IP mode file for STMicroelectronics.X-CUBE-NFC4.3.0.0
2023-12-21 07:57:00,593 [WARN] PackLoader:240 - Cannot read IP mode file for STMicroelectronics.X-CUBE-BLEMGR.3.0.0
2023-12-21 07:57:00,615 [WARN] PackLoader:240 - Cannot read IP mode file for STMicroelectronics.X-CUBE-BLEMGR.1.3.0
2023-12-21 07:57:00,632 [WARN] PackLoader:240 - Cannot read IP mode file for STMicroelectronics.FP-ATR-SIGFOX1.3.2.0
2023-12-21 07:57:00,707 [WARN] PackLoader:240 - Cannot read IP mode file for STMicroelectronics.X-CUBE-MEMS1.9.5.0
2023-12-21 07:57:00,917 [WARN] PackLoader:240 - Cannot read IP mode file for SEGGER.I-CUBE-embOS.1.3.1
2023-12-21 07:57:00,981 [WARN] PackLoader:240 - Cannot read IP mode file for STMicroelectronics.X-CUBE-GNSS1.6.0.0
2023-12-21 07:57:01,016 [WARN] PackLoader:240 - Cannot read IP mode file for STMicroelectronics.X-CUBE-AZRTOS-F4.1.1.0
2023-12-21 07:57:01,059 [WARN] PackLoader:240 - Cannot read IP mode file for STMicroelectronics.X-CUBE-AZRTOS-L5.2.0.0
2023-12-21 07:57:01,138 [WARN] PackLoader:240 - Cannot read IP mode file for STMicroelectronics.X-CUBE-MEMS1.9.6.0
2023-12-21 07:57:01,355 [WARN] PackLoader:240 - Cannot read IP mode file for STMicroelectronics.X-CUBE-EEPRMA1.4.2.0
2023-12-21 07:57:01,371 [WARN] PackLoader:240 - Cannot read IP mode file for ITTIA_DB.I-CUBE-ITTIADB.8.8.0
2023-12-21 07:57:01,388 [WARN] PackLoader:240 - Cannot read IP mode file for emotas.I-CUBE-CANOPEN.1.1.3
2023-12-21 07:57:01,394 [INFO] WebApp:161 - Instantiating new browser for Auth
2023-12-21 07:57:01,407 [WARN] PackLoader:240 - Cannot read IP mode file for STMicroelectronics.X-CUBE-BLEMGR.2.0.0
2023-12-21 07:57:01,454 [WARN] ConditionMgr:438 - getConditionDescription Invalid condition id : UX DEVICE CLASS RTOS Condition cause : null
2023-12-21 07:57:01,454 [WARN] ConditionMgr:438 - getConditionDescription Invalid condition id : UX DEVICE CLASS RTOS Condition cause : null
2023-12-21 07:57:01,457 [WARN] PackLoader:240 - Cannot read IP mode file for STMicroelectronics.X-CUBE-AZRTOS-H7.3.1.0
2023-12-21 07:57:01,457 [WARN] ConditionMgr:1039 - genDependencies : Invalid condition id : UX DEVICE CLASS RTOS Condition cause : null
2023-12-21 07:57:01,457 [WARN] ConditionMgr:1039 - genDependencies : Invalid condition id : UX DEVICE CLASS RTOS Condition cause : null
2023-12-21 07:57:01,458 [WARN] ConditionMgr:1039 - genDependencies : Invalid condition id : UX DEVICE CLASS RTOS Condition cause : null
2023-12-21 07:57:01,458 [WARN] ConditionMgr:1039 - genDependencies : Invalid condition id : UX DEVICE CLASS RTOS Condition cause : null
2023-12-21 07:57:01,458 [WARN] ConditionMgr:1039 - genDependencies : Invalid condition id : UX DEVICE CLASS RTOS Condition cause : null
2023-12-21 07:57:01,546 [WARN] PackLoader:240 - Cannot read IP mode file for wolfSSL.I-CUBE-wolfSSL.5.5.4
2023-12-21 07:57:01,565 [WARN] PackLoader:240 - Cannot read IP mode file for STMicroelectronics.X-CUBE-NFC7.1.0.1
2023-12-21 07:57:01,585 [WARN] PackLoader:240 - Cannot read IP mode file for STMicroelectronics.X-CUBE-NFC7.1.0.0
2023-12-21 07:57:01,609 [WARN] PackLoader:240 - Cannot read IP mode file for STMicroelectronics.X-CUBE-NFC6.3.0.0
2023-12-21 07:57:01,630 [WARN] PackLoader:240 - Cannot read IP mode file for STMicroelectronics.X-CUBE-EEPRMA1.4.1.0
2023-12-21 07:57:01,648 [WARN] PackLoader:240 - Cannot read IP mode file for STMicroelectronics.X-CUBE-AI.8.1.0
2023-12-21 07:57:01,690 [WARN] ConditionMgr:438 - getConditionDescription Invalid condition id : LAN8742 Phy interface Condition cause : null
2023-12-21 07:57:01,691 [WARN] PackLoader:240 - Cannot read IP mode file for STMicroelectronics.X-CUBE-AZRTOS-L4.2.0.0
2023-12-21 07:57:01,693 [WARN] ConditionMgr:1039 - genDependencies : Invalid condition id : LAN8742 Phy interface Condition cause : null
2023-12-21 07:57:01,693 [WARN] ConditionMgr:1039 - genDependencies : Invalid condition id : LAN8742 Phy interface Condition cause : null
2023-12-21 07:57:01,694 [WARN] ConditionMgr:1039 - genDependencies : Invalid condition id : LAN8742 Phy interface Condition cause : null
2023-12-21 07:57:01,715 [WARN] PackLoader:240 - Cannot read IP mode file for STMicroelectronics.X-CUBE-SFXS2LP1.4.0.0
2023-12-21 07:57:01,749 [WARN] PackLoader:240 - Cannot read IP mode file for STMicroelectronics.X-CUBE-AZRTOS-H7.3.0.0
2023-12-21 07:57:01,768 [WARN] PackLoader:240 - Cannot read IP mode file for STMicroelectronics.X-CUBE-ISPU.1.1.0
2023-12-21 07:57:01,788 [WARN] PackLoader:240 - Cannot read IP mode file for RoweBots.I-CUBE-UNISONRTOS.5.5.0-4
2023-12-21 07:57:01,800 [WARN] PackLoader:240 - Cannot read IP mode file for STMicroelectronics.X-CUBE-AI.8.0.0
2023-12-21 07:57:01,822 [WARN] ConditionMgr:438 - getConditionDescription Invalid condition id : UX DEVICE CLASS RTOS Condition cause : null
2023-12-21 07:57:01,823 [WARN] ConditionMgr:438 - getConditionDescription Invalid condition id : UX DEVICE CLASS RTOS Condition cause : null
2023-12-21 07:57:01,825 [WARN] PackLoader:240 - Cannot read IP mode file for STMicroelectronics.X-CUBE-AZRTOS-WB.2.0.0
2023-12-21 07:57:01,825 [WARN] ConditionMgr:1039 - genDependencies : Invalid condition id : UX DEVICE CLASS RTOS Condition cause : null
2023-12-21 07:57:01,825 [WARN] ConditionMgr:1039 - genDependencies : Invalid condition id : UX DEVICE CLASS RTOS Condition cause : null
2023-12-21 07:57:01,825 [WARN] ConditionMgr:1039 - genDependencies : Invalid condition id : UX DEVICE CLASS RTOS Condition cause : null
2023-12-21 07:57:01,826 [WARN] ConditionMgr:1039 - genDependencies : Invalid condition id : UX DEVICE CLASS RTOS Condition cause : null
2023-12-21 07:57:01,826 [WARN] ConditionMgr:1039 - genDependencies : Invalid condition id : UX DEVICE CLASS RTOS Condition cause : null
2023-12-21 07:57:01,842 [WARN] PackLoader:240 - Cannot read IP mode file for STMicroelectronics.X-CUBE-FREERTOS.1.0.0
2023-12-21 07:57:01,855 [WARN] PackLoader:240 - Cannot read IP mode file for STMicroelectronics.X-CUBE-FREERTOS.1.0.1
2023-12-21 07:57:01,882 [WARN] PackLoader:240 - Cannot read IP mode file for STMicroelectronics.X-CUBE-AZRTOS-L5.1.1.0
2023-12-21 07:57:01,896 [WARN] PackLoader:240 - Cannot read IP mode file for STMicroelectronics.X-CUBE-AI.8.0.1
2023-12-21 07:57:01,913 [WARN] PackLoader:240 - Cannot read IP mode file for STMicroelectronics.X-CUBE-SUBG2.5.0.0
2023-12-21 07:57:01,936 [WARN] PackLoader:240 - Cannot read IP mode file for STMicroelectronics.X-CUBE-TOF1.3.3.1
2023-12-21 07:57:01,970 [WARN] PackLoader:240 - Cannot read IP mode file for STMicroelectronics.X-CUBE-AZRTOS-G4.2.0.0
2023-12-21 07:57:01,994 [WARN] PackLoader:240 - Cannot read IP mode file for STMicroelectronics.X-CUBE-TOF1.3.3.0
2023-12-21 07:57:02,013 [WARN] PackLoader:240 - Cannot read IP mode file for STMicroelectronics.FP-ATR-ASTRA1.1.1.1
2023-12-21 07:57:02,031 [WARN] PackLoader:240 - Cannot read IP mode file for Infineon.AIROC-Wi-Fi-Bluetooth-STM32.1.5.1
2023-12-21 07:57:02,045 [WARN] PackLoader:240 - Cannot read IP mode file for STMicroelectronics.FP-SNS-MOTENVWB1.1.3.0
2023-12-21 07:57:02,057 [WARN] PackLoader:240 - Cannot read IP mode file for STMicroelectronics.FP-SNS-MOTENVWB1.1.3.1
2023-12-21 07:57:02,075 [WARN] PackLoader:240 - Cannot read IP mode file for STMicroelectronics.X-CUBE-AZRTOS-G4.1.0.0
2023-12-21 07:57:02,099 [WARN] PackLoader:240 - Cannot read IP mode file for STMicroelectronics.X-CUBE-AZRTOS-L4.1.0.0
2023-12-21 07:57:02,112 [WARN] PackLoader:240 - Cannot read IP mode file for STMicroelectronics.X-CUBE-ISPU.2.0.0
2023-12-21 07:57:02,158 [WARN] PackLoader:240 - Cannot read IP mode file for STMicroelectronics.X-CUBE-MEMS1.10.0.0
2023-12-21 07:57:02,163 [INFO] WebApp:780 - Register for checkConnection events
2023-12-21 07:57:02,163 [INFO] WebApp:414 - Apply proxy settings
2023-12-21 07:57:02,164 [INFO] WebApp:499 - Chromium requires no authentication
2023-12-21 07:57:02,174 [INFO] WebApp:442 - Direct internet connection detected
2023-12-21 07:57:02,250 [WARN] PackLoader:240 - Cannot read IP mode file for STMicroelectronics.X-CUBE-FREERTOS.1.1.0
2023-12-21 07:57:02,270 [WARN] PackLoader:240 - Cannot read IP mode file for STMicroelectronics.X-CUBE-AZRTOS-WL.1.0.0
2023-12-21 07:57:02,286 [WARN] PackLoader:240 - Cannot read IP mode file for portGmbH.I-Cube-SoM-uGOAL.1.1.0
2023-12-21 07:57:02,302 [WARN] PackLoader:240 - Cannot read IP mode file for STMicroelectronics.X-CUBE-ALS.1.0.1
2023-12-21 07:57:02,327 [WARN] PackLoader:240 - Cannot read IP mode file for STMicroelectronics.X-CUBE-AZRTOS-WB.1.1.0
2023-12-21 07:57:02,341 [WARN] PackLoader:240 - Cannot read IP mode file for STMicroelectronics.FP-ATR-ASTRA1.2.0.0
2023-12-21 07:57:02,363 [WARN] PackLoader:240 - Cannot read IP mode file for STMicroelectronics.X-CUBE-TOF1.3.4.0
2023-12-21 07:57:02,395 [INFO] WebApp:192 - Starting web application
2023-12-21 07:57:02,395 [INFO] WebApp:544 - Web application path used D:\Program Files (x86)\STM32CubeIDE_1.11.2\STM32CubeIDE\plugins\com.st.stm32cube.common.mx_6.10.0.202311202037\db\plugins\mcufinder\reactClient1\index.html
2023-12-21 07:57:02,403 [WARN] PackLoader:240 - Cannot read IP mode file for STMicroelectronics.X-CUBE-AZRTOS-H7.3.2.0
2023-12-21 07:57:02,407 [INFO] ThirdParty:978 - Integrity check success = true
2023-12-21 07:57:02,407 [INFO] IntegrityCheckThread:100 - exiting critical section [integrity check]
2023-12-21 07:57:02,407 [INFO] IntegrityCheckThread:103 - End integrity checks thread
2023-12-21 07:57:11,142 [ERROR] LogOutputStream:75 - [STDERR_REDIRECT] 
2023-12-21 07:57:11,144 [ERROR] LogOutputStream:75 - [STDERR_REDIRECT] 
2023-12-21 07:57:41,390 [INFO] Activator:176 - 


2023-12-21 07:57:41,392 [INFO] Activator:177 - !SESSION log4j initialized
2023-12-21 07:57:51,498 [INFO] LogOutputStream:77 - [STDOUT_REDIRECT] 
2023-12-21 07:57:52,789 [INFO] ApplicationProperties:184 - Using Application install path: D:\Program Files (x86)\STM32CubeIDE_1.11.2\STM32CubeIDE\plugins\com.st.stm32cube.common.mx_6.10.0.202311202037
2023-12-21 07:57:52,807 [INFO] DbMcusXml:78 - Set database path to: D:\Program Files (x86)\STM32CubeIDE_1.11.2\STM32CubeIDE\plugins\com.st.stm32cube.common.mx_6.10.0.202311202037\\db\/mcu/
2023-12-21 07:57:52,807 [INFO] ApiDb:274 - Set plugin database path to: D:\Program Files (x86)\STM32CubeIDE_1.11.2\STM32CubeIDE\plugins\com.st.stm32cube.common.mx_6.10.0.202311202037\\db\/plugins/boardmanager/
2023-12-21 07:57:52,807 [WARN] ApiDb:259 - Overriding images path with different value:  => D:\Program Files (x86)\STM32CubeIDE_1.11.2\STM32CubeIDE\plugins\com.st.stm32cube.common.mx_6.10.0.202311202037\\db\/plugins/mcufinder/images/
2023-12-21 07:57:52,812 [INFO] ApiDb:250 - Set database path to: C:\Users\miqix\.stmcufinder\plugins\mcufinder//mcu/
2023-12-21 07:57:52,813 [INFO] DbMcusAds:125 - Set database path to: C:\Users\miqix\.stmcufinder\plugins\mcufinder//mcu/
2023-12-21 07:57:52,814 [INFO] CrossReferenceDbSqlite:203 - Set database path to: C:\Users\miqix\.stmcufinder\plugins\mcufinder//mcu/cs/
2023-12-21 07:57:52,922 [INFO] RulesReader:64 - Compatibility file has been processed (297 Rules)
2023-12-21 07:57:52,995 [INFO] DbMcusXml:78 - Set database path to: D:\Program Files (x86)\STM32CubeIDE_1.11.2\STM32CubeIDE\plugins\com.st.stm32cube.common.mx_6.10.0.202311202037\\db\/mcu/
2023-12-21 07:57:52,995 [INFO] ApiDb:274 - Set plugin database path to: D:\Program Files (x86)\STM32CubeIDE_1.11.2\STM32CubeIDE\plugins\com.st.stm32cube.common.mx_6.10.0.202311202037\\db\/plugins/boardmanager/
2023-12-21 07:57:52,995 [INFO] ApiDb:261 - Set plugin images path to: D:\Program Files (x86)\STM32CubeIDE_1.11.2\STM32CubeIDE\plugins\com.st.stm32cube.common.mx_6.10.0.202311202037\\db\/plugins/mcufinder/images/
2023-12-21 07:57:52,995 [WARN] DbFile:41 - Overriding database path with different value: C:\Users\miqix\.stmcufinder\plugins\mcufinder/ => C:\Users\miqix\.stmcufinder\plugins\mcufinder
2023-12-21 07:57:52,995 [INFO] ApiDb:250 - Set database path to: C:\Users\miqix\.stmcufinder\plugins\mcufinder//mcu/
2023-12-21 07:57:52,996 [WARN] DbFile:41 - Overriding database path with different value: C:\Users\miqix\.stmcufinder\plugins\mcufinder/ => C:\Users\miqix\.stmcufinder\plugins\mcufinder
2023-12-21 07:57:52,996 [INFO] DbMcusAds:125 - Set database path to: C:\Users\miqix\.stmcufinder\plugins\mcufinder//mcu/
2023-12-21 07:57:52,996 [WARN] DbFile:41 - Overriding database path with different value: C:\Users\miqix\.stmcufinder\plugins\mcufinder/ => C:\Users\miqix\.stmcufinder\plugins\mcufinder
2023-12-21 07:57:52,996 [WARN] DbFile:41 - Overriding database path with different value: C:\Users\miqix\.stmcufinder\plugins\mcufinder/ => C:\Users\miqix\.stmcufinder\plugins\mcufinder
2023-12-21 07:57:52,996 [INFO] CrossReferenceDbSqlite:203 - Set database path to: C:\Users\miqix\.stmcufinder\plugins\mcufinder//mcu/cs/
2023-12-21 07:57:53,063 [INFO] MainPanel:264 - HeapMemory: 268435456
2023-12-21 07:57:53,122 [INFO] DbMcusXml:78 - Set database path to: D:\Program Files (x86)\STM32CubeIDE_1.11.2\STM32CubeIDE\plugins\com.st.stm32cube.common.mx_6.10.0.202311202037\\db\/mcu/
2023-12-21 07:57:53,122 [INFO] ApiDb:274 - Set plugin database path to: D:\Program Files (x86)\STM32CubeIDE_1.11.2\STM32CubeIDE\plugins\com.st.stm32cube.common.mx_6.10.0.202311202037\\db\/plugins/boardmanager/
2023-12-21 07:57:53,122 [INFO] ApiDb:261 - Set plugin images path to: D:\Program Files (x86)\STM32CubeIDE_1.11.2\STM32CubeIDE\plugins\com.st.stm32cube.common.mx_6.10.0.202311202037\\db\/plugins/mcufinder/images/
2023-12-21 07:57:53,122 [WARN] DbFile:41 - Overriding database path with different value: C:\Users\miqix\.stmcufinder\plugins\mcufinder/ => C:\Users\miqix\.stmcufinder\plugins\mcufinder
2023-12-21 07:57:53,123 [INFO] ApiDb:250 - Set database path to: C:\Users\miqix\.stmcufinder\plugins\mcufinder//mcu/
2023-12-21 07:57:53,123 [WARN] DbFile:41 - Overriding database path with different value: C:\Users\miqix\.stmcufinder\plugins\mcufinder/ => C:\Users\miqix\.stmcufinder\plugins\mcufinder
2023-12-21 07:57:53,123 [INFO] DbMcusAds:125 - Set database path to: C:\Users\miqix\.stmcufinder\plugins\mcufinder//mcu/
2023-12-21 07:57:53,123 [WARN] DbFile:41 - Overriding database path with different value: C:\Users\miqix\.stmcufinder\plugins\mcufinder/ => C:\Users\miqix\.stmcufinder\plugins\mcufinder
2023-12-21 07:57:53,123 [WARN] DbFile:41 - Overriding database path with different value: C:\Users\miqix\.stmcufinder\plugins\mcufinder/ => C:\Users\miqix\.stmcufinder\plugins\mcufinder
2023-12-21 07:57:53,123 [INFO] CrossReferenceDbSqlite:203 - Set database path to: C:\Users\miqix\.stmcufinder\plugins\mcufinder//mcu/cs/
2023-12-21 07:57:53,140 [INFO] ApplicationProperties:184 - Using Application install path: D:\Program Files (x86)\STM32CubeIDE_1.11.2\STM32CubeIDE\plugins\com.st.stm32cube.common.mx_6.10.0.202311202037
2023-12-21 07:57:53,141 [INFO] PluginManage:196 - Search for loadable plugins [exclusion list=, ]
2023-12-21 07:57:53,142 [INFO] PluginManage:310 - Check plugin analytics
2023-12-21 07:57:53,313 [INFO] AnalyticsPlugin:253 - Accepted Software Licenses: 
2023-12-21 07:57:53,313 [INFO] AnalyticsPlugin:255 - Accepted CMSIS Pack Licenses: 
2023-12-21 07:57:53,314 [INFO] AnalyticsPlugin:257 - Accepted Firmware Licenses: 
2023-12-21 07:57:53,317 [INFO] PluginManage:359 - Loaded plugin analytics (category:tool,tabindex:-1)
2023-12-21 07:57:53,317 [INFO] PluginManage:310 - Check plugin cadmodel
2023-12-21 07:57:53,335 [INFO] CADModel:105 - Init CAD model plugin
2023-12-21 07:57:53,335 [INFO] PluginManage:359 - Loaded plugin cadmodel (category:power,tabindex:5)
2023-12-21 07:57:53,336 [INFO] PluginManage:310 - Check plugin clock
2023-12-21 07:57:53,354 [INFO] PluginManage:359 - Loaded plugin clock (category:base,tabindex:2)
2023-12-21 07:57:53,354 [INFO] PluginManage:310 - Check plugin ddr
2023-12-21 07:57:53,355 [INFO] PluginManage:359 - Loaded plugin ddr (category:tool,tabindex:6)
2023-12-21 07:57:53,356 [INFO] PluginManage:310 - Check plugin filemanager
2023-12-21 07:57:53,482 [INFO] PluginManage:359 - Loaded plugin filemanager (category:base,tabindex:10)
2023-12-21 07:57:53,482 [INFO] PluginManage:310 - Check plugin ipmanager
2023-12-21 07:57:53,487 [INFO] PluginManage:359 - Loaded plugin ipmanager (category:base,tabindex:5)
2023-12-21 07:57:53,487 [INFO] PluginManage:310 - Check plugin lpbam
2023-12-21 07:57:53,503 [INFO] PluginManage:359 - Loaded plugin lpbam (category:base,tabindex:0)
2023-12-21 07:57:53,503 [INFO] PluginManage:310 - Check plugin memorymap
2023-12-21 07:57:53,522 [INFO] PluginManage:359 - Loaded plugin memorymap (category:base,tabindex:4)
2023-12-21 07:57:53,522 [INFO] PluginManage:310 - Check plugin pinoutandconfiguration
2023-12-21 07:57:53,539 [INFO] PluginManage:359 - Loaded plugin pinoutandconfiguration (category:base,tabindex:1)
2023-12-21 07:57:53,539 [INFO] PluginManage:310 - Check plugin pinoutconfig
2023-12-21 07:57:53,629 [WARN] SupportedApi:132 - Cannot load RTOS API schema: s4s-elt-must-match.1: The content of 'definitions' must match (annotation?, (simpleType | complexType)?, (unique | key | keyref)*)). A problem was found starting at: attribute.
2023-12-21 07:57:53,740 [INFO] PluginManage:359 - Loaded plugin pinoutconfig (category:base,tabindex:0)
2023-12-21 07:57:53,740 [INFO] PluginManage:310 - Check plugin power
2023-12-21 07:57:53,756 [INFO] PluginManage:359 - Loaded plugin power (category:power,tabindex:4)
2023-12-21 07:57:53,756 [INFO] PluginManage:310 - Check plugin projectmanager
2023-12-21 07:57:53,770 [INFO] PluginManage:359 - Loaded plugin projectmanager (category:projectmanager,tabindex:3)
2023-12-21 07:57:53,770 [INFO] PluginManage:310 - Check plugin thirdparty
2023-12-21 07:57:54,020 [INFO] PluginManage:359 - Loaded plugin thirdparty (category:base,tabindex:-1)
2023-12-21 07:57:54,020 [INFO] PluginManage:310 - Check plugin tools
2023-12-21 07:57:54,022 [WARN] IntegrityCheckThread:84 - waiting for thirdparty lock release [integrity check]
2023-12-21 07:57:54,022 [INFO] IntegrityCheckThread:86 - entering critical section [integrity check]
2023-12-21 07:57:54,023 [INFO] ThirdPartyUpdaterWithRetryManager:70 - Updater plugin not ready yet. [1/15]
2023-12-21 07:57:54,071 [INFO] PluginManage:359 - Loaded plugin tools (category:base,tabindex:7)
2023-12-21 07:57:54,071 [INFO] PluginManage:310 - Check plugin tutovideos
2023-12-21 07:57:54,252 [INFO] PluginManage:359 - Loaded plugin tutovideos (category:base,tabindex:-1)
2023-12-21 07:57:54,252 [INFO] PluginManage:310 - Check plugin updater
2023-12-21 07:57:54,261 [INFO] PluginManage:359 - Loaded plugin updater (category:base,tabindex:12)
2023-12-21 07:57:54,262 [INFO] PluginManage:310 - Check plugin userauth
2023-12-21 07:57:54,266 [INFO] UserAuth:114 - Init User Auth plugin
2023-12-21 07:57:54,267 [INFO] PluginManage:359 - Loaded plugin userauth (category:base,tabindex:14)
2023-12-21 07:57:54,267 [INFO] PluginManage:283 - PluginManage : Loaded plugins [17]
2023-12-21 07:57:54,477 [INFO] PinOutPanel:1499 - setPackage(No Configuration,No Configuration)
2023-12-21 07:57:54,539 [INFO] CADModel:165 - CPN selected for project level
2023-12-21 07:57:54,541 [INFO] CADModel:114 - Register for checkConnection events
2023-12-21 07:57:54,568 [INFO] IPUIPlugin:80 - create IPUIPlugin
2023-12-21 07:57:54,569 [INFO] PluginManager:220 - loadIPPluginJar : add adc
2023-12-21 07:57:54,597 [INFO] IPUIPlugin:80 - create IPUIPlugin
2023-12-21 07:57:54,598 [INFO] PluginManager:220 - loadIPPluginJar : add aes
2023-12-21 07:57:54,631 [INFO] IPUIPlugin:80 - create IPUIPlugin
2023-12-21 07:57:54,631 [INFO] PluginManager:220 - loadIPPluginJar : add can
2023-12-21 07:57:54,650 [INFO] IPUIPlugin:80 - create IPUIPlugin
2023-12-21 07:57:54,650 [INFO] PluginManager:220 - loadIPPluginJar : add comp
2023-12-21 07:57:54,682 [INFO] IPUIPlugin:80 - create IPUIPlugin
2023-12-21 07:57:54,683 [INFO] PluginManager:220 - loadIPPluginJar : add cryp
2023-12-21 07:57:54,714 [INFO] IPUIPlugin:80 - create IPUIPlugin
2023-12-21 07:57:54,714 [INFO] PluginManager:220 - loadIPPluginJar : add dfsdm
2023-12-21 07:57:54,726 [INFO] IPUIPlugin:80 - create IPUIPlugin
2023-12-21 07:57:54,726 [INFO] PluginManager:220 - loadIPPluginJar : add dma
2023-12-21 07:57:54,779 [INFO] IPUIPlugin:80 - create IPUIPlugin
2023-12-21 07:57:54,780 [INFO] PluginManager:220 - loadIPPluginJar : add dma3
2023-12-21 07:57:54,800 [INFO] IPUIPlugin:80 - create IPUIPlugin
2023-12-21 07:57:54,800 [INFO] PluginManager:220 - loadIPPluginJar : add fatfs
2023-12-21 07:57:54,840 [INFO] IPUIPlugin:80 - create IPUIPlugin
2023-12-21 07:57:54,840 [INFO] PluginManager:220 - loadIPPluginJar : add fmc
2023-12-21 07:57:54,853 [INFO] IPUIPlugin:80 - create IPUIPlugin
2023-12-21 07:57:54,854 [INFO] PluginManager:220 - loadIPPluginJar : add freertos
2023-12-21 07:57:54,875 [INFO] IPUIPlugin:80 - create IPUIPlugin
2023-12-21 07:57:54,875 [INFO] PluginManager:220 - loadIPPluginJar : add genericplugin
2023-12-21 07:57:54,946 [INFO] IPUIPlugin:80 - create IPUIPlugin
2023-12-21 07:57:54,946 [INFO] PluginManager:220 - loadIPPluginJar : add gfxmmu
2023-12-21 07:57:55,057 [INFO] IPUIPlugin:80 - create IPUIPlugin
2023-12-21 07:57:55,057 [INFO] PluginManager:220 - loadIPPluginJar : add gic
2023-12-21 07:57:55,069 [INFO] IPUIPlugin:80 - create IPUIPlugin
2023-12-21 07:57:55,069 [INFO] PluginManager:220 - loadIPPluginJar : add gpio
2023-12-21 07:57:55,145 [INFO] IPUIPlugin:80 - create IPUIPlugin
2023-12-21 07:57:55,145 [INFO] PluginManager:220 - loadIPPluginJar : add gtzc
2023-12-21 07:57:55,173 [INFO] IPUIPlugin:80 - create IPUIPlugin
2023-12-21 07:57:55,173 [INFO] PluginManager:220 - loadIPPluginJar : add hash
2023-12-21 07:57:55,219 [INFO] IPUIPlugin:80 - create IPUIPlugin
2023-12-21 07:57:55,220 [INFO] PluginManager:220 - loadIPPluginJar : add i2c
2023-12-21 07:57:55,251 [INFO] IPUIPlugin:80 - create IPUIPlugin
2023-12-21 07:57:55,251 [INFO] PluginManager:220 - loadIPPluginJar : add i2s
2023-12-21 07:57:55,285 [INFO] IPUIPlugin:80 - create IPUIPlugin
2023-12-21 07:57:55,287 [INFO] PluginManager:220 - loadIPPluginJar : add i3c
2023-12-21 07:57:55,378 [INFO] IPUIPlugin:80 - create IPUIPlugin
2023-12-21 07:57:55,378 [INFO] PluginManager:220 - loadIPPluginJar : add ipddr
2023-12-21 07:57:55,450 [INFO] IPUIPlugin:80 - create IPUIPlugin
2023-12-21 07:57:55,450 [INFO] PluginManager:220 - loadIPPluginJar : add linkedlist
2023-12-21 07:57:55,480 [INFO] IPUIPlugin:80 - create IPUIPlugin
2023-12-21 07:57:55,480 [INFO] PluginManager:220 - loadIPPluginJar : add lorawan
2023-12-21 07:57:55,510 [INFO] IPUIPlugin:80 - create IPUIPlugin
2023-12-21 07:57:55,510 [INFO] PluginManager:220 - loadIPPluginJar : add ltdc
2023-12-21 07:57:55,522 [INFO] IPUIPlugin:80 - create IPUIPlugin
2023-12-21 07:57:55,522 [INFO] PluginManager:220 - loadIPPluginJar : add mdma
2023-12-21 07:57:55,533 [INFO] IPUIPlugin:80 - create IPUIPlugin
2023-12-21 07:57:55,533 [INFO] PluginManager:220 - loadIPPluginJar : add nvic
2023-12-21 07:57:55,566 [INFO] IPUIPlugin:80 - create IPUIPlugin
2023-12-21 07:57:55,566 [INFO] PluginManager:220 - loadIPPluginJar : add opamp
2023-12-21 07:57:55,616 [INFO] IPUIPlugin:80 - create IPUIPlugin
2023-12-21 07:57:55,617 [INFO] PluginManager:220 - loadIPPluginJar : add openamp
2023-12-21 07:57:55,651 [INFO] IPUIPlugin:80 - create IPUIPlugin
2023-12-21 07:57:55,651 [INFO] PluginManager:220 - loadIPPluginJar : add pdm2pcm
2023-12-21 07:57:55,664 [INFO] IPUIPlugin:80 - create IPUIPlugin
2023-12-21 07:57:55,666 [INFO] PluginManager:220 - loadIPPluginJar : add plateformsettings
2023-12-21 07:57:55,683 [INFO] IPUIPlugin:80 - create IPUIPlugin
2023-12-21 07:57:55,683 [INFO] PluginManager:220 - loadIPPluginJar : add quadspi
2023-12-21 07:57:55,695 [INFO] IPUIPlugin:80 - create IPUIPlugin
2023-12-21 07:57:55,695 [INFO] PluginManager:220 - loadIPPluginJar : add resmgrutility
2023-12-21 07:57:55,734 [INFO] IPUIPlugin:80 - create IPUIPlugin
2023-12-21 07:57:55,734 [INFO] PluginManager:220 - loadIPPluginJar : add sai
2023-12-21 07:57:55,763 [INFO] IPUIPlugin:80 - create IPUIPlugin
2023-12-21 07:57:55,764 [INFO] PluginManager:220 - loadIPPluginJar : add spi
2023-12-21 07:57:55,843 [INFO] IPUIPlugin:80 - create IPUIPlugin
2023-12-21 07:57:55,843 [INFO] PluginManager:220 - loadIPPluginJar : add stm32_wpan
2023-12-21 07:57:55,861 [INFO] IPUIPlugin:80 - create IPUIPlugin
2023-12-21 07:57:55,861 [INFO] PluginManager:220 - loadIPPluginJar : add tim
2023-12-21 07:57:55,905 [INFO] IPUIPlugin:80 - create IPUIPlugin
2023-12-21 07:57:55,905 [INFO] PluginManager:220 - loadIPPluginJar : add touchsensing
2023-12-21 07:57:55,923 [INFO] IPUIPlugin:80 - create IPUIPlugin
2023-12-21 07:57:55,923 [INFO] PluginManager:220 - loadIPPluginJar : add tracer_emb
2023-12-21 07:57:55,942 [INFO] IPUIPlugin:80 - create IPUIPlugin
2023-12-21 07:57:55,942 [INFO] PluginManager:220 - loadIPPluginJar : add ts
2023-12-21 07:57:55,960 [INFO] IPUIPlugin:80 - create IPUIPlugin
2023-12-21 07:57:55,960 [INFO] PluginManager:220 - loadIPPluginJar : add tsc
2023-12-21 07:57:55,978 [INFO] IPUIPlugin:80 - create IPUIPlugin
2023-12-21 07:57:55,978 [INFO] PluginManager:220 - loadIPPluginJar : add ucpd
2023-12-21 07:57:56,037 [INFO] IPUIPlugin:80 - create IPUIPlugin
2023-12-21 07:57:56,038 [INFO] PluginManager:220 - loadIPPluginJar : add usart
2023-12-21 07:57:56,088 [INFO] IPUIPlugin:80 - create IPUIPlugin
2023-12-21 07:57:56,088 [INFO] PluginManager:220 - loadIPPluginJar : add usbx
2023-12-21 07:57:56,221 [INFO] CADModel:165 - CPN selected for project level
2023-12-21 07:57:56,222 [INFO] CADModel:114 - Register for checkConnection events
2023-12-21 07:57:56,222 [FATAL] Updater:308 - Updater called before beeing initialized
2023-12-21 07:57:56,222 [ERROR] CADModel:125 - Updater not yet initialized, retry later 
2023-12-21 07:57:56,372 [INFO] CADModel:165 - CPN selected for project level
2023-12-21 07:57:56,373 [INFO] CADModel:114 - Register for checkConnection events
2023-12-21 07:57:56,373 [FATAL] Updater:308 - Updater called before beeing initialized
2023-12-21 07:57:56,373 [ERROR] CADModel:125 - Updater not yet initialized, retry later 
2023-12-21 07:57:56,380 [FATAL] Updater:308 - Updater called before beeing initialized
2023-12-21 07:57:56,481 [FATAL] Updater:308 - Updater called before beeing initialized
2023-12-21 07:57:56,491 [INFO] DbMcusAds:53 - JSON generation date=Thu Sep 30 08:55:09 CEST 2021 (1632984909247)
2023-12-21 07:57:56,491 [FATAL] Updater:308 - Updater called before beeing initialized
2023-12-21 07:57:56,570 [WARN] DetailPanel:346 - Failed to get advertising image, set to default
2023-12-21 07:57:56,693 [FATAL] Updater:308 - Updater called before beeing initialized
2023-12-21 07:57:56,696 [FATAL] Updater:308 - Updater called before beeing initialized
2023-12-21 07:57:56,696 [FATAL] Updater:308 - Updater called before beeing initialized
2023-12-21 07:57:56,696 [WARN] DetailPanel:346 - Failed to get advertising image, set to default
2023-12-21 07:57:56,697 [FATAL] Updater:308 - Updater called before beeing initialized
2023-12-21 07:57:56,788 [ERROR] Updater:1120 - MainUpdater not yet initialized. External WinMGr cannot be set.
2023-12-21 07:57:56,804 [INFO] Updater:1056 - Updater Version found : 6.10.0
2023-12-21 07:57:56,829 [INFO] ApplicationProperties:184 - Using Application install path: D:\Program Files (x86)\STM32CubeIDE_1.11.2\STM32CubeIDE\plugins\com.st.stm32cube.common.mx_6.10.0.202311202037
2023-12-21 07:57:57,026 [INFO] ThirdPartyUpdaterWithRetryManager:70 - Updater plugin not ready yet. [2/15]
