2023-12-04 17:31:18,877 [INFO] Activator:176 - 


2023-12-04 17:31:18,882 [INFO] Activator:177 - !SESSION log4j initialized
2023-12-04 17:31:23,735 [INFO] LogOutputStream:77 - [STDOUT_REDIRECT] 
2023-12-04 17:31:26,572 [INFO] ApplicationProperties:184 - Using Application install path: D:\Program Files (x86)\STM32CubeIDE_1.11.2\STM32CubeIDE\plugins\com.st.stm32cube.common.mx_6.9.2.202309101412
2023-12-04 17:31:26,586 [INFO] DbMcusXml:78 - Set database path to: D:\Program Files (x86)\STM32CubeIDE_1.11.2\STM32CubeIDE\plugins\com.st.stm32cube.common.mx_6.9.2.202309101412\\db\/mcu/
2023-12-04 17:31:26,586 [INFO] ApiDb:274 - Set plugin database path to: D:\Program Files (x86)\STM32CubeIDE_1.11.2\STM32CubeIDE\plugins\com.st.stm32cube.common.mx_6.9.2.202309101412\\db\/plugins/boardmanager/
2023-12-04 17:31:26,587 [WARN] ApiDb:259 - Overriding images path with different value:  => D:\Program Files (x86)\STM32CubeIDE_1.11.2\STM32CubeIDE\plugins\com.st.stm32cube.common.mx_6.9.2.202309101412\\db\/plugins/mcufinder/images/
2023-12-04 17:31:26,596 [INFO] ApiDb:250 - Set database path to: C:\Users\miqix\.stmcufinder\plugins\mcufinder//mcu/
2023-12-04 17:31:26,597 [INFO] DbMcusAds:125 - Set database path to: C:\Users\miqix\.stmcufinder\plugins\mcufinder//mcu/
2023-12-04 17:31:26,598 [INFO] CrossReferenceDbSqlite:203 - Set database path to: C:\Users\miqix\.stmcufinder\plugins\mcufinder//mcu/cs/
2023-12-04 17:31:26,689 [INFO] RulesReader:64 - Compatibility file has been processed (293 Rules)
2023-12-04 17:31:26,759 [INFO] DbMcusXml:78 - Set database path to: D:\Program Files (x86)\STM32CubeIDE_1.11.2\STM32CubeIDE\plugins\com.st.stm32cube.common.mx_6.9.2.202309101412\\db\/mcu/
2023-12-04 17:31:26,759 [INFO] ApiDb:274 - Set plugin database path to: D:\Program Files (x86)\STM32CubeIDE_1.11.2\STM32CubeIDE\plugins\com.st.stm32cube.common.mx_6.9.2.202309101412\\db\/plugins/boardmanager/
2023-12-04 17:31:26,760 [INFO] ApiDb:261 - Set plugin images path to: D:\Program Files (x86)\STM32CubeIDE_1.11.2\STM32CubeIDE\plugins\com.st.stm32cube.common.mx_6.9.2.202309101412\\db\/plugins/mcufinder/images/
2023-12-04 17:31:26,760 [WARN] DbFile:41 - Overriding database path with different value: C:\Users\miqix\.stmcufinder\plugins\mcufinder/ => C:\Users\miqix\.stmcufinder\plugins\mcufinder
2023-12-04 17:31:26,760 [INFO] ApiDb:250 - Set database path to: C:\Users\miqix\.stmcufinder\plugins\mcufinder//mcu/
2023-12-04 17:31:26,760 [WARN] DbFile:41 - Overriding database path with different value: C:\Users\miqix\.stmcufinder\plugins\mcufinder/ => C:\Users\miqix\.stmcufinder\plugins\mcufinder
2023-12-04 17:31:26,760 [INFO] DbMcusAds:125 - Set database path to: C:\Users\miqix\.stmcufinder\plugins\mcufinder//mcu/
2023-12-04 17:31:26,761 [WARN] DbFile:41 - Overriding database path with different value: C:\Users\miqix\.stmcufinder\plugins\mcufinder/ => C:\Users\miqix\.stmcufinder\plugins\mcufinder
2023-12-04 17:31:26,761 [WARN] DbFile:41 - Overriding database path with different value: C:\Users\miqix\.stmcufinder\plugins\mcufinder/ => C:\Users\miqix\.stmcufinder\plugins\mcufinder
2023-12-04 17:31:26,761 [INFO] CrossReferenceDbSqlite:203 - Set database path to: C:\Users\miqix\.stmcufinder\plugins\mcufinder//mcu/cs/
2023-12-04 17:31:26,829 [INFO] MainPanel:262 - HeapMemory: 268435456
2023-12-04 17:31:26,941 [INFO] DbMcusXml:78 - Set database path to: D:\Program Files (x86)\STM32CubeIDE_1.11.2\STM32CubeIDE\plugins\com.st.stm32cube.common.mx_6.9.2.202309101412\\db\/mcu/
2023-12-04 17:31:26,942 [INFO] ApiDb:274 - Set plugin database path to: D:\Program Files (x86)\STM32CubeIDE_1.11.2\STM32CubeIDE\plugins\com.st.stm32cube.common.mx_6.9.2.202309101412\\db\/plugins/boardmanager/
2023-12-04 17:31:26,942 [INFO] ApiDb:261 - Set plugin images path to: D:\Program Files (x86)\STM32CubeIDE_1.11.2\STM32CubeIDE\plugins\com.st.stm32cube.common.mx_6.9.2.202309101412\\db\/plugins/mcufinder/images/
2023-12-04 17:31:26,942 [WARN] DbFile:41 - Overriding database path with different value: C:\Users\miqix\.stmcufinder\plugins\mcufinder/ => C:\Users\miqix\.stmcufinder\plugins\mcufinder
2023-12-04 17:31:26,942 [INFO] ApiDb:250 - Set database path to: C:\Users\miqix\.stmcufinder\plugins\mcufinder//mcu/
2023-12-04 17:31:26,943 [WARN] DbFile:41 - Overriding database path with different value: C:\Users\miqix\.stmcufinder\plugins\mcufinder/ => C:\Users\miqix\.stmcufinder\plugins\mcufinder
2023-12-04 17:31:26,943 [INFO] DbMcusAds:125 - Set database path to: C:\Users\miqix\.stmcufinder\plugins\mcufinder//mcu/
2023-12-04 17:31:26,943 [WARN] DbFile:41 - Overriding database path with different value: C:\Users\miqix\.stmcufinder\plugins\mcufinder/ => C:\Users\miqix\.stmcufinder\plugins\mcufinder
2023-12-04 17:31:26,943 [WARN] DbFile:41 - Overriding database path with different value: C:\Users\miqix\.stmcufinder\plugins\mcufinder/ => C:\Users\miqix\.stmcufinder\plugins\mcufinder
2023-12-04 17:31:26,943 [INFO] CrossReferenceDbSqlite:203 - Set database path to: C:\Users\miqix\.stmcufinder\plugins\mcufinder//mcu/cs/
2023-12-04 17:31:26,969 [INFO] ApplicationProperties:184 - Using Application install path: D:\Program Files (x86)\STM32CubeIDE_1.11.2\STM32CubeIDE\plugins\com.st.stm32cube.common.mx_6.9.2.202309101412
2023-12-04 17:31:26,971 [INFO] PluginManage:196 - Search for loadable plugins [exclusion list=, ]
2023-12-04 17:31:26,973 [INFO] PluginManage:310 - Check plugin analytics
2023-12-04 17:31:27,122 [INFO] AnalyticsPlugin:253 - Accepted Software Licenses: 
2023-12-04 17:31:27,122 [INFO] AnalyticsPlugin:255 - Accepted CMSIS Pack Licenses: 
2023-12-04 17:31:27,122 [INFO] AnalyticsPlugin:257 - Accepted Firmware Licenses: 
2023-12-04 17:31:27,124 [INFO] PluginManage:359 - Loaded plugin analytics (category:tool,tabindex:-1)
2023-12-04 17:31:27,125 [INFO] PluginManage:310 - Check plugin cadmodel
2023-12-04 17:31:27,137 [INFO] CADModel:105 - Init CAD model plugin
2023-12-04 17:31:27,137 [INFO] PluginManage:359 - Loaded plugin cadmodel (category:power,tabindex:5)
2023-12-04 17:31:27,137 [INFO] PluginManage:310 - Check plugin clock
2023-12-04 17:31:27,156 [INFO] PluginManage:359 - Loaded plugin clock (category:base,tabindex:2)
2023-12-04 17:31:27,157 [INFO] PluginManage:310 - Check plugin ddr
2023-12-04 17:31:27,158 [INFO] PluginManage:359 - Loaded plugin ddr (category:tool,tabindex:6)
2023-12-04 17:31:27,159 [INFO] PluginManage:310 - Check plugin filemanager
2023-12-04 17:31:27,270 [INFO] PluginManage:359 - Loaded plugin filemanager (category:base,tabindex:10)
2023-12-04 17:31:27,270 [INFO] PluginManage:310 - Check plugin ipmanager
2023-12-04 17:31:27,276 [INFO] PluginManage:359 - Loaded plugin ipmanager (category:base,tabindex:5)
2023-12-04 17:31:27,277 [INFO] PluginManage:310 - Check plugin lpbam
2023-12-04 17:31:27,292 [INFO] PluginManage:359 - Loaded plugin lpbam (category:base,tabindex:0)
2023-12-04 17:31:27,292 [INFO] PluginManage:310 - Check plugin memorymap
2023-12-04 17:31:27,311 [INFO] PluginManage:359 - Loaded plugin memorymap (category:base,tabindex:4)
2023-12-04 17:31:27,311 [INFO] PluginManage:310 - Check plugin pinoutandconfiguration
2023-12-04 17:31:27,323 [INFO] PluginManage:359 - Loaded plugin pinoutandconfiguration (category:base,tabindex:1)
2023-12-04 17:31:27,323 [INFO] PluginManage:310 - Check plugin pinoutconfig
2023-12-04 17:31:27,405 [WARN] SupportedApi:132 - Cannot load RTOS API schema: s4s-elt-must-match.1: The content of 'definitions' must match (annotation?, (simpleType | complexType)?, (unique | key | keyref)*)). A problem was found starting at: attribute.
2023-12-04 17:31:27,524 [INFO] PluginManage:359 - Loaded plugin pinoutconfig (category:base,tabindex:0)
2023-12-04 17:31:27,525 [INFO] PluginManage:310 - Check plugin power
2023-12-04 17:31:27,548 [INFO] PluginManage:359 - Loaded plugin power (category:power,tabindex:4)
2023-12-04 17:31:27,548 [INFO] PluginManage:310 - Check plugin projectmanager
2023-12-04 17:31:27,560 [INFO] PluginManage:359 - Loaded plugin projectmanager (category:projectmanager,tabindex:3)
2023-12-04 17:31:27,560 [INFO] PluginManage:310 - Check plugin thirdparty
2023-12-04 17:31:27,770 [INFO] PluginManage:359 - Loaded plugin thirdparty (category:base,tabindex:-1)
2023-12-04 17:31:27,770 [INFO] PluginManage:310 - Check plugin tools
2023-12-04 17:31:27,770 [WARN] IntegrityCheckThread:84 - waiting for thirdparty lock release [integrity check]
2023-12-04 17:31:27,770 [INFO] IntegrityCheckThread:86 - entering critical section [integrity check]
2023-12-04 17:31:27,771 [INFO] ThirdPartyUpdaterWithRetryManager:70 - Updater plugin not ready yet. [1/15]
2023-12-04 17:31:27,796 [INFO] PluginManage:359 - Loaded plugin tools (category:base,tabindex:7)
2023-12-04 17:31:27,796 [INFO] PluginManage:310 - Check plugin tutovideos
2023-12-04 17:31:27,955 [INFO] PluginManage:359 - Loaded plugin tutovideos (category:base,tabindex:-1)
2023-12-04 17:31:27,955 [INFO] PluginManage:310 - Check plugin updater
2023-12-04 17:31:27,964 [INFO] PluginManage:359 - Loaded plugin updater (category:base,tabindex:12)
2023-12-04 17:31:27,964 [INFO] PluginManage:310 - Check plugin userauth
2023-12-04 17:31:27,969 [INFO] UserAuth:113 - Init User Auth plugin
2023-12-04 17:31:27,969 [INFO] PluginManage:359 - Loaded plugin userauth (category:base,tabindex:14)
2023-12-04 17:31:27,969 [INFO] PluginManage:283 - PluginManage : Loaded plugins [17]
2023-12-04 17:31:28,147 [INFO] PinOutPanel:1499 - setPackage(No Configuration,No Configuration)
2023-12-04 17:31:28,232 [INFO] CADModel:165 - CPN selected for project level
2023-12-04 17:31:28,232 [INFO] CADModel:114 - Register for checkConnection events
2023-12-04 17:31:28,253 [INFO] IPUIPlugin:80 - create IPUIPlugin
2023-12-04 17:31:28,253 [INFO] PluginManager:220 - loadIPPluginJar : add adc
2023-12-04 17:31:28,277 [INFO] IPUIPlugin:80 - create IPUIPlugin
2023-12-04 17:31:28,277 [INFO] PluginManager:220 - loadIPPluginJar : add aes
2023-12-04 17:31:28,305 [INFO] IPUIPlugin:80 - create IPUIPlugin
2023-12-04 17:31:28,306 [INFO] PluginManager:220 - loadIPPluginJar : add can
2023-12-04 17:31:28,321 [INFO] IPUIPlugin:80 - create IPUIPlugin
2023-12-04 17:31:28,322 [INFO] PluginManager:220 - loadIPPluginJar : add comp
2023-12-04 17:31:28,344 [INFO] IPUIPlugin:80 - create IPUIPlugin
2023-12-04 17:31:28,344 [INFO] PluginManager:220 - loadIPPluginJar : add cryp
2023-12-04 17:31:28,364 [INFO] IPUIPlugin:80 - create IPUIPlugin
2023-12-04 17:31:28,364 [INFO] PluginManager:220 - loadIPPluginJar : add dfsdm
2023-12-04 17:31:28,375 [INFO] IPUIPlugin:80 - create IPUIPlugin
2023-12-04 17:31:28,376 [INFO] PluginManager:220 - loadIPPluginJar : add dma
2023-12-04 17:31:28,404 [INFO] IPUIPlugin:80 - create IPUIPlugin
2023-12-04 17:31:28,404 [INFO] PluginManager:220 - loadIPPluginJar : add dma3
2023-12-04 17:31:28,418 [INFO] IPUIPlugin:80 - create IPUIPlugin
2023-12-04 17:31:28,418 [INFO] PluginManager:220 - loadIPPluginJar : add fatfs
2023-12-04 17:31:28,451 [INFO] IPUIPlugin:80 - create IPUIPlugin
2023-12-04 17:31:28,451 [INFO] PluginManager:220 - loadIPPluginJar : add fmc
2023-12-04 17:31:28,464 [INFO] IPUIPlugin:80 - create IPUIPlugin
2023-12-04 17:31:28,464 [INFO] PluginManager:220 - loadIPPluginJar : add freertos
2023-12-04 17:31:28,479 [INFO] IPUIPlugin:80 - create IPUIPlugin
2023-12-04 17:31:28,479 [INFO] PluginManager:220 - loadIPPluginJar : add genericplugin
2023-12-04 17:31:28,547 [INFO] IPUIPlugin:80 - create IPUIPlugin
2023-12-04 17:31:28,547 [INFO] PluginManager:220 - loadIPPluginJar : add gfxmmu
2023-12-04 17:31:28,633 [INFO] IPUIPlugin:80 - create IPUIPlugin
2023-12-04 17:31:28,633 [INFO] PluginManager:220 - loadIPPluginJar : add gic
2023-12-04 17:31:28,643 [INFO] IPUIPlugin:80 - create IPUIPlugin
2023-12-04 17:31:28,643 [INFO] PluginManager:220 - loadIPPluginJar : add gpio
2023-12-04 17:31:28,703 [INFO] IPUIPlugin:80 - create IPUIPlugin
2023-12-04 17:31:28,703 [INFO] PluginManager:220 - loadIPPluginJar : add gtzc
2023-12-04 17:31:28,725 [INFO] IPUIPlugin:80 - create IPUIPlugin
2023-12-04 17:31:28,725 [INFO] PluginManager:220 - loadIPPluginJar : add hash
2023-12-04 17:31:28,760 [INFO] IPUIPlugin:80 - create IPUIPlugin
2023-12-04 17:31:28,760 [INFO] PluginManager:220 - loadIPPluginJar : add i2c
2023-12-04 17:31:28,785 [INFO] IPUIPlugin:80 - create IPUIPlugin
2023-12-04 17:31:28,785 [INFO] PluginManager:220 - loadIPPluginJar : add i2s
2023-12-04 17:31:28,813 [INFO] IPUIPlugin:80 - create IPUIPlugin
2023-12-04 17:31:28,813 [INFO] PluginManager:220 - loadIPPluginJar : add i3c
2023-12-04 17:31:28,885 [INFO] IPUIPlugin:80 - create IPUIPlugin
2023-12-04 17:31:28,885 [INFO] PluginManager:220 - loadIPPluginJar : add ipddr
2023-12-04 17:31:28,947 [INFO] IPUIPlugin:80 - create IPUIPlugin
2023-12-04 17:31:28,947 [INFO] PluginManager:220 - loadIPPluginJar : add linkedlist
2023-12-04 17:31:28,970 [INFO] IPUIPlugin:80 - create IPUIPlugin
2023-12-04 17:31:28,970 [INFO] PluginManager:220 - loadIPPluginJar : add lorawan
2023-12-04 17:31:28,995 [INFO] IPUIPlugin:80 - create IPUIPlugin
2023-12-04 17:31:28,996 [INFO] PluginManager:220 - loadIPPluginJar : add ltdc
2023-12-04 17:31:29,007 [INFO] IPUIPlugin:80 - create IPUIPlugin
2023-12-04 17:31:29,007 [INFO] PluginManager:220 - loadIPPluginJar : add mdma
2023-12-04 17:31:29,017 [INFO] IPUIPlugin:80 - create IPUIPlugin
2023-12-04 17:31:29,017 [INFO] PluginManager:220 - loadIPPluginJar : add nvic
2023-12-04 17:31:29,040 [INFO] IPUIPlugin:80 - create IPUIPlugin
2023-12-04 17:31:29,042 [INFO] PluginManager:220 - loadIPPluginJar : add opamp
2023-12-04 17:31:29,080 [INFO] IPUIPlugin:80 - create IPUIPlugin
2023-12-04 17:31:29,080 [INFO] PluginManager:220 - loadIPPluginJar : add openamp
2023-12-04 17:31:29,109 [INFO] IPUIPlugin:80 - create IPUIPlugin
2023-12-04 17:31:29,109 [INFO] PluginManager:220 - loadIPPluginJar : add pdm2pcm
2023-12-04 17:31:29,119 [INFO] IPUIPlugin:80 - create IPUIPlugin
2023-12-04 17:31:29,121 [INFO] PluginManager:220 - loadIPPluginJar : add plateformsettings
2023-12-04 17:31:29,138 [INFO] IPUIPlugin:80 - create IPUIPlugin
2023-12-04 17:31:29,138 [INFO] PluginManager:220 - loadIPPluginJar : add quadspi
2023-12-04 17:31:29,148 [INFO] IPUIPlugin:80 - create IPUIPlugin
2023-12-04 17:31:29,148 [INFO] PluginManager:220 - loadIPPluginJar : add resmgrutility
2023-12-04 17:31:29,180 [INFO] IPUIPlugin:80 - create IPUIPlugin
2023-12-04 17:31:29,181 [INFO] PluginManager:220 - loadIPPluginJar : add sai
2023-12-04 17:31:29,209 [INFO] IPUIPlugin:80 - create IPUIPlugin
2023-12-04 17:31:29,209 [INFO] PluginManager:220 - loadIPPluginJar : add spi
2023-12-04 17:31:29,249 [INFO] IPUIPlugin:80 - create IPUIPlugin
2023-12-04 17:31:29,249 [INFO] PluginManager:220 - loadIPPluginJar : add stm32_wpan
2023-12-04 17:31:29,266 [INFO] IPUIPlugin:80 - create IPUIPlugin
2023-12-04 17:31:29,266 [INFO] PluginManager:220 - loadIPPluginJar : add tim
2023-12-04 17:31:29,303 [INFO] IPUIPlugin:80 - create IPUIPlugin
2023-12-04 17:31:29,303 [INFO] PluginManager:220 - loadIPPluginJar : add touchsensing
2023-12-04 17:31:29,319 [INFO] IPUIPlugin:80 - create IPUIPlugin
2023-12-04 17:31:29,319 [INFO] PluginManager:220 - loadIPPluginJar : add tracer_emb
2023-12-04 17:31:29,334 [INFO] IPUIPlugin:80 - create IPUIPlugin
2023-12-04 17:31:29,334 [INFO] PluginManager:220 - loadIPPluginJar : add ts
2023-12-04 17:31:29,349 [INFO] IPUIPlugin:80 - create IPUIPlugin
2023-12-04 17:31:29,349 [INFO] PluginManager:220 - loadIPPluginJar : add tsc
2023-12-04 17:31:29,364 [INFO] IPUIPlugin:80 - create IPUIPlugin
2023-12-04 17:31:29,364 [INFO] PluginManager:220 - loadIPPluginJar : add ucpd
2023-12-04 17:31:29,393 [INFO] IPUIPlugin:80 - create IPUIPlugin
2023-12-04 17:31:29,393 [INFO] PluginManager:220 - loadIPPluginJar : add usart
2023-12-04 17:31:29,424 [INFO] IPUIPlugin:80 - create IPUIPlugin
2023-12-04 17:31:29,424 [INFO] PluginManager:220 - loadIPPluginJar : add usbx
2023-12-04 17:31:29,534 [INFO] CADModel:165 - CPN selected for project level
2023-12-04 17:31:29,534 [INFO] CADModel:114 - Register for checkConnection events
2023-12-04 17:31:29,534 [FATAL] Updater:308 - Updater called before beeing initialized
2023-12-04 17:31:29,534 [ERROR] CADModel:125 - Updater not yet initialized, retry later 
2023-12-04 17:31:29,647 [INFO] CADModel:165 - CPN selected for project level
2023-12-04 17:31:29,648 [INFO] CADModel:114 - Register for checkConnection events
2023-12-04 17:31:29,648 [FATAL] Updater:308 - Updater called before beeing initialized
2023-12-04 17:31:29,648 [ERROR] CADModel:125 - Updater not yet initialized, retry later 
2023-12-04 17:31:29,650 [FATAL] Updater:308 - Updater called before beeing initialized
2023-12-04 17:31:29,729 [FATAL] Updater:308 - Updater called before beeing initialized
2023-12-04 17:31:29,738 [INFO] DbMcusAds:53 - JSON generation date=Tue Mar 07 09:50:55 CET 2023 (1678179055335)
2023-12-04 17:31:29,738 [FATAL] Updater:308 - Updater called before beeing initialized
2023-12-04 17:31:29,800 [WARN] DetailPanel:346 - Failed to get advertising image, set to default
2023-12-04 17:31:29,896 [FATAL] Updater:308 - Updater called before beeing initialized
2023-12-04 17:31:29,898 [FATAL] Updater:308 - Updater called before beeing initialized
2023-12-04 17:31:29,898 [FATAL] Updater:308 - Updater called before beeing initialized
2023-12-04 17:31:29,898 [WARN] DetailPanel:346 - Failed to get advertising image, set to default
2023-12-04 17:31:29,899 [FATAL] Updater:308 - Updater called before beeing initialized
2023-12-04 17:31:29,944 [ERROR] Updater:1120 - MainUpdater not yet initialized. External WinMGr cannot be set.
2023-12-04 17:31:29,953 [INFO] Updater:1056 - Updater Version found : 6.9.2
2023-12-04 17:31:29,970 [INFO] ApplicationProperties:184 - Using Application install path: D:\Program Files (x86)\STM32CubeIDE_1.11.2\STM32CubeIDE\plugins\com.st.stm32cube.common.mx_6.9.2.202309101412
2023-12-04 17:31:30,501 [INFO] MainUpdater:2868 - connection check result : 10
2023-12-04 17:31:30,501 [INFO] MainUpdater:285 - Updater Check For Update Now.
2023-12-04 17:31:30,501 [INFO] MicroXplorer:498 - Change Database Version : DB.6.0.92
2023-12-04 17:31:30,514 [INFO] McuFinderGlobals:63 - Set McuFinder mode to 2 (CubeIDE integrated)
2023-12-04 17:31:30,515 [INFO] UserAuth:179 - activating auth plugin
2023-12-04 17:31:30,517 [INFO] UserAuth:393 - Internet connection configuration mode: 1
2023-12-04 17:31:30,539 [INFO] JxBrowserEngine:151 - Initiate JxBrowser Engine with user profile folder
2023-12-04 17:31:30,678 [INFO] CheckServerUpdateThread:120 - End of CheckServer Thread
2023-12-04 17:31:30,936 [WARN] PackLoader:240 - Cannot read IP mode file for STMicroelectronics.X-CUBE-SMBUS.2.1.0
2023-12-04 17:31:30,971 [WARN] PackLoader:240 - Cannot read IP mode file for STMicroelectronics.X-CUBE-AZRTOS-F7.1.1.0
2023-12-04 17:31:30,986 [ERROR] RealEvaluatedCondition:428 - Found unsupported composite condition: CLASS='Data Exchange' GROUP='STM32_MetaDataManager'
2023-12-04 17:31:30,986 [ERROR] RealEvaluatedCondition:428 - Found unsupported composite condition: CLASS='Data Exchange' GROUP='STM32_MetaDataManager'
2023-12-04 17:31:30,987 [WARN] PackLoader:240 - Cannot read IP mode file for STMicroelectronics.FP-SNS-MOTENV1.4.3.0
2023-12-04 17:31:30,998 [WARN] PackLoader:240 - Cannot read IP mode file for STMicroelectronics.FP-SNS-MOTENV1.4.3.2
2023-12-04 17:31:31,031 [WARN] PackLoader:240 - Cannot read IP mode file for STMicroelectronics.FP-SNS-FLIGHT1.5.0.0
2023-12-04 17:31:31,060 [ERROR] RealEvaluatedCondition:428 - Found unsupported composite condition: GROUP='STM32_MetaDataManager' CLASS='Data Exchange'
2023-12-04 17:31:31,060 [ERROR] RealEvaluatedCondition:428 - Found unsupported composite condition: CLASS='Data Exchange' GROUP='STM32_MetaDataManager'
2023-12-04 17:31:31,061 [WARN] PackLoader:240 - Cannot read IP mode file for STMicroelectronics.FP-SNS-MOTENV1.4.3.1
2023-12-04 17:31:31,071 [WARN] PackLoader:240 - Cannot read IP mode file for STMicroelectronics.FP-SNS-FLIGHT1.5.0.1
2023-12-04 17:31:31,081 [WARN] PackLoader:240 - Cannot read IP mode file for STMicroelectronics.X-CUBE-BLE1.6.2.4
2023-12-04 17:31:31,090 [WARN] PackLoader:240 - Cannot read IP mode file for STMicroelectronics.FP-SNS-FLIGHT1.5.0.2
2023-12-04 17:31:31,100 [WARN] PackLoader:240 - Cannot read IP mode file for STMicroelectronics.X-CUBE-DISPLAY.3.0.0
2023-12-04 17:31:31,112 [WARN] PackLoader:240 - Cannot read IP mode file for STMicroelectronics.X-CUBE-BLE1.7.0.0
2023-12-04 17:31:31,123 [WARN] PackLoader:240 - Cannot read IP mode file for STMicroelectronics.X-CUBE-TOUCHGFX.4.22.0
2023-12-04 17:31:31,131 [WARN] PackLoader:240 - Cannot read IP mode file for STMicroelectronics.X-CUBE-TOUCHGFX.4.22.1
2023-12-04 17:31:31,141 [WARN] PackLoader:240 - Cannot read IP mode file for STMicroelectronics.FP-SNS-SMARTAG2.1.2.0
2023-12-04 17:31:31,156 [INFO] LogOutputStream:77 - [STDOUT_REDIRECT] 1 : Invalid condition id : UX_CORESTACK_Condition cause : null
2023-12-04 17:31:31,157 [INFO] LogOutputStream:77 - [STDOUT_REDIRECT] 1 : Invalid condition id : UX_CORESTACK_Condition cause : null
2023-12-04 17:31:31,158 [INFO] LogOutputStream:77 - [STDOUT_REDIRECT] 1 : Invalid condition id : UX_CORESTACK_Condition cause : null
2023-12-04 17:31:31,158 [INFO] LogOutputStream:77 - [STDOUT_REDIRECT] 1 : Invalid condition id : UX_CORESTACK_Condition cause : null
2023-12-04 17:31:31,159 [INFO] LogOutputStream:77 - [STDOUT_REDIRECT] 1 : Invalid condition id : UX_CORESTACK_Condition cause : null
2023-12-04 17:31:31,161 [WARN] PackLoader:240 - Cannot read IP mode file for STMicroelectronics.X-CUBE-AZRTOS-WL.2.0.0
2023-12-04 17:31:31,172 [WARN] PackLoader:240 - Cannot read IP mode file for WES.I-CUBE-Cesium.1.3.0
2023-12-04 17:31:31,182 [WARN] PackLoader:240 - Cannot read IP mode file for STMicroelectronics.X-CUBE-BLE2.3.3.0
2023-12-04 17:31:31,197 [WARN] PackLoader:240 - Cannot read IP mode file for STMicroelectronics.X-CUBE-TOF1.3.2.0
2023-12-04 17:31:31,209 [WARN] PackLoader:240 - Cannot read IP mode file for STMicroelectronics.X-CUBE-TOUCHGFX.4.21.1
2023-12-04 17:31:31,218 [WARN] PackLoader:240 - Cannot read IP mode file for STMicroelectronics.X-CUBE-TOUCHGFX.4.21.3
2023-12-04 17:31:31,227 [WARN] PackLoader:240 - Cannot read IP mode file for STMicroelectronics.X-CUBE-TOUCHGFX.4.21.4
2023-12-04 17:31:31,262 [WARN] PackLoader:240 - Cannot read IP mode file for STMicroelectronics.X-CUBE-MEMS1.9.4.0
2023-12-04 17:31:31,351 [WARN] PackLoader:240 - Cannot read IP mode file for STMicroelectronics.X-CUBE-AI.7.3.0
2023-12-04 17:31:31,362 [WARN] PackLoader:240 - Cannot read IP mode file for STMicroelectronics.X-CUBE-ALGOBUILD.1.3.0
2023-12-04 17:31:31,382 [WARN] PackLoader:240 - Cannot read IP mode file for STMicroelectronics.X-CUBE-AZRTOS-G0.1.1.0
2023-12-04 17:31:31,394 [WARN] PackLoader:240 - Cannot read IP mode file for STMicroelectronics.X-CUBE-NFC4.3.0.0
2023-12-04 17:31:31,405 [WARN] PackLoader:240 - Cannot read IP mode file for STMicroelectronics.X-CUBE-BLEMGR.3.0.0
2023-12-04 17:31:31,417 [WARN] PackLoader:240 - Cannot read IP mode file for STMicroelectronics.X-CUBE-BLEMGR.1.3.0
2023-12-04 17:31:31,427 [WARN] PackLoader:240 - Cannot read IP mode file for STMicroelectronics.FP-ATR-SIGFOX1.3.2.0
2023-12-04 17:31:31,459 [WARN] PackLoader:240 - Cannot read IP mode file for STMicroelectronics.X-CUBE-MEMS1.9.5.0
2023-12-04 17:31:31,555 [WARN] PackLoader:240 - Cannot read IP mode file for SEGGER.I-CUBE-embOS.1.3.1
2023-12-04 17:31:31,583 [WARN] PackLoader:240 - Cannot read IP mode file for STMicroelectronics.X-CUBE-GNSS1.6.0.0
2023-12-04 17:31:31,608 [WARN] PackLoader:240 - Cannot read IP mode file for STMicroelectronics.X-CUBE-AZRTOS-F4.1.1.0
2023-12-04 17:31:31,630 [WARN] PackLoader:240 - Cannot read IP mode file for STMicroelectronics.X-CUBE-AZRTOS-L5.2.0.0
2023-12-04 17:31:31,663 [WARN] PackLoader:240 - Cannot read IP mode file for STMicroelectronics.X-CUBE-MEMS1.9.6.0
2023-12-04 17:31:31,743 [WARN] PackLoader:240 - Cannot read IP mode file for STMicroelectronics.X-CUBE-EEPRMA1.4.2.0
2023-12-04 17:31:31,753 [WARN] PackLoader:240 - Cannot read IP mode file for ITTIA_DB.I-CUBE-ITTIADB.8.8.0
2023-12-04 17:31:31,763 [WARN] PackLoader:240 - Cannot read IP mode file for emotas.I-CUBE-CANOPEN.1.1.3
2023-12-04 17:31:31,777 [WARN] PackLoader:240 - Cannot read IP mode file for STMicroelectronics.X-CUBE-BLEMGR.2.0.0
2023-12-04 17:31:31,803 [WARN] ConditionMgr:438 - getConditionDescription Invalid condition id : UX DEVICE CLASS RTOS Condition cause : null
2023-12-04 17:31:31,803 [WARN] ConditionMgr:438 - getConditionDescription Invalid condition id : UX DEVICE CLASS RTOS Condition cause : null
2023-12-04 17:31:31,804 [WARN] PackLoader:240 - Cannot read IP mode file for STMicroelectronics.X-CUBE-AZRTOS-H7.3.1.0
2023-12-04 17:31:31,806 [WARN] ConditionMgr:1039 - genDependencies : Invalid condition id : UX DEVICE CLASS RTOS Condition cause : null
2023-12-04 17:31:31,806 [WARN] ConditionMgr:1039 - genDependencies : Invalid condition id : UX DEVICE CLASS RTOS Condition cause : null
2023-12-04 17:31:31,807 [WARN] ConditionMgr:1039 - genDependencies : Invalid condition id : UX DEVICE CLASS RTOS Condition cause : null
2023-12-04 17:31:31,807 [WARN] ConditionMgr:1039 - genDependencies : Invalid condition id : UX DEVICE CLASS RTOS Condition cause : null
2023-12-04 17:31:31,807 [WARN] ConditionMgr:1039 - genDependencies : Invalid condition id : UX DEVICE CLASS RTOS Condition cause : null
2023-12-04 17:31:31,817 [WARN] PackLoader:240 - Cannot read IP mode file for wolfSSL.I-CUBE-wolfSSL.5.5.4
2023-12-04 17:31:31,827 [WARN] PackLoader:240 - Cannot read IP mode file for STMicroelectronics.X-CUBE-NFC7.1.0.1
2023-12-04 17:31:31,837 [WARN] PackLoader:240 - Cannot read IP mode file for STMicroelectronics.X-CUBE-NFC7.1.0.0
2023-12-04 17:31:31,849 [WARN] PackLoader:240 - Cannot read IP mode file for STMicroelectronics.X-CUBE-NFC6.3.0.0
2023-12-04 17:31:31,858 [WARN] PackLoader:240 - Cannot read IP mode file for STMicroelectronics.X-CUBE-EEPRMA1.4.1.0
2023-12-04 17:31:31,867 [WARN] PackLoader:240 - Cannot read IP mode file for STMicroelectronics.X-CUBE-AI.8.1.0
2023-12-04 17:31:31,888 [WARN] ConditionMgr:438 - getConditionDescription Invalid condition id : LAN8742 Phy interface Condition cause : null
2023-12-04 17:31:31,888 [WARN] PackLoader:240 - Cannot read IP mode file for STMicroelectronics.X-CUBE-AZRTOS-L4.2.0.0
2023-12-04 17:31:31,889 [WARN] ConditionMgr:1039 - genDependencies : Invalid condition id : LAN8742 Phy interface Condition cause : null
2023-12-04 17:31:31,889 [WARN] ConditionMgr:1039 - genDependencies : Invalid condition id : LAN8742 Phy interface Condition cause : null
2023-12-04 17:31:31,889 [WARN] ConditionMgr:1039 - genDependencies : Invalid condition id : LAN8742 Phy interface Condition cause : null
2023-12-04 17:31:31,899 [WARN] PackLoader:240 - Cannot read IP mode file for STMicroelectronics.X-CUBE-SFXS2LP1.4.0.0
2023-12-04 17:31:31,921 [WARN] PackLoader:240 - Cannot read IP mode file for STMicroelectronics.X-CUBE-AZRTOS-H7.3.0.0
2023-12-04 17:31:31,932 [WARN] PackLoader:240 - Cannot read IP mode file for STMicroelectronics.X-CUBE-ISPU.1.1.0
2023-12-04 17:31:31,944 [WARN] PackLoader:240 - Cannot read IP mode file for RoweBots.I-CUBE-UNISONRTOS.5.5.0-4
2023-12-04 17:31:31,954 [WARN] PackLoader:240 - Cannot read IP mode file for STMicroelectronics.X-CUBE-AI.8.0.0
2023-12-04 17:31:31,972 [WARN] ConditionMgr:438 - getConditionDescription Invalid condition id : UX DEVICE CLASS RTOS Condition cause : null
2023-12-04 17:31:31,973 [WARN] ConditionMgr:438 - getConditionDescription Invalid condition id : UX DEVICE CLASS RTOS Condition cause : null
2023-12-04 17:31:31,974 [WARN] PackLoader:240 - Cannot read IP mode file for STMicroelectronics.X-CUBE-AZRTOS-WB.2.0.0
2023-12-04 17:31:31,974 [WARN] ConditionMgr:1039 - genDependencies : Invalid condition id : UX DEVICE CLASS RTOS Condition cause : null
2023-12-04 17:31:31,974 [WARN] ConditionMgr:1039 - genDependencies : Invalid condition id : UX DEVICE CLASS RTOS Condition cause : null
2023-12-04 17:31:31,974 [WARN] ConditionMgr:1039 - genDependencies : Invalid condition id : UX DEVICE CLASS RTOS Condition cause : null
2023-12-04 17:31:31,974 [WARN] ConditionMgr:1039 - genDependencies : Invalid condition id : UX DEVICE CLASS RTOS Condition cause : null
2023-12-04 17:31:31,974 [WARN] ConditionMgr:1039 - genDependencies : Invalid condition id : UX DEVICE CLASS RTOS Condition cause : null
2023-12-04 17:31:31,985 [WARN] PackLoader:240 - Cannot read IP mode file for STMicroelectronics.X-CUBE-FREERTOS.1.0.0
2023-12-04 17:31:31,997 [WARN] PackLoader:240 - Cannot read IP mode file for STMicroelectronics.X-CUBE-FREERTOS.1.0.1
2023-12-04 17:31:32,015 [WARN] PackLoader:240 - Cannot read IP mode file for STMicroelectronics.X-CUBE-AZRTOS-L5.1.1.0
2023-12-04 17:31:32,026 [WARN] PackLoader:240 - Cannot read IP mode file for STMicroelectronics.X-CUBE-AI.8.0.1
2023-12-04 17:31:32,041 [WARN] PackLoader:240 - Cannot read IP mode file for STMicroelectronics.X-CUBE-SUBG2.5.0.0
2023-12-04 17:31:32,057 [WARN] PackLoader:240 - Cannot read IP mode file for STMicroelectronics.X-CUBE-TOF1.3.3.1
2023-12-04 17:31:32,079 [WARN] PackLoader:240 - Cannot read IP mode file for STMicroelectronics.X-CUBE-AZRTOS-G4.2.0.0
2023-12-04 17:31:32,093 [WARN] PackLoader:240 - Cannot read IP mode file for STMicroelectronics.X-CUBE-TOF1.3.3.0
2023-12-04 17:31:32,106 [WARN] PackLoader:240 - Cannot read IP mode file for STMicroelectronics.FP-ATR-ASTRA1.1.1.1
2023-12-04 17:31:32,121 [WARN] PackLoader:240 - Cannot read IP mode file for Infineon.AIROC-Wi-Fi-Bluetooth-STM32.1.5.1
2023-12-04 17:31:32,132 [WARN] PackLoader:240 - Cannot read IP mode file for STMicroelectronics.FP-SNS-MOTENVWB1.1.3.0
2023-12-04 17:31:32,140 [WARN] PackLoader:240 - Cannot read IP mode file for STMicroelectronics.FP-SNS-MOTENVWB1.1.3.1
2023-12-04 17:31:32,160 [WARN] PackLoader:240 - Cannot read IP mode file for STMicroelectronics.X-CUBE-AZRTOS-G4.1.0.0
2023-12-04 17:31:32,180 [WARN] PackLoader:240 - Cannot read IP mode file for STMicroelectronics.X-CUBE-AZRTOS-L4.1.0.0
2023-12-04 17:31:32,210 [WARN] PackLoader:240 - Cannot read IP mode file for STMicroelectronics.X-CUBE-MEMS1.10.0.0
2023-12-04 17:31:32,269 [WARN] PackLoader:240 - Cannot read IP mode file for STMicroelectronics.X-CUBE-FREERTOS.1.1.0
2023-12-04 17:31:32,284 [WARN] PackLoader:240 - Cannot read IP mode file for STMicroelectronics.X-CUBE-AZRTOS-WL.1.0.0
2023-12-04 17:31:32,295 [WARN] PackLoader:240 - Cannot read IP mode file for portGmbH.I-Cube-SoM-uGOAL.1.1.0
2023-12-04 17:31:32,304 [WARN] PackLoader:240 - Cannot read IP mode file for STMicroelectronics.X-CUBE-ALS.1.0.1
2023-12-04 17:31:32,321 [WARN] PackLoader:240 - Cannot read IP mode file for STMicroelectronics.X-CUBE-AZRTOS-WB.1.1.0
2023-12-04 17:31:32,329 [WARN] PackLoader:240 - Cannot read IP mode file for STMicroelectronics.FP-ATR-ASTRA1.2.0.0
2023-12-04 17:31:32,346 [WARN] PackLoader:240 - Cannot read IP mode file for STMicroelectronics.X-CUBE-TOF1.3.4.0
2023-12-04 17:31:32,350 [INFO] ThirdParty:978 - Integrity check success = true
2023-12-04 17:31:32,351 [INFO] IntegrityCheckThread:100 - exiting critical section [integrity check]
2023-12-04 17:31:32,351 [INFO] IntegrityCheckThread:103 - End integrity checks thread
2023-12-04 17:31:34,363 [INFO] WebApp:157 - Instantiating new browser for Auth
2023-12-04 17:31:34,820 [INFO] WebApp:753 - Register for checkConnection events
2023-12-04 17:31:34,820 [INFO] WebApp:390 - Apply proxy settings
2023-12-04 17:31:34,820 [INFO] WebApp:475 - Chromium requires no authentication
2023-12-04 17:31:34,827 [INFO] WebApp:418 - Direct internet connection detected
2023-12-04 17:31:34,973 [INFO] WebApp:188 - Starting web application
2023-12-04 17:31:34,974 [INFO] WebApp:520 - Web application path used D:\Program Files (x86)\STM32CubeIDE_1.11.2\STM32CubeIDE\plugins\com.st.stm32cube.common.mx_6.9.2.202309101412\db\plugins\mcufinder\reactClient1\index.html
2023-12-04 17:31:55,634 [ERROR] LogOutputStream:75 - [STDERR_REDIRECT] SLF4J: Failed to load class "org.slf4j.impl.StaticLoggerBinder".
2023-12-04 17:31:55,635 [ERROR] LogOutputStream:75 - [STDERR_REDIRECT] SLF4J: Defaulting to no-operation (NOP) logger implementation
2023-12-04 17:31:55,635 [ERROR] LogOutputStream:75 - [STDERR_REDIRECT] SLF4J: See http://www.slf4j.org/codes.html#StaticLoggerBinder for further details.
2023-12-04 19:14:39,686 [ERROR] LogOutputStream:75 - [STDERR_REDIRECT] 
