2023-11-28 11:24:17,720 [INFO] Activator:176 - 


2023-11-28 11:24:17,725 [INFO] Activator:177 - !SESSION log4j initialized
2023-11-28 11:24:22,305 [INFO] LogOutputStream:77 - [STDOUT_REDIRECT] 
2023-11-28 11:24:24,318 [INFO] ApplicationProperties:184 - Using Application install path: D:\Program Files (x86)\STM32CubeIDE_1.11.2\STM32CubeIDE\plugins\com.st.stm32cube.common.mx_6.9.2.202309101412
2023-11-28 11:24:24,343 [INFO] DbMcusXml:78 - Set database path to: D:\Program Files (x86)\STM32CubeIDE_1.11.2\STM32CubeIDE\plugins\com.st.stm32cube.common.mx_6.9.2.202309101412\\db\/mcu/
2023-11-28 11:24:24,344 [INFO] ApiDb:274 - Set plugin database path to: D:\Program Files (x86)\STM32CubeIDE_1.11.2\STM32CubeIDE\plugins\com.st.stm32cube.common.mx_6.9.2.202309101412\\db\/plugins/boardmanager/
2023-11-28 11:24:24,344 [WARN] ApiDb:259 - Overriding images path with different value:  => D:\Program Files (x86)\STM32CubeIDE_1.11.2\STM32CubeIDE\plugins\com.st.stm32cube.common.mx_6.9.2.202309101412\\db\/plugins/mcufinder/images/
2023-11-28 11:24:24,357 [INFO] ApiDb:250 - Set database path to: C:\Users\miqix\.stmcufinder\plugins\mcufinder//mcu/
2023-11-28 11:24:24,359 [INFO] DbMcusAds:125 - Set database path to: C:\Users\miqix\.stmcufinder\plugins\mcufinder//mcu/
2023-11-28 11:24:24,362 [INFO] CrossReferenceDbSqlite:203 - Set database path to: C:\Users\miqix\.stmcufinder\plugins\mcufinder//mcu/cs/
2023-11-28 11:24:24,482 [INFO] RulesReader:64 - Compatibility file has been processed (293 Rules)
2023-11-28 11:24:24,568 [INFO] DbMcusXml:78 - Set database path to: D:\Program Files (x86)\STM32CubeIDE_1.11.2\STM32CubeIDE\plugins\com.st.stm32cube.common.mx_6.9.2.202309101412\\db\/mcu/
2023-11-28 11:24:24,569 [INFO] ApiDb:274 - Set plugin database path to: D:\Program Files (x86)\STM32CubeIDE_1.11.2\STM32CubeIDE\plugins\com.st.stm32cube.common.mx_6.9.2.202309101412\\db\/plugins/boardmanager/
2023-11-28 11:24:24,569 [INFO] ApiDb:261 - Set plugin images path to: D:\Program Files (x86)\STM32CubeIDE_1.11.2\STM32CubeIDE\plugins\com.st.stm32cube.common.mx_6.9.2.202309101412\\db\/plugins/mcufinder/images/
2023-11-28 11:24:24,569 [WARN] DbFile:41 - Overriding database path with different value: C:\Users\miqix\.stmcufinder\plugins\mcufinder/ => C:\Users\miqix\.stmcufinder\plugins\mcufinder
2023-11-28 11:24:24,569 [INFO] ApiDb:250 - Set database path to: C:\Users\miqix\.stmcufinder\plugins\mcufinder//mcu/
2023-11-28 11:24:24,569 [WARN] DbFile:41 - Overriding database path with different value: C:\Users\miqix\.stmcufinder\plugins\mcufinder/ => C:\Users\miqix\.stmcufinder\plugins\mcufinder
2023-11-28 11:24:24,569 [INFO] DbMcusAds:125 - Set database path to: C:\Users\miqix\.stmcufinder\plugins\mcufinder//mcu/
2023-11-28 11:24:24,569 [WARN] DbFile:41 - Overriding database path with different value: C:\Users\miqix\.stmcufinder\plugins\mcufinder/ => C:\Users\miqix\.stmcufinder\plugins\mcufinder
2023-11-28 11:24:24,569 [WARN] DbFile:41 - Overriding database path with different value: C:\Users\miqix\.stmcufinder\plugins\mcufinder/ => C:\Users\miqix\.stmcufinder\plugins\mcufinder
2023-11-28 11:24:24,569 [INFO] CrossReferenceDbSqlite:203 - Set database path to: C:\Users\miqix\.stmcufinder\plugins\mcufinder//mcu/cs/
2023-11-28 11:24:24,666 [INFO] MainPanel:262 - HeapMemory: 268435456
2023-11-28 11:24:24,783 [INFO] DbMcusXml:78 - Set database path to: D:\Program Files (x86)\STM32CubeIDE_1.11.2\STM32CubeIDE\plugins\com.st.stm32cube.common.mx_6.9.2.202309101412\\db\/mcu/
2023-11-28 11:24:24,784 [INFO] ApiDb:274 - Set plugin database path to: D:\Program Files (x86)\STM32CubeIDE_1.11.2\STM32CubeIDE\plugins\com.st.stm32cube.common.mx_6.9.2.202309101412\\db\/plugins/boardmanager/
2023-11-28 11:24:24,784 [INFO] ApiDb:261 - Set plugin images path to: D:\Program Files (x86)\STM32CubeIDE_1.11.2\STM32CubeIDE\plugins\com.st.stm32cube.common.mx_6.9.2.202309101412\\db\/plugins/mcufinder/images/
2023-11-28 11:24:24,785 [WARN] DbFile:41 - Overriding database path with different value: C:\Users\miqix\.stmcufinder\plugins\mcufinder/ => C:\Users\miqix\.stmcufinder\plugins\mcufinder
2023-11-28 11:24:24,785 [INFO] ApiDb:250 - Set database path to: C:\Users\miqix\.stmcufinder\plugins\mcufinder//mcu/
2023-11-28 11:24:24,785 [WARN] DbFile:41 - Overriding database path with different value: C:\Users\miqix\.stmcufinder\plugins\mcufinder/ => C:\Users\miqix\.stmcufinder\plugins\mcufinder
2023-11-28 11:24:24,786 [INFO] DbMcusAds:125 - Set database path to: C:\Users\miqix\.stmcufinder\plugins\mcufinder//mcu/
2023-11-28 11:24:24,786 [WARN] DbFile:41 - Overriding database path with different value: C:\Users\miqix\.stmcufinder\plugins\mcufinder/ => C:\Users\miqix\.stmcufinder\plugins\mcufinder
2023-11-28 11:24:24,786 [WARN] DbFile:41 - Overriding database path with different value: C:\Users\miqix\.stmcufinder\plugins\mcufinder/ => C:\Users\miqix\.stmcufinder\plugins\mcufinder
2023-11-28 11:24:24,786 [INFO] CrossReferenceDbSqlite:203 - Set database path to: C:\Users\miqix\.stmcufinder\plugins\mcufinder//mcu/cs/
2023-11-28 11:24:24,816 [INFO] ApplicationProperties:184 - Using Application install path: D:\Program Files (x86)\STM32CubeIDE_1.11.2\STM32CubeIDE\plugins\com.st.stm32cube.common.mx_6.9.2.202309101412
2023-11-28 11:24:24,819 [INFO] PluginManage:196 - Search for loadable plugins [exclusion list=, ]
2023-11-28 11:24:24,820 [INFO] PluginManage:310 - Check plugin analytics
2023-11-28 11:24:25,007 [INFO] AnalyticsPlugin:253 - Accepted Software Licenses: 
2023-11-28 11:24:25,008 [INFO] AnalyticsPlugin:255 - Accepted CMSIS Pack Licenses: 
2023-11-28 11:24:25,008 [INFO] AnalyticsPlugin:257 - Accepted Firmware Licenses: 
2023-11-28 11:24:25,010 [INFO] PluginManage:359 - Loaded plugin analytics (category:tool,tabindex:-1)
2023-11-28 11:24:25,011 [INFO] PluginManage:310 - Check plugin cadmodel
2023-11-28 11:24:25,025 [INFO] CADModel:105 - Init CAD model plugin
2023-11-28 11:24:25,025 [INFO] PluginManage:359 - Loaded plugin cadmodel (category:power,tabindex:5)
2023-11-28 11:24:25,025 [INFO] PluginManage:310 - Check plugin clock
2023-11-28 11:24:25,042 [INFO] PluginManage:359 - Loaded plugin clock (category:base,tabindex:2)
2023-11-28 11:24:25,042 [INFO] PluginManage:310 - Check plugin ddr
2023-11-28 11:24:25,045 [INFO] PluginManage:359 - Loaded plugin ddr (category:tool,tabindex:6)
2023-11-28 11:24:25,045 [INFO] PluginManage:310 - Check plugin filemanager
2023-11-28 11:24:25,172 [INFO] PluginManage:359 - Loaded plugin filemanager (category:base,tabindex:10)
2023-11-28 11:24:25,172 [INFO] PluginManage:310 - Check plugin ipmanager
2023-11-28 11:24:25,180 [INFO] PluginManage:359 - Loaded plugin ipmanager (category:base,tabindex:5)
2023-11-28 11:24:25,180 [INFO] PluginManage:310 - Check plugin lpbam
2023-11-28 11:24:25,196 [INFO] PluginManage:359 - Loaded plugin lpbam (category:base,tabindex:0)
2023-11-28 11:24:25,196 [INFO] PluginManage:310 - Check plugin memorymap
2023-11-28 11:24:25,220 [INFO] PluginManage:359 - Loaded plugin memorymap (category:base,tabindex:4)
2023-11-28 11:24:25,221 [INFO] PluginManage:310 - Check plugin pinoutandconfiguration
2023-11-28 11:24:25,239 [INFO] PluginManage:359 - Loaded plugin pinoutandconfiguration (category:base,tabindex:1)
2023-11-28 11:24:25,239 [INFO] PluginManage:310 - Check plugin pinoutconfig
2023-11-28 11:24:25,320 [WARN] SupportedApi:132 - Cannot load RTOS API schema: s4s-elt-must-match.1: The content of 'definitions' must match (annotation?, (simpleType | complexType)?, (unique | key | keyref)*)). A problem was found starting at: attribute.
2023-11-28 11:24:25,443 [INFO] PluginManage:359 - Loaded plugin pinoutconfig (category:base,tabindex:0)
2023-11-28 11:24:25,444 [INFO] PluginManage:310 - Check plugin power
2023-11-28 11:24:25,460 [INFO] PluginManage:359 - Loaded plugin power (category:power,tabindex:4)
2023-11-28 11:24:25,460 [INFO] PluginManage:310 - Check plugin projectmanager
2023-11-28 11:24:25,472 [INFO] PluginManage:359 - Loaded plugin projectmanager (category:projectmanager,tabindex:3)
2023-11-28 11:24:25,472 [INFO] PluginManage:310 - Check plugin thirdparty
2023-11-28 11:24:25,693 [INFO] PluginManage:359 - Loaded plugin thirdparty (category:base,tabindex:-1)
2023-11-28 11:24:25,693 [WARN] IntegrityCheckThread:84 - waiting for thirdparty lock release [integrity check]
2023-11-28 11:24:25,693 [INFO] PluginManage:310 - Check plugin tools
2023-11-28 11:24:25,693 [INFO] IntegrityCheckThread:86 - entering critical section [integrity check]
2023-11-28 11:24:25,693 [INFO] ThirdPartyUpdaterWithRetryManager:70 - Updater plugin not ready yet. [1/15]
2023-11-28 11:24:25,733 [INFO] PluginManage:359 - Loaded plugin tools (category:base,tabindex:7)
2023-11-28 11:24:25,733 [INFO] PluginManage:310 - Check plugin tutovideos
2023-11-28 11:24:25,969 [INFO] PluginManage:359 - Loaded plugin tutovideos (category:base,tabindex:-1)
2023-11-28 11:24:25,969 [INFO] PluginManage:310 - Check plugin updater
2023-11-28 11:24:25,980 [INFO] PluginManage:359 - Loaded plugin updater (category:base,tabindex:12)
2023-11-28 11:24:25,980 [INFO] PluginManage:310 - Check plugin userauth
2023-11-28 11:24:25,996 [INFO] UserAuth:113 - Init User Auth plugin
2023-11-28 11:24:25,996 [INFO] PluginManage:359 - Loaded plugin userauth (category:base,tabindex:14)
2023-11-28 11:24:25,996 [INFO] PluginManage:283 - PluginManage : Loaded plugins [17]
2023-11-28 11:24:26,254 [INFO] PinOutPanel:1499 - setPackage(No Configuration,No Configuration)
2023-11-28 11:24:26,339 [INFO] CADModel:165 - CPN selected for project level
2023-11-28 11:24:26,339 [INFO] CADModel:114 - Register for checkConnection events
2023-11-28 11:24:26,360 [INFO] IPUIPlugin:80 - create IPUIPlugin
2023-11-28 11:24:26,360 [INFO] PluginManager:220 - loadIPPluginJar : add adc
2023-11-28 11:24:26,388 [INFO] IPUIPlugin:80 - create IPUIPlugin
2023-11-28 11:24:26,388 [INFO] PluginManager:220 - loadIPPluginJar : add aes
2023-11-28 11:24:26,421 [INFO] IPUIPlugin:80 - create IPUIPlugin
2023-11-28 11:24:26,421 [INFO] PluginManager:220 - loadIPPluginJar : add can
2023-11-28 11:24:26,438 [INFO] IPUIPlugin:80 - create IPUIPlugin
2023-11-28 11:24:26,438 [INFO] PluginManager:220 - loadIPPluginJar : add comp
2023-11-28 11:24:26,461 [INFO] IPUIPlugin:80 - create IPUIPlugin
2023-11-28 11:24:26,461 [INFO] PluginManager:220 - loadIPPluginJar : add cryp
2023-11-28 11:24:26,481 [INFO] IPUIPlugin:80 - create IPUIPlugin
2023-11-28 11:24:26,481 [INFO] PluginManager:220 - loadIPPluginJar : add dfsdm
2023-11-28 11:24:26,493 [INFO] IPUIPlugin:80 - create IPUIPlugin
2023-11-28 11:24:26,493 [INFO] PluginManager:220 - loadIPPluginJar : add dma
2023-11-28 11:24:26,523 [INFO] IPUIPlugin:80 - create IPUIPlugin
2023-11-28 11:24:26,523 [INFO] PluginManager:220 - loadIPPluginJar : add dma3
2023-11-28 11:24:26,539 [INFO] IPUIPlugin:80 - create IPUIPlugin
2023-11-28 11:24:26,539 [INFO] PluginManager:220 - loadIPPluginJar : add fatfs
2023-11-28 11:24:26,571 [INFO] IPUIPlugin:80 - create IPUIPlugin
2023-11-28 11:24:26,571 [INFO] PluginManager:220 - loadIPPluginJar : add fmc
2023-11-28 11:24:26,584 [INFO] IPUIPlugin:80 - create IPUIPlugin
2023-11-28 11:24:26,584 [INFO] PluginManager:220 - loadIPPluginJar : add freertos
2023-11-28 11:24:26,598 [INFO] IPUIPlugin:80 - create IPUIPlugin
2023-11-28 11:24:26,598 [INFO] PluginManager:220 - loadIPPluginJar : add genericplugin
2023-11-28 11:24:26,658 [INFO] IPUIPlugin:80 - create IPUIPlugin
2023-11-28 11:24:26,658 [INFO] PluginManager:220 - loadIPPluginJar : add gfxmmu
2023-11-28 11:24:26,746 [INFO] IPUIPlugin:80 - create IPUIPlugin
2023-11-28 11:24:26,747 [INFO] PluginManager:220 - loadIPPluginJar : add gic
2023-11-28 11:24:26,758 [INFO] IPUIPlugin:80 - create IPUIPlugin
2023-11-28 11:24:26,759 [INFO] PluginManager:220 - loadIPPluginJar : add gpio
2023-11-28 11:24:26,821 [INFO] IPUIPlugin:80 - create IPUIPlugin
2023-11-28 11:24:26,821 [INFO] PluginManager:220 - loadIPPluginJar : add gtzc
2023-11-28 11:24:26,844 [INFO] IPUIPlugin:80 - create IPUIPlugin
2023-11-28 11:24:26,844 [INFO] PluginManager:220 - loadIPPluginJar : add hash
2023-11-28 11:24:26,880 [INFO] IPUIPlugin:80 - create IPUIPlugin
2023-11-28 11:24:26,880 [INFO] PluginManager:220 - loadIPPluginJar : add i2c
2023-11-28 11:24:26,908 [INFO] IPUIPlugin:80 - create IPUIPlugin
2023-11-28 11:24:26,908 [INFO] PluginManager:220 - loadIPPluginJar : add i2s
2023-11-28 11:24:26,935 [INFO] IPUIPlugin:80 - create IPUIPlugin
2023-11-28 11:24:26,935 [INFO] PluginManager:220 - loadIPPluginJar : add i3c
2023-11-28 11:24:27,008 [INFO] IPUIPlugin:80 - create IPUIPlugin
2023-11-28 11:24:27,008 [INFO] PluginManager:220 - loadIPPluginJar : add ipddr
2023-11-28 11:24:27,069 [INFO] IPUIPlugin:80 - create IPUIPlugin
2023-11-28 11:24:27,069 [INFO] PluginManager:220 - loadIPPluginJar : add linkedlist
2023-11-28 11:24:27,094 [INFO] IPUIPlugin:80 - create IPUIPlugin
2023-11-28 11:24:27,094 [INFO] PluginManager:220 - loadIPPluginJar : add lorawan
2023-11-28 11:24:27,120 [INFO] IPUIPlugin:80 - create IPUIPlugin
2023-11-28 11:24:27,120 [INFO] PluginManager:220 - loadIPPluginJar : add ltdc
2023-11-28 11:24:27,132 [INFO] IPUIPlugin:80 - create IPUIPlugin
2023-11-28 11:24:27,132 [INFO] PluginManager:220 - loadIPPluginJar : add mdma
2023-11-28 11:24:27,142 [INFO] IPUIPlugin:80 - create IPUIPlugin
2023-11-28 11:24:27,142 [INFO] PluginManager:220 - loadIPPluginJar : add nvic
2023-11-28 11:24:27,166 [INFO] IPUIPlugin:80 - create IPUIPlugin
2023-11-28 11:24:27,167 [INFO] PluginManager:220 - loadIPPluginJar : add opamp
2023-11-28 11:24:27,208 [INFO] IPUIPlugin:80 - create IPUIPlugin
2023-11-28 11:24:27,208 [INFO] PluginManager:220 - loadIPPluginJar : add openamp
2023-11-28 11:24:27,237 [INFO] IPUIPlugin:80 - create IPUIPlugin
2023-11-28 11:24:27,237 [INFO] PluginManager:220 - loadIPPluginJar : add pdm2pcm
2023-11-28 11:24:27,247 [INFO] IPUIPlugin:80 - create IPUIPlugin
2023-11-28 11:24:27,249 [INFO] PluginManager:220 - loadIPPluginJar : add plateformsettings
2023-11-28 11:24:27,265 [INFO] IPUIPlugin:80 - create IPUIPlugin
2023-11-28 11:24:27,266 [INFO] PluginManager:220 - loadIPPluginJar : add quadspi
2023-11-28 11:24:27,275 [INFO] IPUIPlugin:80 - create IPUIPlugin
2023-11-28 11:24:27,275 [INFO] PluginManager:220 - loadIPPluginJar : add resmgrutility
2023-11-28 11:24:27,308 [INFO] IPUIPlugin:80 - create IPUIPlugin
2023-11-28 11:24:27,308 [INFO] PluginManager:220 - loadIPPluginJar : add sai
2023-11-28 11:24:27,333 [INFO] IPUIPlugin:80 - create IPUIPlugin
2023-11-28 11:24:27,333 [INFO] PluginManager:220 - loadIPPluginJar : add spi
2023-11-28 11:24:27,374 [INFO] IPUIPlugin:80 - create IPUIPlugin
2023-11-28 11:24:27,374 [INFO] PluginManager:220 - loadIPPluginJar : add stm32_wpan
2023-11-28 11:24:27,390 [INFO] IPUIPlugin:80 - create IPUIPlugin
2023-11-28 11:24:27,391 [INFO] PluginManager:220 - loadIPPluginJar : add tim
2023-11-28 11:24:27,432 [INFO] IPUIPlugin:80 - create IPUIPlugin
2023-11-28 11:24:27,432 [INFO] PluginManager:220 - loadIPPluginJar : add touchsensing
2023-11-28 11:24:27,450 [INFO] IPUIPlugin:80 - create IPUIPlugin
2023-11-28 11:24:27,450 [INFO] PluginManager:220 - loadIPPluginJar : add tracer_emb
2023-11-28 11:24:27,467 [INFO] IPUIPlugin:80 - create IPUIPlugin
2023-11-28 11:24:27,467 [INFO] PluginManager:220 - loadIPPluginJar : add ts
2023-11-28 11:24:27,482 [INFO] IPUIPlugin:80 - create IPUIPlugin
2023-11-28 11:24:27,482 [INFO] PluginManager:220 - loadIPPluginJar : add tsc
2023-11-28 11:24:27,498 [INFO] IPUIPlugin:80 - create IPUIPlugin
2023-11-28 11:24:27,499 [INFO] PluginManager:220 - loadIPPluginJar : add ucpd
2023-11-28 11:24:27,530 [INFO] IPUIPlugin:80 - create IPUIPlugin
2023-11-28 11:24:27,530 [INFO] PluginManager:220 - loadIPPluginJar : add usart
2023-11-28 11:24:27,561 [INFO] IPUIPlugin:80 - create IPUIPlugin
2023-11-28 11:24:27,561 [INFO] PluginManager:220 - loadIPPluginJar : add usbx
2023-11-28 11:24:27,673 [INFO] CADModel:165 - CPN selected for project level
2023-11-28 11:24:27,673 [INFO] CADModel:114 - Register for checkConnection events
2023-11-28 11:24:27,673 [FATAL] Updater:308 - Updater called before beeing initialized
2023-11-28 11:24:27,673 [ERROR] CADModel:125 - Updater not yet initialized, retry later 
2023-11-28 11:24:27,782 [INFO] CADModel:165 - CPN selected for project level
2023-11-28 11:24:27,782 [INFO] CADModel:114 - Register for checkConnection events
2023-11-28 11:24:27,782 [FATAL] Updater:308 - Updater called before beeing initialized
2023-11-28 11:24:27,782 [ERROR] CADModel:125 - Updater not yet initialized, retry later 
2023-11-28 11:24:27,785 [FATAL] Updater:308 - Updater called before beeing initialized
2023-11-28 11:24:27,863 [FATAL] Updater:308 - Updater called before beeing initialized
2023-11-28 11:24:27,871 [INFO] DbMcusAds:53 - JSON generation date=Tue Mar 07 09:50:55 CET 2023 (1678179055335)
2023-11-28 11:24:27,871 [FATAL] Updater:308 - Updater called before beeing initialized
2023-11-28 11:24:27,935 [WARN] DetailPanel:346 - Failed to get advertising image, set to default
2023-11-28 11:24:28,027 [FATAL] Updater:308 - Updater called before beeing initialized
2023-11-28 11:24:28,028 [FATAL] Updater:308 - Updater called before beeing initialized
2023-11-28 11:24:28,030 [FATAL] Updater:308 - Updater called before beeing initialized
2023-11-28 11:24:28,030 [WARN] DetailPanel:346 - Failed to get advertising image, set to default
2023-11-28 11:24:28,030 [FATAL] Updater:308 - Updater called before beeing initialized
2023-11-28 11:24:28,071 [ERROR] Updater:1120 - MainUpdater not yet initialized. External WinMGr cannot be set.
2023-11-28 11:24:28,079 [INFO] Updater:1056 - Updater Version found : 6.9.2
2023-11-28 11:24:28,093 [INFO] ApplicationProperties:184 - Using Application install path: D:\Program Files (x86)\STM32CubeIDE_1.11.2\STM32CubeIDE\plugins\com.st.stm32cube.common.mx_6.9.2.202309101412
2023-11-28 11:24:28,307 [INFO] MainUpdater:2868 - connection check result : 10
2023-11-28 11:24:28,308 [INFO] MainUpdater:3562 - Updater definition file requires update
2023-11-28 11:24:28,308 [INFO] MainUpdater:285 - Updater Check For Update Now.
2023-11-28 11:24:28,308 [INFO] MicroXplorer:498 - Change Database Version : DB.6.0.92
2023-11-28 11:24:28,321 [INFO] McuFinderGlobals:63 - Set McuFinder mode to 2 (CubeIDE integrated)
2023-11-28 11:24:28,321 [INFO] UserAuth:179 - activating auth plugin
2023-11-28 11:24:28,325 [INFO] UserAuth:393 - Internet connection configuration mode: 1
2023-11-28 11:24:28,328 [INFO] ServerAccessManage:473 - Download File updaters.zip
2023-11-28 11:24:28,344 [INFO] JxBrowserEngine:151 - Initiate JxBrowser Engine with user profile folder
2023-11-28 11:24:28,381 [INFO] FileExtend:240 - Unzip File : updaters.zip
2023-11-28 11:24:28,381 [INFO] FileExtend:255 - Standard Zip Deflate
2023-11-28 11:24:28,696 [WARN] MainUpdater:1189 - Updater busy. Cannot search thirdparties
2023-11-28 11:24:28,696 [INFO] ThirdPartyUpdaterWithRetryManager:96 - Updater plugin is busy. [1/15]
2023-11-28 11:24:28,719 [INFO] ServerAccessManage:473 - Download File PacksControlFlags.xml
2023-11-28 11:24:28,791 [INFO] ServerAccessManage:473 - Download File cubemx.pidx
2023-11-28 11:24:29,502 [INFO] ServerAccessManage:473 - Download File STMicroelectronics.X-CUBE-TOF1.pdsc
2023-11-28 11:24:29,867 [ERROR] ServerAccessManage:1089 - Problem, file not found on Server
2023-11-28 11:24:30,263 [WARN] PackLoader:240 - Cannot read IP mode file for STMicroelectronics.X-CUBE-TOF1.3.4.0
2023-11-28 11:24:30,284 [INFO] PopulateThirdPartyThread:66 - Ending populate Thread
2023-11-28 11:24:30,285 [INFO] ThirdParty:1030 - CMSIS Pack Vendor :STMicroelectronics X-CUBE-TOF1 3.4.0
2023-11-28 11:24:30,286 [INFO] LoadServerUpdatesThread:373 - End of LoadServerUpdate Thread
2023-11-28 11:24:30,394 [INFO] CheckServerUpdateThread:120 - End of CheckServer Thread
2023-11-28 11:24:30,768 [INFO] WebApp:157 - Instantiating new browser for Auth
2023-11-28 11:24:31,247 [INFO] WebApp:753 - Register for checkConnection events
2023-11-28 11:24:31,247 [INFO] WebApp:390 - Apply proxy settings
2023-11-28 11:24:31,247 [INFO] WebApp:475 - Chromium requires no authentication
2023-11-28 11:24:31,254 [INFO] WebApp:418 - Direct internet connection detected
2023-11-28 11:24:31,398 [INFO] WebApp:188 - Starting web application
2023-11-28 11:24:31,398 [INFO] WebApp:520 - Web application path used D:\Program Files (x86)\STM32CubeIDE_1.11.2\STM32CubeIDE\plugins\com.st.stm32cube.common.mx_6.9.2.202309101412\db\plugins\mcufinder\reactClient1\index.html
2023-11-28 11:24:31,853 [WARN] PackLoader:240 - Cannot read IP mode file for STMicroelectronics.X-CUBE-SMBUS.2.1.0
2023-11-28 11:24:31,882 [WARN] PackLoader:240 - Cannot read IP mode file for STMicroelectronics.X-CUBE-AZRTOS-F7.1.1.0
2023-11-28 11:24:31,896 [ERROR] RealEvaluatedCondition:428 - Found unsupported composite condition: GROUP='STM32_MetaDataManager' CLASS='Data Exchange'
2023-11-28 11:24:31,896 [ERROR] RealEvaluatedCondition:428 - Found unsupported composite condition: GROUP='STM32_MetaDataManager' CLASS='Data Exchange'
2023-11-28 11:24:31,897 [WARN] PackLoader:240 - Cannot read IP mode file for STMicroelectronics.FP-SNS-MOTENV1.4.3.0
2023-11-28 11:24:31,908 [WARN] PackLoader:240 - Cannot read IP mode file for STMicroelectronics.FP-SNS-MOTENV1.4.3.2
2023-11-28 11:24:31,919 [WARN] PackLoader:240 - Cannot read IP mode file for STMicroelectronics.FP-SNS-FLIGHT1.5.0.0
2023-11-28 11:24:31,931 [ERROR] RealEvaluatedCondition:428 - Found unsupported composite condition: GROUP='STM32_MetaDataManager' CLASS='Data Exchange'
2023-11-28 11:24:31,931 [ERROR] RealEvaluatedCondition:428 - Found unsupported composite condition: CLASS='Data Exchange' GROUP='STM32_MetaDataManager'
2023-11-28 11:24:31,932 [WARN] PackLoader:240 - Cannot read IP mode file for STMicroelectronics.FP-SNS-MOTENV1.4.3.1
2023-11-28 11:24:31,942 [WARN] PackLoader:240 - Cannot read IP mode file for STMicroelectronics.FP-SNS-FLIGHT1.5.0.1
2023-11-28 11:24:31,955 [WARN] PackLoader:240 - Cannot read IP mode file for STMicroelectronics.X-CUBE-BLE1.6.2.4
2023-11-28 11:24:31,960 [WARN] PackLoader:240 - Cannot read IP mode file for STMicroelectronics.FP-SNS-FLIGHT1.5.0.2
2023-11-28 11:24:31,971 [WARN] PackLoader:240 - Cannot read IP mode file for STMicroelectronics.X-CUBE-DISPLAY.3.0.0
2023-11-28 11:24:31,984 [WARN] PackLoader:240 - Cannot read IP mode file for STMicroelectronics.X-CUBE-BLE1.7.0.0
2023-11-28 11:24:31,993 [WARN] PackLoader:240 - Cannot read IP mode file for STMicroelectronics.X-CUBE-TOUCHGFX.4.22.0
2023-11-28 11:24:32,002 [WARN] PackLoader:240 - Cannot read IP mode file for STMicroelectronics.X-CUBE-TOUCHGFX.4.22.1
2023-11-28 11:24:32,012 [WARN] PackLoader:240 - Cannot read IP mode file for STMicroelectronics.FP-SNS-SMARTAG2.1.2.0
2023-11-28 11:24:32,027 [INFO] LogOutputStream:77 - [STDOUT_REDIRECT] 1 : Invalid condition id : UX_CORESTACK_Condition cause : null
2023-11-28 11:24:32,028 [INFO] LogOutputStream:77 - [STDOUT_REDIRECT] 1 : Invalid condition id : UX_CORESTACK_Condition cause : null
2023-11-28 11:24:32,028 [INFO] LogOutputStream:77 - [STDOUT_REDIRECT] 1 : Invalid condition id : UX_CORESTACK_Condition cause : null
2023-11-28 11:24:32,029 [INFO] LogOutputStream:77 - [STDOUT_REDIRECT] 1 : Invalid condition id : UX_CORESTACK_Condition cause : null
2023-11-28 11:24:32,030 [INFO] LogOutputStream:77 - [STDOUT_REDIRECT] 1 : Invalid condition id : UX_CORESTACK_Condition cause : null
2023-11-28 11:24:32,032 [WARN] PackLoader:240 - Cannot read IP mode file for STMicroelectronics.X-CUBE-AZRTOS-WL.2.0.0
2023-11-28 11:24:32,044 [WARN] PackLoader:240 - Cannot read IP mode file for WES.I-CUBE-Cesium.1.3.0
2023-11-28 11:24:32,053 [WARN] PackLoader:240 - Cannot read IP mode file for STMicroelectronics.X-CUBE-BLE2.3.3.0
2023-11-28 11:24:32,069 [WARN] PackLoader:240 - Cannot read IP mode file for STMicroelectronics.X-CUBE-TOF1.3.2.0
2023-11-28 11:24:32,081 [WARN] PackLoader:240 - Cannot read IP mode file for STMicroelectronics.X-CUBE-TOUCHGFX.4.21.1
2023-11-28 11:24:32,091 [WARN] PackLoader:240 - Cannot read IP mode file for STMicroelectronics.X-CUBE-TOUCHGFX.4.21.3
2023-11-28 11:24:32,099 [WARN] PackLoader:240 - Cannot read IP mode file for STMicroelectronics.X-CUBE-TOUCHGFX.4.21.4
2023-11-28 11:24:32,136 [WARN] PackLoader:240 - Cannot read IP mode file for STMicroelectronics.X-CUBE-MEMS1.9.4.0
2023-11-28 11:24:32,211 [WARN] PackLoader:240 - Cannot read IP mode file for STMicroelectronics.X-CUBE-AI.7.3.0
2023-11-28 11:24:32,228 [WARN] PackLoader:240 - Cannot read IP mode file for STMicroelectronics.X-CUBE-ALGOBUILD.1.3.0
2023-11-28 11:24:32,254 [WARN] PackLoader:240 - Cannot read IP mode file for STMicroelectronics.X-CUBE-AZRTOS-G0.1.1.0
2023-11-28 11:24:32,269 [WARN] PackLoader:240 - Cannot read IP mode file for STMicroelectronics.X-CUBE-NFC4.3.0.0
2023-11-28 11:24:32,282 [WARN] PackLoader:240 - Cannot read IP mode file for STMicroelectronics.X-CUBE-BLEMGR.3.0.0
2023-11-28 11:24:32,297 [WARN] PackLoader:240 - Cannot read IP mode file for STMicroelectronics.X-CUBE-BLEMGR.1.3.0
2023-11-28 11:24:32,302 [WARN] PackLoader:240 - Cannot read IP mode file for STMicroelectronics.FP-ATR-SIGFOX1.3.2.0
2023-11-28 11:24:32,336 [WARN] PackLoader:240 - Cannot read IP mode file for STMicroelectronics.X-CUBE-MEMS1.9.5.0
2023-11-28 11:24:32,431 [WARN] PackLoader:240 - Cannot read IP mode file for SEGGER.I-CUBE-embOS.1.3.1
2023-11-28 11:24:32,461 [WARN] PackLoader:240 - Cannot read IP mode file for STMicroelectronics.X-CUBE-GNSS1.6.0.0
2023-11-28 11:24:32,482 [WARN] PackLoader:240 - Cannot read IP mode file for STMicroelectronics.X-CUBE-AZRTOS-F4.1.1.0
2023-11-28 11:24:32,505 [WARN] PackLoader:240 - Cannot read IP mode file for STMicroelectronics.X-CUBE-AZRTOS-L5.2.0.0
2023-11-28 11:24:32,541 [WARN] PackLoader:240 - Cannot read IP mode file for STMicroelectronics.X-CUBE-MEMS1.9.6.0
2023-11-28 11:24:32,642 [WARN] PackLoader:240 - Cannot read IP mode file for STMicroelectronics.X-CUBE-EEPRMA1.4.2.0
2023-11-28 11:24:32,653 [WARN] PackLoader:240 - Cannot read IP mode file for ITTIA_DB.I-CUBE-ITTIADB.8.8.0
2023-11-28 11:24:32,665 [WARN] PackLoader:240 - Cannot read IP mode file for emotas.I-CUBE-CANOPEN.1.1.3
2023-11-28 11:24:32,678 [WARN] PackLoader:240 - Cannot read IP mode file for STMicroelectronics.X-CUBE-BLEMGR.2.0.0
2023-11-28 11:24:32,702 [WARN] ConditionMgr:438 - getConditionDescription Invalid condition id : UX DEVICE CLASS RTOS Condition cause : null
2023-11-28 11:24:32,703 [WARN] ConditionMgr:438 - getConditionDescription Invalid condition id : UX DEVICE CLASS RTOS Condition cause : null
2023-11-28 11:24:32,704 [WARN] PackLoader:240 - Cannot read IP mode file for STMicroelectronics.X-CUBE-AZRTOS-H7.3.1.0
2023-11-28 11:24:32,706 [WARN] ConditionMgr:1039 - genDependencies : Invalid condition id : UX DEVICE CLASS RTOS Condition cause : null
2023-11-28 11:24:32,707 [WARN] ConditionMgr:1039 - genDependencies : Invalid condition id : UX DEVICE CLASS RTOS Condition cause : null
2023-11-28 11:24:32,707 [WARN] ConditionMgr:1039 - genDependencies : Invalid condition id : UX DEVICE CLASS RTOS Condition cause : null
2023-11-28 11:24:32,707 [WARN] ConditionMgr:1039 - genDependencies : Invalid condition id : UX DEVICE CLASS RTOS Condition cause : null
2023-11-28 11:24:32,708 [WARN] ConditionMgr:1039 - genDependencies : Invalid condition id : UX DEVICE CLASS RTOS Condition cause : null
2023-11-28 11:24:32,718 [WARN] PackLoader:240 - Cannot read IP mode file for wolfSSL.I-CUBE-wolfSSL.5.5.4
2023-11-28 11:24:32,729 [WARN] PackLoader:240 - Cannot read IP mode file for STMicroelectronics.X-CUBE-NFC7.1.0.1
2023-11-28 11:24:32,741 [WARN] PackLoader:240 - Cannot read IP mode file for STMicroelectronics.X-CUBE-NFC7.1.0.0
2023-11-28 11:24:32,755 [WARN] PackLoader:240 - Cannot read IP mode file for STMicroelectronics.X-CUBE-NFC6.3.0.0
2023-11-28 11:24:32,765 [WARN] PackLoader:240 - Cannot read IP mode file for STMicroelectronics.X-CUBE-EEPRMA1.4.1.0
2023-11-28 11:24:32,774 [WARN] PackLoader:240 - Cannot read IP mode file for STMicroelectronics.X-CUBE-AI.8.1.0
2023-11-28 11:24:32,799 [WARN] ConditionMgr:438 - getConditionDescription Invalid condition id : LAN8742 Phy interface Condition cause : null
2023-11-28 11:24:32,799 [WARN] PackLoader:240 - Cannot read IP mode file for STMicroelectronics.X-CUBE-AZRTOS-L4.2.0.0
2023-11-28 11:24:32,800 [WARN] ConditionMgr:1039 - genDependencies : Invalid condition id : LAN8742 Phy interface Condition cause : null
2023-11-28 11:24:32,800 [WARN] ConditionMgr:1039 - genDependencies : Invalid condition id : LAN8742 Phy interface Condition cause : null
2023-11-28 11:24:32,800 [WARN] ConditionMgr:1039 - genDependencies : Invalid condition id : LAN8742 Phy interface Condition cause : null
2023-11-28 11:24:32,815 [WARN] PackLoader:240 - Cannot read IP mode file for STMicroelectronics.X-CUBE-SFXS2LP1.4.0.0
2023-11-28 11:24:32,837 [WARN] PackLoader:240 - Cannot read IP mode file for STMicroelectronics.X-CUBE-AZRTOS-H7.3.0.0
2023-11-28 11:24:32,849 [WARN] PackLoader:240 - Cannot read IP mode file for STMicroelectronics.X-CUBE-ISPU.1.1.0
2023-11-28 11:24:32,862 [WARN] PackLoader:240 - Cannot read IP mode file for RoweBots.I-CUBE-UNISONRTOS.5.5.0-4
2023-11-28 11:24:32,873 [WARN] PackLoader:240 - Cannot read IP mode file for STMicroelectronics.X-CUBE-AI.8.0.0
2023-11-28 11:24:32,896 [WARN] ConditionMgr:438 - getConditionDescription Invalid condition id : UX DEVICE CLASS RTOS Condition cause : null
2023-11-28 11:24:32,896 [WARN] ConditionMgr:438 - getConditionDescription Invalid condition id : UX DEVICE CLASS RTOS Condition cause : null
2023-11-28 11:24:32,897 [WARN] PackLoader:240 - Cannot read IP mode file for STMicroelectronics.X-CUBE-AZRTOS-WB.2.0.0
2023-11-28 11:24:32,898 [WARN] ConditionMgr:1039 - genDependencies : Invalid condition id : UX DEVICE CLASS RTOS Condition cause : null
2023-11-28 11:24:32,898 [WARN] ConditionMgr:1039 - genDependencies : Invalid condition id : UX DEVICE CLASS RTOS Condition cause : null
2023-11-28 11:24:32,898 [WARN] ConditionMgr:1039 - genDependencies : Invalid condition id : UX DEVICE CLASS RTOS Condition cause : null
2023-11-28 11:24:32,898 [WARN] ConditionMgr:1039 - genDependencies : Invalid condition id : UX DEVICE CLASS RTOS Condition cause : null
2023-11-28 11:24:32,898 [WARN] ConditionMgr:1039 - genDependencies : Invalid condition id : UX DEVICE CLASS RTOS Condition cause : null
2023-11-28 11:24:32,908 [WARN] PackLoader:240 - Cannot read IP mode file for STMicroelectronics.X-CUBE-FREERTOS.1.0.0
2023-11-28 11:24:32,918 [WARN] PackLoader:240 - Cannot read IP mode file for STMicroelectronics.X-CUBE-FREERTOS.1.0.1
2023-11-28 11:24:32,935 [WARN] PackLoader:240 - Cannot read IP mode file for STMicroelectronics.X-CUBE-AZRTOS-L5.1.1.0
2023-11-28 11:24:32,946 [WARN] PackLoader:240 - Cannot read IP mode file for STMicroelectronics.X-CUBE-AI.8.0.1
2023-11-28 11:24:32,960 [WARN] PackLoader:240 - Cannot read IP mode file for STMicroelectronics.X-CUBE-SUBG2.5.0.0
2023-11-28 11:24:32,976 [WARN] PackLoader:240 - Cannot read IP mode file for STMicroelectronics.X-CUBE-TOF1.3.3.1
2023-11-28 11:24:32,999 [WARN] PackLoader:240 - Cannot read IP mode file for STMicroelectronics.X-CUBE-AZRTOS-G4.2.0.0
2023-11-28 11:24:33,015 [WARN] PackLoader:240 - Cannot read IP mode file for STMicroelectronics.X-CUBE-TOF1.3.3.0
2023-11-28 11:24:33,027 [WARN] PackLoader:240 - Cannot read IP mode file for STMicroelectronics.FP-ATR-ASTRA1.1.1.1
2023-11-28 11:24:33,042 [WARN] PackLoader:240 - Cannot read IP mode file for Infineon.AIROC-Wi-Fi-Bluetooth-STM32.1.5.1
2023-11-28 11:24:33,054 [WARN] PackLoader:240 - Cannot read IP mode file for STMicroelectronics.FP-SNS-MOTENVWB1.1.3.0
2023-11-28 11:24:33,072 [WARN] PackLoader:240 - Cannot read IP mode file for STMicroelectronics.X-CUBE-AZRTOS-G4.1.0.0
2023-11-28 11:24:33,092 [WARN] PackLoader:240 - Cannot read IP mode file for STMicroelectronics.X-CUBE-AZRTOS-L4.1.0.0
2023-11-28 11:24:33,130 [WARN] PackLoader:240 - Cannot read IP mode file for STMicroelectronics.X-CUBE-MEMS1.10.0.0
2023-11-28 11:24:33,193 [WARN] PackLoader:240 - Cannot read IP mode file for STMicroelectronics.X-CUBE-FREERTOS.1.1.0
2023-11-28 11:24:33,209 [WARN] PackLoader:240 - Cannot read IP mode file for STMicroelectronics.X-CUBE-AZRTOS-WL.1.0.0
2023-11-28 11:24:33,222 [WARN] PackLoader:240 - Cannot read IP mode file for portGmbH.I-Cube-SoM-uGOAL.1.1.0
2023-11-28 11:24:33,231 [WARN] PackLoader:240 - Cannot read IP mode file for STMicroelectronics.X-CUBE-ALS.1.0.1
2023-11-28 11:24:33,249 [WARN] PackLoader:240 - Cannot read IP mode file for STMicroelectronics.X-CUBE-AZRTOS-WB.1.1.0
2023-11-28 11:24:33,254 [WARN] PackLoader:240 - Cannot read IP mode file for STMicroelectronics.FP-ATR-ASTRA1.2.0.0
2023-11-28 11:24:33,259 [WARN] PackLoader:240 - Cannot read IP mode file for STMicroelectronics.X-CUBE-TOF1.3.4.0
2023-11-28 11:24:33,265 [INFO] ThirdParty:978 - Integrity check success = true
2023-11-28 11:24:33,266 [INFO] IntegrityCheckThread:100 - exiting critical section [integrity check]
2023-11-28 11:24:33,266 [INFO] IntegrityCheckThread:103 - End integrity checks thread
2023-11-28 11:24:52,041 [ERROR] LogOutputStream:75 - [STDERR_REDIRECT] SLF4J: Failed to load class "org.slf4j.impl.StaticLoggerBinder".
2023-11-28 11:24:52,041 [ERROR] LogOutputStream:75 - [STDERR_REDIRECT] SLF4J: Defaulting to no-operation (NOP) logger implementation
2023-11-28 11:24:52,043 [ERROR] LogOutputStream:75 - [STDERR_REDIRECT] SLF4J: See http://www.slf4j.org/codes.html#StaticLoggerBinder for further details.
2023-11-28 19:20:39,954 [ERROR] LogOutputStream:75 - [STDERR_REDIRECT] 
